18a6b638b30ebc05d553d4be0114bf44	JN461990.1.1432	94.821	251	11	2	1	250	483	732	3.82e-107	390
18a6b638b30ebc05d553d4be0114bf44	JN457353.1.1360	94.400	250	12	2	1	249	456	704	6.40e-105	383
18a6b638b30ebc05d553d4be0114bf44	JN488684.1.1429	93.600	250	16	0	1	250	482	731	3.85e-102	374
18a6b638b30ebc05d553d4be0114bf44	JN474583.1.1387	93.625	251	14	2	1	250	460	709	3.85e-102	374
18a6b638b30ebc05d553d4be0114bf44	FJ516783.1.1453	92.000	250	20	0	1	250	485	734	1.80e-95	351
18a6b638b30ebc05d553d4be0114bf44	JN471833.1.1280	90.800	250	23	0	1	250	355	604	1.82e-90	335
18a6b638b30ebc05d553d4be0114bf44	JN427917.1.1331	90.800	250	23	0	1	250	484	733	1.82e-90	335
18a6b638b30ebc05d553d4be0114bf44	JN432540.1.1416	90.000	250	25	0	1	250	464	713	3.93e-87	324
18a6b638b30ebc05d553d4be0114bf44	JN436156.1.1223	90.000	250	24	1	1	250	311	559	1.41e-86	322
18a6b638b30ebc05d553d4be0114bf44	KF975540.1.1489	89.600	250	26	0	1	250	493	742	1.83e-85	318
18a6b638b30ebc05d553d4be0114bf44	JN437071.1.1353	89.600	250	26	0	1	250	448	697	1.83e-85	318
18a6b638b30ebc05d553d4be0114bf44	JN452706.1.1388	88.889	252	23	5	1	250	481	729	1.42e-81	305
18a6b638b30ebc05d553d4be0114bf44	JN430147.1.1403	88.800	250	27	1	1	250	472	720	1.42e-81	305
18a6b638b30ebc05d553d4be0114bf44	FJ628311.1.1482	88.353	249	28	1	2	250	518	765	2.38e-79	298
18a6b638b30ebc05d553d4be0114bf44	JN387365.1.1260	88.048	251	27	3	1	250	298	546	3.08e-78	294
18a6b638b30ebc05d553d4be0114bf44	EU133989.1.1328	88.189	254	21	9	1	250	479	727	3.08e-78	294
18a6b638b30ebc05d553d4be0114bf44	HQ588504.1.1355	87.952	249	29	1	2	250	499	746	1.11e-77	292
18a6b638b30ebc05d553d4be0114bf44	FM165235.1.1462	87.747	253	25	6	1	250	501	750	3.99e-77	291
18a6b638b30ebc05d553d4be0114bf44	JX521410.1.1463	87.600	250	30	1	1	250	494	742	1.43e-76	289
18a6b638b30ebc05d553d4be0114bf44	KF596666.1.1441	87.600	250	30	1	1	250	479	727	1.43e-76	289
18a6b638b30ebc05d553d4be0114bf44	JQ769730.1.1475	87.649	251	28	3	1	250	498	746	1.43e-76	289
18a6b638b30ebc05d553d4be0114bf44	EU134159.1.1327	87.795	254	22	9	1	250	472	720	1.43e-76	289
18a6b638b30ebc05d553d4be0114bf44	HQ385595.1.1348	87.649	251	28	3	1	250	487	735	1.43e-76	289
18a6b638b30ebc05d553d4be0114bf44	FJ479295.1.1455	87.251	251	29	3	1	250	490	738	6.67e-75	283
18a6b638b30ebc05d553d4be0114bf44	EU134048.1.1298	87.251	251	29	3	1	250	445	693	6.67e-75	283
18a6b638b30ebc05d553d4be0114bf44	KC432261.1.1321	87.352	253	25	7	1	250	476	724	6.67e-75	283
18a6b638b30ebc05d553d4be0114bf44	HQ588506.1.1364	87.149	249	31	1	2	250	508	755	2.40e-74	281
18a6b638b30ebc05d553d4be0114bf44	EU283568.1.1335	86.853	251	31	2	1	250	490	739	8.63e-74	279
18a6b638b30ebc05d553d4be0114bf44	JF417813.1.1453	86.853	251	30	3	1	250	489	737	3.10e-73	278
18a6b638b30ebc05d553d4be0114bf44	JF266148.1.1328	86.853	251	30	3	1	250	463	711	3.10e-73	278
18a6b638b30ebc05d553d4be0114bf44	JF266017.1.1328	86.853	251	30	3	1	250	462	710	3.10e-73	278
18a6b638b30ebc05d553d4be0114bf44	HM438264.1.1449	86.853	251	30	3	1	250	457	705	3.10e-73	278
18a6b638b30ebc05d553d4be0114bf44	JQ769665.1.1457	86.853	251	30	3	1	250	491	739	3.10e-73	278
18a6b638b30ebc05d553d4be0114bf44	EU134072.1.1338	86.853	251	30	3	1	250	485	733	3.10e-73	278
18a6b638b30ebc05d553d4be0114bf44	KJ877454.1.1347	87.097	248	29	3	1	247	488	733	3.10e-73	278
18a6b638b30ebc05d553d4be0114bf44	AB598278.1.1428	86.853	251	30	3	1	250	483	731	3.10e-73	278
18a6b638b30ebc05d553d4be0114bf44	JQ292916.1.1462	87.097	248	29	3	1	247	500	745	3.10e-73	278
18a6b638b30ebc05d553d4be0114bf44	DQ394932.1.1465	86.747	249	32	1	2	250	501	748	1.12e-72	276
18a6b638b30ebc05d553d4be0114bf44	DQ811874.1.1460	86.747	249	32	1	2	250	498	745	1.12e-72	276
18a6b638b30ebc05d553d4be0114bf44	KM356633.1.1444	86.853	251	28	5	2	250	499	746	1.12e-72	276
18a6b638b30ebc05d553d4be0114bf44	EU488439.1.1472	86.747	249	32	1	2	250	510	757	1.12e-72	276
18a6b638b30ebc05d553d4be0114bf44	JN387363.1.1255	86.853	251	27	6	1	250	298	543	1.12e-72	276
18a6b638b30ebc05d553d4be0114bf44	AM176852.1.1421	86.747	249	32	1	2	250	478	725	1.12e-72	276
18a6b638b30ebc05d553d4be0114bf44	JQ086951.1.1417	86.694	248	30	3	1	247	493	738	1.44e-71	272
18a6b638b30ebc05d553d4be0114bf44	FJ671789.1.1359	86.400	250	33	1	1	250	509	757	1.44e-71	272
18a6b638b30ebc05d553d4be0114bf44	LC081115.1.1488	86.640	247	32	1	1	247	510	755	1.44e-71	272
18a6b638b30ebc05d553d4be0114bf44	GQ182779.1.1356	86.508	252	29	5	1	250	491	739	1.44e-71	272
18a6b638b30ebc05d553d4be0114bf44	HM445199.1.1318	86.400	250	33	1	1	250	454	702	1.44e-71	272
18a6b638b30ebc05d553d4be0114bf44	KF911236.1.1430	86.400	250	33	1	1	250	491	739	1.44e-71	272
18a6b638b30ebc05d553d4be0114bf44	KT453610.1.1329	87.448	239	27	3	1	238	483	719	1.44e-71	272
