29af575b7242be9504a997fd1add2d05	KJ817634.1.1493	98.000	250	5	0	1	250	516	765	1.74e-120	435
29af575b7242be9504a997fd1add2d05	KF741414.1.1494	97.600	250	6	0	1	250	520	769	8.10e-119	429
29af575b7242be9504a997fd1add2d05	FXAI01000013.68754.70161	97.200	250	7	0	1	250	499	748	3.77e-117	424
29af575b7242be9504a997fd1add2d05	JQ712955.1.1495	97.200	250	7	0	1	250	518	767	3.77e-117	424
29af575b7242be9504a997fd1add2d05	AF102866.1.1502	97.200	250	7	0	1	250	493	742	3.77e-117	424
29af575b7242be9504a997fd1add2d05	AY150184.1.1404	97.200	250	7	0	1	250	455	704	3.77e-117	424
29af575b7242be9504a997fd1add2d05	MRUG01000023.201.1712	96.800	250	8	0	1	250	516	765	1.75e-115	418
29af575b7242be9504a997fd1add2d05	FJ152985.1.1487	96.800	250	8	0	1	250	478	727	1.75e-115	418
29af575b7242be9504a997fd1add2d05	JQ579688.1.1490	96.800	250	8	0	1	250	516	765	1.75e-115	418
29af575b7242be9504a997fd1add2d05	KJ836287.1.1242	96.800	250	8	0	1	250	424	673	1.75e-115	418
29af575b7242be9504a997fd1add2d05	KJ836289.1.1242	96.800	250	8	0	1	250	424	673	1.75e-115	418
29af575b7242be9504a997fd1add2d05	KP770040.1.1532	96.800	250	8	0	1	250	525	774	1.75e-115	418
29af575b7242be9504a997fd1add2d05	MRUH01000061.206.1719	96.400	250	9	0	1	250	518	767	8.16e-114	412
29af575b7242be9504a997fd1add2d05	JDFY01000001.4653144.4654659	96.414	251	8	1	1	250	516	766	8.16e-114	412
29af575b7242be9504a997fd1add2d05	CP001614.5010297.5011796	96.400	250	9	0	1	250	516	765	8.16e-114	412
29af575b7242be9504a997fd1add2d05	CP001614.713946.715445	96.400	250	9	0	1	250	516	765	8.16e-114	412
29af575b7242be9504a997fd1add2d05	CP001614.1120488.1121987	96.400	250	9	0	1	250	516	765	8.16e-114	412
29af575b7242be9504a997fd1add2d05	KJ836285.1.1243	96.414	251	8	1	1	250	424	674	8.16e-114	412
29af575b7242be9504a997fd1add2d05	KJ836284.1.1243	96.400	250	9	0	1	250	424	673	8.16e-114	412
29af575b7242be9504a997fd1add2d05	AB900126.1.1451	96.429	252	5	4	1	250	498	747	8.16e-114	412
29af575b7242be9504a997fd1add2d05	ARAH01000054.62.1572	96.000	250	10	0	1	250	516	765	3.79e-112	407
29af575b7242be9504a997fd1add2d05	JQ579747.1.1492	96.000	250	10	0	1	250	518	767	3.79e-112	407
29af575b7242be9504a997fd1add2d05	AY028398.1.1469	96.000	250	10	0	1	250	496	745	3.79e-112	407
29af575b7242be9504a997fd1add2d05	CP020038.998419.999929	95.600	250	11	0	1	250	516	765	1.77e-110	401
29af575b7242be9504a997fd1add2d05	KU713486.1.1395	95.600	250	11	0	1	250	525	774	1.77e-110	401
29af575b7242be9504a997fd1add2d05	CP020038.2570278.2571788	95.600	250	11	0	1	250	516	765	1.77e-110	401
29af575b7242be9504a997fd1add2d05	CP020038.1010803.1012313	95.600	250	11	0	1	250	516	765	1.77e-110	401
29af575b7242be9504a997fd1add2d05	KJ836291.1.1242	95.600	250	11	0	1	250	424	673	1.77e-110	401
29af575b7242be9504a997fd1add2d05	JQ218801.1.1484	95.600	250	11	0	1	250	510	759	1.77e-110	401
29af575b7242be9504a997fd1add2d05	KR610527.1.1454	95.600	250	11	0	1	250	496	745	1.77e-110	401
29af575b7242be9504a997fd1add2d05	JN594648.1.1417	95.200	250	12	0	1	250	484	733	8.21e-109	396
29af575b7242be9504a997fd1add2d05	JQ800681.1.1496	95.200	250	12	0	1	250	516	765	8.21e-109	396
29af575b7242be9504a997fd1add2d05	JQ800763.1.1496	95.200	250	12	0	1	250	516	765	8.21e-109	396
29af575b7242be9504a997fd1add2d05	AB809162.1.1463	95.200	250	12	0	1	250	505	754	8.21e-109	396
29af575b7242be9504a997fd1add2d05	JX017004.1.1505	94.800	250	13	0	1	250	531	780	3.82e-107	390
29af575b7242be9504a997fd1add2d05	GQ872422.1.1463	94.800	250	13	0	1	250	505	754	3.82e-107	390
29af575b7242be9504a997fd1add2d05	JF272131.1.1496	94.400	250	14	0	1	250	519	768	1.78e-105	385
29af575b7242be9504a997fd1add2d05	AF228694.1.1496	94.400	250	14	0	1	250	520	769	1.78e-105	385
29af575b7242be9504a997fd1add2d05	KJ742851.1.1463	94.400	250	14	0	1	250	505	754	1.78e-105	385
29af575b7242be9504a997fd1add2d05	DQ269073.1.1411	94.000	250	15	0	1	250	484	733	8.27e-104	379
29af575b7242be9504a997fd1add2d05	JQ712908.1.1493	94.024	251	13	2	1	250	518	767	8.27e-104	379
29af575b7242be9504a997fd1add2d05	KJ659911.1.1534	94.024	251	13	2	1	250	525	774	8.27e-104	379
29af575b7242be9504a997fd1add2d05	JQ198942.1.1356	94.000	250	15	0	1	250	499	748	8.27e-104	379
29af575b7242be9504a997fd1add2d05	JQ197928.1.1353	94.000	250	15	0	1	250	496	745	8.27e-104	379
29af575b7242be9504a997fd1add2d05	HQ119830.1.1472	94.000	250	14	1	1	250	491	739	2.98e-103	377
29af575b7242be9504a997fd1add2d05	MG002058.1.1226	93.600	250	16	0	1	250	246	495	3.85e-102	374
29af575b7242be9504a997fd1add2d05	JN873980.1.1503	93.600	250	16	0	1	250	524	773	3.85e-102	374
29af575b7242be9504a997fd1add2d05	KF721571.1.1260	93.281	253	14	3	1	250	275	527	4.98e-101	370
29af575b7242be9504a997fd1add2d05	KU243208.1.1307	93.200	250	17	0	1	250	434	683	1.79e-100	368
29af575b7242be9504a997fd1add2d05	HQ673550.1.1502	93.200	250	17	0	1	250	525	774	1.79e-100	368
