2f6e75ba2899ffa9091311824bbf3443	KY744814.1.1372	96.000	250	10	0	1	250	357	606	3.79e-112	407
2f6e75ba2899ffa9091311824bbf3443	JF344054.1.1449	92.000	250	20	0	1	250	471	720	1.80e-95	351
2f6e75ba2899ffa9091311824bbf3443	JX504367.1.1482	92.032	251	18	2	1	250	470	719	1.80e-95	351
2f6e75ba2899ffa9091311824bbf3443	KT952802.1.1454	92.032	251	18	2	1	250	469	718	1.80e-95	351
2f6e75ba2899ffa9091311824bbf3443	JQ801043.1.1456	92.000	250	20	0	1	250	475	724	1.80e-95	351
2f6e75ba2899ffa9091311824bbf3443	GQ370819.1.1463	92.000	250	18	2	2	250	478	726	6.49e-95	350
2f6e75ba2899ffa9091311824bbf3443	KC668952.1.1466	92.000	250	18	2	2	250	489	737	6.49e-95	350
2f6e75ba2899ffa9091311824bbf3443	CP000828.1409149.1410649	92.000	250	18	2	2	250	492	740	6.49e-95	350
2f6e75ba2899ffa9091311824bbf3443	CP000828.5636175.5637675	92.000	250	18	2	2	250	493	741	6.49e-95	350
2f6e75ba2899ffa9091311824bbf3443	AY163573.1.1466	92.000	250	18	2	2	250	489	737	6.49e-95	350
2f6e75ba2899ffa9091311824bbf3443	KM995822.1.1426	92.000	250	18	2	2	250	440	688	6.49e-95	350
2f6e75ba2899ffa9091311824bbf3443	LC190498.1.1427	92.000	250	18	2	2	250	468	716	6.49e-95	350
2f6e75ba2899ffa9091311824bbf3443	AB058298.1.1420	92.000	250	18	2	2	250	468	716	6.49e-95	350
2f6e75ba2899ffa9091311824bbf3443	JX504480.1.1484	91.633	251	19	2	1	250	470	719	2.33e-94	348
2f6e75ba2899ffa9091311824bbf3443	AF448079.1.1421	91.968	249	18	2	2	249	455	702	2.33e-94	348
2f6e75ba2899ffa9091311824bbf3443	ALVZ01000003.198.1565	91.633	251	19	2	1	250	460	709	8.39e-94	346
2f6e75ba2899ffa9091311824bbf3443	JX504263.1.1483	91.667	252	18	3	1	250	469	719	8.39e-94	346
2f6e75ba2899ffa9091311824bbf3443	AF132783.1.1408	91.633	251	19	2	1	250	451	700	8.39e-94	346
2f6e75ba2899ffa9091311824bbf3443	KM019977.1.1460	91.600	250	19	2	2	250	452	700	3.02e-93	344
2f6e75ba2899ffa9091311824bbf3443	JX504488.1.1485	91.270	252	19	3	1	250	470	720	1.09e-92	342
2f6e75ba2899ffa9091311824bbf3443	JX504371.1.1486	91.304	253	18	4	1	250	471	722	1.09e-92	342
2f6e75ba2899ffa9091311824bbf3443	EU196364.1.1464	91.532	248	21	0	2	249	472	719	1.09e-92	342
2f6e75ba2899ffa9091311824bbf3443	JX504499.1.1481	91.235	251	20	2	1	250	471	720	3.90e-92	340
2f6e75ba2899ffa9091311824bbf3443	KU243281.1.1271	91.235	251	20	2	1	250	396	645	3.90e-92	340
2f6e75ba2899ffa9091311824bbf3443	KY744806.1.1341	91.235	251	20	2	1	250	335	584	3.90e-92	340
2f6e75ba2899ffa9091311824bbf3443	KF836181.1.1451	91.200	250	20	2	2	250	474	722	1.40e-91	339
2f6e75ba2899ffa9091311824bbf3443	KF037535.1.1459	91.235	251	18	4	1	249	477	725	1.40e-91	339
2f6e75ba2899ffa9091311824bbf3443	KF037617.1.1457	91.235	251	18	4	1	249	475	723	1.40e-91	339
2f6e75ba2899ffa9091311824bbf3443	AB058224.1.1259	91.235	251	18	4	2	250	371	619	1.40e-91	339
2f6e75ba2899ffa9091311824bbf3443	JX504388.1.1487	90.837	251	21	2	1	250	472	721	5.05e-91	337
2f6e75ba2899ffa9091311824bbf3443	JN825323.1.1284	90.837	251	21	2	1	250	342	591	1.82e-90	335
2f6e75ba2899ffa9091311824bbf3443	DQ357948.1.1424	90.800	250	23	0	1	250	459	708	1.82e-90	335
2f6e75ba2899ffa9091311824bbf3443	DQ357965.1.1461	90.800	250	23	0	1	250	477	726	1.82e-90	335
2f6e75ba2899ffa9091311824bbf3443	DQ357963.1.1425	90.800	250	23	0	1	250	458	707	1.82e-90	335
2f6e75ba2899ffa9091311824bbf3443	DQ385852.1.1442	90.800	250	23	0	1	250	461	710	1.82e-90	335
2f6e75ba2899ffa9091311824bbf3443	JQ580190.1.1448	90.800	250	23	0	1	250	472	721	1.82e-90	335
2f6e75ba2899ffa9091311824bbf3443	GU118926.1.1409	90.837	251	21	2	1	250	449	698	1.82e-90	335
2f6e75ba2899ffa9091311824bbf3443	GU118094.1.1409	90.837	251	21	2	1	250	452	701	1.82e-90	335
2f6e75ba2899ffa9091311824bbf3443	AB723720.1.1355	90.800	250	23	0	1	250	441	690	1.82e-90	335
2f6e75ba2899ffa9091311824bbf3443	AP018281.1931833.1933317	90.945	254	15	8	1	250	476	725	1.82e-90	335
2f6e75ba2899ffa9091311824bbf3443	AP018281.4511530.4513014	90.945	254	15	8	1	250	476	725	1.82e-90	335
2f6e75ba2899ffa9091311824bbf3443	AP018281.4004452.4005936	90.945	254	15	8	1	250	476	725	1.82e-90	335
2f6e75ba2899ffa9091311824bbf3443	KT731151.1.1416	90.837	251	21	2	1	250	454	703	1.82e-90	335
2f6e75ba2899ffa9091311824bbf3443	AB602501.1.1445	90.873	252	19	4	1	250	472	721	1.82e-90	335
2f6e75ba2899ffa9091311824bbf3443	KM350251.1.1373	90.837	251	21	2	1	250	457	706	1.82e-90	335
2f6e75ba2899ffa9091311824bbf3443	FJ358910.1.1449	90.837	251	20	3	1	250	470	718	6.53e-90	333
2f6e75ba2899ffa9091311824bbf3443	JN825338.1.1359	90.800	250	21	2	2	250	423	671	6.53e-90	333
2f6e75ba2899ffa9091311824bbf3443	HQ691895.1.1332	90.763	249	23	0	2	250	420	668	6.53e-90	333
2f6e75ba2899ffa9091311824bbf3443	FM995185.1.1482	90.763	249	23	0	2	250	495	743	6.53e-90	333
2f6e75ba2899ffa9091311824bbf3443	HM748318.1.1449	90.726	248	23	0	2	249	475	722	2.35e-89	331
