52d53514e566cc7111fb4ca9913e0573	JN513536.1.1351	96.800	250	8	0	1	250	436	685	1.75e-115	418
52d53514e566cc7111fb4ca9913e0573	JX984052.1.1227	96.800	250	8	0	1	250	381	630	1.75e-115	418
52d53514e566cc7111fb4ca9913e0573	GQ249531.1.1424	96.400	250	9	0	1	250	469	718	8.16e-114	412
52d53514e566cc7111fb4ca9913e0573	JN471706.1.1334	96.400	250	9	0	1	250	433	682	8.16e-114	412
52d53514e566cc7111fb4ca9913e0573	KF771503.1.1428	96.400	250	9	0	1	250	470	719	8.16e-114	412
52d53514e566cc7111fb4ca9913e0573	JN445283.1.1376	96.400	250	9	0	1	250	448	697	8.16e-114	412
52d53514e566cc7111fb4ca9913e0573	JN430015.1.1352	96.400	250	9	0	1	250	434	683	8.16e-114	412
52d53514e566cc7111fb4ca9913e0573	HQ153933.1.1354	96.400	250	9	0	1	250	437	686	8.16e-114	412
52d53514e566cc7111fb4ca9913e0573	GU118899.1.1388	96.400	250	8	1	1	250	451	699	2.93e-113	411
52d53514e566cc7111fb4ca9913e0573	FJ202586.1.1405	96.000	250	10	0	1	250	459	708	3.79e-112	407
52d53514e566cc7111fb4ca9913e0573	JN446096.1.1396	96.000	250	10	0	1	250	463	712	3.79e-112	407
52d53514e566cc7111fb4ca9913e0573	FJ516789.1.1419	95.600	250	11	0	1	250	459	708	1.77e-110	401
52d53514e566cc7111fb4ca9913e0573	FJ202122.1.1406	95.600	250	11	0	1	250	460	709	1.77e-110	401
52d53514e566cc7111fb4ca9913e0573	JN465684.1.1373	95.600	250	11	0	1	250	442	691	1.77e-110	401
52d53514e566cc7111fb4ca9913e0573	JN441220.1.1371	95.600	250	11	0	1	250	430	679	1.77e-110	401
52d53514e566cc7111fb4ca9913e0573	JN497578.1.1362	95.600	250	11	0	1	250	438	687	1.77e-110	401
52d53514e566cc7111fb4ca9913e0573	DQ811853.1.1442	95.600	250	11	0	1	250	472	721	1.77e-110	401
52d53514e566cc7111fb4ca9913e0573	GU118103.1.1388	95.618	251	10	1	1	250	451	701	1.77e-110	401
52d53514e566cc7111fb4ca9913e0573	JN510770.1.1370	95.200	250	12	0	1	250	437	686	8.21e-109	396
52d53514e566cc7111fb4ca9913e0573	JN517065.1.1390	95.200	250	12	0	1	250	458	707	8.21e-109	396
52d53514e566cc7111fb4ca9913e0573	FNQM01000020.4206.5663	95.200	250	12	0	1	250	468	717	8.21e-109	396
52d53514e566cc7111fb4ca9913e0573	FJ202949.1.1406	95.200	250	12	0	1	250	460	709	8.21e-109	396
52d53514e566cc7111fb4ca9913e0573	KF271241.1.1388	95.200	250	12	0	1	250	450	699	8.21e-109	396
52d53514e566cc7111fb4ca9913e0573	JN430467.1.1299	95.200	250	12	0	1	250	421	670	8.21e-109	396
52d53514e566cc7111fb4ca9913e0573	KF786527.1.1311	95.200	250	12	0	1	250	458	707	8.21e-109	396
52d53514e566cc7111fb4ca9913e0573	GU291327.1.1442	95.200	250	12	0	1	250	476	725	8.21e-109	396
52d53514e566cc7111fb4ca9913e0573	AJ633963.1.1308	95.200	250	12	0	1	250	461	710	8.21e-109	396
52d53514e566cc7111fb4ca9913e0573	MG738273.1.1447	95.200	250	12	0	1	250	450	699	8.21e-109	396
52d53514e566cc7111fb4ca9913e0573	KY060008.1.1430	95.200	250	12	0	1	250	470	719	8.21e-109	396
52d53514e566cc7111fb4ca9913e0573	KY770749.1.1376	95.200	250	12	0	1	250	443	692	8.21e-109	396
52d53514e566cc7111fb4ca9913e0573	KY770600.1.1375	95.200	250	12	0	1	250	446	695	8.21e-109	396
52d53514e566cc7111fb4ca9913e0573	KY770592.1.1370	95.200	250	12	0	1	250	439	688	8.21e-109	396
52d53514e566cc7111fb4ca9913e0573	KY770488.1.1373	95.200	250	12	0	1	250	445	694	8.21e-109	396
52d53514e566cc7111fb4ca9913e0573	KY770570.1.1377	95.200	250	12	0	1	250	445	694	8.21e-109	396
52d53514e566cc7111fb4ca9913e0573	AJ315682.1.1435	95.200	250	12	0	1	250	460	709	8.21e-109	396
52d53514e566cc7111fb4ca9913e0573	AJ315683.1.1437	95.200	250	12	0	1	250	460	709	8.21e-109	396
52d53514e566cc7111fb4ca9913e0573	JN514368.1.1399	94.800	250	13	0	1	250	465	714	3.82e-107	390
52d53514e566cc7111fb4ca9913e0573	FJ516820.1.1419	94.800	250	13	0	1	250	458	707	3.82e-107	390
52d53514e566cc7111fb4ca9913e0573	JN468052.1.1356	94.800	250	13	0	1	250	453	702	3.82e-107	390
52d53514e566cc7111fb4ca9913e0573	FJ516790.1.1418	94.800	250	13	0	1	250	459	708	3.82e-107	390
52d53514e566cc7111fb4ca9913e0573	KY190790.1.1391	94.800	250	13	0	1	250	450	699	3.82e-107	390
52d53514e566cc7111fb4ca9913e0573	JN521931.1.1375	94.800	250	13	0	1	250	444	693	3.82e-107	390
52d53514e566cc7111fb4ca9913e0573	JN825357.1.1330	94.800	250	13	0	1	250	413	662	3.82e-107	390
52d53514e566cc7111fb4ca9913e0573	JN432732.1.1325	94.800	250	13	0	1	250	421	670	3.82e-107	390
52d53514e566cc7111fb4ca9913e0573	JN452197.1.1319	94.800	250	13	0	1	250	435	684	3.82e-107	390
52d53514e566cc7111fb4ca9913e0573	JF272033.1.1426	94.800	250	13	0	1	250	470	719	3.82e-107	390
52d53514e566cc7111fb4ca9913e0573	JN534940.1.1324	94.800	250	13	0	1	250	403	652	3.82e-107	390
52d53514e566cc7111fb4ca9913e0573	JN428268.1.1380	94.800	250	13	0	1	250	448	697	3.82e-107	390
52d53514e566cc7111fb4ca9913e0573	JN447792.1.1393	94.800	250	13	0	1	250	447	696	3.82e-107	390
52d53514e566cc7111fb4ca9913e0573	JN432972.1.1205	94.800	250	13	0	1	250	291	540	3.82e-107	390
