5aa4bafa24331801c0e1ca934b7f441c	JX240935.1.1358	100.000	250	0	0	1	250	469	718	7.99e-129	462
5aa4bafa24331801c0e1ca934b7f441c	AY038920.1.1356	100.000	250	0	0	1	250	442	691	7.99e-129	462
5aa4bafa24331801c0e1ca934b7f441c	JX624253.1.1466	100.000	250	0	0	1	250	475	724	7.99e-129	462
5aa4bafa24331801c0e1ca934b7f441c	KC002116.1.1313	99.600	250	1	0	1	250	469	718	3.72e-127	457
5aa4bafa24331801c0e1ca934b7f441c	AAYA01000001.38603.40031	99.600	250	1	0	1	250	457	706	3.72e-127	457
5aa4bafa24331801c0e1ca934b7f441c	AAYA01000003.321545.322973	99.600	250	1	0	1	250	457	706	3.72e-127	457
5aa4bafa24331801c0e1ca934b7f441c	ACNZ01000059.4325.5761	99.600	250	1	0	1	250	465	714	3.72e-127	457
5aa4bafa24331801c0e1ca934b7f441c	KC001532.1.1292	99.600	250	1	0	1	250	469	718	3.72e-127	457
5aa4bafa24331801c0e1ca934b7f441c	DQ357734.1.1324	99.600	250	1	0	1	250	404	653	3.72e-127	457
5aa4bafa24331801c0e1ca934b7f441c	KX177654.1.1424	99.600	250	1	0	1	250	470	719	3.72e-127	457
5aa4bafa24331801c0e1ca934b7f441c	CP021913.2386836.2388289	99.600	250	1	0	1	250	465	714	3.72e-127	457
5aa4bafa24331801c0e1ca934b7f441c	KC873055.1.1318	99.600	250	1	0	1	250	470	719	3.72e-127	457
5aa4bafa24331801c0e1ca934b7f441c	CP021913.3597919.3599372	99.600	250	1	0	1	250	465	714	3.72e-127	457
5aa4bafa24331801c0e1ca934b7f441c	JQ732132.1.1371	99.600	250	1	0	1	250	437	686	3.72e-127	457
5aa4bafa24331801c0e1ca934b7f441c	HM116852.1.1423	99.600	250	1	0	1	250	470	719	3.72e-127	457
5aa4bafa24331801c0e1ca934b7f441c	CP015230.161263.162731	99.600	250	1	0	1	250	478	727	3.72e-127	457
5aa4bafa24331801c0e1ca934b7f441c	CP000376.622244.623698	99.600	250	1	0	1	250	470	719	3.72e-127	457
5aa4bafa24331801c0e1ca934b7f441c	CP015231.274455.275923	99.600	250	1	0	1	250	478	727	3.72e-127	457
5aa4bafa24331801c0e1ca934b7f441c	CP000376.505993.507447	99.600	250	1	0	1	250	470	719	3.72e-127	457
5aa4bafa24331801c0e1ca934b7f441c	AF124521.1.1379	99.600	250	1	0	1	250	426	675	3.72e-127	457
5aa4bafa24331801c0e1ca934b7f441c	CP000376.177290.178744	99.600	250	1	0	1	250	470	719	3.72e-127	457
5aa4bafa24331801c0e1ca934b7f441c	CP000375.12441.13895	99.600	250	1	0	1	250	470	719	3.72e-127	457
5aa4bafa24331801c0e1ca934b7f441c	CP015231.476529.477997	99.600	250	1	0	1	250	478	727	3.72e-127	457
5aa4bafa24331801c0e1ca934b7f441c	CP000377.144962.146416	99.600	250	1	0	1	250	470	719	3.72e-127	457
5aa4bafa24331801c0e1ca934b7f441c	CP015231.924235.925703	99.600	250	1	0	1	250	478	727	3.72e-127	457
5aa4bafa24331801c0e1ca934b7f441c	KT989859.1.1414	99.600	250	1	0	1	250	424	673	3.72e-127	457
5aa4bafa24331801c0e1ca934b7f441c	AB681677.1.1387	99.600	250	1	0	1	250	450	699	3.72e-127	457
5aa4bafa24331801c0e1ca934b7f441c	JF895520.1.1362	99.600	250	1	0	1	250	440	689	3.72e-127	457
5aa4bafa24331801c0e1ca934b7f441c	KP980739.1.1331	99.600	250	1	0	1	250	423	672	3.72e-127	457
5aa4bafa24331801c0e1ca934b7f441c	KP410679.1.1398	99.600	250	1	0	1	250	450	699	3.72e-127	457
5aa4bafa24331801c0e1ca934b7f441c	AM905331.1.1394	99.600	250	1	0	1	250	445	694	3.72e-127	457
5aa4bafa24331801c0e1ca934b7f441c	AB255400.1.1384	99.600	250	1	0	1	250	450	699	3.72e-127	457
5aa4bafa24331801c0e1ca934b7f441c	AB255401.1.1387	99.600	250	1	0	1	250	450	699	3.72e-127	457
5aa4bafa24331801c0e1ca934b7f441c	AM905333.1.1343	99.600	250	1	0	1	250	445	694	3.72e-127	457
5aa4bafa24331801c0e1ca934b7f441c	AM905330.1.1398	99.600	250	1	0	1	250	447	696	3.72e-127	457
5aa4bafa24331801c0e1ca934b7f441c	AM905332.1.1403	99.600	250	1	0	1	250	466	715	3.72e-127	457
5aa4bafa24331801c0e1ca934b7f441c	KF188478.1.1341	99.600	250	1	0	1	250	429	678	3.72e-127	457
5aa4bafa24331801c0e1ca934b7f441c	HQ338147.1.1430	99.600	250	1	0	1	250	473	722	3.72e-127	457
5aa4bafa24331801c0e1ca934b7f441c	HQ338129.1.1244	99.600	250	1	0	1	250	471	720	3.72e-127	457
5aa4bafa24331801c0e1ca934b7f441c	HQ338130.1.1347	99.600	250	1	0	1	250	467	716	3.72e-127	457
5aa4bafa24331801c0e1ca934b7f441c	HQ338131.1.1311	99.600	250	1	0	1	250	469	718	3.72e-127	457
5aa4bafa24331801c0e1ca934b7f441c	HQ338145.1.1376	99.600	250	1	0	1	250	471	720	3.72e-127	457
5aa4bafa24331801c0e1ca934b7f441c	EU977138.1.1425	99.600	250	1	0	1	250	470	719	3.72e-127	457
5aa4bafa24331801c0e1ca934b7f441c	LC078995.1.1409	99.600	250	1	0	1	250	454	703	3.72e-127	457
5aa4bafa24331801c0e1ca934b7f441c	EF134718.1.1425	99.600	250	1	0	1	250	471	720	3.72e-127	457
5aa4bafa24331801c0e1ca934b7f441c	EU977137.1.1425	99.600	250	1	0	1	250	470	719	3.72e-127	457
5aa4bafa24331801c0e1ca934b7f441c	KF021773.1.1324	99.600	250	1	0	1	250	423	672	3.72e-127	457
5aa4bafa24331801c0e1ca934b7f441c	EF061449.1.1370	99.600	250	1	0	1	250	444	693	3.72e-127	457
5aa4bafa24331801c0e1ca934b7f441c	DQ915628.1.1294	99.600	250	1	0	1	250	409	658	3.72e-127	457
5aa4bafa24331801c0e1ca934b7f441c	DQ916141.1.1425	99.600	250	1	0	1	250	471	720	3.72e-127	457
