7146d0d5ce5d3b28c93bc2137643f59f	JQ197343.1.1362	95.600	250	11	0	1	250	507	756	1.77e-110	401
7146d0d5ce5d3b28c93bc2137643f59f	CP021425.2812600.2814129	93.200	250	17	0	1	250	522	771	1.79e-100	368
7146d0d5ce5d3b28c93bc2137643f59f	CP021425.925424.926953	93.200	250	17	0	1	250	522	771	1.79e-100	368
7146d0d5ce5d3b28c93bc2137643f59f	CP021425.715436.716965	93.200	250	17	0	1	250	522	771	1.79e-100	368
7146d0d5ce5d3b28c93bc2137643f59f	CP021425.5380776.5382305	93.200	250	17	0	1	250	522	771	1.79e-100	368
7146d0d5ce5d3b28c93bc2137643f59f	CP021425.3982391.3983920	93.200	250	17	0	1	250	522	771	1.79e-100	368
7146d0d5ce5d3b28c93bc2137643f59f	KF146344.1.1439	93.200	250	17	0	1	250	488	737	1.79e-100	368
7146d0d5ce5d3b28c93bc2137643f59f	AJ295154.1.1437	93.200	250	17	0	1	250	504	753	1.79e-100	368
7146d0d5ce5d3b28c93bc2137643f59f	FJ497596.1.1459	92.800	250	18	0	1	250	499	748	8.33e-99	363
7146d0d5ce5d3b28c93bc2137643f59f	EU817110.1.1393	92.857	252	14	4	1	250	468	717	8.33e-99	363
7146d0d5ce5d3b28c93bc2137643f59f	MF091937.1.1500	92.800	250	18	0	1	250	525	774	8.33e-99	363
7146d0d5ce5d3b28c93bc2137643f59f	HQ242533.1.1497	92.800	250	18	0	1	250	520	769	8.33e-99	363
7146d0d5ce5d3b28c93bc2137643f59f	HQ224973.1.1498	92.857	252	14	4	1	250	520	769	8.33e-99	363
7146d0d5ce5d3b28c93bc2137643f59f	GAUX02045567.1.1262	92.800	250	18	0	1	250	397	646	8.33e-99	363
7146d0d5ce5d3b28c93bc2137643f59f	AB476203.1.1458	92.857	252	14	4	1	250	500	749	8.33e-99	363
7146d0d5ce5d3b28c93bc2137643f59f	KF859642.1.1489	92.400	250	19	0	1	250	514	763	3.88e-97	357
7146d0d5ce5d3b28c93bc2137643f59f	EU817109.1.1386	92.460	252	15	4	1	250	461	710	3.88e-97	357
7146d0d5ce5d3b28c93bc2137643f59f	FR684789.1.1494	92.400	250	19	0	1	250	517	766	3.88e-97	357
7146d0d5ce5d3b28c93bc2137643f59f	HQ912777.1.1529	92.400	250	19	0	1	250	521	770	3.88e-97	357
7146d0d5ce5d3b28c93bc2137643f59f	EU287039.1.1493	92.460	252	15	4	1	250	518	767	3.88e-97	357
7146d0d5ce5d3b28c93bc2137643f59f	EU286973.1.1517	92.460	252	15	4	1	250	540	789	3.88e-97	357
7146d0d5ce5d3b28c93bc2137643f59f	EU652560.1.1503	92.460	252	15	4	1	250	518	767	3.88e-97	357
7146d0d5ce5d3b28c93bc2137643f59f	DQ015806.1.1495	92.460	252	15	4	1	250	518	767	3.88e-97	357
7146d0d5ce5d3b28c93bc2137643f59f	GU451625.1.1252	92.400	250	19	0	1	250	392	641	3.88e-97	357
7146d0d5ce5d3b28c93bc2137643f59f	MF091926.1.1497	92.430	251	18	1	1	250	523	773	3.88e-97	357
7146d0d5ce5d3b28c93bc2137643f59f	EU287021.1.1497	92.460	252	15	4	1	250	518	767	3.88e-97	357
7146d0d5ce5d3b28c93bc2137643f59f	HQ224976.1.1496	92.400	250	19	0	1	250	518	767	3.88e-97	357
7146d0d5ce5d3b28c93bc2137643f59f	MH355542.1.1497	92.400	250	19	0	1	250	520	769	3.88e-97	357
7146d0d5ce5d3b28c93bc2137643f59f	FJ905669.1.1400	92.400	250	19	0	1	250	471	720	3.88e-97	357
7146d0d5ce5d3b28c93bc2137643f59f	GAUX02045545.1.1377	92.400	250	19	0	1	250	512	761	3.88e-97	357
7146d0d5ce5d3b28c93bc2137643f59f	JX152780.1.1354	92.430	251	17	2	1	250	450	699	3.88e-97	357
7146d0d5ce5d3b28c93bc2137643f59f	AY576771.1.1463	92.400	250	19	0	1	250	496	745	3.88e-97	357
7146d0d5ce5d3b28c93bc2137643f59f	AB125366.1.1479	92.400	250	19	0	1	250	510	759	3.88e-97	357
7146d0d5ce5d3b28c93bc2137643f59f	AY386338.1.1350	92.400	250	19	0	1	250	488	737	3.88e-97	357
7146d0d5ce5d3b28c93bc2137643f59f	KU382363.1.1319	92.460	252	15	4	1	250	456	705	3.88e-97	357
7146d0d5ce5d3b28c93bc2137643f59f	D84018.1.1526	92.000	250	20	0	1	250	519	768	5.01e-96	353
7146d0d5ce5d3b28c93bc2137643f59f	FPLP01002500.13.1519	92.032	251	18	2	1	250	513	762	1.80e-95	351
7146d0d5ce5d3b28c93bc2137643f59f	DQ289071.1.1426	92.000	250	20	0	1	250	481	730	1.80e-95	351
7146d0d5ce5d3b28c93bc2137643f59f	JQ061267.1.1408	92.000	250	20	0	1	250	458	707	1.80e-95	351
7146d0d5ce5d3b28c93bc2137643f59f	DQ666336.1.1446	92.000	250	20	0	1	250	471	720	1.80e-95	351
7146d0d5ce5d3b28c93bc2137643f59f	JX527014.1.1436	92.063	252	16	4	1	250	478	727	1.80e-95	351
7146d0d5ce5d3b28c93bc2137643f59f	HM459843.1.1445	92.000	250	20	0	1	250	495	744	1.80e-95	351
7146d0d5ce5d3b28c93bc2137643f59f	FJ152930.1.1495	92.000	250	20	0	1	250	487	736	1.80e-95	351
7146d0d5ce5d3b28c93bc2137643f59f	HM459844.1.1442	92.000	250	20	0	1	250	494	743	1.80e-95	351
7146d0d5ce5d3b28c93bc2137643f59f	JX529491.1.1430	92.000	250	20	0	1	250	472	721	1.80e-95	351
7146d0d5ce5d3b28c93bc2137643f59f	FJ152937.1.1501	92.000	250	20	0	1	250	487	736	1.80e-95	351
7146d0d5ce5d3b28c93bc2137643f59f	CP010415.1658516.1660051	92.000	250	20	0	1	250	528	777	1.80e-95	351
7146d0d5ce5d3b28c93bc2137643f59f	CP010415.3228029.3229564	92.000	250	20	0	1	250	528	777	1.80e-95	351
7146d0d5ce5d3b28c93bc2137643f59f	CP010415.609293.610828	92.000	250	20	0	1	250	528	777	1.80e-95	351
7146d0d5ce5d3b28c93bc2137643f59f	CP010415.2524917.2526452	92.000	250	20	0	1	250	528	777	1.80e-95	351
