71a7466c92182c8b13f06b047927503a	KP299857.1.1430	100.000	250	0	0	1	250	469	718	7.99e-129	462
71a7466c92182c8b13f06b047927503a	DQ334651.1.1228	100.000	250	0	0	1	250	410	659	7.99e-129	462
71a7466c92182c8b13f06b047927503a	AM691091.1.1454	100.000	250	0	0	1	250	463	712	7.99e-129	462
71a7466c92182c8b13f06b047927503a	CP004372.5686.7151	100.000	250	0	0	1	250	476	725	7.99e-129	462
71a7466c92182c8b13f06b047927503a	CP004372.722953.724418	100.000	250	0	0	1	250	476	725	7.99e-129	462
71a7466c92182c8b13f06b047927503a	AF513439.1.1280	100.000	250	0	0	1	250	420	669	7.99e-129	462
71a7466c92182c8b13f06b047927503a	AF513930.1.1380	100.000	250	0	0	1	250	463	712	7.99e-129	462
71a7466c92182c8b13f06b047927503a	AB601471.1.1389	100.000	250	0	0	1	250	449	698	7.99e-129	462
71a7466c92182c8b13f06b047927503a	JX306767.1.1317	100.000	250	0	0	1	250	410	659	7.99e-129	462
71a7466c92182c8b13f06b047927503a	FN667962.1.1456	100.000	250	0	0	1	250	465	714	7.99e-129	462
71a7466c92182c8b13f06b047927503a	KP261821.1.1393	100.000	250	0	0	1	250	450	699	7.99e-129	462
71a7466c92182c8b13f06b047927503a	KY770426.1.1344	100.000	250	0	0	1	250	417	666	7.99e-129	462
71a7466c92182c8b13f06b047927503a	KY770254.1.1359	100.000	250	0	0	1	250	437	686	7.99e-129	462
71a7466c92182c8b13f06b047927503a	AAOT01000030.1.1840	99.600	250	1	0	1	250	847	1096	3.72e-127	457
71a7466c92182c8b13f06b047927503a	AAOT01000056.10759.12201	99.600	250	1	0	1	250	470	719	3.72e-127	457
71a7466c92182c8b13f06b047927503a	AAOT01000021.1.1840	99.600	250	1	0	1	250	847	1096	3.72e-127	457
71a7466c92182c8b13f06b047927503a	KF786876.1.1321	99.600	250	1	0	1	250	468	717	3.72e-127	457
71a7466c92182c8b13f06b047927503a	JN515858.1.1358	99.600	250	1	0	1	250	436	685	3.72e-127	457
71a7466c92182c8b13f06b047927503a	AAOT01000035.37317.38759	99.600	250	1	0	1	250	470	719	3.72e-127	457
71a7466c92182c8b13f06b047927503a	MG002168.1.1226	99.600	250	1	0	1	250	268	517	3.72e-127	457
71a7466c92182c8b13f06b047927503a	MG001975.1.1226	99.600	250	1	0	1	250	470	719	3.72e-127	457
71a7466c92182c8b13f06b047927503a	KX177771.1.1433	99.600	250	1	0	1	250	470	719	3.72e-127	457
71a7466c92182c8b13f06b047927503a	MG002104.1.1226	99.600	250	1	0	1	250	268	517	3.72e-127	457
71a7466c92182c8b13f06b047927503a	FJ403062.1.1423	99.600	250	1	0	1	250	470	719	3.72e-127	457
71a7466c92182c8b13f06b047927503a	DQ446108.1.1430	99.600	250	1	0	1	250	470	719	3.72e-127	457
71a7466c92182c8b13f06b047927503a	EF123356.1.1430	99.600	250	1	0	1	250	470	719	3.72e-127	457
71a7466c92182c8b13f06b047927503a	EF123357.1.1431	99.600	250	1	0	1	250	470	719	3.72e-127	457
71a7466c92182c8b13f06b047927503a	EU592363.1.1373	99.600	250	1	0	1	250	420	669	3.72e-127	457
71a7466c92182c8b13f06b047927503a	EU592372.1.1428	99.600	250	1	0	1	250	470	719	3.72e-127	457
71a7466c92182c8b13f06b047927503a	AF473929.1.1378	99.600	250	1	0	1	250	428	677	3.72e-127	457
71a7466c92182c8b13f06b047927503a	AF114484.1.1441	99.600	250	1	0	1	250	450	699	3.72e-127	457
71a7466c92182c8b13f06b047927503a	MH197117.1.1432	99.602	251	0	1	1	250	471	721	3.72e-127	457
71a7466c92182c8b13f06b047927503a	KC238384.1.1418	99.600	250	1	0	1	250	470	719	3.72e-127	457
71a7466c92182c8b13f06b047927503a	KU671052.1.1437	99.602	251	0	1	1	250	459	709	3.72e-127	457
71a7466c92182c8b13f06b047927503a	AB636141.1.1426	99.600	250	1	0	1	250	469	718	3.72e-127	457
71a7466c92182c8b13f06b047927503a	KY273602.1.1456	99.600	250	1	0	1	250	470	719	3.72e-127	457
71a7466c92182c8b13f06b047927503a	MG641160.1.1384	99.600	250	1	0	1	250	448	697	3.72e-127	457
71a7466c92182c8b13f06b047927503a	FJ792065.1.1278	99.600	250	1	0	1	250	453	702	3.72e-127	457
71a7466c92182c8b13f06b047927503a	MG456786.1.1402	99.600	250	1	0	1	250	447	696	3.72e-127	457
71a7466c92182c8b13f06b047927503a	AY424896.1.1418	99.600	250	1	0	1	250	467	716	3.72e-127	457
71a7466c92182c8b13f06b047927503a	AY424897.1.1423	99.600	250	1	0	1	250	467	716	3.72e-127	457
71a7466c92182c8b13f06b047927503a	JQ739459.1.1391	99.600	250	1	0	1	250	450	699	3.72e-127	457
71a7466c92182c8b13f06b047927503a	FJ374173.1.1423	99.600	250	1	0	1	250	450	699	3.72e-127	457
71a7466c92182c8b13f06b047927503a	KY770579.1.1381	99.600	250	1	0	1	250	446	695	3.72e-127	457
71a7466c92182c8b13f06b047927503a	DQ915616.1.1304	99.600	250	1	0	1	250	422	671	3.72e-127	457
71a7466c92182c8b13f06b047927503a	KY770695.1.1357	99.600	250	1	0	1	250	432	681	3.72e-127	457
71a7466c92182c8b13f06b047927503a	KY770452.1.1374	99.600	250	1	0	1	250	440	689	3.72e-127	457
71a7466c92182c8b13f06b047927503a	KY770440.1.1377	99.600	250	1	0	1	250	441	690	3.72e-127	457
71a7466c92182c8b13f06b047927503a	KJ782425.1.1430	99.600	250	1	0	1	250	470	719	3.72e-127	457
71a7466c92182c8b13f06b047927503a	AB061273.1.1315	99.600	250	0	1	1	250	425	673	1.34e-126	455
