8c13b795434194774ab996629515ca6f	KT952724.1.1452	99.600	250	1	0	1	250	469	718	3.72e-127	457
8c13b795434194774ab996629515ca6f	MF383373.1.1479	99.200	250	2	0	1	250	469	718	1.73e-125	451
8c13b795434194774ab996629515ca6f	CP003549.6605007.6606372	98.800	250	3	0	1	250	458	707	8.04e-124	446
8c13b795434194774ab996629515ca6f	CP003549.6598479.6599844	98.800	250	3	0	1	250	458	707	8.04e-124	446
8c13b795434194774ab996629515ca6f	CP003549.8136367.8137732	98.800	250	3	0	1	250	458	707	8.04e-124	446
8c13b795434194774ab996629515ca6f	KT936572.1.1436	98.800	250	3	0	1	250	421	670	8.04e-124	446
8c13b795434194774ab996629515ca6f	KT936570.1.1485	98.800	250	3	0	1	250	469	718	8.04e-124	446
8c13b795434194774ab996629515ca6f	AM230677.1.1465	98.800	250	3	0	1	250	454	703	8.04e-124	446
8c13b795434194774ab996629515ca6f	FJ660994.1.1947	98.800	250	3	0	1	250	436	685	8.04e-124	446
8c13b795434194774ab996629515ca6f	MF383375.1.1449	98.800	250	3	0	1	250	439	688	8.04e-124	446
8c13b795434194774ab996629515ca6f	FJ660993.1.1948	98.795	249	3	0	1	249	410	658	2.89e-123	444
8c13b795434194774ab996629515ca6f	HF678513.1.2077	98.400	250	4	0	1	250	464	713	3.74e-122	440
8c13b795434194774ab996629515ca6f	AP018227.714508.715991	98.400	250	4	0	1	250	473	722	3.74e-122	440
8c13b795434194774ab996629515ca6f	AP018227.708378.709861	98.400	250	4	0	1	250	473	722	3.74e-122	440
8c13b795434194774ab996629515ca6f	AP018227.8343016.8344499	98.400	250	4	0	1	250	473	722	3.74e-122	440
8c13b795434194774ab996629515ca6f	KT936560.1.1434	98.400	250	4	0	1	250	417	666	3.74e-122	440
8c13b795434194774ab996629515ca6f	AM230670.1.1444	98.400	250	4	0	1	250	455	704	3.74e-122	440
8c13b795434194774ab996629515ca6f	GQ441198.1.1446	98.000	250	5	0	1	250	469	718	1.74e-120	435
8c13b795434194774ab996629515ca6f	KT936563.1.1488	98.000	250	5	0	1	250	470	719	1.74e-120	435
8c13b795434194774ab996629515ca6f	AM230665.1.1420	97.600	250	6	0	1	250	431	680	2.25e-119	431
8c13b795434194774ab996629515ca6f	KT936564.1.1434	97.600	250	6	0	1	250	416	665	8.10e-119	429
8c13b795434194774ab996629515ca6f	KC989702.1.1354	97.600	250	6	0	1	250	469	718	8.10e-119	429
8c13b795434194774ab996629515ca6f	AM230675.1.1435	97.200	250	7	0	1	250	455	704	3.77e-117	424
8c13b795434194774ab996629515ca6f	AM230667.1.1393	98.340	241	4	0	10	250	425	665	3.77e-117	424
8c13b795434194774ab996629515ca6f	AM230666.1.1405	96.800	250	8	0	1	250	428	677	4.87e-116	420
8c13b795434194774ab996629515ca6f	JN825310.1.1445	96.800	250	8	0	1	250	466	715	1.75e-115	418
8c13b795434194774ab996629515ca6f	JQ515527.1.1481	96.813	251	7	1	1	250	482	732	1.75e-115	418
8c13b795434194774ab996629515ca6f	HQ419026.1.1221	96.800	250	8	0	1	250	372	621	1.75e-115	418
8c13b795434194774ab996629515ca6f	FJ660979.1.1863	96.800	250	8	0	1	250	383	632	1.75e-115	418
8c13b795434194774ab996629515ca6f	FJ660980.1.1891	96.800	250	8	0	1	250	425	674	1.75e-115	418
8c13b795434194774ab996629515ca6f	FJ660975.1.1852	96.800	250	8	0	1	250	383	632	1.75e-115	418
8c13b795434194774ab996629515ca6f	FJ660985.1.1926	96.800	250	8	0	1	250	449	698	1.75e-115	418
8c13b795434194774ab996629515ca6f	FJ660987.1.1879	96.800	250	8	0	1	250	409	658	1.75e-115	418
8c13b795434194774ab996629515ca6f	FJ660976.1.1936	96.800	250	8	0	1	250	467	716	1.75e-115	418
8c13b795434194774ab996629515ca6f	FJ660986.1.1794	96.800	250	8	0	1	250	348	597	1.75e-115	418
8c13b795434194774ab996629515ca6f	FJ660991.1.1866	96.800	250	8	0	1	250	396	645	1.75e-115	418
8c13b795434194774ab996629515ca6f	KU382130.1.1405	96.800	250	8	0	1	250	428	677	1.75e-115	418
8c13b795434194774ab996629515ca6f	HQ419028.1.1227	96.400	250	9	0	1	250	379	628	8.16e-114	412
8c13b795434194774ab996629515ca6f	HQ419024.1.1249	96.414	251	8	1	1	250	330	580	8.16e-114	412
8c13b795434194774ab996629515ca6f	KU951799.1.1243	96.400	250	9	0	1	250	380	629	8.16e-114	412
8c13b795434194774ab996629515ca6f	KT740998.1.1388	96.400	250	9	0	1	250	436	685	8.16e-114	412
8c13b795434194774ab996629515ca6f	AM230678.1.1429	95.600	250	11	0	1	250	455	704	8.16e-114	412
8c13b795434194774ab996629515ca6f	FJ661020.1.1861	96.032	252	8	2	1	250	408	659	1.06e-112	409
8c13b795434194774ab996629515ca6f	FN811239.1.1451	95.600	250	11	0	1	250	472	721	1.77e-110	401
8c13b795434194774ab996629515ca6f	AB630685.1.1412	95.600	250	11	0	1	250	452	701	1.77e-110	401
8c13b795434194774ab996629515ca6f	FJ660990.1.1904	95.600	250	11	0	1	250	414	663	1.77e-110	401
8c13b795434194774ab996629515ca6f	JN714978.1.1290	95.600	250	11	0	1	250	379	628	1.77e-110	401
8c13b795434194774ab996629515ca6f	AY742447.1.1464	95.200	250	12	0	1	250	464	713	8.21e-109	396
8c13b795434194774ab996629515ca6f	HM623782.1.1482	95.200	250	12	0	1	250	472	721	8.21e-109	396
8c13b795434194774ab996629515ca6f	HQ591533.1.1371	95.219	251	10	2	1	250	454	703	8.21e-109	396
