904c3456694717ae5def151daa61f6ca	KF616635.1.1441	96.400	250	9	0	1	250	481	730	8.16e-114	412
904c3456694717ae5def151daa61f6ca	FJ202465.1.1458	96.400	250	9	0	1	250	488	737	8.16e-114	412
904c3456694717ae5def151daa61f6ca	GU118166.1.1439	96.032	252	8	2	1	250	477	728	1.06e-112	409
904c3456694717ae5def151daa61f6ca	FJ203624.1.1439	96.000	250	10	0	1	250	480	729	3.79e-112	407
904c3456694717ae5def151daa61f6ca	KT748607.1.1518	96.000	250	10	0	1	250	518	767	3.79e-112	407
904c3456694717ae5def151daa61f6ca	DQ270650.1.1476	96.000	250	10	0	1	250	498	747	3.79e-112	407
904c3456694717ae5def151daa61f6ca	FJ626885.1.1375	94.862	253	9	3	1	250	508	759	2.28e-109	398
904c3456694717ae5def151daa61f6ca	JN825530.1.1394	94.800	250	13	0	1	250	457	706	3.82e-107	390
904c3456694717ae5def151daa61f6ca	EU491412.1.1477	94.800	250	13	0	1	250	498	747	3.82e-107	390
904c3456694717ae5def151daa61f6ca	KF616620.1.1441	94.400	250	14	0	1	250	481	730	1.78e-105	385
904c3456694717ae5def151daa61f6ca	KM051620.1.1474	94.000	250	15	0	1	250	499	748	2.30e-104	381
904c3456694717ae5def151daa61f6ca	JN825528.1.1475	94.000	250	15	0	1	250	496	745	8.27e-104	379
904c3456694717ae5def151daa61f6ca	FJ203576.1.1439	94.000	250	15	0	1	250	480	729	8.27e-104	379
904c3456694717ae5def151daa61f6ca	AM911370.1.1385	94.000	250	15	0	1	250	457	706	8.27e-104	379
904c3456694717ae5def151daa61f6ca	HQ241771.1.1353	94.000	250	15	0	1	250	436	685	8.27e-104	379
904c3456694717ae5def151daa61f6ca	AB360344.1.1438	93.600	250	16	0	1	250	479	728	3.85e-102	374
904c3456694717ae5def151daa61f6ca	JX193407.1.1509	93.200	250	17	0	1	250	499	748	1.79e-100	368
904c3456694717ae5def151daa61f6ca	HQ697393.1.1486	93.522	247	16	0	1	247	502	748	1.79e-100	368
904c3456694717ae5def151daa61f6ca	GEID01080357.1.1374	93.200	250	17	0	1	250	454	703	1.79e-100	368
904c3456694717ae5def151daa61f6ca	GEID01080326.5.1411	93.200	250	17	0	1	250	487	736	1.79e-100	368
904c3456694717ae5def151daa61f6ca	DQ070822.1.1373	93.200	250	16	1	1	250	499	747	6.44e-100	366
904c3456694717ae5def151daa61f6ca	GU118878.1.1438	93.200	250	16	1	1	250	478	726	6.44e-100	366
904c3456694717ae5def151daa61f6ca	HM237112.1.1247	93.117	247	17	0	1	247	468	714	8.33e-99	363
904c3456694717ae5def151daa61f6ca	JN825527.1.1387	91.600	250	21	0	1	250	450	699	8.39e-94	346
904c3456694717ae5def151daa61f6ca	LC171315.1.1439	91.600	250	21	0	1	250	479	728	8.39e-94	346
904c3456694717ae5def151daa61f6ca	JX525157.1.1418	91.600	250	21	0	1	250	458	707	8.39e-94	346
904c3456694717ae5def151daa61f6ca	JX193316.1.1387	91.600	250	21	0	1	250	450	699	8.39e-94	346
904c3456694717ae5def151daa61f6ca	GU451456.1.1227	91.600	250	21	0	1	250	369	618	8.39e-94	346
904c3456694717ae5def151daa61f6ca	JX193358.1.1502	91.600	250	21	0	1	250	498	747	8.39e-94	346
904c3456694717ae5def151daa61f6ca	JX193318.1.1509	91.600	250	21	0	1	250	499	748	8.39e-94	346
904c3456694717ae5def151daa61f6ca	GU451499.1.1204	91.600	250	21	0	1	250	369	618	8.39e-94	346
904c3456694717ae5def151daa61f6ca	FJ999602.1.1373	91.600	250	21	0	1	250	499	748	8.39e-94	346
904c3456694717ae5def151daa61f6ca	AB476281.1.1440	91.600	250	21	0	1	250	479	728	8.39e-94	346
904c3456694717ae5def151daa61f6ca	FJ716840.1.1506	91.200	250	22	0	1	250	499	748	3.90e-92	340
904c3456694717ae5def151daa61f6ca	JX984029.1.1266	91.235	251	21	1	1	250	398	648	3.90e-92	340
904c3456694717ae5def151daa61f6ca	JQ580075.1.1473	91.200	250	22	0	1	250	500	749	3.90e-92	340
904c3456694717ae5def151daa61f6ca	FN424398.1.1475	91.200	250	22	0	1	250	499	748	3.90e-92	340
904c3456694717ae5def151daa61f6ca	LC171312.1.1440	90.800	250	23	0	1	250	480	729	1.82e-90	335
904c3456694717ae5def151daa61f6ca	DQ395465.1.1511	90.800	250	23	0	1	250	498	747	1.82e-90	335
904c3456694717ae5def151daa61f6ca	KF268726.1.1390	90.800	250	23	0	1	250	455	704	1.82e-90	335
904c3456694717ae5def151daa61f6ca	AB476265.1.1396	90.800	250	23	0	1	250	486	735	1.82e-90	335
904c3456694717ae5def151daa61f6ca	KF616610.1.1440	90.400	250	24	0	1	250	482	731	8.45e-89	329
904c3456694717ae5def151daa61f6ca	KF268714.1.1369	90.400	250	24	0	1	250	441	690	8.45e-89	329
904c3456694717ae5def151daa61f6ca	JX984028.1.1266	89.879	247	25	0	1	247	398	644	1.83e-85	318
904c3456694717ae5def151daa61f6ca	JQ712932.1.1485	89.600	250	26	0	1	250	505	754	1.83e-85	318
904c3456694717ae5def151daa61f6ca	CXWK01000240.19976.21481	89.558	249	26	0	2	250	508	756	6.58e-85	316
904c3456694717ae5def151daa61f6ca	FJ497331.1.1446	89.837	246	25	0	2	247	480	725	6.58e-85	316
904c3456694717ae5def151daa61f6ca	FJ229964.1.1394	89.558	249	26	0	2	250	452	700	6.58e-85	316
904c3456694717ae5def151daa61f6ca	JQ516274.1.1405	89.558	249	26	0	2	250	491	739	6.58e-85	316
904c3456694717ae5def151daa61f6ca	KC835980.1.1504	89.558	249	26	0	2	250	528	776	6.58e-85	316
