90c76406bcd8dd64fcf9a3e03f4a0e21	JN457353.1.1360	94.378	249	14	0	1	249	456	704	6.40e-105	383
90c76406bcd8dd64fcf9a3e03f4a0e21	JN461990.1.1432	94.000	250	15	0	1	250	483	732	8.27e-104	379
90c76406bcd8dd64fcf9a3e03f4a0e21	JN474583.1.1387	92.000	250	20	0	1	250	460	709	1.80e-95	351
90c76406bcd8dd64fcf9a3e03f4a0e21	JN427917.1.1331	92.000	250	20	0	1	250	484	733	1.80e-95	351
90c76406bcd8dd64fcf9a3e03f4a0e21	JN471833.1.1280	91.600	250	21	0	1	250	355	604	8.39e-94	346
90c76406bcd8dd64fcf9a3e03f4a0e21	JN488684.1.1429	91.633	251	19	2	1	250	482	731	8.39e-94	346
90c76406bcd8dd64fcf9a3e03f4a0e21	JN432540.1.1416	91.270	252	18	4	1	250	464	713	3.90e-92	340
90c76406bcd8dd64fcf9a3e03f4a0e21	FJ516783.1.1453	89.683	252	22	4	1	250	485	734	1.83e-85	318
90c76406bcd8dd64fcf9a3e03f4a0e21	KM454263.1.1362	89.600	250	25	1	1	250	501	749	6.58e-85	316
90c76406bcd8dd64fcf9a3e03f4a0e21	KF786689.1.1361	89.286	252	23	2	1	250	499	748	8.51e-84	313
90c76406bcd8dd64fcf9a3e03f4a0e21	KF975540.1.1489	88.845	251	26	2	1	250	493	742	3.96e-82	307
90c76406bcd8dd64fcf9a3e03f4a0e21	KF596666.1.1441	88.492	252	24	5	1	250	479	727	6.63e-80	300
90c76406bcd8dd64fcf9a3e03f4a0e21	JN437071.1.1353	88.048	251	28	2	1	250	448	697	8.57e-79	296
90c76406bcd8dd64fcf9a3e03f4a0e21	JN430147.1.1403	88.000	250	29	1	1	250	472	720	3.08e-78	294
90c76406bcd8dd64fcf9a3e03f4a0e21	FJ628311.1.1482	88.000	250	27	3	2	250	518	765	1.11e-77	292
90c76406bcd8dd64fcf9a3e03f4a0e21	JQ925049.1.1462	87.649	251	29	2	1	250	512	761	1.11e-77	292
90c76406bcd8dd64fcf9a3e03f4a0e21	EU133989.1.1328	87.698	252	26	5	1	250	479	727	1.43e-76	289
90c76406bcd8dd64fcf9a3e03f4a0e21	JN452706.1.1388	87.200	250	31	1	1	250	481	729	6.67e-75	283
90c76406bcd8dd64fcf9a3e03f4a0e21	EU134159.1.1327	87.302	252	27	5	1	250	472	720	6.67e-75	283
90c76406bcd8dd64fcf9a3e03f4a0e21	EF688367.1.1458	87.200	250	31	1	1	250	496	744	6.67e-75	283
90c76406bcd8dd64fcf9a3e03f4a0e21	GQ357031.1.1483	87.149	249	31	1	2	250	519	766	2.40e-74	281
90c76406bcd8dd64fcf9a3e03f4a0e21	FM165235.1.1462	86.853	251	31	2	1	250	501	750	8.63e-74	279
90c76406bcd8dd64fcf9a3e03f4a0e21	JN696298.1.1306	86.853	251	30	2	1	250	454	702	3.10e-73	278
90c76406bcd8dd64fcf9a3e03f4a0e21	EU133974.1.1333	86.853	251	30	3	1	250	475	723	3.10e-73	278
90c76406bcd8dd64fcf9a3e03f4a0e21	KC432261.1.1321	86.905	252	28	5	1	250	476	724	3.10e-73	278
90c76406bcd8dd64fcf9a3e03f4a0e21	KM356633.1.1444	86.747	249	32	1	2	250	499	746	1.12e-72	276
90c76406bcd8dd64fcf9a3e03f4a0e21	HQ588504.1.1355	86.853	251	28	5	2	250	499	746	1.12e-72	276
90c76406bcd8dd64fcf9a3e03f4a0e21	KU324268.1.1471	86.640	247	32	1	1	247	506	751	1.44e-71	272
90c76406bcd8dd64fcf9a3e03f4a0e21	JN607039.1.1312	86.454	251	30	4	1	250	462	709	1.44e-71	272
90c76406bcd8dd64fcf9a3e03f4a0e21	KX097640.1.1470	86.853	251	24	9	1	247	506	751	1.44e-71	272
90c76406bcd8dd64fcf9a3e03f4a0e21	MF314632.1.1464	86.400	250	33	1	1	250	493	741	1.44e-71	272
90c76406bcd8dd64fcf9a3e03f4a0e21	JQ817427.1.1559	86.640	247	32	1	1	247	579	824	1.44e-71	272
90c76406bcd8dd64fcf9a3e03f4a0e21	EU589270.1.1465	86.400	250	33	1	1	250	499	747	1.44e-71	272
90c76406bcd8dd64fcf9a3e03f4a0e21	KM356677.1.1432	86.640	247	32	1	1	247	486	731	1.44e-71	272
90c76406bcd8dd64fcf9a3e03f4a0e21	AY592366.1.1311	86.640	247	32	1	1	247	489	734	1.44e-71	272
90c76406bcd8dd64fcf9a3e03f4a0e21	EU134144.1.1341	86.400	250	33	1	1	250	490	738	1.44e-71	272
90c76406bcd8dd64fcf9a3e03f4a0e21	AM490728.1.1465	86.454	251	31	3	1	250	497	745	1.44e-71	272
90c76406bcd8dd64fcf9a3e03f4a0e21	JX521410.1.1463	86.111	252	30	5	1	250	494	742	6.72e-70	267
90c76406bcd8dd64fcf9a3e03f4a0e21	FPLP01008209.11.1489	86.235	247	33	1	1	247	496	741	6.72e-70	267
90c76406bcd8dd64fcf9a3e03f4a0e21	GQ182779.1.1356	86.000	250	34	1	1	250	491	739	6.72e-70	267
90c76406bcd8dd64fcf9a3e03f4a0e21	HM445199.1.1318	86.000	250	34	1	1	250	454	702	6.72e-70	267
90c76406bcd8dd64fcf9a3e03f4a0e21	JX489979.1.1455	86.000	250	34	1	1	250	495	743	6.72e-70	267
90c76406bcd8dd64fcf9a3e03f4a0e21	JX080264.1.1415	86.235	247	33	1	1	247	467	712	6.72e-70	267
90c76406bcd8dd64fcf9a3e03f4a0e21	KM356764.1.1432	86.235	247	33	1	1	247	486	731	6.72e-70	267
90c76406bcd8dd64fcf9a3e03f4a0e21	HQ727653.1.1473	86.290	248	31	3	1	247	506	751	6.72e-70	267
90c76406bcd8dd64fcf9a3e03f4a0e21	JQ769730.1.1475	86.166	253	28	5	1	250	498	746	6.72e-70	267
90c76406bcd8dd64fcf9a3e03f4a0e21	JQ769665.1.1457	86.000	250	34	1	1	250	491	739	6.72e-70	267
90c76406bcd8dd64fcf9a3e03f4a0e21	EU134042.1.1328	86.056	251	32	3	1	250	470	718	6.72e-70	267
90c76406bcd8dd64fcf9a3e03f4a0e21	EU134258.1.1337	86.056	251	32	3	1	250	470	718	6.72e-70	267
90c76406bcd8dd64fcf9a3e03f4a0e21	GU180178.1.1464	86.166	253	28	7	1	250	500	748	6.72e-70	267
