9ecde72b0d78f3f34379c4c64f7e8316	EU374049.1.1484	91.633	251	20	1	1	250	520	770	2.33e-94	348
9ecde72b0d78f3f34379c4c64f7e8316	LC171318.1.1447	91.200	250	22	0	1	250	500	749	3.90e-92	340
9ecde72b0d78f3f34379c4c64f7e8316	JF272116.1.1491	91.200	250	22	0	1	250	524	773	3.90e-92	340
9ecde72b0d78f3f34379c4c64f7e8316	DQ890438.1.1480	91.200	250	22	0	1	250	521	770	3.90e-92	340
9ecde72b0d78f3f34379c4c64f7e8316	GU451389.1.1243	91.235	251	20	2	1	250	386	635	3.90e-92	340
9ecde72b0d78f3f34379c4c64f7e8316	KF596667.1.1478	90.800	250	23	0	1	250	527	776	1.82e-90	335
9ecde72b0d78f3f34379c4c64f7e8316	GU451542.1.1243	90.837	251	21	2	1	250	386	635	1.82e-90	335
9ecde72b0d78f3f34379c4c64f7e8316	JQ800848.1.1496	91.093	247	20	2	1	246	520	765	6.53e-90	333
9ecde72b0d78f3f34379c4c64f7e8316	KU578842.1.1382	90.438	251	23	1	1	250	520	770	8.45e-89	329
9ecde72b0d78f3f34379c4c64f7e8316	JN430021.1.1444	90.438	251	22	2	1	250	493	742	8.45e-89	329
9ecde72b0d78f3f34379c4c64f7e8316	JX271910.1.1489	90.476	252	20	4	1	250	519	768	8.45e-89	329
9ecde72b0d78f3f34379c4c64f7e8316	EU245092.1.1505	90.438	251	22	2	1	250	527	776	8.45e-89	329
9ecde72b0d78f3f34379c4c64f7e8316	DQ269037.1.1328	90.438	251	22	2	1	250	470	719	8.45e-89	329
9ecde72b0d78f3f34379c4c64f7e8316	EU246203.1.1490	90.438	251	22	2	1	250	527	776	8.45e-89	329
9ecde72b0d78f3f34379c4c64f7e8316	KM203424.1.1200	90.438	251	22	2	1	250	342	591	8.45e-89	329
9ecde72b0d78f3f34379c4c64f7e8316	GU451508.1.1229	90.400	250	24	0	1	250	373	622	8.45e-89	329
9ecde72b0d78f3f34379c4c64f7e8316	FM174351.1.1437	90.476	252	20	4	1	250	499	748	8.45e-89	329
9ecde72b0d78f3f34379c4c64f7e8316	JN430513.1.1312	90.688	247	21	2	1	246	446	691	3.04e-88	327
9ecde72b0d78f3f34379c4c64f7e8316	DQ270634.1.1439	90.400	250	23	1	1	250	467	715	3.04e-88	327
9ecde72b0d78f3f34379c4c64f7e8316	AM259876.1.1382	90.000	250	25	0	1	250	517	766	1.09e-87	326
9ecde72b0d78f3f34379c4c64f7e8316	JN490001.1.1385	90.040	251	23	2	1	250	492	741	3.93e-87	324
9ecde72b0d78f3f34379c4c64f7e8316	JN523396.1.1268	90.000	250	25	0	1	250	345	594	3.93e-87	324
9ecde72b0d78f3f34379c4c64f7e8316	KF771462.1.1469	90.079	252	21	4	1	250	511	760	3.93e-87	324
9ecde72b0d78f3f34379c4c64f7e8316	FJ710676.1.1484	90.079	252	21	4	1	250	519	768	3.93e-87	324
9ecde72b0d78f3f34379c4c64f7e8316	JZQW01000031.13817.15341	90.079	252	21	4	1	250	523	772	3.93e-87	324
9ecde72b0d78f3f34379c4c64f7e8316	JN514939.1.1449	90.040	251	23	2	1	250	494	743	3.93e-87	324
9ecde72b0d78f3f34379c4c64f7e8316	JN453571.1.1313	90.000	250	25	0	1	250	395	644	3.93e-87	324
9ecde72b0d78f3f34379c4c64f7e8316	JN523243.1.1401	90.000	250	25	0	1	250	503	752	3.93e-87	324
9ecde72b0d78f3f34379c4c64f7e8316	JN449995.1.1371	90.000	250	25	0	1	250	471	720	3.93e-87	324
9ecde72b0d78f3f34379c4c64f7e8316	JN452429.1.1458	90.000	250	25	0	1	250	502	751	3.93e-87	324
9ecde72b0d78f3f34379c4c64f7e8316	JN435634.1.1351	90.000	250	25	0	1	250	446	695	3.93e-87	324
9ecde72b0d78f3f34379c4c64f7e8316	JN454562.1.1372	90.040	251	23	2	1	250	470	719	3.93e-87	324
9ecde72b0d78f3f34379c4c64f7e8316	JN434998.1.1382	90.040	251	23	2	1	250	481	730	3.93e-87	324
9ecde72b0d78f3f34379c4c64f7e8316	JN440469.1.1388	90.040	251	23	2	1	250	468	717	3.93e-87	324
9ecde72b0d78f3f34379c4c64f7e8316	JN437308.1.1333	90.000	250	25	0	1	250	433	682	3.93e-87	324
9ecde72b0d78f3f34379c4c64f7e8316	GU451518.1.1244	90.040	251	23	2	1	250	388	637	3.93e-87	324
9ecde72b0d78f3f34379c4c64f7e8316	GU451557.1.1245	90.079	252	21	4	1	250	388	637	3.93e-87	324
9ecde72b0d78f3f34379c4c64f7e8316	GU451507.1.1245	90.079	252	21	4	1	250	388	637	3.93e-87	324
9ecde72b0d78f3f34379c4c64f7e8316	JQ739002.1.1351	90.040	251	23	2	1	250	470	719	3.93e-87	324
9ecde72b0d78f3f34379c4c64f7e8316	GU451579.1.1244	90.040	251	23	2	1	250	388	637	3.93e-87	324
9ecde72b0d78f3f34379c4c64f7e8316	EU246235.1.1494	90.040	251	23	2	1	250	527	776	3.93e-87	324
9ecde72b0d78f3f34379c4c64f7e8316	GU451535.1.1243	90.040	251	23	2	1	250	388	637	3.93e-87	324
9ecde72b0d78f3f34379c4c64f7e8316	KX084062.1.1479	90.079	252	21	4	1	250	497	746	3.93e-87	324
9ecde72b0d78f3f34379c4c64f7e8316	MG827301.1.1451	90.079	252	21	4	1	250	503	752	3.93e-87	324
9ecde72b0d78f3f34379c4c64f7e8316	JN467179.1.1442	89.723	253	22	4	1	250	512	763	5.09e-86	320
9ecde72b0d78f3f34379c4c64f7e8316	JXRI01004587.933.2436	89.641	251	24	2	1	250	519	768	1.83e-85	318
9ecde72b0d78f3f34379c4c64f7e8316	LC171295.1.1451	89.641	251	24	2	1	250	501	750	1.83e-85	318
9ecde72b0d78f3f34379c4c64f7e8316	JN458308.1.1241	89.600	250	26	0	1	250	430	679	1.83e-85	318
9ecde72b0d78f3f34379c4c64f7e8316	FJ535341.1.1349	89.641	251	24	2	1	250	496	745	1.83e-85	318
9ecde72b0d78f3f34379c4c64f7e8316	FJ203326.1.1383	89.600	250	26	0	1	250	473	722	1.83e-85	318
