9ecd57bc6e039f7e38ead33a02c95c94	EU287031.1.1493	96.800	250	8	0	1	250	516	765	1.75e-115	418
9ecd57bc6e039f7e38ead33a02c95c94	FM958452.1.1424	96.400	250	9	0	1	250	486	735	8.16e-114	412
9ecd57bc6e039f7e38ead33a02c95c94	KC527479.1.1241	96.000	250	10	0	1	250	286	535	3.79e-112	407
9ecd57bc6e039f7e38ead33a02c95c94	AF468287.1.1419	96.000	250	10	0	1	250	481	730	3.79e-112	407
9ecd57bc6e039f7e38ead33a02c95c94	AF006606.1.1505	96.000	250	10	0	1	250	524	773	3.79e-112	407
9ecd57bc6e039f7e38ead33a02c95c94	GU234702.1.1367	95.635	252	9	2	1	250	497	748	4.91e-111	403
9ecd57bc6e039f7e38ead33a02c95c94	FJ497596.1.1459	95.200	250	12	0	1	250	499	748	8.21e-109	396
9ecd57bc6e039f7e38ead33a02c95c94	CP021425.2812600.2814129	94.821	251	11	2	1	250	522	771	3.82e-107	390
9ecd57bc6e039f7e38ead33a02c95c94	FJ202933.1.1477	94.821	251	11	2	1	250	509	758	3.82e-107	390
9ecd57bc6e039f7e38ead33a02c95c94	CP021425.925424.926953	94.821	251	11	2	1	250	522	771	3.82e-107	390
9ecd57bc6e039f7e38ead33a02c95c94	CP021425.715436.716965	94.821	251	11	2	1	250	522	771	3.82e-107	390
9ecd57bc6e039f7e38ead33a02c95c94	JQ516314.1.1437	94.821	251	11	2	1	250	525	774	3.82e-107	390
9ecd57bc6e039f7e38ead33a02c95c94	CP021425.5380776.5382305	94.821	251	11	2	1	250	522	771	3.82e-107	390
9ecd57bc6e039f7e38ead33a02c95c94	CP021425.3982391.3983920	94.821	251	11	2	1	250	522	771	3.82e-107	390
9ecd57bc6e039f7e38ead33a02c95c94	AM259849.1.1372	94.821	251	11	2	1	250	500	749	3.82e-107	390
9ecd57bc6e039f7e38ead33a02c95c94	GU061314.1.1455	94.821	251	11	2	1	250	499	748	3.82e-107	390
9ecd57bc6e039f7e38ead33a02c95c94	FJ905669.1.1400	94.800	250	13	0	1	250	471	720	3.82e-107	390
9ecd57bc6e039f7e38ead33a02c95c94	AY633929.1.1498	94.800	250	13	0	1	250	529	778	3.82e-107	390
9ecd57bc6e039f7e38ead33a02c95c94	AY633930.1.1483	94.800	250	13	0	1	250	501	750	3.82e-107	390
9ecd57bc6e039f7e38ead33a02c95c94	AY532642.1.1474	94.800	250	13	0	1	250	530	779	3.82e-107	390
9ecd57bc6e039f7e38ead33a02c95c94	AJ295154.1.1437	94.821	251	11	2	1	250	504	753	3.82e-107	390
9ecd57bc6e039f7e38ead33a02c95c94	JX529491.1.1430	94.400	250	14	0	1	250	472	721	1.78e-105	385
9ecd57bc6e039f7e38ead33a02c95c94	JX525113.1.1431	94.422	251	12	2	1	250	472	721	1.78e-105	385
9ecd57bc6e039f7e38ead33a02c95c94	HQ703826.1.1411	94.400	250	14	0	1	250	507	756	1.78e-105	385
9ecd57bc6e039f7e38ead33a02c95c94	EU686596.6848.8361	94.422	251	12	2	1	250	519	768	1.78e-105	385
9ecd57bc6e039f7e38ead33a02c95c94	JQ579692.1.1494	94.400	250	14	0	1	250	521	770	1.78e-105	385
9ecd57bc6e039f7e38ead33a02c95c94	EU050814.1.1416	94.400	250	14	0	1	250	501	750	1.78e-105	385
9ecd57bc6e039f7e38ead33a02c95c94	LWEY01001044.498.2037	94.400	250	14	0	1	250	526	775	1.78e-105	385
9ecd57bc6e039f7e38ead33a02c95c94	AF382112.1.1491	94.400	250	14	0	1	250	519	768	1.78e-105	385
9ecd57bc6e039f7e38ead33a02c95c94	FM242233.1.1484	94.400	250	14	0	1	250	511	760	1.78e-105	385
9ecd57bc6e039f7e38ead33a02c95c94	HQ242533.1.1497	94.400	250	14	0	1	250	520	769	1.78e-105	385
9ecd57bc6e039f7e38ead33a02c95c94	HQ203963.1.1498	94.400	250	14	0	1	250	519	768	1.78e-105	385
9ecd57bc6e039f7e38ead33a02c95c94	AY576771.1.1463	94.400	250	14	0	1	250	496	745	1.78e-105	385
9ecd57bc6e039f7e38ead33a02c95c94	CU466805.2.1351	94.000	250	15	0	1	250	476	725	8.27e-104	379
9ecd57bc6e039f7e38ead33a02c95c94	LWEK01001698.21.1561	94.024	251	13	2	1	250	527	776	8.27e-104	379
9ecd57bc6e039f7e38ead33a02c95c94	HQ225023.1.1494	94.000	250	15	0	1	250	519	768	8.27e-104	379
9ecd57bc6e039f7e38ead33a02c95c94	KF146344.1.1439	94.000	250	15	0	1	250	488	737	8.27e-104	379
9ecd57bc6e039f7e38ead33a02c95c94	FLOH01000122.78590.80104	93.600	250	16	0	1	250	521	770	3.85e-102	374
9ecd57bc6e039f7e38ead33a02c95c94	MF571786.1.1502	93.625	251	14	2	1	250	527	776	3.85e-102	374
9ecd57bc6e039f7e38ead33a02c95c94	JX529175.1.1436	93.600	250	16	0	1	250	480	729	3.85e-102	374
9ecd57bc6e039f7e38ead33a02c95c94	DQ837280.1.1432	93.600	250	16	0	1	250	492	741	3.85e-102	374
9ecd57bc6e039f7e38ead33a02c95c94	KX083695.1.1400	93.600	250	16	0	1	250	531	780	3.85e-102	374
9ecd57bc6e039f7e38ead33a02c95c94	JX227004.1.1502	93.600	250	16	0	1	250	525	774	3.85e-102	374
9ecd57bc6e039f7e38ead33a02c95c94	EU491869.1.1459	93.600	250	16	0	1	250	505	754	3.85e-102	374
9ecd57bc6e039f7e38ead33a02c95c94	JN233507.1.1467	93.625	251	14	2	1	250	509	758	3.85e-102	374
9ecd57bc6e039f7e38ead33a02c95c94	JN233245.1.1469	93.625	251	14	2	1	250	511	760	3.85e-102	374
9ecd57bc6e039f7e38ead33a02c95c94	DQ837277.1.1418	93.600	250	16	0	1	250	483	732	3.85e-102	374
9ecd57bc6e039f7e38ead33a02c95c94	JN018742.1.1391	93.600	250	16	0	1	250	519	768	3.85e-102	374
9ecd57bc6e039f7e38ead33a02c95c94	DQ015830.1.1494	93.281	253	14	3	1	250	513	765	4.98e-101	370
9ecd57bc6e039f7e38ead33a02c95c94	FJ202433.1.1477	93.254	252	13	4	1	250	508	757	1.79e-100	368
