a48a921ba21f0bf6b4b5b16d1c223369	CP031153.248095.249604	99.600	250	1	0	1	250	521	770	3.72e-127	457
a48a921ba21f0bf6b4b5b16d1c223369	CP031153.5044120.5045629	99.600	250	1	0	1	250	521	770	3.72e-127	457
a48a921ba21f0bf6b4b5b16d1c223369	CP031153.3616418.3617927	99.600	250	1	0	1	250	521	770	3.72e-127	457
a48a921ba21f0bf6b4b5b16d1c223369	EF123558.1.1480	99.600	250	1	0	1	250	514	763	3.72e-127	457
a48a921ba21f0bf6b4b5b16d1c223369	GQ274041.1.1514	99.600	250	1	0	1	250	521	770	3.72e-127	457
a48a921ba21f0bf6b4b5b16d1c223369	AB557535.1.1343	99.600	250	1	0	1	250	489	738	3.72e-127	457
a48a921ba21f0bf6b4b5b16d1c223369	GU233518.1.1474	99.600	250	1	0	1	250	524	773	3.72e-127	457
a48a921ba21f0bf6b4b5b16d1c223369	KF040476.1.1446	99.600	250	1	0	1	250	503	752	3.72e-127	457
a48a921ba21f0bf6b4b5b16d1c223369	HM798967.1.1458	99.200	250	2	0	1	250	500	749	1.73e-125	451
a48a921ba21f0bf6b4b5b16d1c223369	ABIB01000002.610912.612431	99.200	250	2	0	1	250	524	773	1.73e-125	451
a48a921ba21f0bf6b4b5b16d1c223369	ABIB01000004.173158.174678	99.200	250	2	0	1	250	525	774	1.73e-125	451
a48a921ba21f0bf6b4b5b16d1c223369	AM930457.1.1449	99.200	250	2	0	1	250	506	755	1.73e-125	451
a48a921ba21f0bf6b4b5b16d1c223369	GU949540.1.1447	99.200	250	2	0	1	250	519	768	1.73e-125	451
a48a921ba21f0bf6b4b5b16d1c223369	AB681152.1.1447	99.200	250	2	0	1	250	501	750	1.73e-125	451
a48a921ba21f0bf6b4b5b16d1c223369	AB758591.1.1393	99.200	250	2	0	1	250	475	724	1.73e-125	451
a48a921ba21f0bf6b4b5b16d1c223369	JX456458.1.1416	99.200	250	2	0	1	250	508	757	1.73e-125	451
a48a921ba21f0bf6b4b5b16d1c223369	AY195836.1.1514	99.200	250	2	0	1	250	521	770	1.73e-125	451
a48a921ba21f0bf6b4b5b16d1c223369	AB017046.1.1485	99.200	250	2	0	1	250	521	770	1.73e-125	451
a48a921ba21f0bf6b4b5b16d1c223369	ABIB01000005.311139.312659	98.800	250	3	0	1	250	525	774	8.04e-124	446
a48a921ba21f0bf6b4b5b16d1c223369	KX078451.1.1448	98.800	250	3	0	1	250	506	755	8.04e-124	446
a48a921ba21f0bf6b4b5b16d1c223369	GU949541.1.1432	98.800	250	3	0	1	250	447	696	8.04e-124	446
a48a921ba21f0bf6b4b5b16d1c223369	KT589975.1.1444	98.800	250	3	0	1	250	501	750	8.04e-124	446
a48a921ba21f0bf6b4b5b16d1c223369	JX235671.1.1482	98.800	250	3	0	1	250	506	755	8.04e-124	446
a48a921ba21f0bf6b4b5b16d1c223369	KP704352.1.1488	98.800	250	3	0	1	250	523	772	8.04e-124	446
a48a921ba21f0bf6b4b5b16d1c223369	KM502319.1.1418	98.800	250	3	0	1	250	512	761	8.04e-124	446
a48a921ba21f0bf6b4b5b16d1c223369	KF799040.1.1400	98.800	250	2	1	1	250	521	769	2.89e-123	444
a48a921ba21f0bf6b4b5b16d1c223369	AF359551.1.1461	98.400	250	4	0	1	250	513	762	2.89e-123	444
a48a921ba21f0bf6b4b5b16d1c223369	JQ515528.1.1520	98.008	251	4	1	1	250	532	782	1.74e-120	435
a48a921ba21f0bf6b4b5b16d1c223369	KF787068.1.1390	97.200	250	7	0	1	250	523	772	3.77e-117	424
a48a921ba21f0bf6b4b5b16d1c223369	FN811302.1.1316	97.200	250	7	0	1	250	485	734	3.77e-117	424
a48a921ba21f0bf6b4b5b16d1c223369	KU578799.1.1382	96.838	253	2	6	1	250	522	771	1.75e-115	418
a48a921ba21f0bf6b4b5b16d1c223369	JQ515541.1.1520	96.457	254	4	5	2	250	547	800	2.27e-114	414
a48a921ba21f0bf6b4b5b16d1c223369	JF117533.1.1353	94.800	250	13	0	1	250	501	750	3.82e-107	390
a48a921ba21f0bf6b4b5b16d1c223369	AB681890.1.1445	94.800	250	13	0	1	250	499	748	3.82e-107	390
a48a921ba21f0bf6b4b5b16d1c223369	AB294107.1.1408	94.800	250	13	0	1	250	458	707	3.82e-107	390
a48a921ba21f0bf6b4b5b16d1c223369	GU991524.1.1497	94.000	250	15	0	1	250	511	760	8.27e-104	379
a48a921ba21f0bf6b4b5b16d1c223369	JN717174.1.1482	93.651	252	12	4	1	250	519	768	3.85e-102	374
a48a921ba21f0bf6b4b5b16d1c223369	AACY020309696.232.1729	93.651	252	12	4	1	250	521	770	3.85e-102	374
a48a921ba21f0bf6b4b5b16d1c223369	KF596588.1.1476	93.651	252	12	4	1	250	521	770	3.85e-102	374
a48a921ba21f0bf6b4b5b16d1c223369	KJ475138.1.1510	93.600	250	16	0	1	250	523	772	3.85e-102	374
a48a921ba21f0bf6b4b5b16d1c223369	GAUE02014361.76.1558	93.600	250	16	0	1	250	519	768	3.85e-102	374
a48a921ba21f0bf6b4b5b16d1c223369	FJ545595.1.1521	93.200	250	17	0	1	250	521	770	1.79e-100	368
a48a921ba21f0bf6b4b5b16d1c223369	L10948.1.1425	93.200	250	17	0	1	250	526	775	1.79e-100	368
a48a921ba21f0bf6b4b5b16d1c223369	DQ001321.1.1501	93.200	250	17	0	1	250	505	754	1.79e-100	368
a48a921ba21f0bf6b4b5b16d1c223369	JX525264.1.1424	93.227	251	15	2	1	250	480	729	1.79e-100	368
a48a921ba21f0bf6b4b5b16d1c223369	BBNQ01000037.404.1915	93.200	250	17	0	1	250	515	764	1.79e-100	368
a48a921ba21f0bf6b4b5b16d1c223369	LC171270.1.1448	93.200	250	17	0	1	250	505	754	1.79e-100	368
a48a921ba21f0bf6b4b5b16d1c223369	KX172422.1.1445	93.200	250	17	0	1	250	501	750	1.79e-100	368
a48a921ba21f0bf6b4b5b16d1c223369	MG002167.1.1226	93.200	250	17	0	1	250	521	770	1.79e-100	368
a48a921ba21f0bf6b4b5b16d1c223369	KY190796.1.1448	93.200	250	17	0	1	250	505	754	1.79e-100	368
