c96b140930b6f52b3295a682ec74d1cf	FJ403097.1.1497	98.400	250	4	0	1	250	521	770	3.74e-122	440
c96b140930b6f52b3295a682ec74d1cf	JQ579787.1.1492	98.400	250	4	0	1	250	519	768	3.74e-122	440
c96b140930b6f52b3295a682ec74d1cf	AM941186.1.1387	98.400	250	4	0	1	250	457	706	3.74e-122	440
c96b140930b6f52b3295a682ec74d1cf	AB545807.1.1450	98.400	250	4	0	1	250	503	752	3.74e-122	440
c96b140930b6f52b3295a682ec74d1cf	EU627900.1.1425	98.000	250	5	0	1	250	507	756	1.74e-120	435
c96b140930b6f52b3295a682ec74d1cf	EU930871.1.1412	98.000	250	5	0	1	250	483	732	1.74e-120	435
c96b140930b6f52b3295a682ec74d1cf	JX854537.1.1466	98.000	250	5	0	1	250	504	753	1.74e-120	435
c96b140930b6f52b3295a682ec74d1cf	JX680693.1.1380	97.600	250	6	0	1	250	519	768	8.10e-119	429
c96b140930b6f52b3295a682ec74d1cf	FJ202088.1.1479	97.600	250	6	0	1	250	511	760	8.10e-119	429
c96b140930b6f52b3295a682ec74d1cf	KF180023.1.1456	97.600	250	6	0	1	250	499	748	8.10e-119	429
c96b140930b6f52b3295a682ec74d1cf	KP770054.1.1536	97.600	250	6	0	1	250	528	777	8.10e-119	429
c96b140930b6f52b3295a682ec74d1cf	HQ439519.1.1399	97.600	250	6	0	1	250	472	721	8.10e-119	429
c96b140930b6f52b3295a682ec74d1cf	AY028198.1.1449	97.600	250	5	1	1	250	497	745	2.91e-118	427
c96b140930b6f52b3295a682ec74d1cf	JX680695.1.1381	97.200	250	7	0	1	250	519	768	3.77e-117	424
c96b140930b6f52b3295a682ec74d1cf	EU804506.1.1492	97.200	250	7	0	1	250	521	770	3.77e-117	424
c96b140930b6f52b3295a682ec74d1cf	JQ347485.1.1495	97.200	250	7	0	1	250	520	769	3.77e-117	424
c96b140930b6f52b3295a682ec74d1cf	AF173962.1.1475	97.200	250	7	0	1	250	491	740	3.77e-117	424
c96b140930b6f52b3295a682ec74d1cf	JX680698.1.1381	96.414	251	7	2	1	250	519	768	8.16e-114	412
c96b140930b6f52b3295a682ec74d1cf	KF741540.1.1496	96.000	250	10	0	1	250	521	770	3.79e-112	407
c96b140930b6f52b3295a682ec74d1cf	KF799818.1.1501	94.800	250	13	0	1	250	522	771	3.82e-107	390
c96b140930b6f52b3295a682ec74d1cf	AY626829.1.1405	94.800	250	13	0	1	250	478	727	3.82e-107	390
c96b140930b6f52b3295a682ec74d1cf	DQ822532.1.1442	94.400	250	14	0	1	250	493	742	1.78e-105	385
c96b140930b6f52b3295a682ec74d1cf	FJ626905.1.1398	94.400	250	14	0	1	250	536	785	1.78e-105	385
c96b140930b6f52b3295a682ec74d1cf	CR954246.2963333.2964860	94.400	250	14	0	1	250	521	770	1.78e-105	385
c96b140930b6f52b3295a682ec74d1cf	AAOH01000015.31873.33412	94.400	250	14	0	1	250	532	781	1.78e-105	385
c96b140930b6f52b3295a682ec74d1cf	CR954246.2982280.2983807	94.400	250	14	0	1	250	521	770	1.78e-105	385
c96b140930b6f52b3295a682ec74d1cf	CP033065.824916.826452	94.400	250	14	0	1	250	529	778	1.78e-105	385
c96b140930b6f52b3295a682ec74d1cf	DQ005908.1.1406	94.400	250	14	0	1	250	478	727	1.78e-105	385
c96b140930b6f52b3295a682ec74d1cf	CR954246.2483991.2485518	94.400	250	14	0	1	250	521	770	1.78e-105	385
c96b140930b6f52b3295a682ec74d1cf	CR954246.3193253.3194780	94.400	250	14	0	1	250	521	770	1.78e-105	385
c96b140930b6f52b3295a682ec74d1cf	CP033065.1338949.1340485	94.400	250	14	0	1	250	529	778	1.78e-105	385
c96b140930b6f52b3295a682ec74d1cf	FJ695582.1.1496	94.400	250	14	0	1	250	519	768	1.78e-105	385
c96b140930b6f52b3295a682ec74d1cf	DQ492738.1.1429	94.400	250	14	0	1	250	491	740	1.78e-105	385
c96b140930b6f52b3295a682ec74d1cf	CR954246.2017583.2019110	94.400	250	14	0	1	250	521	770	1.78e-105	385
c96b140930b6f52b3295a682ec74d1cf	JX526103.1.1429	94.400	250	14	0	1	250	480	729	1.78e-105	385
c96b140930b6f52b3295a682ec74d1cf	CR954246.509920.511447	94.400	250	14	0	1	250	521	770	1.78e-105	385
c96b140930b6f52b3295a682ec74d1cf	CP031961.3352787.3354335	94.400	250	14	0	1	250	535	784	1.78e-105	385
c96b140930b6f52b3295a682ec74d1cf	JX527131.1.1438	94.400	250	14	0	1	250	481	730	1.78e-105	385
c96b140930b6f52b3295a682ec74d1cf	DQ642814.1.1475	94.400	250	14	0	1	250	495	744	1.78e-105	385
c96b140930b6f52b3295a682ec74d1cf	DQ520891.1.1418	94.400	250	14	0	1	250	479	728	1.78e-105	385
c96b140930b6f52b3295a682ec74d1cf	DQ492716.1.1498	94.400	250	14	0	1	250	522	771	1.78e-105	385
c96b140930b6f52b3295a682ec74d1cf	AUTP01000158.245.1722	94.400	250	14	0	1	250	483	732	1.78e-105	385
c96b140930b6f52b3295a682ec74d1cf	JN606918.1.1375	94.400	250	14	0	1	250	499	748	1.78e-105	385
c96b140930b6f52b3295a682ec74d1cf	FJ497411.1.1461	94.400	250	14	0	1	250	497	746	1.78e-105	385
c96b140930b6f52b3295a682ec74d1cf	JX526099.1.1439	94.400	250	14	0	1	250	483	732	1.78e-105	385
c96b140930b6f52b3295a682ec74d1cf	CP031961.3574223.3575771	94.400	250	14	0	1	250	535	784	1.78e-105	385
c96b140930b6f52b3295a682ec74d1cf	CP033065.3346097.3347633	94.400	250	14	0	1	250	529	778	1.78e-105	385
c96b140930b6f52b3295a682ec74d1cf	LC140836.1.1496	94.400	250	14	0	1	250	520	769	1.78e-105	385
c96b140930b6f52b3295a682ec74d1cf	CP032090.190450.191991	94.400	250	14	0	1	250	535	784	1.78e-105	385
c96b140930b6f52b3295a682ec74d1cf	DQ787199.1.1499	94.400	250	14	0	1	250	522	771	1.78e-105	385
5a4c06616de48c5e4f2b00aa3416d02d	KF179841.1.1455	98.800	250	3	0	1	250	499	748	8.04e-124	446
5a4c06616de48c5e4f2b00aa3416d02d	JF272231.1.1496	98.000	250	5	0	1	250	521	770	1.74e-120	435
5a4c06616de48c5e4f2b00aa3416d02d	MF797951.1.1458	98.000	250	5	0	1	250	500	749	1.74e-120	435
5a4c06616de48c5e4f2b00aa3416d02d	KC527486.1.1244	97.619	252	4	2	1	250	286	537	2.25e-119	431
5a4c06616de48c5e4f2b00aa3416d02d	HM768487.1.1390	97.600	250	6	0	1	250	519	768	8.10e-119	429
5a4c06616de48c5e4f2b00aa3416d02d	GU118928.1.1458	97.610	251	5	1	1	250	500	750	8.10e-119	429
5a4c06616de48c5e4f2b00aa3416d02d	HQ397070.1.1496	96.400	250	9	0	1	250	519	768	8.16e-114	412
5a4c06616de48c5e4f2b00aa3416d02d	AGCV02152781.1.1201	96.000	250	10	0	1	250	351	600	3.79e-112	407
5a4c06616de48c5e4f2b00aa3416d02d	HM591418.1.1497	96.000	250	10	0	1	250	521	770	3.79e-112	407
5a4c06616de48c5e4f2b00aa3416d02d	HM591411.1.1497	96.000	250	10	0	1	250	521	770	3.79e-112	407
5a4c06616de48c5e4f2b00aa3416d02d	JF272165.1.1497	96.000	250	10	0	1	250	522	771	3.79e-112	407
5a4c06616de48c5e4f2b00aa3416d02d	HM591462.1.1499	96.000	250	10	0	1	250	523	772	3.79e-112	407
5a4c06616de48c5e4f2b00aa3416d02d	KF464565.1.1256	96.016	251	8	2	1	250	362	611	3.79e-112	407
5a4c06616de48c5e4f2b00aa3416d02d	HQ225042.1.1497	96.000	250	10	0	1	250	521	770	3.79e-112	407
5a4c06616de48c5e4f2b00aa3416d02d	AB473549.1.1504	96.000	250	10	0	1	250	507	756	3.79e-112	407
5a4c06616de48c5e4f2b00aa3416d02d	EU183316.1.1425	96.000	250	10	0	1	250	482	731	3.79e-112	407
5a4c06616de48c5e4f2b00aa3416d02d	MG780337.1.1469	96.000	250	10	0	1	250	506	755	3.79e-112	407
5a4c06616de48c5e4f2b00aa3416d02d	AY207502.1.1456	96.016	251	8	2	1	250	500	749	3.79e-112	407
5a4c06616de48c5e4f2b00aa3416d02d	KF755909.1.1205	95.635	252	8	3	1	250	426	676	1.77e-110	401
5a4c06616de48c5e4f2b00aa3416d02d	KF722505.1.1258	95.635	252	8	3	1	250	328	578	1.77e-110	401
5a4c06616de48c5e4f2b00aa3416d02d	HQ225342.1.1498	95.600	250	11	0	1	250	520	769	1.77e-110	401
5a4c06616de48c5e4f2b00aa3416d02d	HQ225225.1.1497	95.600	250	11	0	1	250	521	770	1.77e-110	401
5a4c06616de48c5e4f2b00aa3416d02d	KX177792.1.1497	95.200	250	12	0	1	250	517	766	8.21e-109	396
5a4c06616de48c5e4f2b00aa3416d02d	HQ225400.1.1494	95.200	250	12	0	1	250	517	766	8.21e-109	396
5a4c06616de48c5e4f2b00aa3416d02d	JFBK01000001.4585145.4586559	94.821	251	11	2	1	250	508	757	3.82e-107	390
5a4c06616de48c5e4f2b00aa3416d02d	HQ012269.1.1494	94.821	251	11	2	1	250	518	767	3.82e-107	390
5a4c06616de48c5e4f2b00aa3416d02d	CP031967.1704207.1705742	94.821	251	11	2	1	250	527	776	3.82e-107	390
5a4c06616de48c5e4f2b00aa3416d02d	LC006282.1.1458	94.800	250	13	0	1	250	502	751	3.82e-107	390
5a4c06616de48c5e4f2b00aa3416d02d	CP031967.2354187.2355722	94.821	251	11	2	1	250	527	776	3.82e-107	390
5a4c06616de48c5e4f2b00aa3416d02d	FJ497519.1.1457	94.821	251	11	2	1	250	500	749	3.82e-107	390
5a4c06616de48c5e4f2b00aa3416d02d	CP031967.1368163.1369698	94.821	251	11	2	1	250	527	776	3.82e-107	390
5a4c06616de48c5e4f2b00aa3416d02d	AYSL01003355.297.1802	94.821	251	11	2	1	250	514	763	3.82e-107	390
5a4c06616de48c5e4f2b00aa3416d02d	CP031967.2536829.2538364	94.821	251	11	2	1	250	527	776	3.82e-107	390
5a4c06616de48c5e4f2b00aa3416d02d	HM591347.1.1497	94.821	251	11	2	1	250	521	770	3.82e-107	390
5a4c06616de48c5e4f2b00aa3416d02d	JX441432.1.1495	94.821	251	11	2	1	250	520	769	3.82e-107	390
5a4c06616de48c5e4f2b00aa3416d02d	KP183017.1.1476	94.821	251	11	2	1	250	518	767	3.82e-107	390
5a4c06616de48c5e4f2b00aa3416d02d	FJ497476.1.1463	94.821	251	11	2	1	250	499	748	3.82e-107	390
5a4c06616de48c5e4f2b00aa3416d02d	LC006289.1.1477	94.800	250	13	0	1	250	520	769	3.82e-107	390
5a4c06616de48c5e4f2b00aa3416d02d	CP031967.3362936.3364471	94.821	251	11	2	1	250	527	776	3.82e-107	390
5a4c06616de48c5e4f2b00aa3416d02d	FJ497471.1.1456	94.821	251	11	2	1	250	499	748	3.82e-107	390
5a4c06616de48c5e4f2b00aa3416d02d	FJ497405.1.1341	94.821	251	11	2	1	250	384	633	3.82e-107	390
5a4c06616de48c5e4f2b00aa3416d02d	KP183024.1.1507	94.821	251	11	2	1	250	529	778	3.82e-107	390
5a4c06616de48c5e4f2b00aa3416d02d	HM591343.1.1495	94.821	251	11	2	1	250	519	768	3.82e-107	390
5a4c06616de48c5e4f2b00aa3416d02d	KC001783.1.1379	94.821	251	11	2	1	250	533	782	3.82e-107	390
5a4c06616de48c5e4f2b00aa3416d02d	JX441434.1.1466	94.821	251	11	2	1	250	491	740	3.82e-107	390
5a4c06616de48c5e4f2b00aa3416d02d	DQ486510.1.1431	94.821	251	11	2	1	250	497	746	3.82e-107	390
5a4c06616de48c5e4f2b00aa3416d02d	KF464587.1.1230	94.821	251	11	2	1	250	338	587	3.82e-107	390
5a4c06616de48c5e4f2b00aa3416d02d	KP183028.1.1496	94.821	251	11	2	1	250	518	767	3.82e-107	390
5a4c06616de48c5e4f2b00aa3416d02d	FJ529367.1.1508	94.821	251	11	2	1	250	529	778	3.82e-107	390
5a4c06616de48c5e4f2b00aa3416d02d	JX879079.1.1495	94.821	251	11	2	1	250	519	768	3.82e-107	390
99732d7a1422d9f96131e0ff532a9618	LC006282.1.1458	97.600	250	6	0	1	250	502	751	8.10e-119	429
99732d7a1422d9f96131e0ff532a9618	LC006289.1.1477	97.600	250	6	0	1	250	520	769	8.10e-119	429
99732d7a1422d9f96131e0ff532a9618	HM591462.1.1499	97.600	250	6	0	1	250	523	772	8.10e-119	429
99732d7a1422d9f96131e0ff532a9618	AY167279.1.1480	97.600	250	6	0	1	250	498	747	8.10e-119	429
99732d7a1422d9f96131e0ff532a9618	MF797951.1.1458	97.600	250	6	0	1	250	500	749	8.10e-119	429
99732d7a1422d9f96131e0ff532a9618	LC006274.1.1439	97.211	251	6	1	1	250	502	752	3.77e-117	424
99732d7a1422d9f96131e0ff532a9618	HM768487.1.1390	97.200	250	7	0	1	250	519	768	3.77e-117	424
99732d7a1422d9f96131e0ff532a9618	GU118928.1.1458	97.211	251	6	1	1	250	500	750	3.77e-117	424
99732d7a1422d9f96131e0ff532a9618	BAET01000001.66.1589	96.800	250	8	0	1	250	530	779	1.75e-115	418
99732d7a1422d9f96131e0ff532a9618	JF272231.1.1496	96.800	250	8	0	1	250	521	770	1.75e-115	418
99732d7a1422d9f96131e0ff532a9618	KF179841.1.1455	96.800	250	8	0	1	250	499	748	1.75e-115	418
99732d7a1422d9f96131e0ff532a9618	AF468279.1.1420	96.800	250	8	0	1	250	482	731	1.75e-115	418
99732d7a1422d9f96131e0ff532a9618	AJ240917.1.1496	96.800	250	8	0	1	250	504	753	1.75e-115	418
99732d7a1422d9f96131e0ff532a9618	U85853.1.1506	96.800	250	8	0	1	250	530	779	1.75e-115	418
99732d7a1422d9f96131e0ff532a9618	KC527486.1.1244	96.429	252	7	2	1	250	286	537	2.27e-114	414
99732d7a1422d9f96131e0ff532a9618	U85851.1.1482	96.400	250	9	0	1	250	528	777	2.27e-114	414
99732d7a1422d9f96131e0ff532a9618	JF769613.1.1529	96.400	250	9	0	1	250	523	772	8.16e-114	412
99732d7a1422d9f96131e0ff532a9618	AF173965.1.1461	96.400	250	9	0	1	250	490	739	8.16e-114	412
99732d7a1422d9f96131e0ff532a9618	FN811296.1.1263	96.400	250	9	0	1	250	486	735	8.16e-114	412
99732d7a1422d9f96131e0ff532a9618	FJ203229.1.1457	96.016	251	9	1	1	250	500	750	3.79e-112	407
99732d7a1422d9f96131e0ff532a9618	JF272203.1.1492	96.000	250	10	0	1	250	517	766	3.79e-112	407
99732d7a1422d9f96131e0ff532a9618	KX495218.1.1459	96.000	250	10	0	1	250	500	749	3.79e-112	407
99732d7a1422d9f96131e0ff532a9618	HM022751.1.1264	96.000	250	10	0	1	250	486	735	3.79e-112	407
99732d7a1422d9f96131e0ff532a9618	MG002129.1.1226	95.600	250	11	0	1	250	523	772	1.77e-110	401
99732d7a1422d9f96131e0ff532a9618	FJ203208.1.1459	95.618	251	10	1	1	250	499	749	1.77e-110	401
99732d7a1422d9f96131e0ff532a9618	AY165585.1.1424	95.600	250	11	0	1	250	491	740	1.77e-110	401
99732d7a1422d9f96131e0ff532a9618	AY727011.1.1250	95.600	250	11	0	1	250	490	739	1.77e-110	401
99732d7a1422d9f96131e0ff532a9618	KC120668.1.1394	95.600	250	11	0	1	250	470	719	1.77e-110	401
99732d7a1422d9f96131e0ff532a9618	AM983541.1.1413	95.600	250	11	0	1	250	478	727	1.77e-110	401
99732d7a1422d9f96131e0ff532a9618	JQ689941.1.1406	95.600	250	11	0	1	250	461	710	1.77e-110	401
99732d7a1422d9f96131e0ff532a9618	JFBK01000001.4585145.4586559	95.200	250	12	0	1	250	508	757	8.21e-109	396
99732d7a1422d9f96131e0ff532a9618	HQ012269.1.1494	95.200	250	12	0	1	250	518	767	8.21e-109	396
99732d7a1422d9f96131e0ff532a9618	CP031967.1704207.1705742	95.200	250	12	0	1	250	527	776	8.21e-109	396
99732d7a1422d9f96131e0ff532a9618	JN874273.1.1457	95.200	250	12	0	1	250	499	748	8.21e-109	396
99732d7a1422d9f96131e0ff532a9618	CP031967.2354187.2355722	95.200	250	12	0	1	250	527	776	8.21e-109	396
99732d7a1422d9f96131e0ff532a9618	FJ497519.1.1457	95.200	250	12	0	1	250	500	749	8.21e-109	396
99732d7a1422d9f96131e0ff532a9618	CP031967.1368163.1369698	95.200	250	12	0	1	250	527	776	8.21e-109	396
99732d7a1422d9f96131e0ff532a9618	AYSL01003355.297.1802	95.200	250	12	0	1	250	514	763	8.21e-109	396
99732d7a1422d9f96131e0ff532a9618	CP031967.2536829.2538364	95.200	250	12	0	1	250	527	776	8.21e-109	396
99732d7a1422d9f96131e0ff532a9618	JX537881.1.1376	95.200	250	12	0	1	250	460	709	8.21e-109	396
99732d7a1422d9f96131e0ff532a9618	HM591347.1.1497	95.200	250	12	0	1	250	521	770	8.21e-109	396
99732d7a1422d9f96131e0ff532a9618	JX441432.1.1495	95.200	250	12	0	1	250	520	769	8.21e-109	396
99732d7a1422d9f96131e0ff532a9618	KP183017.1.1476	95.200	250	12	0	1	250	518	767	8.21e-109	396
99732d7a1422d9f96131e0ff532a9618	FJ497476.1.1463	95.200	250	12	0	1	250	499	748	8.21e-109	396
99732d7a1422d9f96131e0ff532a9618	CP031967.3362936.3364471	95.200	250	12	0	1	250	527	776	8.21e-109	396
99732d7a1422d9f96131e0ff532a9618	FJ497471.1.1456	95.200	250	12	0	1	250	499	748	8.21e-109	396
99732d7a1422d9f96131e0ff532a9618	FJ497405.1.1341	95.200	250	12	0	1	250	384	633	8.21e-109	396
99732d7a1422d9f96131e0ff532a9618	KP183024.1.1507	95.200	250	12	0	1	250	529	778	8.21e-109	396
99732d7a1422d9f96131e0ff532a9618	HM591343.1.1495	95.200	250	12	0	1	250	519	768	8.21e-109	396
99732d7a1422d9f96131e0ff532a9618	KC001783.1.1379	95.200	250	12	0	1	250	533	782	8.21e-109	396
1bc5310a9f78aa082542d611f3d9a66d	HM591330.1.1495	99.600	250	1	0	1	250	519	768	3.72e-127	457
1bc5310a9f78aa082542d611f3d9a66d	AY727011.1.1250	99.600	250	1	0	1	250	490	739	3.72e-127	457
1bc5310a9f78aa082542d611f3d9a66d	AJ240916.1.1496	99.600	250	1	0	1	250	504	753	3.72e-127	457
1bc5310a9f78aa082542d611f3d9a66d	HQ225284.1.1495	99.600	250	1	0	1	250	519	768	3.72e-127	457
1bc5310a9f78aa082542d611f3d9a66d	MG244284.1.1457	99.600	250	1	0	1	250	499	748	3.72e-127	457
1bc5310a9f78aa082542d611f3d9a66d	EU188189.1.1494	99.200	250	2	0	1	250	519	768	4.81e-126	453
1bc5310a9f78aa082542d611f3d9a66d	HQ012269.1.1494	99.200	250	2	0	1	250	518	767	1.73e-125	451
1bc5310a9f78aa082542d611f3d9a66d	CP031967.1704207.1705742	99.200	250	2	0	1	250	527	776	1.73e-125	451
1bc5310a9f78aa082542d611f3d9a66d	CP031967.2354187.2355722	99.200	250	2	0	1	250	527	776	1.73e-125	451
1bc5310a9f78aa082542d611f3d9a66d	FJ497519.1.1457	99.200	250	2	0	1	250	500	749	1.73e-125	451
1bc5310a9f78aa082542d611f3d9a66d	AYSL01003355.297.1802	99.200	250	2	0	1	250	514	763	1.73e-125	451
1bc5310a9f78aa082542d611f3d9a66d	CP031967.2536829.2538364	99.200	250	2	0	1	250	527	776	1.73e-125	451
1bc5310a9f78aa082542d611f3d9a66d	HM591347.1.1497	99.200	250	2	0	1	250	521	770	1.73e-125	451
1bc5310a9f78aa082542d611f3d9a66d	JX441432.1.1495	99.200	250	2	0	1	250	520	769	1.73e-125	451
1bc5310a9f78aa082542d611f3d9a66d	KP183017.1.1476	99.200	250	2	0	1	250	518	767	1.73e-125	451
1bc5310a9f78aa082542d611f3d9a66d	FJ497476.1.1463	99.200	250	2	0	1	250	499	748	1.73e-125	451
1bc5310a9f78aa082542d611f3d9a66d	CP031967.3362936.3364471	99.200	250	2	0	1	250	527	776	1.73e-125	451
1bc5310a9f78aa082542d611f3d9a66d	FJ497471.1.1456	99.200	250	2	0	1	250	499	748	1.73e-125	451
1bc5310a9f78aa082542d611f3d9a66d	FJ497405.1.1341	99.200	250	2	0	1	250	384	633	1.73e-125	451
1bc5310a9f78aa082542d611f3d9a66d	KP183024.1.1507	99.200	250	2	0	1	250	529	778	1.73e-125	451
1bc5310a9f78aa082542d611f3d9a66d	HM591343.1.1495	99.200	250	2	0	1	250	519	768	1.73e-125	451
1bc5310a9f78aa082542d611f3d9a66d	KC001783.1.1379	99.200	250	2	0	1	250	533	782	1.73e-125	451
1bc5310a9f78aa082542d611f3d9a66d	DQ486510.1.1431	99.200	250	2	0	1	250	497	746	1.73e-125	451
1bc5310a9f78aa082542d611f3d9a66d	KF464587.1.1230	99.200	250	2	0	1	250	338	587	1.73e-125	451
1bc5310a9f78aa082542d611f3d9a66d	KP183028.1.1496	99.200	250	2	0	1	250	518	767	1.73e-125	451
1bc5310a9f78aa082542d611f3d9a66d	FJ529367.1.1508	99.200	250	2	0	1	250	529	778	1.73e-125	451
1bc5310a9f78aa082542d611f3d9a66d	JX879079.1.1495	99.200	250	2	0	1	250	519	768	1.73e-125	451
1bc5310a9f78aa082542d611f3d9a66d	KF465218.1.1206	99.200	250	2	0	1	250	230	479	1.73e-125	451
1bc5310a9f78aa082542d611f3d9a66d	JN717192.1.1487	99.200	250	2	0	1	250	519	768	1.73e-125	451
1bc5310a9f78aa082542d611f3d9a66d	KX014083.1.1499	99.200	250	2	0	1	250	519	768	1.73e-125	451
1bc5310a9f78aa082542d611f3d9a66d	FJ644594.1.1361	99.200	250	2	0	1	250	488	737	1.73e-125	451
1bc5310a9f78aa082542d611f3d9a66d	KF271167.1.1447	99.200	250	2	0	1	250	499	748	1.73e-125	451
1bc5310a9f78aa082542d611f3d9a66d	CP012202.3933290.3934826	99.200	250	2	0	1	250	528	777	1.73e-125	451
1bc5310a9f78aa082542d611f3d9a66d	KF465226.1.1281	99.200	250	2	0	1	250	350	599	1.73e-125	451
1bc5310a9f78aa082542d611f3d9a66d	KF906588.1.1527	99.200	250	2	0	1	250	521	770	1.73e-125	451
1bc5310a9f78aa082542d611f3d9a66d	KM820617.1.1515	99.200	250	2	0	1	250	538	787	1.73e-125	451
1bc5310a9f78aa082542d611f3d9a66d	CP012202.2957491.2959028	99.200	250	2	0	1	250	529	778	1.73e-125	451
1bc5310a9f78aa082542d611f3d9a66d	CP012202.361635.363171	99.200	250	2	0	1	250	528	777	1.73e-125	451
1bc5310a9f78aa082542d611f3d9a66d	KU862038.1.1457	99.200	250	2	0	1	250	502	751	1.73e-125	451
1bc5310a9f78aa082542d611f3d9a66d	CP012202.34389.35925	99.200	250	2	0	1	250	528	777	1.73e-125	451
1bc5310a9f78aa082542d611f3d9a66d	MF615107.1.1200	99.200	250	2	0	1	250	483	732	1.73e-125	451
1bc5310a9f78aa082542d611f3d9a66d	KM820583.1.1497	99.200	250	2	0	1	250	520	769	1.73e-125	451
1bc5310a9f78aa082542d611f3d9a66d	CP012202.3752448.3753984	99.200	250	2	0	1	250	528	777	1.73e-125	451
1bc5310a9f78aa082542d611f3d9a66d	KM820492.1.1471	99.200	250	2	0	1	250	495	744	1.73e-125	451
1bc5310a9f78aa082542d611f3d9a66d	KM820462.1.1471	99.200	250	2	0	1	250	495	744	1.73e-125	451
1bc5310a9f78aa082542d611f3d9a66d	KM820442.1.1316	99.200	250	2	0	1	250	519	768	1.73e-125	451
1bc5310a9f78aa082542d611f3d9a66d	JX206666.1.1494	99.200	250	2	0	1	250	519	768	1.73e-125	451
1bc5310a9f78aa082542d611f3d9a66d	KF755911.1.1281	99.200	250	2	0	1	250	425	674	1.73e-125	451
1bc5310a9f78aa082542d611f3d9a66d	KT336081.1.1461	99.200	250	2	0	1	250	503	752	1.73e-125	451
1bc5310a9f78aa082542d611f3d9a66d	HQ687851.1.1224	99.200	250	2	0	1	250	518	767	1.73e-125	451
196266c2d8dae0a60bf0d1b9825796fb	HQ225342.1.1498	98.400	250	4	0	1	250	520	769	3.74e-122	440
196266c2d8dae0a60bf0d1b9825796fb	HQ225400.1.1494	98.000	250	5	0	1	250	517	766	1.74e-120	435
196266c2d8dae0a60bf0d1b9825796fb	KX177792.1.1497	97.600	250	6	0	1	250	517	766	8.10e-119	429
196266c2d8dae0a60bf0d1b9825796fb	HQ397070.1.1496	97.200	250	7	0	1	250	519	768	3.77e-117	424
196266c2d8dae0a60bf0d1b9825796fb	JFBK01000001.4585145.4586559	96.825	252	4	4	1	250	508	757	1.75e-115	418
196266c2d8dae0a60bf0d1b9825796fb	CP031967.1368163.1369698	96.825	252	4	4	1	250	527	776	1.75e-115	418
196266c2d8dae0a60bf0d1b9825796fb	JX441434.1.1466	96.825	252	4	4	1	250	491	740	1.75e-115	418
196266c2d8dae0a60bf0d1b9825796fb	MSEI01000003.568986.570515	96.825	252	4	4	1	250	521	770	1.75e-115	418
196266c2d8dae0a60bf0d1b9825796fb	CP025115.2874445.2875983	96.825	252	4	4	1	250	527	776	1.75e-115	418
196266c2d8dae0a60bf0d1b9825796fb	CP025115.3782881.3784419	96.825	252	4	4	1	250	527	776	1.75e-115	418
196266c2d8dae0a60bf0d1b9825796fb	CP025115.364898.366436	96.825	252	4	4	1	250	527	776	1.75e-115	418
196266c2d8dae0a60bf0d1b9825796fb	CP025115.32528.34066	96.825	252	4	4	1	250	527	776	1.75e-115	418
196266c2d8dae0a60bf0d1b9825796fb	CP025115.3605162.3606700	96.825	252	4	4	1	250	527	776	1.75e-115	418
196266c2d8dae0a60bf0d1b9825796fb	KC899212.1.1347	96.825	252	4	4	1	250	442	691	1.75e-115	418
196266c2d8dae0a60bf0d1b9825796fb	CP002339.1041968.1043501	96.825	252	4	4	1	250	525	774	1.75e-115	418
196266c2d8dae0a60bf0d1b9825796fb	CP018031.395263.396794	96.825	252	4	4	1	250	528	777	1.75e-115	418
196266c2d8dae0a60bf0d1b9825796fb	CP018031.35332.36933	96.825	252	4	4	1	250	528	777	1.75e-115	418
196266c2d8dae0a60bf0d1b9825796fb	CP002339.45103.46637	96.825	252	4	4	1	250	525	774	1.75e-115	418
196266c2d8dae0a60bf0d1b9825796fb	CP002339.4220268.4221800	96.825	252	4	4	1	250	524	773	1.75e-115	418
196266c2d8dae0a60bf0d1b9825796fb	GU108538.1.1406	96.825	252	4	4	1	250	475	724	1.75e-115	418
196266c2d8dae0a60bf0d1b9825796fb	CP002339.192098.193631	96.825	252	4	4	1	250	525	774	1.75e-115	418
196266c2d8dae0a60bf0d1b9825796fb	CP018031.3634817.3636348	96.825	252	4	4	1	250	528	777	1.75e-115	418
196266c2d8dae0a60bf0d1b9825796fb	CP002339.34740.36273	96.825	252	4	4	1	250	525	774	1.75e-115	418
196266c2d8dae0a60bf0d1b9825796fb	GU108561.1.1375	96.825	252	4	4	1	250	459	708	1.75e-115	418
196266c2d8dae0a60bf0d1b9825796fb	CP018031.3462333.3463864	96.825	252	4	4	1	250	528	777	1.75e-115	418
196266c2d8dae0a60bf0d1b9825796fb	CP018031.2752827.2754358	96.825	252	4	4	1	250	528	777	1.75e-115	418
196266c2d8dae0a60bf0d1b9825796fb	CP015345.1724616.1726155	96.825	252	4	4	1	250	528	777	1.75e-115	418
196266c2d8dae0a60bf0d1b9825796fb	CP015345.1082292.1083831	96.825	252	4	4	1	250	528	777	1.75e-115	418
196266c2d8dae0a60bf0d1b9825796fb	GQ984334.1.1496	96.825	252	4	4	1	250	521	770	1.75e-115	418
196266c2d8dae0a60bf0d1b9825796fb	CP015345.1092859.1094398	96.825	252	4	4	1	250	528	777	1.75e-115	418
196266c2d8dae0a60bf0d1b9825796fb	KM112085.1.1438	96.825	252	4	4	1	250	494	743	1.75e-115	418
196266c2d8dae0a60bf0d1b9825796fb	CP015346.661597.663135	96.825	252	4	4	1	250	527	776	1.75e-115	418
196266c2d8dae0a60bf0d1b9825796fb	CP015345.1876434.1877973	96.825	252	4	4	1	250	528	777	1.75e-115	418
196266c2d8dae0a60bf0d1b9825796fb	CP015345.2819562.2821101	96.825	252	4	4	1	250	528	777	1.75e-115	418
196266c2d8dae0a60bf0d1b9825796fb	CP015346.2358497.2360036	96.825	252	4	4	1	250	528	777	1.75e-115	418
196266c2d8dae0a60bf0d1b9825796fb	HG004185.1.1467	96.825	252	4	4	1	250	490	739	1.75e-115	418
196266c2d8dae0a60bf0d1b9825796fb	HG004174.1.1468	96.825	252	4	4	1	250	491	740	1.75e-115	418
196266c2d8dae0a60bf0d1b9825796fb	CP015346.1717582.1719121	96.825	252	4	4	1	250	528	777	1.75e-115	418
196266c2d8dae0a60bf0d1b9825796fb	CP015346.1566347.1567886	96.825	252	4	4	1	250	528	777	1.75e-115	418
196266c2d8dae0a60bf0d1b9825796fb	HQ161437.1.1495	96.825	252	4	4	1	250	520	769	1.75e-115	418
196266c2d8dae0a60bf0d1b9825796fb	HG004180.1.1468	96.825	252	4	4	1	250	491	740	1.75e-115	418
196266c2d8dae0a60bf0d1b9825796fb	CP015346.2348004.2349543	96.825	252	4	4	1	250	528	777	1.75e-115	418
196266c2d8dae0a60bf0d1b9825796fb	AF235107.1.1465	96.825	252	4	4	1	250	491	740	1.75e-115	418
196266c2d8dae0a60bf0d1b9825796fb	AY926460.1.1479	96.825	252	4	4	1	250	500	749	1.75e-115	418
196266c2d8dae0a60bf0d1b9825796fb	CP014322.4034141.4035677	96.825	252	4	4	1	250	528	777	1.75e-115	418
196266c2d8dae0a60bf0d1b9825796fb	CP014322.398553.400083	96.825	252	4	4	1	250	522	771	1.75e-115	418
196266c2d8dae0a60bf0d1b9825796fb	CP014322.3882990.3884526	96.825	252	4	4	1	250	528	777	1.75e-115	418
196266c2d8dae0a60bf0d1b9825796fb	CP014322.3060941.3062477	96.825	252	4	4	1	250	528	777	1.75e-115	418
196266c2d8dae0a60bf0d1b9825796fb	CP014322.33660.35196	96.825	252	4	4	1	250	528	777	1.75e-115	418
196266c2d8dae0a60bf0d1b9825796fb	CP013932.4112422.4113960	96.825	252	4	4	1	250	528	777	1.75e-115	418
