b59d4adb9caadfd5a721b91b5632defe	DQ868668.1.1349	96.000	250	10	0	1	250	429	678	3.79e-112	407
b59d4adb9caadfd5a721b91b5632defe	GU234954.1.1327	95.600	250	11	0	1	250	477	726	1.77e-110	401
b59d4adb9caadfd5a721b91b5632defe	JQ337902.1.1431	95.200	250	12	0	1	250	470	719	8.21e-109	396
b59d4adb9caadfd5a721b91b5632defe	JQ337876.1.1428	95.200	250	12	0	1	250	469	718	8.21e-109	396
b59d4adb9caadfd5a721b91b5632defe	AY771774.1.1429	95.200	250	12	0	1	250	454	703	8.21e-109	396
b59d4adb9caadfd5a721b91b5632defe	KY770519.1.1366	95.200	250	12	0	1	250	442	691	8.21e-109	396
b59d4adb9caadfd5a721b91b5632defe	KY770573.1.1375	95.200	250	12	0	1	250	449	698	8.21e-109	396
b59d4adb9caadfd5a721b91b5632defe	JF272189.1.1425	94.800	250	13	0	1	250	469	718	3.82e-107	390
b59d4adb9caadfd5a721b91b5632defe	JN825345.1.1442	94.800	250	13	0	1	250	484	733	3.82e-107	390
b59d4adb9caadfd5a721b91b5632defe	FPLS01002271.21.1466	94.800	250	13	0	1	250	470	719	3.82e-107	390
b59d4adb9caadfd5a721b91b5632defe	KP862892.1.1488	94.800	250	13	0	1	250	532	781	3.82e-107	390
b59d4adb9caadfd5a721b91b5632defe	HQ218630.1.1428	94.800	250	13	0	1	250	470	719	3.82e-107	390
b59d4adb9caadfd5a721b91b5632defe	LN568085.1.1302	94.821	251	12	1	1	250	449	699	3.82e-107	390
b59d4adb9caadfd5a721b91b5632defe	MF948948.1.1373	94.800	250	13	0	1	250	444	693	3.82e-107	390
b59d4adb9caadfd5a721b91b5632defe	AM399030.1.1380	94.800	250	13	0	1	250	440	689	3.82e-107	390
b59d4adb9caadfd5a721b91b5632defe	JQ236834.1.1384	94.800	250	13	0	1	250	458	707	3.82e-107	390
b59d4adb9caadfd5a721b91b5632defe	FPLM01007880.13.1456	94.400	250	14	0	1	250	470	719	1.78e-105	385
b59d4adb9caadfd5a721b91b5632defe	DQ280370.1.1383	94.422	251	12	2	1	250	461	710	1.78e-105	385
b59d4adb9caadfd5a721b91b5632defe	FJ543071.1.1430	94.400	250	14	0	1	250	470	719	1.78e-105	385
b59d4adb9caadfd5a721b91b5632defe	KX177509.1.1427	94.400	250	14	0	1	250	469	718	1.78e-105	385
b59d4adb9caadfd5a721b91b5632defe	DQ486508.1.1360	94.400	250	14	0	1	250	441	690	1.78e-105	385
b59d4adb9caadfd5a721b91b5632defe	FPLP01005214.16.1458	94.400	250	14	0	1	250	470	719	1.78e-105	385
b59d4adb9caadfd5a721b91b5632defe	FJ516838.1.1482	94.400	250	14	0	1	250	523	772	1.78e-105	385
b59d4adb9caadfd5a721b91b5632defe	DQ232427.1.1267	94.400	250	14	0	1	250	435	684	1.78e-105	385
b59d4adb9caadfd5a721b91b5632defe	CU918960.1.1307	94.400	250	14	0	1	250	451	700	1.78e-105	385
b59d4adb9caadfd5a721b91b5632defe	CU919982.1.1307	94.400	250	14	0	1	250	451	700	1.78e-105	385
b59d4adb9caadfd5a721b91b5632defe	JN178205.1.1469	94.422	251	13	1	1	250	474	724	1.78e-105	385
b59d4adb9caadfd5a721b91b5632defe	EU287117.1.1428	94.400	250	14	0	1	250	470	719	1.78e-105	385
b59d4adb9caadfd5a721b91b5632defe	EU071538.1.1434	94.400	250	14	0	1	250	484	733	1.78e-105	385
b59d4adb9caadfd5a721b91b5632defe	HQ326354.1.1423	94.400	250	14	0	1	250	470	719	1.78e-105	385
b59d4adb9caadfd5a721b91b5632defe	HQ326349.1.1435	94.400	250	14	0	1	250	482	731	1.78e-105	385
b59d4adb9caadfd5a721b91b5632defe	AF234758.1.1463	94.400	250	14	0	1	250	470	719	1.78e-105	385
b59d4adb9caadfd5a721b91b5632defe	KJ808326.1.1434	94.400	250	14	0	1	250	470	719	1.78e-105	385
b59d4adb9caadfd5a721b91b5632defe	KU845482.1.1365	94.400	250	14	0	1	250	442	691	1.78e-105	385
b59d4adb9caadfd5a721b91b5632defe	AY914074.1.1420	94.400	250	14	0	1	250	450	699	1.78e-105	385
b59d4adb9caadfd5a721b91b5632defe	MH282460.1.1397	94.400	250	14	0	1	250	438	687	1.78e-105	385
b59d4adb9caadfd5a721b91b5632defe	KJ590559.1.1425	94.400	250	14	0	1	250	470	719	1.78e-105	385
b59d4adb9caadfd5a721b91b5632defe	KP797887.1.1416	94.400	250	14	0	1	250	463	712	1.78e-105	385
b59d4adb9caadfd5a721b91b5632defe	KP662553.1.1385	94.400	250	14	0	1	250	450	699	1.78e-105	385
b59d4adb9caadfd5a721b91b5632defe	GQ274289.1.1451	94.400	250	12	1	1	250	470	717	6.40e-105	383
b59d4adb9caadfd5a721b91b5632defe	DQ337586.1.1424	94.000	250	15	0	1	250	470	719	8.27e-104	379
b59d4adb9caadfd5a721b91b5632defe	CP031946.2621228.2622691	94.000	250	15	0	1	250	475	724	8.27e-104	379
b59d4adb9caadfd5a721b91b5632defe	CP031946.2853263.2854726	94.000	250	15	0	1	250	475	724	8.27e-104	379
b59d4adb9caadfd5a721b91b5632defe	FJ381982.1.1317	94.000	250	15	0	1	250	467	716	8.27e-104	379
b59d4adb9caadfd5a721b91b5632defe	D88526.1.1384	94.000	250	15	0	1	250	449	698	8.27e-104	379
b59d4adb9caadfd5a721b91b5632defe	CP031946.3551585.3553048	94.000	250	15	0	1	250	475	724	8.27e-104	379
b59d4adb9caadfd5a721b91b5632defe	KF786646.1.1318	94.000	250	15	0	1	250	470	719	8.27e-104	379
b59d4adb9caadfd5a721b91b5632defe	FJ542904.1.1430	94.000	250	15	0	1	250	470	719	8.27e-104	379
b59d4adb9caadfd5a721b91b5632defe	FPLP01006408.11.1452	94.000	250	15	0	1	250	469	718	8.27e-104	379
b59d4adb9caadfd5a721b91b5632defe	FPLM01001759.9.1452	94.000	250	15	0	1	250	470	719	8.27e-104	379
