bc895307a4cab9a8bd55b3a1193e81e5	HM630185.1.1434	98.800	250	3	0	1	250	468	717	8.04e-124	446
bc895307a4cab9a8bd55b3a1193e81e5	DQ393279.1.1453	94.000	250	15	0	1	250	472	721	8.27e-104	379
bc895307a4cab9a8bd55b3a1193e81e5	DQ393284.1.1452	94.000	250	15	0	1	250	472	721	8.27e-104	379
bc895307a4cab9a8bd55b3a1193e81e5	DQ393282.1.1453	94.000	250	15	0	1	250	472	721	8.27e-104	379
bc895307a4cab9a8bd55b3a1193e81e5	EF432315.1.1512	94.000	250	15	0	1	250	502	751	8.27e-104	379
bc895307a4cab9a8bd55b3a1193e81e5	X75044.1.1460	94.000	250	15	0	1	250	450	699	8.27e-104	379
bc895307a4cab9a8bd55b3a1193e81e5	CP013008.2462905.2464397	94.000	250	15	0	1	250	479	728	8.27e-104	379
bc895307a4cab9a8bd55b3a1193e81e5	CP013008.3361469.3362961	94.000	250	15	0	1	250	479	728	8.27e-104	379
bc895307a4cab9a8bd55b3a1193e81e5	AP011615.3508130.3509612	94.000	250	15	0	1	250	473	722	8.27e-104	379
bc895307a4cab9a8bd55b3a1193e81e5	AP011615.2583379.2584861	94.000	250	15	0	1	250	473	722	8.27e-104	379
bc895307a4cab9a8bd55b3a1193e81e5	JN831265.1.1482	94.000	250	15	0	1	250	472	721	8.27e-104	379
bc895307a4cab9a8bd55b3a1193e81e5	JN831264.1.1482	94.000	250	15	0	1	250	472	721	8.27e-104	379
bc895307a4cab9a8bd55b3a1193e81e5	JX002508.1.1320	93.625	251	15	1	1	250	450	700	3.85e-102	374
bc895307a4cab9a8bd55b3a1193e81e5	AB074508.1.1441	93.600	250	16	0	1	250	452	701	3.85e-102	374
bc895307a4cab9a8bd55b3a1193e81e5	JX002553.1.1313	93.200	250	17	0	1	250	453	702	1.79e-100	368
bc895307a4cab9a8bd55b3a1193e81e5	JX002580.1.1318	93.200	250	16	1	1	250	450	698	6.44e-100	366
bc895307a4cab9a8bd55b3a1193e81e5	GQ441243.1.1449	92.800	250	18	0	1	250	472	721	8.33e-99	363
bc895307a4cab9a8bd55b3a1193e81e5	AAVU01000008.771.2264	92.800	250	18	0	1	250	475	724	8.33e-99	363
bc895307a4cab9a8bd55b3a1193e81e5	DQ393285.1.1453	92.800	250	18	0	1	250	472	721	8.33e-99	363
bc895307a4cab9a8bd55b3a1193e81e5	GQ441272.1.1447	92.800	250	18	0	1	250	472	721	8.33e-99	363
bc895307a4cab9a8bd55b3a1193e81e5	DQ393283.1.1453	92.800	250	18	0	1	250	472	721	8.33e-99	363
bc895307a4cab9a8bd55b3a1193e81e5	CAFN01000042.17071.18547	92.800	250	18	0	1	250	472	721	8.33e-99	363
bc895307a4cab9a8bd55b3a1193e81e5	AAVU01000018.81300.82792	92.800	250	18	0	1	250	474	723	8.33e-99	363
bc895307a4cab9a8bd55b3a1193e81e5	GQ441264.1.1444	92.800	250	18	0	1	250	472	721	8.33e-99	363
bc895307a4cab9a8bd55b3a1193e81e5	DQ393280.1.1453	92.800	250	18	0	1	250	472	721	8.33e-99	363
bc895307a4cab9a8bd55b3a1193e81e5	GQ441306.1.1408	92.800	250	18	0	1	250	472	721	8.33e-99	363
bc895307a4cab9a8bd55b3a1193e81e5	CP028914.3359478.3360946	92.800	250	18	0	1	250	472	721	8.33e-99	363
bc895307a4cab9a8bd55b3a1193e81e5	GQ441300.1.1417	92.800	250	18	0	1	250	472	721	8.33e-99	363
bc895307a4cab9a8bd55b3a1193e81e5	JX002396.1.1320	92.800	250	18	0	1	250	451	700	8.33e-99	363
bc895307a4cab9a8bd55b3a1193e81e5	CP028914.4909406.4910874	92.800	250	18	0	1	250	472	721	8.33e-99	363
bc895307a4cab9a8bd55b3a1193e81e5	JX002464.1.1319	92.800	250	18	0	1	250	451	700	8.33e-99	363
bc895307a4cab9a8bd55b3a1193e81e5	JX002451.1.1321	92.800	250	18	0	1	250	452	701	8.33e-99	363
bc895307a4cab9a8bd55b3a1193e81e5	KY363516.1.1388	92.800	250	18	0	1	250	441	690	8.33e-99	363
bc895307a4cab9a8bd55b3a1193e81e5	FJ839360.1.1283	92.800	250	18	0	1	250	443	692	8.33e-99	363
bc895307a4cab9a8bd55b3a1193e81e5	FJ826624.1.1460	92.800	250	18	0	1	250	450	699	8.33e-99	363
bc895307a4cab9a8bd55b3a1193e81e5	FO818640.2305204.2306680	92.800	250	18	0	1	250	472	721	8.33e-99	363
bc895307a4cab9a8bd55b3a1193e81e5	FO818640.809473.810949	92.800	250	18	0	1	250	472	721	8.33e-99	363
bc895307a4cab9a8bd55b3a1193e81e5	KF840789.1.1401	92.800	250	18	0	1	250	446	695	8.33e-99	363
bc895307a4cab9a8bd55b3a1193e81e5	X70769.1.1462	92.800	250	18	0	1	250	452	701	8.33e-99	363
bc895307a4cab9a8bd55b3a1193e81e5	AJ000714.1.1451	92.800	250	18	0	1	250	456	705	8.33e-99	363
bc895307a4cab9a8bd55b3a1193e81e5	JX002549.1.1308	92.771	249	18	0	1	249	453	701	3.00e-98	361
bc895307a4cab9a8bd55b3a1193e81e5	JX002488.1.1322	92.400	250	19	0	1	250	451	700	3.88e-97	357
bc895307a4cab9a8bd55b3a1193e81e5	JX002510.1.1321	92.400	250	19	0	1	250	451	700	3.88e-97	357
bc895307a4cab9a8bd55b3a1193e81e5	JX002652.1.1291	92.430	251	18	1	1	250	453	703	3.88e-97	357
bc895307a4cab9a8bd55b3a1193e81e5	JX002623.1.1320	92.430	251	18	1	1	250	453	703	3.88e-97	357
bc895307a4cab9a8bd55b3a1193e81e5	JX002435.1.1321	92.400	250	19	0	1	250	453	702	3.88e-97	357
bc895307a4cab9a8bd55b3a1193e81e5	JQ013017.1.1326	92.032	251	19	1	1	250	451	701	1.80e-95	351
bc895307a4cab9a8bd55b3a1193e81e5	JX002465.1.1323	92.032	251	19	1	1	250	453	703	1.80e-95	351
bc895307a4cab9a8bd55b3a1193e81e5	DQ446127.1.1469	92.000	250	20	0	1	250	488	737	1.80e-95	351
bc895307a4cab9a8bd55b3a1193e81e5	MH178568.1.2014	92.000	250	20	0	1	250	472	721	1.80e-95	351
