c9ac2df74ac4bd355c04491f1c5f13f9	KX097346.1.1528	94.422	251	13	1	1	250	540	790	1.78e-105	385
c9ac2df74ac4bd355c04491f1c5f13f9	FJ516881.1.1523	94.024	251	13	2	1	250	537	786	8.27e-104	379
c9ac2df74ac4bd355c04491f1c5f13f9	KX213873.1.1405	93.625	251	14	2	1	250	513	762	3.85e-102	374
c9ac2df74ac4bd355c04491f1c5f13f9	KX173098.1.1482	93.625	251	14	2	1	250	520	769	3.85e-102	374
c9ac2df74ac4bd355c04491f1c5f13f9	KF786625.1.1417	93.625	251	14	2	1	250	538	787	3.85e-102	374
c9ac2df74ac4bd355c04491f1c5f13f9	EU881095.1.1524	92.829	251	16	2	1	250	542	791	8.33e-99	363
c9ac2df74ac4bd355c04491f1c5f13f9	EU236408.1.1422	92.800	250	18	0	1	250	489	738	8.33e-99	363
c9ac2df74ac4bd355c04491f1c5f13f9	JX504374.1.1559	92.430	251	18	1	1	250	541	791	1.08e-97	359
c9ac2df74ac4bd355c04491f1c5f13f9	HM798995.1.1372	92.400	250	19	0	1	250	396	645	3.88e-97	357
c9ac2df74ac4bd355c04491f1c5f13f9	KF616686.1.1485	92.460	252	16	3	1	250	520	770	3.88e-97	357
c9ac2df74ac4bd355c04491f1c5f13f9	EF208657.1.1525	92.000	250	20	0	1	250	541	790	1.80e-95	351
c9ac2df74ac4bd355c04491f1c5f13f9	JF809767.1.1419	92.000	250	20	0	1	250	539	788	1.80e-95	351
c9ac2df74ac4bd355c04491f1c5f13f9	JN492228.1.1451	91.600	250	21	0	1	250	507	756	8.39e-94	346
c9ac2df74ac4bd355c04491f1c5f13f9	JX227283.1.1519	91.600	250	21	0	1	250	538	787	8.39e-94	346
c9ac2df74ac4bd355c04491f1c5f13f9	GU302459.1.1530	91.600	250	21	0	1	250	541	790	8.39e-94	346
c9ac2df74ac4bd355c04491f1c5f13f9	AY592637.1.1324	91.633	251	19	2	1	250	520	769	8.39e-94	346
c9ac2df74ac4bd355c04491f1c5f13f9	AY592106.1.1272	91.600	250	21	0	1	250	455	704	8.39e-94	346
c9ac2df74ac4bd355c04491f1c5f13f9	KF771576.1.1522	91.200	250	22	0	1	250	539	788	3.90e-92	340
c9ac2df74ac4bd355c04491f1c5f13f9	JQ978593.1.1523	91.235	251	21	1	1	250	537	787	3.90e-92	340
c9ac2df74ac4bd355c04491f1c5f13f9	EU135293.1.1362	91.235	251	20	2	1	250	519	768	3.90e-92	340
c9ac2df74ac4bd355c04491f1c5f13f9	AM997498.1.1517	91.165	249	22	0	2	250	539	787	1.40e-91	339
c9ac2df74ac4bd355c04491f1c5f13f9	KC010003.1.1510	90.400	250	24	0	1	250	539	788	8.45e-89	329
c9ac2df74ac4bd355c04491f1c5f13f9	DQ329787.1.1392	90.400	250	24	0	1	250	531	780	8.45e-89	329
c9ac2df74ac4bd355c04491f1c5f13f9	AB530246.1.1523	90.400	250	24	0	1	250	540	789	8.45e-89	329
c9ac2df74ac4bd355c04491f1c5f13f9	GQ246374.1.1522	90.000	250	25	0	1	250	540	789	3.93e-87	324
c9ac2df74ac4bd355c04491f1c5f13f9	KX172520.1.1484	90.000	250	25	0	1	250	521	770	3.93e-87	324
c9ac2df74ac4bd355c04491f1c5f13f9	JN467391.1.1423	90.000	250	25	0	1	250	502	751	3.93e-87	324
c9ac2df74ac4bd355c04491f1c5f13f9	GU118742.1.1477	90.000	250	24	1	1	250	513	761	1.41e-86	322
c9ac2df74ac4bd355c04491f1c5f13f9	CU927529.1.1383	90.535	243	21	2	1	242	519	760	5.09e-86	320
c9ac2df74ac4bd355c04491f1c5f13f9	FJ208813.1.1375	89.600	250	26	0	1	250	498	747	1.83e-85	318
c9ac2df74ac4bd355c04491f1c5f13f9	JN435526.1.1423	89.600	250	26	0	1	250	489	738	1.83e-85	318
c9ac2df74ac4bd355c04491f1c5f13f9	JQ801013.1.1525	89.600	250	26	0	1	250	539	788	1.83e-85	318
c9ac2df74ac4bd355c04491f1c5f13f9	KR086478.1.1541	89.558	249	26	0	2	250	555	803	1.83e-85	318
c9ac2df74ac4bd355c04491f1c5f13f9	FJ208831.1.1379	90.123	243	22	2	1	242	500	741	2.37e-84	315
c9ac2df74ac4bd355c04491f1c5f13f9	FJ208809.1.1380	90.123	243	22	2	1	242	500	741	2.37e-84	315
c9ac2df74ac4bd355c04491f1c5f13f9	KF786957.1.1417	89.200	250	27	0	1	250	538	787	8.51e-84	313
c9ac2df74ac4bd355c04491f1c5f13f9	KX177445.1.1507	88.618	246	25	3	6	250	530	773	1.10e-82	309
c9ac2df74ac4bd355c04491f1c5f13f9	HE650073.1.1483	89.712	243	23	2	1	242	518	759	1.10e-82	309
c9ac2df74ac4bd355c04491f1c5f13f9	JF514277.1.1523	88.800	250	28	0	1	250	538	787	3.96e-82	307
c9ac2df74ac4bd355c04491f1c5f13f9	KX504595.1.1517	88.845	251	26	2	1	250	534	783	3.96e-82	307
c9ac2df74ac4bd355c04491f1c5f13f9	JN535876.1.1306	88.933	253	22	6	1	250	346	595	3.96e-82	307
c9ac2df74ac4bd355c04491f1c5f13f9	KF616718.1.1486	88.800	250	28	0	1	250	521	770	3.96e-82	307
c9ac2df74ac4bd355c04491f1c5f13f9	JN505485.1.1444	88.889	252	24	4	1	250	490	739	3.96e-82	307
c9ac2df74ac4bd355c04491f1c5f13f9	JX227298.1.1519	88.845	251	26	2	1	250	536	785	3.96e-82	307
c9ac2df74ac4bd355c04491f1c5f13f9	KF616606.1.1485	88.800	250	28	0	1	250	521	770	3.96e-82	307
c9ac2df74ac4bd355c04491f1c5f13f9	JF776925.1.1478	88.800	250	28	0	1	250	514	763	3.96e-82	307
c9ac2df74ac4bd355c04491f1c5f13f9	HE650011.1.1382	88.845	251	27	1	1	250	519	769	3.96e-82	307
c9ac2df74ac4bd355c04491f1c5f13f9	HM798950.1.1494	88.400	250	29	0	1	250	514	763	1.84e-80	302
c9ac2df74ac4bd355c04491f1c5f13f9	FJ208841.1.1380	88.492	252	25	3	1	250	497	746	1.84e-80	302
c9ac2df74ac4bd355c04491f1c5f13f9	JF809791.1.1419	88.400	250	29	0	1	250	539	788	1.84e-80	302
