158b0924c8c1d9044a44ea92e0552b33	KF179654.1.1411	100.000	250	0	0	1	250	452	701	7.99e-129	462
158b0924c8c1d9044a44ea92e0552b33	DQ889938.1.1442	95.635	252	4	7	1	250	471	717	1.77e-110	401
158b0924c8c1d9044a44ea92e0552b33	AB600404.1.1330	91.600	250	21	0	1	250	472	721	8.39e-94	346
158b0924c8c1d9044a44ea92e0552b33	LC215094.1.1454	91.235	251	18	4	2	250	476	724	1.40e-91	339
158b0924c8c1d9044a44ea92e0552b33	EU340177.1.1363	91.200	250	20	2	2	250	427	675	1.40e-91	339
158b0924c8c1d9044a44ea92e0552b33	AB862927.1.1351	91.235	251	18	4	2	250	434	682	1.40e-91	339
158b0924c8c1d9044a44ea92e0552b33	LC383431.1.1407	91.165	249	22	0	1	249	450	698	1.40e-91	339
158b0924c8c1d9044a44ea92e0552b33	MG762091.1.1368	91.165	249	22	0	1	249	432	680	1.40e-91	339
158b0924c8c1d9044a44ea92e0552b33	JN438345.1.1331	90.438	251	20	4	1	249	446	694	3.04e-88	327
158b0924c8c1d9044a44ea92e0552b33	JQ769617.1.1451	90.438	251	20	4	2	250	474	722	3.04e-88	327
158b0924c8c1d9044a44ea92e0552b33	LC275989.1.1406	90.040	251	21	4	2	250	457	705	1.41e-86	322
158b0924c8c1d9044a44ea92e0552b33	LC276030.1.1414	90.040	251	21	4	2	250	457	705	1.41e-86	322
158b0924c8c1d9044a44ea92e0552b33	JN450795.1.1348	90.040	251	21	4	2	250	439	687	1.41e-86	322
158b0924c8c1d9044a44ea92e0552b33	JN458442.1.1362	90.040	251	21	4	2	250	431	679	1.41e-86	322
158b0924c8c1d9044a44ea92e0552b33	JN438914.1.1405	90.040	251	21	4	2	250	453	701	1.41e-86	322
158b0924c8c1d9044a44ea92e0552b33	JN439763.1.1324	90.040	251	21	4	2	250	433	681	1.41e-86	322
158b0924c8c1d9044a44ea92e0552b33	MF348314.1.2040	90.040	251	21	4	2	250	505	753	1.41e-86	322
158b0924c8c1d9044a44ea92e0552b33	JQ979031.1.1259	89.683	252	22	4	1	250	281	530	1.83e-85	318
158b0924c8c1d9044a44ea92e0552b33	JN534995.1.1387	89.641	251	22	4	2	250	455	703	6.58e-85	316
158b0924c8c1d9044a44ea92e0552b33	JN522111.1.1270	89.641	251	22	4	2	250	457	705	6.58e-85	316
158b0924c8c1d9044a44ea92e0552b33	JN463513.1.1339	89.641	251	22	4	2	250	440	688	6.58e-85	316
158b0924c8c1d9044a44ea92e0552b33	JN463338.1.1350	89.641	251	22	4	2	250	431	679	6.58e-85	316
158b0924c8c1d9044a44ea92e0552b33	JN470791.1.1392	89.641	251	22	4	2	250	443	691	6.58e-85	316
158b0924c8c1d9044a44ea92e0552b33	JN458392.1.1258	89.641	251	22	4	2	250	436	684	6.58e-85	316
158b0924c8c1d9044a44ea92e0552b33	JN469500.1.1321	89.641	251	22	4	2	250	423	671	6.58e-85	316
158b0924c8c1d9044a44ea92e0552b33	JN459198.1.1265	89.641	251	22	4	2	250	305	553	6.58e-85	316
158b0924c8c1d9044a44ea92e0552b33	JN454676.1.1375	89.641	251	22	4	2	250	453	701	6.58e-85	316
158b0924c8c1d9044a44ea92e0552b33	JN453542.1.1321	89.641	251	22	4	2	250	401	649	6.58e-85	316
158b0924c8c1d9044a44ea92e0552b33	JN523390.1.1220	89.641	251	22	4	2	250	392	640	6.58e-85	316
158b0924c8c1d9044a44ea92e0552b33	JN435979.1.1331	89.641	251	22	4	2	250	409	657	6.58e-85	316
158b0924c8c1d9044a44ea92e0552b33	JN451814.1.1379	89.641	251	22	4	2	250	451	699	6.58e-85	316
158b0924c8c1d9044a44ea92e0552b33	JN490045.1.1234	89.641	251	22	4	2	250	420	668	6.58e-85	316
158b0924c8c1d9044a44ea92e0552b33	JN432588.1.1407	89.641	251	22	4	2	250	457	705	6.58e-85	316
158b0924c8c1d9044a44ea92e0552b33	JN432123.1.1377	89.641	251	22	4	2	250	454	702	6.58e-85	316
158b0924c8c1d9044a44ea92e0552b33	JN430394.1.1389	89.641	251	22	4	2	250	458	706	6.58e-85	316
158b0924c8c1d9044a44ea92e0552b33	JN489908.1.1364	89.641	251	22	4	2	250	463	711	6.58e-85	316
158b0924c8c1d9044a44ea92e0552b33	JF158246.1.1312	89.641	251	22	4	2	250	457	705	6.58e-85	316
158b0924c8c1d9044a44ea92e0552b33	JN469901.1.1305	89.641	251	22	4	2	250	374	622	6.58e-85	316
158b0924c8c1d9044a44ea92e0552b33	JN429033.1.1325	89.641	251	22	4	2	250	432	680	6.58e-85	316
158b0924c8c1d9044a44ea92e0552b33	JN457769.1.1326	89.641	251	22	4	2	250	401	649	6.58e-85	316
158b0924c8c1d9044a44ea92e0552b33	JN442727.1.1382	89.641	251	22	4	2	250	453	701	6.58e-85	316
158b0924c8c1d9044a44ea92e0552b33	JN450404.1.1382	89.641	251	22	4	2	250	466	714	6.58e-85	316
158b0924c8c1d9044a44ea92e0552b33	JN464757.1.1338	89.641	251	22	4	2	250	428	676	6.58e-85	316
158b0924c8c1d9044a44ea92e0552b33	JN439644.1.1294	89.641	251	22	4	2	250	342	590	6.58e-85	316
158b0924c8c1d9044a44ea92e0552b33	JN471842.1.1397	89.641	251	22	4	2	250	443	691	6.58e-85	316
158b0924c8c1d9044a44ea92e0552b33	JN451907.1.1298	89.641	251	22	4	2	250	407	655	6.58e-85	316
158b0924c8c1d9044a44ea92e0552b33	JN458215.1.1372	89.641	251	22	4	2	250	436	684	6.58e-85	316
158b0924c8c1d9044a44ea92e0552b33	JN431384.1.1411	89.641	251	22	4	2	250	460	708	6.58e-85	316
158b0924c8c1d9044a44ea92e0552b33	JN456216.1.1247	89.641	251	22	4	2	250	431	679	6.58e-85	316
158b0924c8c1d9044a44ea92e0552b33	JN434718.1.1219	89.641	251	22	4	2	250	317	565	6.58e-85	316
bc895307a4cab9a8bd55b3a1193e81e5	HM630185.1.1434	98.800	250	3	0	1	250	468	717	8.04e-124	446
bc895307a4cab9a8bd55b3a1193e81e5	DQ393279.1.1453	94.000	250	15	0	1	250	472	721	8.27e-104	379
bc895307a4cab9a8bd55b3a1193e81e5	DQ393284.1.1452	94.000	250	15	0	1	250	472	721	8.27e-104	379
bc895307a4cab9a8bd55b3a1193e81e5	DQ393282.1.1453	94.000	250	15	0	1	250	472	721	8.27e-104	379
bc895307a4cab9a8bd55b3a1193e81e5	EF432315.1.1512	94.000	250	15	0	1	250	502	751	8.27e-104	379
bc895307a4cab9a8bd55b3a1193e81e5	X75044.1.1460	94.000	250	15	0	1	250	450	699	8.27e-104	379
bc895307a4cab9a8bd55b3a1193e81e5	CP013008.2462905.2464397	94.000	250	15	0	1	250	479	728	8.27e-104	379
bc895307a4cab9a8bd55b3a1193e81e5	CP013008.3361469.3362961	94.000	250	15	0	1	250	479	728	8.27e-104	379
bc895307a4cab9a8bd55b3a1193e81e5	AP011615.3508130.3509612	94.000	250	15	0	1	250	473	722	8.27e-104	379
bc895307a4cab9a8bd55b3a1193e81e5	AP011615.2583379.2584861	94.000	250	15	0	1	250	473	722	8.27e-104	379
bc895307a4cab9a8bd55b3a1193e81e5	JN831265.1.1482	94.000	250	15	0	1	250	472	721	8.27e-104	379
bc895307a4cab9a8bd55b3a1193e81e5	JN831264.1.1482	94.000	250	15	0	1	250	472	721	8.27e-104	379
bc895307a4cab9a8bd55b3a1193e81e5	JX002508.1.1320	93.625	251	15	1	1	250	450	700	3.85e-102	374
bc895307a4cab9a8bd55b3a1193e81e5	AB074508.1.1441	93.600	250	16	0	1	250	452	701	3.85e-102	374
bc895307a4cab9a8bd55b3a1193e81e5	JX002553.1.1313	93.200	250	17	0	1	250	453	702	1.79e-100	368
bc895307a4cab9a8bd55b3a1193e81e5	JX002580.1.1318	93.200	250	16	1	1	250	450	698	6.44e-100	366
bc895307a4cab9a8bd55b3a1193e81e5	GQ441243.1.1449	92.800	250	18	0	1	250	472	721	8.33e-99	363
bc895307a4cab9a8bd55b3a1193e81e5	AAVU01000008.771.2264	92.800	250	18	0	1	250	475	724	8.33e-99	363
bc895307a4cab9a8bd55b3a1193e81e5	DQ393285.1.1453	92.800	250	18	0	1	250	472	721	8.33e-99	363
bc895307a4cab9a8bd55b3a1193e81e5	GQ441272.1.1447	92.800	250	18	0	1	250	472	721	8.33e-99	363
bc895307a4cab9a8bd55b3a1193e81e5	DQ393283.1.1453	92.800	250	18	0	1	250	472	721	8.33e-99	363
bc895307a4cab9a8bd55b3a1193e81e5	CAFN01000042.17071.18547	92.800	250	18	0	1	250	472	721	8.33e-99	363
bc895307a4cab9a8bd55b3a1193e81e5	AAVU01000018.81300.82792	92.800	250	18	0	1	250	474	723	8.33e-99	363
bc895307a4cab9a8bd55b3a1193e81e5	GQ441264.1.1444	92.800	250	18	0	1	250	472	721	8.33e-99	363
bc895307a4cab9a8bd55b3a1193e81e5	DQ393280.1.1453	92.800	250	18	0	1	250	472	721	8.33e-99	363
bc895307a4cab9a8bd55b3a1193e81e5	GQ441306.1.1408	92.800	250	18	0	1	250	472	721	8.33e-99	363
bc895307a4cab9a8bd55b3a1193e81e5	CP028914.3359478.3360946	92.800	250	18	0	1	250	472	721	8.33e-99	363
bc895307a4cab9a8bd55b3a1193e81e5	GQ441300.1.1417	92.800	250	18	0	1	250	472	721	8.33e-99	363
bc895307a4cab9a8bd55b3a1193e81e5	JX002396.1.1320	92.800	250	18	0	1	250	451	700	8.33e-99	363
bc895307a4cab9a8bd55b3a1193e81e5	CP028914.4909406.4910874	92.800	250	18	0	1	250	472	721	8.33e-99	363
bc895307a4cab9a8bd55b3a1193e81e5	JX002464.1.1319	92.800	250	18	0	1	250	451	700	8.33e-99	363
bc895307a4cab9a8bd55b3a1193e81e5	JX002451.1.1321	92.800	250	18	0	1	250	452	701	8.33e-99	363
bc895307a4cab9a8bd55b3a1193e81e5	KY363516.1.1388	92.800	250	18	0	1	250	441	690	8.33e-99	363
bc895307a4cab9a8bd55b3a1193e81e5	FJ839360.1.1283	92.800	250	18	0	1	250	443	692	8.33e-99	363
bc895307a4cab9a8bd55b3a1193e81e5	FJ826624.1.1460	92.800	250	18	0	1	250	450	699	8.33e-99	363
bc895307a4cab9a8bd55b3a1193e81e5	FO818640.2305204.2306680	92.800	250	18	0	1	250	472	721	8.33e-99	363
bc895307a4cab9a8bd55b3a1193e81e5	FO818640.809473.810949	92.800	250	18	0	1	250	472	721	8.33e-99	363
bc895307a4cab9a8bd55b3a1193e81e5	KF840789.1.1401	92.800	250	18	0	1	250	446	695	8.33e-99	363
bc895307a4cab9a8bd55b3a1193e81e5	X70769.1.1462	92.800	250	18	0	1	250	452	701	8.33e-99	363
bc895307a4cab9a8bd55b3a1193e81e5	AJ000714.1.1451	92.800	250	18	0	1	250	456	705	8.33e-99	363
bc895307a4cab9a8bd55b3a1193e81e5	JX002549.1.1308	92.771	249	18	0	1	249	453	701	3.00e-98	361
bc895307a4cab9a8bd55b3a1193e81e5	JX002488.1.1322	92.400	250	19	0	1	250	451	700	3.88e-97	357
bc895307a4cab9a8bd55b3a1193e81e5	JX002510.1.1321	92.400	250	19	0	1	250	451	700	3.88e-97	357
bc895307a4cab9a8bd55b3a1193e81e5	JX002652.1.1291	92.430	251	18	1	1	250	453	703	3.88e-97	357
bc895307a4cab9a8bd55b3a1193e81e5	JX002623.1.1320	92.430	251	18	1	1	250	453	703	3.88e-97	357
bc895307a4cab9a8bd55b3a1193e81e5	JX002435.1.1321	92.400	250	19	0	1	250	453	702	3.88e-97	357
bc895307a4cab9a8bd55b3a1193e81e5	JQ013017.1.1326	92.032	251	19	1	1	250	451	701	1.80e-95	351
bc895307a4cab9a8bd55b3a1193e81e5	JX002465.1.1323	92.032	251	19	1	1	250	453	703	1.80e-95	351
bc895307a4cab9a8bd55b3a1193e81e5	DQ446127.1.1469	92.000	250	20	0	1	250	488	737	1.80e-95	351
bc895307a4cab9a8bd55b3a1193e81e5	MH178568.1.2014	92.000	250	20	0	1	250	472	721	1.80e-95	351
8c13b795434194774ab996629515ca6f	KT952724.1.1452	99.600	250	1	0	1	250	469	718	3.72e-127	457
8c13b795434194774ab996629515ca6f	MF383373.1.1479	99.200	250	2	0	1	250	469	718	1.73e-125	451
8c13b795434194774ab996629515ca6f	CP003549.6605007.6606372	98.800	250	3	0	1	250	458	707	8.04e-124	446
8c13b795434194774ab996629515ca6f	CP003549.6598479.6599844	98.800	250	3	0	1	250	458	707	8.04e-124	446
8c13b795434194774ab996629515ca6f	CP003549.8136367.8137732	98.800	250	3	0	1	250	458	707	8.04e-124	446
8c13b795434194774ab996629515ca6f	KT936572.1.1436	98.800	250	3	0	1	250	421	670	8.04e-124	446
8c13b795434194774ab996629515ca6f	KT936570.1.1485	98.800	250	3	0	1	250	469	718	8.04e-124	446
8c13b795434194774ab996629515ca6f	AM230677.1.1465	98.800	250	3	0	1	250	454	703	8.04e-124	446
8c13b795434194774ab996629515ca6f	FJ660994.1.1947	98.800	250	3	0	1	250	436	685	8.04e-124	446
8c13b795434194774ab996629515ca6f	MF383375.1.1449	98.800	250	3	0	1	250	439	688	8.04e-124	446
8c13b795434194774ab996629515ca6f	FJ660993.1.1948	98.795	249	3	0	1	249	410	658	2.89e-123	444
8c13b795434194774ab996629515ca6f	HF678513.1.2077	98.400	250	4	0	1	250	464	713	3.74e-122	440
8c13b795434194774ab996629515ca6f	AP018227.714508.715991	98.400	250	4	0	1	250	473	722	3.74e-122	440
8c13b795434194774ab996629515ca6f	AP018227.708378.709861	98.400	250	4	0	1	250	473	722	3.74e-122	440
8c13b795434194774ab996629515ca6f	AP018227.8343016.8344499	98.400	250	4	0	1	250	473	722	3.74e-122	440
8c13b795434194774ab996629515ca6f	KT936560.1.1434	98.400	250	4	0	1	250	417	666	3.74e-122	440
8c13b795434194774ab996629515ca6f	AM230670.1.1444	98.400	250	4	0	1	250	455	704	3.74e-122	440
8c13b795434194774ab996629515ca6f	GQ441198.1.1446	98.000	250	5	0	1	250	469	718	1.74e-120	435
8c13b795434194774ab996629515ca6f	KT936563.1.1488	98.000	250	5	0	1	250	470	719	1.74e-120	435
8c13b795434194774ab996629515ca6f	AM230665.1.1420	97.600	250	6	0	1	250	431	680	2.25e-119	431
8c13b795434194774ab996629515ca6f	KT936564.1.1434	97.600	250	6	0	1	250	416	665	8.10e-119	429
8c13b795434194774ab996629515ca6f	KC989702.1.1354	97.600	250	6	0	1	250	469	718	8.10e-119	429
8c13b795434194774ab996629515ca6f	AM230675.1.1435	97.200	250	7	0	1	250	455	704	3.77e-117	424
8c13b795434194774ab996629515ca6f	AM230667.1.1393	98.340	241	4	0	10	250	425	665	3.77e-117	424
8c13b795434194774ab996629515ca6f	AM230666.1.1405	96.800	250	8	0	1	250	428	677	4.87e-116	420
8c13b795434194774ab996629515ca6f	JN825310.1.1445	96.800	250	8	0	1	250	466	715	1.75e-115	418
8c13b795434194774ab996629515ca6f	JQ515527.1.1481	96.813	251	7	1	1	250	482	732	1.75e-115	418
8c13b795434194774ab996629515ca6f	HQ419026.1.1221	96.800	250	8	0	1	250	372	621	1.75e-115	418
8c13b795434194774ab996629515ca6f	FJ660979.1.1863	96.800	250	8	0	1	250	383	632	1.75e-115	418
8c13b795434194774ab996629515ca6f	FJ660980.1.1891	96.800	250	8	0	1	250	425	674	1.75e-115	418
8c13b795434194774ab996629515ca6f	FJ660975.1.1852	96.800	250	8	0	1	250	383	632	1.75e-115	418
8c13b795434194774ab996629515ca6f	FJ660985.1.1926	96.800	250	8	0	1	250	449	698	1.75e-115	418
8c13b795434194774ab996629515ca6f	FJ660987.1.1879	96.800	250	8	0	1	250	409	658	1.75e-115	418
8c13b795434194774ab996629515ca6f	FJ660976.1.1936	96.800	250	8	0	1	250	467	716	1.75e-115	418
8c13b795434194774ab996629515ca6f	FJ660986.1.1794	96.800	250	8	0	1	250	348	597	1.75e-115	418
8c13b795434194774ab996629515ca6f	FJ660991.1.1866	96.800	250	8	0	1	250	396	645	1.75e-115	418
8c13b795434194774ab996629515ca6f	KU382130.1.1405	96.800	250	8	0	1	250	428	677	1.75e-115	418
8c13b795434194774ab996629515ca6f	HQ419028.1.1227	96.400	250	9	0	1	250	379	628	8.16e-114	412
8c13b795434194774ab996629515ca6f	HQ419024.1.1249	96.414	251	8	1	1	250	330	580	8.16e-114	412
8c13b795434194774ab996629515ca6f	KU951799.1.1243	96.400	250	9	0	1	250	380	629	8.16e-114	412
8c13b795434194774ab996629515ca6f	KT740998.1.1388	96.400	250	9	0	1	250	436	685	8.16e-114	412
8c13b795434194774ab996629515ca6f	AM230678.1.1429	95.600	250	11	0	1	250	455	704	8.16e-114	412
8c13b795434194774ab996629515ca6f	FJ661020.1.1861	96.032	252	8	2	1	250	408	659	1.06e-112	409
8c13b795434194774ab996629515ca6f	FN811239.1.1451	95.600	250	11	0	1	250	472	721	1.77e-110	401
8c13b795434194774ab996629515ca6f	AB630685.1.1412	95.600	250	11	0	1	250	452	701	1.77e-110	401
8c13b795434194774ab996629515ca6f	FJ660990.1.1904	95.600	250	11	0	1	250	414	663	1.77e-110	401
8c13b795434194774ab996629515ca6f	JN714978.1.1290	95.600	250	11	0	1	250	379	628	1.77e-110	401
8c13b795434194774ab996629515ca6f	AY742447.1.1464	95.200	250	12	0	1	250	464	713	8.21e-109	396
8c13b795434194774ab996629515ca6f	HM623782.1.1482	95.200	250	12	0	1	250	472	721	8.21e-109	396
8c13b795434194774ab996629515ca6f	HQ591533.1.1371	95.219	251	10	2	1	250	454	703	8.21e-109	396
8f886455a272e49ad6268994f16d5402	HF677152.1.1355	98.000	250	5	0	1	250	408	657	1.74e-120	435
8f886455a272e49ad6268994f16d5402	DQ786167.1.1459	97.600	250	6	0	1	250	449	698	8.10e-119	429
8f886455a272e49ad6268994f16d5402	KP793996.1.1369	97.200	250	7	0	1	250	390	639	3.77e-117	424
8f886455a272e49ad6268994f16d5402	HQ691895.1.1332	96.000	250	10	0	1	250	419	668	3.79e-112	407
8f886455a272e49ad6268994f16d5402	KU951867.1.1304	95.600	250	11	0	1	250	395	644	1.77e-110	401
8f886455a272e49ad6268994f16d5402	JN825338.1.1359	95.200	250	12	0	1	250	422	671	8.21e-109	396
8f886455a272e49ad6268994f16d5402	GQ243430.1.1414	95.219	251	10	2	1	250	455	704	8.21e-109	396
8f886455a272e49ad6268994f16d5402	KT740997.1.1382	94.800	250	13	0	1	250	438	687	3.82e-107	390
8f886455a272e49ad6268994f16d5402	KX818203.1.1317	94.800	250	13	0	1	250	358	607	3.82e-107	390
8f886455a272e49ad6268994f16d5402	AB058219.1.1256	94.800	250	13	0	1	250	367	616	3.82e-107	390
8f886455a272e49ad6268994f16d5402	AB058224.1.1259	94.800	250	13	0	1	250	370	619	3.82e-107	390
8f886455a272e49ad6268994f16d5402	BD061304.1.1253	94.800	250	13	0	1	250	369	618	3.82e-107	390
8f886455a272e49ad6268994f16d5402	KF261309.1.1296	94.800	250	12	1	1	249	391	640	1.37e-106	388
8f886455a272e49ad6268994f16d5402	JN502020.1.1378	94.400	250	14	0	1	250	420	669	1.78e-105	385
8f886455a272e49ad6268994f16d5402	KM019977.1.1460	94.400	250	14	0	1	250	451	700	1.78e-105	385
8f886455a272e49ad6268994f16d5402	KF180111.1.1412	94.422	251	10	4	2	250	454	702	6.40e-105	383
8f886455a272e49ad6268994f16d5402	KF179890.1.1414	94.071	253	10	5	2	250	454	705	8.27e-104	379
8f886455a272e49ad6268994f16d5402	GU117950.1.1413	94.024	251	14	1	1	250	452	702	8.27e-104	379
8f886455a272e49ad6268994f16d5402	JQ318885.1.1457	94.000	250	15	0	1	250	470	719	8.27e-104	379
8f886455a272e49ad6268994f16d5402	KT740999.1.1392	94.000	250	14	1	1	250	439	687	2.98e-103	377
8f886455a272e49ad6268994f16d5402	JF703676.1.1254	93.651	252	14	2	1	250	269	520	1.07e-102	375
8f886455a272e49ad6268994f16d5402	ALVV02000014.86761.88233	93.625	251	14	2	1	250	476	725	3.85e-102	374
8f886455a272e49ad6268994f16d5402	JX002399.1.1320	93.600	250	16	0	1	250	454	703	3.85e-102	374
8f886455a272e49ad6268994f16d5402	JX002596.1.1316	93.600	250	16	0	1	250	450	699	3.85e-102	374
8f886455a272e49ad6268994f16d5402	KU958135.1.1364	93.600	250	16	0	1	250	441	690	3.85e-102	374
8f886455a272e49ad6268994f16d5402	EU196366.1.1426	93.600	250	16	0	1	250	459	708	3.85e-102	374
8f886455a272e49ad6268994f16d5402	LN849928.1.1362	93.600	250	16	0	1	250	352	601	3.85e-102	374
8f886455a272e49ad6268994f16d5402	EU624415.1.1480	93.600	250	16	0	1	250	471	720	3.85e-102	374
8f886455a272e49ad6268994f16d5402	JQ801082.1.1454	93.600	250	15	1	1	250	474	722	1.38e-101	372
8f886455a272e49ad6268994f16d5402	KT731151.1.1416	93.574	249	16	0	2	250	455	703	1.38e-101	372
8f886455a272e49ad6268994f16d5402	KM350251.1.1373	93.574	249	16	0	2	250	458	706	1.38e-101	372
8f886455a272e49ad6268994f16d5402	FJ202670.1.1438	93.254	252	15	2	1	250	466	717	4.98e-101	370
8f886455a272e49ad6268994f16d5402	JN521158.1.1360	93.200	250	17	0	1	250	421	670	1.79e-100	368
8f886455a272e49ad6268994f16d5402	FJ612388.1.1452	93.200	250	17	0	1	250	476	725	1.79e-100	368
8f886455a272e49ad6268994f16d5402	FJ612347.1.1396	93.200	250	17	0	1	250	449	698	1.79e-100	368
8f886455a272e49ad6268994f16d5402	JN437851.1.1226	93.200	250	17	0	1	250	455	704	1.79e-100	368
8f886455a272e49ad6268994f16d5402	KF836181.1.1451	93.200	250	17	0	1	250	473	722	1.79e-100	368
8f886455a272e49ad6268994f16d5402	JN445693.1.1253	93.200	250	17	0	1	250	303	552	1.79e-100	368
8f886455a272e49ad6268994f16d5402	JN459375.1.1397	93.200	250	17	0	1	250	460	709	1.79e-100	368
8f886455a272e49ad6268994f16d5402	JN523275.1.1406	93.200	250	17	0	1	250	447	696	1.79e-100	368
8f886455a272e49ad6268994f16d5402	JN428607.1.1416	93.200	250	17	0	1	250	466	715	1.79e-100	368
8f886455a272e49ad6268994f16d5402	JN432786.1.1256	93.200	250	17	0	1	250	445	694	1.79e-100	368
8f886455a272e49ad6268994f16d5402	KU951758.1.1452	93.200	250	17	0	1	250	471	720	1.79e-100	368
8f886455a272e49ad6268994f16d5402	AB003168.1.1438	93.200	250	17	0	1	250	449	698	1.79e-100	368
8f886455a272e49ad6268994f16d5402	DQ058860.1.1454	93.173	249	17	0	2	250	475	723	6.44e-100	366
8f886455a272e49ad6268994f16d5402	JN825326.1.1303	93.200	250	15	2	2	250	424	672	6.44e-100	366
8f886455a272e49ad6268994f16d5402	JN448095.1.1380	93.173	249	17	0	1	249	434	682	6.44e-100	366
8f886455a272e49ad6268994f16d5402	KT731153.1.1418	93.173	249	17	0	2	250	457	705	6.44e-100	366
8f886455a272e49ad6268994f16d5402	KR758749.1.1359	93.200	250	15	2	2	250	424	672	6.44e-100	366
8f886455a272e49ad6268994f16d5402	JN523509.1.1261	92.800	250	18	0	1	250	362	611	2.32e-99	364
2f6e75ba2899ffa9091311824bbf3443	KY744814.1.1372	96.000	250	10	0	1	250	357	606	3.79e-112	407
2f6e75ba2899ffa9091311824bbf3443	JF344054.1.1449	92.000	250	20	0	1	250	471	720	1.80e-95	351
2f6e75ba2899ffa9091311824bbf3443	JX504367.1.1482	92.032	251	18	2	1	250	470	719	1.80e-95	351
2f6e75ba2899ffa9091311824bbf3443	KT952802.1.1454	92.032	251	18	2	1	250	469	718	1.80e-95	351
2f6e75ba2899ffa9091311824bbf3443	JQ801043.1.1456	92.000	250	20	0	1	250	475	724	1.80e-95	351
2f6e75ba2899ffa9091311824bbf3443	GQ370819.1.1463	92.000	250	18	2	2	250	478	726	6.49e-95	350
2f6e75ba2899ffa9091311824bbf3443	KC668952.1.1466	92.000	250	18	2	2	250	489	737	6.49e-95	350
2f6e75ba2899ffa9091311824bbf3443	CP000828.1409149.1410649	92.000	250	18	2	2	250	492	740	6.49e-95	350
2f6e75ba2899ffa9091311824bbf3443	CP000828.5636175.5637675	92.000	250	18	2	2	250	493	741	6.49e-95	350
2f6e75ba2899ffa9091311824bbf3443	AY163573.1.1466	92.000	250	18	2	2	250	489	737	6.49e-95	350
2f6e75ba2899ffa9091311824bbf3443	KM995822.1.1426	92.000	250	18	2	2	250	440	688	6.49e-95	350
2f6e75ba2899ffa9091311824bbf3443	LC190498.1.1427	92.000	250	18	2	2	250	468	716	6.49e-95	350
2f6e75ba2899ffa9091311824bbf3443	AB058298.1.1420	92.000	250	18	2	2	250	468	716	6.49e-95	350
2f6e75ba2899ffa9091311824bbf3443	JX504480.1.1484	91.633	251	19	2	1	250	470	719	2.33e-94	348
2f6e75ba2899ffa9091311824bbf3443	AF448079.1.1421	91.968	249	18	2	2	249	455	702	2.33e-94	348
2f6e75ba2899ffa9091311824bbf3443	ALVZ01000003.198.1565	91.633	251	19	2	1	250	460	709	8.39e-94	346
2f6e75ba2899ffa9091311824bbf3443	JX504263.1.1483	91.667	252	18	3	1	250	469	719	8.39e-94	346
2f6e75ba2899ffa9091311824bbf3443	AF132783.1.1408	91.633	251	19	2	1	250	451	700	8.39e-94	346
2f6e75ba2899ffa9091311824bbf3443	KM019977.1.1460	91.600	250	19	2	2	250	452	700	3.02e-93	344
2f6e75ba2899ffa9091311824bbf3443	JX504488.1.1485	91.270	252	19	3	1	250	470	720	1.09e-92	342
2f6e75ba2899ffa9091311824bbf3443	JX504371.1.1486	91.304	253	18	4	1	250	471	722	1.09e-92	342
2f6e75ba2899ffa9091311824bbf3443	EU196364.1.1464	91.532	248	21	0	2	249	472	719	1.09e-92	342
2f6e75ba2899ffa9091311824bbf3443	JX504499.1.1481	91.235	251	20	2	1	250	471	720	3.90e-92	340
2f6e75ba2899ffa9091311824bbf3443	KU243281.1.1271	91.235	251	20	2	1	250	396	645	3.90e-92	340
2f6e75ba2899ffa9091311824bbf3443	KY744806.1.1341	91.235	251	20	2	1	250	335	584	3.90e-92	340
2f6e75ba2899ffa9091311824bbf3443	KF836181.1.1451	91.200	250	20	2	2	250	474	722	1.40e-91	339
2f6e75ba2899ffa9091311824bbf3443	KF037535.1.1459	91.235	251	18	4	1	249	477	725	1.40e-91	339
2f6e75ba2899ffa9091311824bbf3443	KF037617.1.1457	91.235	251	18	4	1	249	475	723	1.40e-91	339
2f6e75ba2899ffa9091311824bbf3443	AB058224.1.1259	91.235	251	18	4	2	250	371	619	1.40e-91	339
2f6e75ba2899ffa9091311824bbf3443	JX504388.1.1487	90.837	251	21	2	1	250	472	721	5.05e-91	337
2f6e75ba2899ffa9091311824bbf3443	JN825323.1.1284	90.837	251	21	2	1	250	342	591	1.82e-90	335
2f6e75ba2899ffa9091311824bbf3443	DQ357948.1.1424	90.800	250	23	0	1	250	459	708	1.82e-90	335
2f6e75ba2899ffa9091311824bbf3443	DQ357965.1.1461	90.800	250	23	0	1	250	477	726	1.82e-90	335
2f6e75ba2899ffa9091311824bbf3443	DQ357963.1.1425	90.800	250	23	0	1	250	458	707	1.82e-90	335
2f6e75ba2899ffa9091311824bbf3443	DQ385852.1.1442	90.800	250	23	0	1	250	461	710	1.82e-90	335
2f6e75ba2899ffa9091311824bbf3443	JQ580190.1.1448	90.800	250	23	0	1	250	472	721	1.82e-90	335
2f6e75ba2899ffa9091311824bbf3443	GU118926.1.1409	90.837	251	21	2	1	250	449	698	1.82e-90	335
2f6e75ba2899ffa9091311824bbf3443	GU118094.1.1409	90.837	251	21	2	1	250	452	701	1.82e-90	335
2f6e75ba2899ffa9091311824bbf3443	AB723720.1.1355	90.800	250	23	0	1	250	441	690	1.82e-90	335
2f6e75ba2899ffa9091311824bbf3443	AP018281.1931833.1933317	90.945	254	15	8	1	250	476	725	1.82e-90	335
2f6e75ba2899ffa9091311824bbf3443	AP018281.4511530.4513014	90.945	254	15	8	1	250	476	725	1.82e-90	335
2f6e75ba2899ffa9091311824bbf3443	AP018281.4004452.4005936	90.945	254	15	8	1	250	476	725	1.82e-90	335
2f6e75ba2899ffa9091311824bbf3443	KT731151.1.1416	90.837	251	21	2	1	250	454	703	1.82e-90	335
2f6e75ba2899ffa9091311824bbf3443	AB602501.1.1445	90.873	252	19	4	1	250	472	721	1.82e-90	335
2f6e75ba2899ffa9091311824bbf3443	KM350251.1.1373	90.837	251	21	2	1	250	457	706	1.82e-90	335
2f6e75ba2899ffa9091311824bbf3443	FJ358910.1.1449	90.837	251	20	3	1	250	470	718	6.53e-90	333
2f6e75ba2899ffa9091311824bbf3443	JN825338.1.1359	90.800	250	21	2	2	250	423	671	6.53e-90	333
2f6e75ba2899ffa9091311824bbf3443	HQ691895.1.1332	90.763	249	23	0	2	250	420	668	6.53e-90	333
2f6e75ba2899ffa9091311824bbf3443	FM995185.1.1482	90.763	249	23	0	2	250	495	743	6.53e-90	333
2f6e75ba2899ffa9091311824bbf3443	HM748318.1.1449	90.726	248	23	0	2	249	475	722	2.35e-89	331
fd23d6b675f5d7b20e8bea372fd7cb5e	JX983982.1.1248	91.304	253	16	6	1	250	382	631	3.90e-92	340
fd23d6b675f5d7b20e8bea372fd7cb5e	JQ347490.1.1200	90.873	252	19	4	1	250	386	635	1.82e-90	335
fd23d6b675f5d7b20e8bea372fd7cb5e	GQ349422.1.1335	90.514	253	19	5	1	250	461	711	8.45e-89	329
fd23d6b675f5d7b20e8bea372fd7cb5e	JX105663.1.1350	89.370	254	19	8	1	250	477	726	8.51e-84	313
fd23d6b675f5d7b20e8bea372fd7cb5e	HQ386627.1.1266	87.698	252	27	4	1	250	448	697	3.99e-77	291
fd23d6b675f5d7b20e8bea372fd7cb5e	FJ425638.1.1460	87.747	253	23	8	1	249	482	730	1.43e-76	289
fd23d6b675f5d7b20e8bea372fd7cb5e	HQ386626.1.1355	87.302	252	28	4	1	250	452	701	1.86e-75	285
fd23d6b675f5d7b20e8bea372fd7cb5e	AF412981.1.1450	84.047	257	27	14	1	250	493	742	1.90e-60	235
fd23d6b675f5d7b20e8bea372fd7cb5e	AB498053.1.1421	84.047	257	27	14	1	250	476	725	1.90e-60	235
fd23d6b675f5d7b20e8bea372fd7cb5e	U16759.1.1425	84.190	253	27	13	1	246	498	744	6.82e-60	233
fd23d6b675f5d7b20e8bea372fd7cb5e	AF412978.1.1452	83.658	257	28	14	1	250	494	743	8.82e-59	230
fd23d6b675f5d7b20e8bea372fd7cb5e	HF559394.205892.207412	83.658	257	28	14	1	250	531	780	8.82e-59	230
fd23d6b675f5d7b20e8bea372fd7cb5e	JQ211944.1.1343	83.529	255	32	10	1	250	498	747	8.82e-59	230
fd23d6b675f5d7b20e8bea372fd7cb5e	HF559394.43579.45099	83.658	257	28	14	1	250	531	780	8.82e-59	230
fd23d6b675f5d7b20e8bea372fd7cb5e	HF559394.382142.383661	83.658	257	28	14	1	250	531	780	8.82e-59	230
fd23d6b675f5d7b20e8bea372fd7cb5e	AB680693.1.1436	83.658	257	28	14	1	250	501	750	8.82e-59	230
fd23d6b675f5d7b20e8bea372fd7cb5e	LS991951.827082.828576	83.658	257	28	14	1	250	521	770	8.82e-59	230
fd23d6b675f5d7b20e8bea372fd7cb5e	LS991951.164425.165919	83.658	257	28	14	1	250	521	770	8.82e-59	230
fd23d6b675f5d7b20e8bea372fd7cb5e	KX786693.1.1456	83.529	255	32	10	1	250	499	748	8.82e-59	230
fd23d6b675f5d7b20e8bea372fd7cb5e	AM182893.1.1459	83.594	256	30	12	1	250	495	744	8.82e-59	230
fd23d6b675f5d7b20e8bea372fd7cb5e	JX843737.1.1472	83.658	257	28	14	1	250	521	770	8.82e-59	230
fd23d6b675f5d7b20e8bea372fd7cb5e	AJFQ01000001.75217.76732	83.268	257	29	14	1	250	533	782	4.10e-57	224
fd23d6b675f5d7b20e8bea372fd7cb5e	CP011368.725329.726874	83.268	257	29	14	1	250	558	807	4.10e-57	224
fd23d6b675f5d7b20e8bea372fd7cb5e	CP024049.727931.729476	83.268	257	29	13	1	250	557	806	4.10e-57	224
fd23d6b675f5d7b20e8bea372fd7cb5e	CP011368.429609.431154	83.268	257	29	14	1	250	558	807	4.10e-57	224
fd23d6b675f5d7b20e8bea372fd7cb5e	CP024049.805196.806741	83.268	257	29	13	1	250	557	806	4.10e-57	224
fd23d6b675f5d7b20e8bea372fd7cb5e	CP024049.603185.604730	83.268	257	29	13	1	250	557	806	4.10e-57	224
fd23d6b675f5d7b20e8bea372fd7cb5e	CP011368.75956.77501	83.268	257	29	14	1	250	558	807	4.10e-57	224
fd23d6b675f5d7b20e8bea372fd7cb5e	AF412972.1.1452	83.268	257	29	14	1	250	494	743	4.10e-57	224
fd23d6b675f5d7b20e8bea372fd7cb5e	AF340023.1.1445	83.268	257	29	14	1	250	497	746	4.10e-57	224
fd23d6b675f5d7b20e8bea372fd7cb5e	CP014281.689522.691067	83.268	257	29	14	1	250	558	807	4.10e-57	224
fd23d6b675f5d7b20e8bea372fd7cb5e	CP014281.49071.50616	83.268	257	29	14	1	250	558	807	4.10e-57	224
fd23d6b675f5d7b20e8bea372fd7cb5e	AP018135.368277.369790	83.268	257	29	13	1	250	532	781	4.10e-57	224
fd23d6b675f5d7b20e8bea372fd7cb5e	CP014281.405834.407379	83.268	257	29	14	1	250	558	807	4.10e-57	224
fd23d6b675f5d7b20e8bea372fd7cb5e	AP018135.102625.104139	83.268	257	29	13	1	250	532	781	4.10e-57	224
fd23d6b675f5d7b20e8bea372fd7cb5e	AP018135.868308.869822	83.268	257	29	13	1	250	532	781	4.10e-57	224
fd23d6b675f5d7b20e8bea372fd7cb5e	AB680678.1.1434	83.268	257	29	14	1	250	502	751	4.10e-57	224
fd23d6b675f5d7b20e8bea372fd7cb5e	AB680687.1.1434	83.268	257	29	13	1	250	501	750	4.10e-57	224
fd23d6b675f5d7b20e8bea372fd7cb5e	LS991951.232605.234099	83.268	257	29	14	1	250	521	770	4.10e-57	224
fd23d6b675f5d7b20e8bea372fd7cb5e	FM878042.1.1458	83.203	256	31	12	1	250	494	743	4.10e-57	224
fd23d6b675f5d7b20e8bea372fd7cb5e	L08054.1.1467	83.268	257	29	13	1	250	518	767	4.10e-57	224
fd23d6b675f5d7b20e8bea372fd7cb5e	U44766.1.1452	83.268	257	29	13	1	250	493	742	4.10e-57	224
fd23d6b675f5d7b20e8bea372fd7cb5e	U09787.1.1433	83.399	253	29	13	1	246	499	745	1.48e-56	222
fd23d6b675f5d7b20e8bea372fd7cb5e	M24581.1.1487	82.879	257	30	14	1	250	557	806	1.48e-56	222
fd23d6b675f5d7b20e8bea372fd7cb5e	U67943.1.1456	83.137	255	32	11	1	249	492	741	1.48e-56	222
fd23d6b675f5d7b20e8bea372fd7cb5e	AF538682.1.1499	83.203	256	30	13	1	250	522	770	1.48e-56	222
fd23d6b675f5d7b20e8bea372fd7cb5e	DQ808348.1.1391	83.265	245	36	5	8	250	523	764	5.31e-56	220
fd23d6b675f5d7b20e8bea372fd7cb5e	AF412986.1.1448	82.812	256	32	11	1	250	492	741	5.31e-56	220
fd23d6b675f5d7b20e8bea372fd7cb5e	DQ807638.1.1392	82.996	247	37	5	6	250	523	766	1.91e-55	219
fd23d6b675f5d7b20e8bea372fd7cb5e	CP007521.595665.597217	82.812	256	32	12	1	250	556	805	1.91e-55	219
