1cb61e2119df5aee697c66ca02360390	AM746475.1.1368	100.000	250	0	0	1	250	486	735	7.99e-129	462
1cb61e2119df5aee697c66ca02360390	JQ687106.1.1429	100.000	250	0	0	1	250	501	750	7.99e-129	462
1cb61e2119df5aee697c66ca02360390	FJ203195.1.1441	99.600	250	1	0	1	250	499	748	3.72e-127	457
1cb61e2119df5aee697c66ca02360390	AM259890.1.1460	99.200	250	2	0	1	250	518	767	1.73e-125	451
1cb61e2119df5aee697c66ca02360390	JQ347319.1.1200	99.200	250	2	0	1	250	391	640	1.73e-125	451
1cb61e2119df5aee697c66ca02360390	HQ638981.1.1441	99.200	250	2	0	1	250	498	747	1.73e-125	451
1cb61e2119df5aee697c66ca02360390	AB540005.1.1369	98.400	250	4	0	1	250	468	717	3.74e-122	440
1cb61e2119df5aee697c66ca02360390	JN531158.1.1381	97.600	250	6	0	1	250	482	731	8.10e-119	429
1cb61e2119df5aee697c66ca02360390	JN881629.1.1482	97.200	250	7	0	1	250	519	768	3.77e-117	424
1cb61e2119df5aee697c66ca02360390	EU236411.1.1365	96.400	250	9	0	1	250	464	713	8.16e-114	412
1cb61e2119df5aee697c66ca02360390	DQ917821.1.1495	96.386	249	8	1	3	250	519	767	1.06e-112	409
1cb61e2119df5aee697c66ca02360390	JN442648.1.1428	95.200	250	12	0	1	250	503	752	8.21e-109	396
1cb61e2119df5aee697c66ca02360390	AM259826.1.1478	95.200	250	12	0	1	250	517	766	8.21e-109	396
1cb61e2119df5aee697c66ca02360390	KX172709.1.1441	94.800	250	13	0	1	250	498	747	3.82e-107	390
1cb61e2119df5aee697c66ca02360390	HE803940.1.1441	94.800	250	13	0	1	250	498	747	3.82e-107	390
1cb61e2119df5aee697c66ca02360390	JN825419.1.1476	94.400	250	14	0	1	250	514	763	1.78e-105	385
1cb61e2119df5aee697c66ca02360390	JQ579755.1.1477	94.000	250	15	0	1	250	518	767	8.27e-104	379
1cb61e2119df5aee697c66ca02360390	AM997904.1.1479	94.000	250	15	0	1	250	520	769	8.27e-104	379
1cb61e2119df5aee697c66ca02360390	EU050911.1.1396	94.000	250	15	0	1	250	499	748	8.27e-104	379
1cb61e2119df5aee697c66ca02360390	KJ590626.1.1482	94.000	250	15	0	1	250	520	769	8.27e-104	379
1cb61e2119df5aee697c66ca02360390	KX177382.1.1482	94.000	250	12	3	1	250	520	766	1.07e-102	375
1cb61e2119df5aee697c66ca02360390	JN522848.1.1354	92.800	250	18	0	1	250	435	684	8.33e-99	363
1cb61e2119df5aee697c66ca02360390	JQ862036.1.1482	92.800	250	18	0	1	250	520	769	8.33e-99	363
1cb61e2119df5aee697c66ca02360390	JQ716266.1.1485	92.829	251	17	1	1	250	518	768	8.33e-99	363
1cb61e2119df5aee697c66ca02360390	JQ515508.1.1507	92.460	252	17	2	1	250	527	778	1.08e-97	359
1cb61e2119df5aee697c66ca02360390	JN432482.1.1424	92.400	250	19	0	1	250	478	727	3.88e-97	357
1cb61e2119df5aee697c66ca02360390	FUWD013350594.11552.13051	92.000	250	20	0	1	250	518	767	1.80e-95	351
1cb61e2119df5aee697c66ca02360390	AB681024.1.1444	92.000	250	20	0	1	250	498	747	1.80e-95	351
1cb61e2119df5aee697c66ca02360390	AB078079.1.1474	92.000	250	20	0	1	250	498	747	1.80e-95	351
1cb61e2119df5aee697c66ca02360390	M58792.1.1473	91.600	250	21	0	1	250	531	780	2.33e-94	348
1cb61e2119df5aee697c66ca02360390	AY258124.1.1420	91.600	250	21	0	1	250	487	736	8.39e-94	346
1cb61e2119df5aee697c66ca02360390	JQ800804.1.1481	91.200	250	22	0	1	250	516	765	3.90e-92	340
1cb61e2119df5aee697c66ca02360390	JQ800680.1.1483	91.200	250	22	0	1	250	518	767	3.90e-92	340
1cb61e2119df5aee697c66ca02360390	KU563147.1.1441	91.200	250	22	0	1	250	498	747	3.90e-92	340
1cb61e2119df5aee697c66ca02360390	DQ080996.1.1387	90.800	250	23	0	1	250	463	712	1.82e-90	335
1cb61e2119df5aee697c66ca02360390	DQ660388.1.1496	90.800	250	23	0	1	250	514	763	1.82e-90	335
1cb61e2119df5aee697c66ca02360390	JQ197657.1.1349	90.800	250	23	0	1	250	498	747	1.82e-90	335
1cb61e2119df5aee697c66ca02360390	AM990894.1.1443	90.800	250	23	0	1	250	510	759	1.82e-90	335
1cb61e2119df5aee697c66ca02360390	HM161878.1.1423	90.800	250	23	0	1	250	508	757	1.82e-90	335
1cb61e2119df5aee697c66ca02360390	AB078038.1.1474	90.800	250	23	0	1	250	498	747	1.82e-90	335
1cb61e2119df5aee697c66ca02360390	JN534882.1.1388	90.400	250	24	0	1	250	461	710	8.45e-89	329
1cb61e2119df5aee697c66ca02360390	KX177446.1.1479	90.400	250	24	0	1	250	516	765	8.45e-89	329
1cb61e2119df5aee697c66ca02360390	HQ857725.1.1483	90.040	251	23	2	1	250	518	767	3.93e-87	324
1cb61e2119df5aee697c66ca02360390	FJ425640.1.1455	90.000	250	25	0	1	250	492	741	3.93e-87	324
1cb61e2119df5aee697c66ca02360390	GU451408.1.1243	90.000	250	25	0	1	250	388	637	3.93e-87	324
1cb61e2119df5aee697c66ca02360390	JQ287020.1.1482	90.000	250	25	0	1	250	520	769	3.93e-87	324
1cb61e2119df5aee697c66ca02360390	HQ396999.1.1375	90.000	250	23	2	1	250	462	709	1.41e-86	322
1cb61e2119df5aee697c66ca02360390	KC001734.1.1358	89.600	250	26	0	1	250	517	766	1.83e-85	318
1cb61e2119df5aee697c66ca02360390	JQ032557.1.1441	89.600	250	26	0	1	250	507	756	1.83e-85	318
1cb61e2119df5aee697c66ca02360390	MDGP01000001.4256692.4258219	89.600	250	26	0	1	250	531	780	1.83e-85	318
c9834daa365f41b5e5852d3bbddd7ccb	JN531158.1.1381	99.200	250	2	0	1	250	482	731	1.73e-125	451
c9834daa365f41b5e5852d3bbddd7ccb	AB540005.1.1369	99.200	250	2	0	1	250	468	717	1.73e-125	451
c9834daa365f41b5e5852d3bbddd7ccb	JN881629.1.1482	98.800	250	3	0	1	250	519	768	8.04e-124	446
c9834daa365f41b5e5852d3bbddd7ccb	AM259890.1.1460	98.400	250	4	0	1	250	518	767	3.74e-122	440
c9834daa365f41b5e5852d3bbddd7ccb	JQ347319.1.1200	98.400	250	4	0	1	250	391	640	3.74e-122	440
c9834daa365f41b5e5852d3bbddd7ccb	AM746475.1.1368	98.400	250	4	0	1	250	486	735	3.74e-122	440
c9834daa365f41b5e5852d3bbddd7ccb	JQ687106.1.1429	98.400	250	4	0	1	250	501	750	3.74e-122	440
c9834daa365f41b5e5852d3bbddd7ccb	FJ203195.1.1441	98.000	250	5	0	1	250	499	748	1.74e-120	435
c9834daa365f41b5e5852d3bbddd7ccb	HQ638981.1.1441	97.600	250	6	0	1	250	498	747	8.10e-119	429
c9834daa365f41b5e5852d3bbddd7ccb	DQ917821.1.1495	96.386	249	8	1	3	250	519	767	1.06e-112	409
c9834daa365f41b5e5852d3bbddd7ccb	JN442648.1.1428	96.000	250	10	0	1	250	503	752	3.79e-112	407
c9834daa365f41b5e5852d3bbddd7ccb	EU236411.1.1365	95.618	251	9	2	1	250	464	713	1.77e-110	401
c9834daa365f41b5e5852d3bbddd7ccb	HE803940.1.1441	95.600	250	11	0	1	250	498	747	1.77e-110	401
c9834daa365f41b5e5852d3bbddd7ccb	JQ579755.1.1477	94.800	250	13	0	1	250	518	767	3.82e-107	390
c9834daa365f41b5e5852d3bbddd7ccb	JN825419.1.1476	94.400	250	14	0	1	250	514	763	1.78e-105	385
c9834daa365f41b5e5852d3bbddd7ccb	AM259826.1.1478	94.400	250	14	0	1	250	517	766	1.78e-105	385
c9834daa365f41b5e5852d3bbddd7ccb	KX172709.1.1441	94.024	251	13	2	1	250	498	747	8.27e-104	379
c9834daa365f41b5e5852d3bbddd7ccb	JQ716266.1.1485	93.625	251	15	1	1	250	518	768	3.85e-102	374
c9834daa365f41b5e5852d3bbddd7ccb	JN522848.1.1354	93.200	250	17	0	1	250	435	684	1.79e-100	368
c9834daa365f41b5e5852d3bbddd7ccb	AM997904.1.1479	93.200	250	17	0	1	250	520	769	1.79e-100	368
c9834daa365f41b5e5852d3bbddd7ccb	EU050911.1.1396	93.200	250	17	0	1	250	499	748	1.79e-100	368
c9834daa365f41b5e5852d3bbddd7ccb	KJ590626.1.1482	93.200	250	17	0	1	250	520	769	1.79e-100	368
c9834daa365f41b5e5852d3bbddd7ccb	KX177382.1.1482	93.227	251	12	5	1	250	520	766	2.32e-99	364
c9834daa365f41b5e5852d3bbddd7ccb	JQ515508.1.1507	92.857	252	16	2	1	250	527	778	2.32e-99	364
c9834daa365f41b5e5852d3bbddd7ccb	JN432482.1.1424	92.800	250	18	0	1	250	478	727	8.33e-99	363
c9834daa365f41b5e5852d3bbddd7ccb	FUWD013350594.11552.13051	92.032	251	18	2	1	250	518	767	1.80e-95	351
c9834daa365f41b5e5852d3bbddd7ccb	JQ862036.1.1482	92.000	250	20	0	1	250	520	769	1.80e-95	351
c9834daa365f41b5e5852d3bbddd7ccb	DQ080996.1.1387	91.600	250	21	0	1	250	463	712	8.39e-94	346
c9834daa365f41b5e5852d3bbddd7ccb	JQ800680.1.1483	91.235	251	20	2	1	250	518	767	3.90e-92	340
c9834daa365f41b5e5852d3bbddd7ccb	AB681024.1.1444	91.270	252	18	4	1	250	498	747	3.90e-92	340
c9834daa365f41b5e5852d3bbddd7ccb	AB078079.1.1474	91.270	252	18	4	1	250	498	747	3.90e-92	340
c9834daa365f41b5e5852d3bbddd7ccb	M58792.1.1473	90.873	252	19	4	1	250	531	780	5.05e-91	337
c9834daa365f41b5e5852d3bbddd7ccb	FJ425640.1.1455	90.800	250	23	0	1	250	492	741	1.82e-90	335
c9834daa365f41b5e5852d3bbddd7ccb	JQ800731.1.1483	90.800	250	23	0	1	250	518	767	1.82e-90	335
c9834daa365f41b5e5852d3bbddd7ccb	JQ197657.1.1349	90.837	251	21	2	1	250	498	747	1.82e-90	335
c9834daa365f41b5e5852d3bbddd7ccb	HM161878.1.1423	90.837	251	21	2	1	250	508	757	1.82e-90	335
c9834daa365f41b5e5852d3bbddd7ccb	AB078038.1.1474	90.800	250	23	0	1	250	498	747	1.82e-90	335
c9834daa365f41b5e5852d3bbddd7ccb	JQ032557.1.1441	90.400	250	24	0	1	250	507	756	8.45e-89	329
c9834daa365f41b5e5852d3bbddd7ccb	MDGP01000001.4256692.4258219	90.400	250	24	0	1	250	531	780	8.45e-89	329
c9834daa365f41b5e5852d3bbddd7ccb	KF798800.1.1484	90.400	250	24	0	1	250	518	767	8.45e-89	329
c9834daa365f41b5e5852d3bbddd7ccb	FJ203593.1.1441	90.400	250	24	0	1	250	499	748	8.45e-89	329
c9834daa365f41b5e5852d3bbddd7ccb	JN534882.1.1388	90.438	251	22	2	1	250	461	710	8.45e-89	329
c9834daa365f41b5e5852d3bbddd7ccb	JQ516316.1.1416	90.400	250	24	0	1	250	508	757	8.45e-89	329
c9834daa365f41b5e5852d3bbddd7ccb	AM162576.1.1380	90.400	250	24	0	1	250	517	766	8.45e-89	329
c9834daa365f41b5e5852d3bbddd7ccb	HQ270238.1.1484	90.400	250	24	0	1	250	518	767	8.45e-89	329
c9834daa365f41b5e5852d3bbddd7ccb	HQ225283.1.1482	90.400	250	24	0	1	250	518	767	8.45e-89	329
c9834daa365f41b5e5852d3bbddd7ccb	KU563147.1.1441	90.400	250	24	0	1	250	498	747	8.45e-89	329
c9834daa365f41b5e5852d3bbddd7ccb	KC005305.1.1442	90.400	250	24	0	1	250	498	747	8.45e-89	329
c9834daa365f41b5e5852d3bbddd7ccb	KU507204.1.1440	90.400	250	24	0	1	250	497	746	8.45e-89	329
c9834daa365f41b5e5852d3bbddd7ccb	DQ486489.1.1261	90.000	250	25	0	1	250	478	727	3.93e-87	324
bb7d269c0b3658ea78cc619eeafab27a	JF200086.1.1351	94.800	250	13	0	1	250	500	749	3.82e-107	390
bb7d269c0b3658ea78cc619eeafab27a	KF799047.1.1487	92.400	250	19	0	1	250	522	771	3.88e-97	357
bb7d269c0b3658ea78cc619eeafab27a	FJ516836.1.1481	92.032	251	18	2	1	250	515	764	1.80e-95	351
bb7d269c0b3658ea78cc619eeafab27a	JN625715.1.1411	92.000	250	20	0	1	250	484	733	1.80e-95	351
bb7d269c0b3658ea78cc619eeafab27a	KF798800.1.1484	91.200	250	22	0	1	250	518	767	3.90e-92	340
bb7d269c0b3658ea78cc619eeafab27a	JQ801290.1.1471	91.235	251	20	2	1	250	504	753	3.90e-92	340
bb7d269c0b3658ea78cc619eeafab27a	FM209309.1.1486	91.200	250	22	0	1	250	519	768	3.90e-92	340
bb7d269c0b3658ea78cc619eeafab27a	AB637025.1.1479	91.200	250	22	0	1	250	517	766	3.90e-92	340
bb7d269c0b3658ea78cc619eeafab27a	AB637017.1.1479	91.235	251	20	2	1	250	517	766	3.90e-92	340
bb7d269c0b3658ea78cc619eeafab27a	AACY023752550.249.1605	90.837	251	21	2	1	250	375	624	1.82e-90	335
bb7d269c0b3658ea78cc619eeafab27a	KF786442.1.1384	90.837	251	21	2	1	250	518	767	1.82e-90	335
bb7d269c0b3658ea78cc619eeafab27a	FJ425640.1.1455	90.800	250	23	0	1	250	492	741	1.82e-90	335
bb7d269c0b3658ea78cc619eeafab27a	HM278132.1.1337	90.837	251	21	2	1	250	484	733	1.82e-90	335
bb7d269c0b3658ea78cc619eeafab27a	JQ738908.1.1337	90.800	250	23	0	1	250	454	703	1.82e-90	335
bb7d269c0b3658ea78cc619eeafab27a	HQ270238.1.1484	90.800	250	23	0	1	250	518	767	1.82e-90	335
bb7d269c0b3658ea78cc619eeafab27a	FM209314.1.1485	90.837	251	21	2	1	250	519	768	1.82e-90	335
bb7d269c0b3658ea78cc619eeafab27a	KC358467.1.1263	90.800	250	23	0	1	250	422	671	1.82e-90	335
bb7d269c0b3658ea78cc619eeafab27a	KX172979.1.1443	90.800	250	22	1	1	250	499	747	6.53e-90	333
bb7d269c0b3658ea78cc619eeafab27a	FJ425620.1.1480	90.400	250	24	0	1	250	518	767	8.45e-89	329
bb7d269c0b3658ea78cc619eeafab27a	KC001734.1.1358	90.400	250	24	0	1	250	517	766	8.45e-89	329
bb7d269c0b3658ea78cc619eeafab27a	MDGP01000001.4256692.4258219	90.400	250	24	0	1	250	531	780	8.45e-89	329
bb7d269c0b3658ea78cc619eeafab27a	JF417861.1.1468	90.438	251	22	2	1	250	504	753	8.45e-89	329
bb7d269c0b3658ea78cc619eeafab27a	KF179792.1.1442	90.400	250	24	0	1	250	498	747	8.45e-89	329
bb7d269c0b3658ea78cc619eeafab27a	DQ289919.1.1386	90.400	250	24	0	1	250	519	768	8.45e-89	329
bb7d269c0b3658ea78cc619eeafab27a	JN037904.1.1485	90.400	250	24	0	1	250	517	766	8.45e-89	329
bb7d269c0b3658ea78cc619eeafab27a	EU734924.1.1482	90.400	250	24	0	1	250	520	769	8.45e-89	329
bb7d269c0b3658ea78cc619eeafab27a	JQ732015.1.1441	90.400	250	24	0	1	250	498	747	8.45e-89	329
bb7d269c0b3658ea78cc619eeafab27a	JQ801215.1.1483	90.400	250	24	0	1	250	517	766	8.45e-89	329
bb7d269c0b3658ea78cc619eeafab27a	DQ644019.1.1489	90.400	250	24	0	1	250	518	767	8.45e-89	329
bb7d269c0b3658ea78cc619eeafab27a	FM209313.1.1485	90.438	251	22	2	1	250	519	768	8.45e-89	329
bb7d269c0b3658ea78cc619eeafab27a	AM162576.1.1380	90.400	250	24	0	1	250	517	766	8.45e-89	329
bb7d269c0b3658ea78cc619eeafab27a	FM209315.1.1482	90.438	251	21	3	1	250	518	766	8.45e-89	329
bb7d269c0b3658ea78cc619eeafab27a	AB696356.1.1364	90.438	251	23	1	1	250	462	712	8.45e-89	329
bb7d269c0b3658ea78cc619eeafab27a	HQ120058.1.1489	90.400	250	24	0	1	250	522	771	8.45e-89	329
bb7d269c0b3658ea78cc619eeafab27a	MH283855.1.1425	90.400	250	24	0	1	250	490	739	8.45e-89	329
bb7d269c0b3658ea78cc619eeafab27a	AB637016.1.1479	90.438	251	22	2	1	250	516	765	8.45e-89	329
bb7d269c0b3658ea78cc619eeafab27a	KM502320.1.1419	90.400	250	24	0	1	250	509	758	8.45e-89	329
bb7d269c0b3658ea78cc619eeafab27a	AB078038.1.1474	90.400	250	24	0	1	250	498	747	8.45e-89	329
bb7d269c0b3658ea78cc619eeafab27a	JN037901.1.1485	90.400	250	23	1	1	250	519	767	3.04e-88	327
bb7d269c0b3658ea78cc619eeafab27a	JN868737.1.1521	90.909	242	22	0	1	242	518	759	1.09e-87	326
bb7d269c0b3658ea78cc619eeafab27a	KF098209.1.1353	91.561	237	18	2	1	236	500	735	1.09e-87	326
bb7d269c0b3658ea78cc619eeafab27a	DQ080996.1.1387	90.000	250	25	0	1	250	463	712	3.93e-87	324
bb7d269c0b3658ea78cc619eeafab27a	DQ080995.1.1412	90.000	250	25	0	1	250	491	740	3.93e-87	324
bb7d269c0b3658ea78cc619eeafab27a	FJ644584.1.1207	90.000	250	25	0	1	250	441	690	3.93e-87	324
bb7d269c0b3658ea78cc619eeafab27a	FJ675260.1.1375	90.000	250	25	0	1	250	516	765	3.93e-87	324
bb7d269c0b3658ea78cc619eeafab27a	FJ203593.1.1441	90.000	250	25	0	1	250	499	748	3.93e-87	324
bb7d269c0b3658ea78cc619eeafab27a	FPLS01018899.85.1585	90.079	252	21	3	1	250	520	769	3.93e-87	324
bb7d269c0b3658ea78cc619eeafab27a	LYSV01000109.29002.30501	90.040	251	23	2	1	250	518	767	3.93e-87	324
bb7d269c0b3658ea78cc619eeafab27a	JN522848.1.1354	90.040	251	23	2	1	250	435	684	3.93e-87	324
bb7d269c0b3658ea78cc619eeafab27a	KF787009.1.1385	90.000	250	25	0	1	250	518	767	3.93e-87	324
0c3fca511e06ab69b4c05b23ba3bb02e	DQ660388.1.1496	97.600	250	6	0	1	250	514	763	8.10e-119	429
0c3fca511e06ab69b4c05b23ba3bb02e	AM990894.1.1443	97.600	250	6	0	1	250	510	759	8.10e-119	429
0c3fca511e06ab69b4c05b23ba3bb02e	AY258124.1.1420	96.800	250	8	0	1	250	487	736	1.75e-115	418
0c3fca511e06ab69b4c05b23ba3bb02e	AB681024.1.1444	96.400	250	9	0	1	250	498	747	8.16e-114	412
0c3fca511e06ab69b4c05b23ba3bb02e	AB078079.1.1474	96.400	250	9	0	1	250	498	747	8.16e-114	412
0c3fca511e06ab69b4c05b23ba3bb02e	M58792.1.1473	96.000	250	10	0	1	250	531	780	1.06e-112	409
0c3fca511e06ab69b4c05b23ba3bb02e	JQ800804.1.1481	94.800	250	13	0	1	250	516	765	3.82e-107	390
0c3fca511e06ab69b4c05b23ba3bb02e	HQ396999.1.1375	94.000	250	13	2	1	250	462	709	2.98e-103	377
0c3fca511e06ab69b4c05b23ba3bb02e	JN522848.1.1354	93.600	250	16	0	1	250	435	684	3.85e-102	374
0c3fca511e06ab69b4c05b23ba3bb02e	FUWD013350594.11552.13051	93.200	250	17	0	1	250	518	767	1.79e-100	368
0c3fca511e06ab69b4c05b23ba3bb02e	HQ703824.1.1467	93.200	250	17	0	1	250	498	747	1.79e-100	368
0c3fca511e06ab69b4c05b23ba3bb02e	JN432482.1.1424	93.200	250	17	0	1	250	478	727	1.79e-100	368
0c3fca511e06ab69b4c05b23ba3bb02e	JQ716266.1.1485	93.227	251	16	1	1	250	518	768	1.79e-100	368
0c3fca511e06ab69b4c05b23ba3bb02e	JQ197657.1.1349	93.200	250	17	0	1	250	498	747	1.79e-100	368
0c3fca511e06ab69b4c05b23ba3bb02e	HM161878.1.1423	93.200	250	17	0	1	250	508	757	1.79e-100	368
0c3fca511e06ab69b4c05b23ba3bb02e	KF741389.1.1480	92.829	251	17	1	1	250	517	767	8.33e-99	363
0c3fca511e06ab69b4c05b23ba3bb02e	JQ800680.1.1483	92.800	250	18	0	1	250	518	767	8.33e-99	363
0c3fca511e06ab69b4c05b23ba3bb02e	JQ515508.1.1507	92.460	252	17	2	1	250	527	778	1.08e-97	359
0c3fca511e06ab69b4c05b23ba3bb02e	JN534882.1.1388	92.400	250	19	0	1	250	461	710	3.88e-97	357
0c3fca511e06ab69b4c05b23ba3bb02e	AM259890.1.1460	92.400	250	19	0	1	250	518	767	3.88e-97	357
0c3fca511e06ab69b4c05b23ba3bb02e	JN881629.1.1482	92.000	250	20	0	1	250	519	768	1.80e-95	351
0c3fca511e06ab69b4c05b23ba3bb02e	KJ754664.1.1396	92.000	250	20	0	1	250	516	765	1.80e-95	351
0c3fca511e06ab69b4c05b23ba3bb02e	JN531158.1.1381	91.600	250	21	0	1	250	482	731	8.39e-94	346
0c3fca511e06ab69b4c05b23ba3bb02e	JQ579755.1.1477	91.600	250	21	0	1	250	518	767	8.39e-94	346
0c3fca511e06ab69b4c05b23ba3bb02e	JQ800731.1.1483	91.600	250	21	0	1	250	518	767	8.39e-94	346
0c3fca511e06ab69b4c05b23ba3bb02e	JQ347319.1.1200	91.600	250	21	0	1	250	391	640	8.39e-94	346
0c3fca511e06ab69b4c05b23ba3bb02e	FM209309.1.1486	91.600	250	21	0	1	250	519	768	8.39e-94	346
0c3fca511e06ab69b4c05b23ba3bb02e	FM209314.1.1485	91.600	250	21	0	1	250	519	768	8.39e-94	346
0c3fca511e06ab69b4c05b23ba3bb02e	AB981825.1.1443	91.600	250	21	0	1	250	500	749	8.39e-94	346
0c3fca511e06ab69b4c05b23ba3bb02e	JQ287020.1.1482	91.600	250	21	0	1	250	520	769	8.39e-94	346
0c3fca511e06ab69b4c05b23ba3bb02e	KJ754644.1.1386	91.633	251	19	2	1	250	502	751	8.39e-94	346
0c3fca511e06ab69b4c05b23ba3bb02e	AB637025.1.1479	91.600	250	21	0	1	250	517	766	8.39e-94	346
0c3fca511e06ab69b4c05b23ba3bb02e	AM746475.1.1368	91.600	250	21	0	1	250	486	735	8.39e-94	346
0c3fca511e06ab69b4c05b23ba3bb02e	AB476219.1.1424	91.600	250	21	0	1	250	481	730	8.39e-94	346
0c3fca511e06ab69b4c05b23ba3bb02e	FR687203.1.1411	91.600	250	21	0	1	250	501	750	8.39e-94	346
0c3fca511e06ab69b4c05b23ba3bb02e	AY258118.1.1416	91.600	250	21	0	1	250	486	735	8.39e-94	346
0c3fca511e06ab69b4c05b23ba3bb02e	JQ687106.1.1429	91.600	250	21	0	1	250	501	750	8.39e-94	346
0c3fca511e06ab69b4c05b23ba3bb02e	FJ203195.1.1441	91.200	250	22	0	1	250	499	748	3.90e-92	340
0c3fca511e06ab69b4c05b23ba3bb02e	GU451408.1.1243	91.200	250	22	0	1	250	388	637	3.90e-92	340
0c3fca511e06ab69b4c05b23ba3bb02e	JN442648.1.1428	91.200	250	22	0	1	250	503	752	3.90e-92	340
0c3fca511e06ab69b4c05b23ba3bb02e	JQ712910.1.1480	91.200	250	22	0	1	250	518	767	3.90e-92	340
0c3fca511e06ab69b4c05b23ba3bb02e	JQ738908.1.1337	91.200	250	22	0	1	250	454	703	3.90e-92	340
0c3fca511e06ab69b4c05b23ba3bb02e	AM997941.1.1479	91.200	250	22	0	1	250	520	769	3.90e-92	340
0c3fca511e06ab69b4c05b23ba3bb02e	EU236411.1.1365	91.200	250	22	0	1	250	464	713	3.90e-92	340
0c3fca511e06ab69b4c05b23ba3bb02e	GU118058.1.1442	91.200	250	22	0	1	250	499	748	3.90e-92	340
0c3fca511e06ab69b4c05b23ba3bb02e	AM997904.1.1479	91.200	250	22	0	1	250	520	769	3.90e-92	340
0c3fca511e06ab69b4c05b23ba3bb02e	EU050911.1.1396	91.200	250	22	0	1	250	499	748	3.90e-92	340
0c3fca511e06ab69b4c05b23ba3bb02e	KY416515.1.1478	91.200	250	22	0	1	250	516	765	3.90e-92	340
0c3fca511e06ab69b4c05b23ba3bb02e	KJ590626.1.1482	91.200	250	22	0	1	250	520	769	3.90e-92	340
0c3fca511e06ab69b4c05b23ba3bb02e	HQ638981.1.1441	91.200	250	22	0	1	250	498	747	3.90e-92	340
7c01ba68f78c4b4a2c7ae33b48366097	KF179948.1.1441	98.000	250	5	0	1	250	498	747	1.74e-120	435
7c01ba68f78c4b4a2c7ae33b48366097	HM768689.1.1383	95.600	250	11	0	1	250	517	766	1.77e-110	401
7c01ba68f78c4b4a2c7ae33b48366097	JQ738908.1.1337	93.625	251	14	2	1	250	454	703	3.85e-102	374
7c01ba68f78c4b4a2c7ae33b48366097	JN522848.1.1354	93.227	251	15	2	1	250	435	684	1.79e-100	368
7c01ba68f78c4b4a2c7ae33b48366097	JN037899.1.1484	93.200	250	17	0	1	250	516	765	1.79e-100	368
7c01ba68f78c4b4a2c7ae33b48366097	FM209309.1.1486	93.227	251	15	2	1	250	519	768	1.79e-100	368
7c01ba68f78c4b4a2c7ae33b48366097	AB637025.1.1479	93.227	251	15	2	1	250	517	766	1.79e-100	368
7c01ba68f78c4b4a2c7ae33b48366097	AY701466.1.1433	93.200	250	14	3	1	248	490	738	2.32e-99	364
7c01ba68f78c4b4a2c7ae33b48366097	FPLS01020433.13.1513	92.800	250	18	0	1	250	516	765	8.33e-99	363
7c01ba68f78c4b4a2c7ae33b48366097	DQ080996.1.1387	92.829	251	16	2	1	250	463	712	8.33e-99	363
7c01ba68f78c4b4a2c7ae33b48366097	FJ644584.1.1207	92.829	251	16	2	1	250	441	690	8.33e-99	363
7c01ba68f78c4b4a2c7ae33b48366097	JN367199.1.1434	92.857	252	14	4	1	250	498	747	8.33e-99	363
7c01ba68f78c4b4a2c7ae33b48366097	JN625713.1.1405	92.800	250	18	0	1	250	481	730	8.33e-99	363
7c01ba68f78c4b4a2c7ae33b48366097	JN432482.1.1424	92.829	251	16	2	1	250	478	727	8.33e-99	363
7c01ba68f78c4b4a2c7ae33b48366097	AY193152.1.1443	92.800	250	18	0	1	250	500	749	8.33e-99	363
7c01ba68f78c4b4a2c7ae33b48366097	AY739663.1.1472	92.829	251	16	2	1	250	496	745	8.33e-99	363
7c01ba68f78c4b4a2c7ae33b48366097	AB637004.1.1470	92.800	250	18	0	1	250	508	757	8.33e-99	363
7c01ba68f78c4b4a2c7ae33b48366097	AY608410.1.1420	92.800	250	18	0	1	250	493	742	8.33e-99	363
7c01ba68f78c4b4a2c7ae33b48366097	KM587636.1.1505	92.829	251	16	2	1	250	516	765	8.33e-99	363
7c01ba68f78c4b4a2c7ae33b48366097	JN417600.1.1512	92.800	250	17	1	1	250	516	764	3.00e-98	361
7c01ba68f78c4b4a2c7ae33b48366097	DQ486489.1.1261	92.430	251	17	2	1	250	478	727	3.88e-97	357
7c01ba68f78c4b4a2c7ae33b48366097	JN367062.1.1433	92.490	253	14	5	1	250	490	740	3.88e-97	357
7c01ba68f78c4b4a2c7ae33b48366097	JN037904.1.1485	92.430	251	17	2	1	250	517	766	3.88e-97	357
7c01ba68f78c4b4a2c7ae33b48366097	GU444059.1.1486	92.400	250	19	0	1	250	516	765	3.88e-97	357
7c01ba68f78c4b4a2c7ae33b48366097	FM877673.1.1439	93.033	244	17	0	1	244	497	740	3.88e-97	357
7c01ba68f78c4b4a2c7ae33b48366097	FM209314.1.1485	92.460	252	15	4	1	250	519	768	3.88e-97	357
7c01ba68f78c4b4a2c7ae33b48366097	KC358467.1.1263	92.400	250	19	0	1	250	422	671	3.88e-97	357
7c01ba68f78c4b4a2c7ae33b48366097	HQ190405.1.1474	92.400	250	19	0	1	250	518	767	3.88e-97	357
7c01ba68f78c4b4a2c7ae33b48366097	AB696356.1.1364	92.460	252	16	3	1	250	462	712	3.88e-97	357
7c01ba68f78c4b4a2c7ae33b48366097	AY753206.1.1415	92.400	250	19	0	1	250	490	739	3.88e-97	357
7c01ba68f78c4b4a2c7ae33b48366097	AB637005.1.1473	92.400	250	19	0	1	250	510	759	3.88e-97	357
7c01ba68f78c4b4a2c7ae33b48366097	AB681024.1.1444	92.400	250	19	0	1	250	498	747	3.88e-97	357
7c01ba68f78c4b4a2c7ae33b48366097	EF647593.1.1422	92.400	250	19	0	1	250	503	752	3.88e-97	357
7c01ba68f78c4b4a2c7ae33b48366097	KC545298.1.1503	92.430	251	17	2	1	250	520	769	3.88e-97	357
7c01ba68f78c4b4a2c7ae33b48366097	AB078079.1.1474	92.400	250	19	0	1	250	498	747	3.88e-97	357
7c01ba68f78c4b4a2c7ae33b48366097	AB078038.1.1474	92.400	250	19	0	1	250	498	747	3.88e-97	357
7c01ba68f78c4b4a2c7ae33b48366097	JN037901.1.1485	92.430	251	16	3	1	250	519	767	1.39e-96	355
7c01ba68f78c4b4a2c7ae33b48366097	M58792.1.1473	92.000	250	20	0	1	250	531	780	5.01e-96	353
7c01ba68f78c4b4a2c7ae33b48366097	FPLS01048985.16.1516	92.000	250	20	0	1	250	516	765	1.80e-95	351
7c01ba68f78c4b4a2c7ae33b48366097	FPLS01043369.1.1275	92.000	250	20	0	1	250	448	697	1.80e-95	351
7c01ba68f78c4b4a2c7ae33b48366097	LC026876.1.1444	92.000	250	20	0	1	250	498	747	1.80e-95	351
7c01ba68f78c4b4a2c7ae33b48366097	FJ203593.1.1441	92.032	251	18	2	1	250	499	748	1.80e-95	351
7c01ba68f78c4b4a2c7ae33b48366097	FJ425640.1.1455	92.032	251	18	2	1	250	492	741	1.80e-95	351
7c01ba68f78c4b4a2c7ae33b48366097	CP010776.247464.248978	92.000	250	20	0	1	250	515	764	1.80e-95	351
7c01ba68f78c4b4a2c7ae33b48366097	CP010776.977837.979351	92.000	250	20	0	1	250	515	764	1.80e-95	351
7c01ba68f78c4b4a2c7ae33b48366097	KF786670.1.1385	92.000	250	20	0	1	250	518	767	1.80e-95	351
7c01ba68f78c4b4a2c7ae33b48366097	JF202849.1.1341	92.000	250	20	0	1	250	488	737	1.80e-95	351
7c01ba68f78c4b4a2c7ae33b48366097	CP010776.965500.967014	92.000	250	20	0	1	250	515	764	1.80e-95	351
7c01ba68f78c4b4a2c7ae33b48366097	EU979043.1.1487	92.000	250	20	0	1	250	517	766	1.80e-95	351
7c01ba68f78c4b4a2c7ae33b48366097	JN417538.1.1514	92.032	251	19	1	1	250	516	766	1.80e-95	351
93815d05ba794d3c74dcc23b2d369d82	FJ516803.1.1487	96.400	250	9	0	1	250	519	768	8.16e-114	412
93815d05ba794d3c74dcc23b2d369d82	FJ516857.1.1481	96.000	250	9	1	1	250	519	767	1.36e-111	405
93815d05ba794d3c74dcc23b2d369d82	JN439963.1.1364	94.800	250	13	0	1	250	427	676	3.82e-107	390
93815d05ba794d3c74dcc23b2d369d82	ARBP01000072.439.1942	92.000	250	20	0	1	250	520	769	1.80e-95	351
93815d05ba794d3c74dcc23b2d369d82	ARBP01000033.439.1942	92.000	250	20	0	1	250	520	769	1.80e-95	351
93815d05ba794d3c74dcc23b2d369d82	AB681020.1.1448	92.000	250	20	0	1	250	500	749	1.80e-95	351
93815d05ba794d3c74dcc23b2d369d82	AB681011.1.1448	92.000	250	20	0	1	250	500	749	1.80e-95	351
93815d05ba794d3c74dcc23b2d369d82	AB681012.1.1448	92.000	250	20	0	1	250	500	749	1.80e-95	351
93815d05ba794d3c74dcc23b2d369d82	AB681018.1.1448	92.000	250	20	0	1	250	500	749	1.80e-95	351
93815d05ba794d3c74dcc23b2d369d82	AB288293.1.1424	92.000	250	20	0	1	250	512	761	1.80e-95	351
93815d05ba794d3c74dcc23b2d369d82	AB288294.1.1405	92.000	250	20	0	1	250	493	742	1.80e-95	351
93815d05ba794d3c74dcc23b2d369d82	AB078077.1.1478	92.000	250	20	0	1	250	500	749	1.80e-95	351
93815d05ba794d3c74dcc23b2d369d82	AB078037.1.1478	92.000	250	20	0	1	250	500	749	1.80e-95	351
93815d05ba794d3c74dcc23b2d369d82	AB078040.1.1478	92.000	250	20	0	1	250	500	749	1.80e-95	351
93815d05ba794d3c74dcc23b2d369d82	AB078041.1.1478	92.000	250	20	0	1	250	500	749	1.80e-95	351
93815d05ba794d3c74dcc23b2d369d82	M60455.1.1476	91.200	250	22	0	1	250	532	781	3.02e-93	344
93815d05ba794d3c74dcc23b2d369d82	M64628.1.1474	90.800	250	23	0	1	250	530	779	1.09e-92	342
93815d05ba794d3c74dcc23b2d369d82	MF796622.1.1514	90.800	250	23	0	1	250	532	781	1.82e-90	335
93815d05ba794d3c74dcc23b2d369d82	MF796623.1.1366	90.800	250	23	0	1	250	384	633	1.82e-90	335
93815d05ba794d3c74dcc23b2d369d82	AB265185.1.1508	90.438	251	23	1	1	250	542	792	8.45e-89	329
93815d05ba794d3c74dcc23b2d369d82	AF039296.1.1446	89.641	251	24	2	1	250	515	764	3.93e-87	324
93815d05ba794d3c74dcc23b2d369d82	AB265192.1.1465	90.000	250	25	0	1	250	508	757	3.93e-87	324
93815d05ba794d3c74dcc23b2d369d82	FJ516777.1.1483	88.845	251	26	2	1	250	516	765	3.96e-82	307
93815d05ba794d3c74dcc23b2d369d82	KT952675.1.1488	88.048	251	26	4	2	250	520	768	3.08e-78	294
93815d05ba794d3c74dcc23b2d369d82	KX097142.1.1486	88.000	250	28	2	2	250	521	769	3.08e-78	294
93815d05ba794d3c74dcc23b2d369d82	EU925836.1.1485	88.000	250	28	2	2	250	521	769	3.08e-78	294
93815d05ba794d3c74dcc23b2d369d82	AM997720.1.1302	88.000	250	28	2	2	250	342	590	3.08e-78	294
93815d05ba794d3c74dcc23b2d369d82	HM768689.1.1383	87.649	251	29	2	1	250	517	766	3.99e-77	291
93815d05ba794d3c74dcc23b2d369d82	JN625713.1.1405	87.649	251	29	2	1	250	481	730	3.99e-77	291
93815d05ba794d3c74dcc23b2d369d82	GU302448.1.1487	87.649	251	29	2	1	250	520	769	3.99e-77	291
93815d05ba794d3c74dcc23b2d369d82	KU981020.1.1509	87.600	250	31	0	1	250	520	769	3.99e-77	291
93815d05ba794d3c74dcc23b2d369d82	MF741332.1.1488	87.649	251	29	2	1	250	505	754	3.99e-77	291
93815d05ba794d3c74dcc23b2d369d82	FJ403065.1.1481	87.302	252	28	4	1	250	518	767	1.86e-75	285
93815d05ba794d3c74dcc23b2d369d82	FJ024309.1.1391	87.200	250	32	0	1	250	521	770	1.86e-75	285
93815d05ba794d3c74dcc23b2d369d82	KU578760.1.1379	87.200	250	32	0	1	250	518	767	1.86e-75	285
93815d05ba794d3c74dcc23b2d369d82	MF796612.1.1406	87.251	251	30	2	1	250	465	714	1.86e-75	285
93815d05ba794d3c74dcc23b2d369d82	KF786670.1.1385	86.853	251	31	2	1	250	518	767	8.63e-74	279
93815d05ba794d3c74dcc23b2d369d82	KT952779.1.1484	86.800	250	31	2	2	250	517	765	8.63e-74	279
93815d05ba794d3c74dcc23b2d369d82	JN432881.1.1415	86.800	250	33	0	1	250	492	741	8.63e-74	279
93815d05ba794d3c74dcc23b2d369d82	JN428073.1.1375	86.800	250	33	0	1	250	456	705	8.63e-74	279
93815d05ba794d3c74dcc23b2d369d82	JN448001.1.1452	86.800	250	33	0	1	250	501	750	8.63e-74	279
93815d05ba794d3c74dcc23b2d369d82	JN431270.1.1380	86.800	250	33	0	1	250	453	702	8.63e-74	279
93815d05ba794d3c74dcc23b2d369d82	JN430821.1.1384	86.800	250	33	0	1	250	479	728	8.63e-74	279
93815d05ba794d3c74dcc23b2d369d82	AM997776.1.1483	86.853	251	31	2	1	250	522	771	8.63e-74	279
93815d05ba794d3c74dcc23b2d369d82	AB694359.1.1489	86.800	250	33	0	1	250	522	771	8.63e-74	279
93815d05ba794d3c74dcc23b2d369d82	KX896698.1.1429	86.853	251	31	2	1	250	506	755	8.63e-74	279
93815d05ba794d3c74dcc23b2d369d82	KX177743.1.1482	87.251	251	23	9	2	250	521	764	3.10e-73	278
93815d05ba794d3c74dcc23b2d369d82	HQ153855.1.1365	86.853	251	29	4	2	250	480	728	3.10e-73	278
93815d05ba794d3c74dcc23b2d369d82	AB284517.1.1403	86.000	250	29	6	1	250	481	724	3.10e-73	278
93815d05ba794d3c74dcc23b2d369d82	JN445290.1.1432	86.508	252	30	4	1	250	506	755	4.02e-72	274
