d88824803a4a9bee5ba805a07011ee0f	AAMO01000005.167902.169347	99.200	250	2	0	1	250	470	719	1.73e-125	451
d88824803a4a9bee5ba805a07011ee0f	JN438536.1.1343	99.200	250	2	0	1	250	421	670	1.73e-125	451
d88824803a4a9bee5ba805a07011ee0f	KU862032.1.1384	99.200	250	2	0	1	250	450	699	1.73e-125	451
d88824803a4a9bee5ba805a07011ee0f	AY162099.1.1320	99.200	250	2	0	1	250	471	720	1.73e-125	451
d88824803a4a9bee5ba805a07011ee0f	KJ159065.1.1428	99.200	250	2	0	1	250	470	719	1.73e-125	451
d88824803a4a9bee5ba805a07011ee0f	AB302379.1.1335	99.200	250	2	0	1	250	422	671	1.73e-125	451
d88824803a4a9bee5ba805a07011ee0f	AY424898.1.1425	99.200	250	2	0	1	250	467	716	1.73e-125	451
d88824803a4a9bee5ba805a07011ee0f	DQ915615.1.1307	99.200	250	2	0	1	250	422	671	1.73e-125	451
d88824803a4a9bee5ba805a07011ee0f	DQ659449.1.1427	98.800	250	3	0	1	250	468	717	8.04e-124	446
d88824803a4a9bee5ba805a07011ee0f	AFPM01000004.427.1868	98.800	250	3	0	1	250	470	719	8.04e-124	446
d88824803a4a9bee5ba805a07011ee0f	AACY020530876.1585.3030	98.800	250	3	0	1	250	470	719	8.04e-124	446
d88824803a4a9bee5ba805a07011ee0f	FJ403094.1.1424	98.800	250	3	0	1	250	469	718	8.04e-124	446
d88824803a4a9bee5ba805a07011ee0f	JN471854.1.1384	98.800	250	3	0	1	250	457	706	8.04e-124	446
d88824803a4a9bee5ba805a07011ee0f	MG002057.1.1226	98.800	250	3	0	1	250	469	718	8.04e-124	446
d88824803a4a9bee5ba805a07011ee0f	KT952652.1.1427	98.800	250	3	0	1	250	467	716	8.04e-124	446
d88824803a4a9bee5ba805a07011ee0f	CP004393.471931.473401	98.800	250	3	0	1	250	480	729	8.04e-124	446
d88824803a4a9bee5ba805a07011ee0f	CP004393.926009.927479	98.800	250	3	0	1	250	480	729	8.04e-124	446
d88824803a4a9bee5ba805a07011ee0f	JF748735.1.1390	98.800	250	3	0	1	250	451	700	8.04e-124	446
d88824803a4a9bee5ba805a07011ee0f	EU070404.1.1347	98.800	250	3	0	1	250	432	681	8.04e-124	446
d88824803a4a9bee5ba805a07011ee0f	AB491856.1.1456	98.800	250	3	0	1	250	468	717	8.04e-124	446
d88824803a4a9bee5ba805a07011ee0f	KC196069.1.1390	98.800	250	3	0	1	250	450	699	8.04e-124	446
d88824803a4a9bee5ba805a07011ee0f	KX874549.1.1479	98.800	250	3	0	1	250	478	727	8.04e-124	446
d88824803a4a9bee5ba805a07011ee0f	KX784538.1.1209	98.800	250	3	0	1	250	361	610	8.04e-124	446
d88824803a4a9bee5ba805a07011ee0f	KY770359.1.1368	98.800	250	3	0	1	250	445	694	8.04e-124	446
d88824803a4a9bee5ba805a07011ee0f	KY770419.1.1369	98.800	250	3	0	1	250	444	693	8.04e-124	446
d88824803a4a9bee5ba805a07011ee0f	KY770090.1.1368	98.800	250	3	0	1	250	442	691	8.04e-124	446
d88824803a4a9bee5ba805a07011ee0f	KY770175.1.1354	98.800	250	3	0	1	250	445	694	8.04e-124	446
d88824803a4a9bee5ba805a07011ee0f	KY770073.1.1350	98.800	250	3	0	1	250	433	682	8.04e-124	446
d88824803a4a9bee5ba805a07011ee0f	EU440950.1.1428	98.800	250	3	0	1	250	469	718	8.04e-124	446
d88824803a4a9bee5ba805a07011ee0f	KY770055.1.1376	98.800	250	3	0	1	250	446	695	8.04e-124	446
d88824803a4a9bee5ba805a07011ee0f	KY770324.1.1366	98.800	250	3	0	1	250	442	691	8.04e-124	446
d88824803a4a9bee5ba805a07011ee0f	EU336981.1.1420	98.800	250	3	0	1	250	449	698	8.04e-124	446
d88824803a4a9bee5ba805a07011ee0f	KY770072.1.1373	98.800	250	3	0	1	250	445	694	8.04e-124	446
d88824803a4a9bee5ba805a07011ee0f	JX844452.1.1423	98.800	250	3	0	1	250	470	719	8.04e-124	446
d88824803a4a9bee5ba805a07011ee0f	JN885198.1.1386	98.800	250	3	0	1	250	450	699	8.04e-124	446
d88824803a4a9bee5ba805a07011ee0f	JQMY01000001.668093.669539	98.400	250	4	0	1	250	469	718	3.74e-122	440
d88824803a4a9bee5ba805a07011ee0f	JF272047.1.1421	98.400	250	4	0	1	250	468	717	3.74e-122	440
d88824803a4a9bee5ba805a07011ee0f	FJ666157.1.1239	98.400	250	4	0	1	250	470	719	3.74e-122	440
d88824803a4a9bee5ba805a07011ee0f	DQ414420.1.1427	98.400	250	4	0	1	250	470	719	3.74e-122	440
d88824803a4a9bee5ba805a07011ee0f	JN637798.1.1400	98.400	250	4	0	1	250	470	719	3.74e-122	440
d88824803a4a9bee5ba805a07011ee0f	JN637823.1.1430	98.400	250	4	0	1	250	469	718	3.74e-122	440
d88824803a4a9bee5ba805a07011ee0f	DQ675021.1.1421	98.400	250	4	0	1	250	450	699	3.74e-122	440
d88824803a4a9bee5ba805a07011ee0f	FJ203648.1.1389	98.406	251	3	1	1	250	451	701	3.74e-122	440
d88824803a4a9bee5ba805a07011ee0f	JWLC01000009.3735.5201	98.400	250	4	0	1	250	478	727	3.74e-122	440
d88824803a4a9bee5ba805a07011ee0f	FJ203275.1.1387	98.400	250	4	0	1	250	449	698	3.74e-122	440
d88824803a4a9bee5ba805a07011ee0f	JWLD01000096.437.1901	98.400	250	4	0	1	250	478	727	3.74e-122	440
d88824803a4a9bee5ba805a07011ee0f	JHZF01000008.67.1512	98.400	250	4	0	1	250	470	719	3.74e-122	440
d88824803a4a9bee5ba805a07011ee0f	HM366528.1.1416	98.400	250	4	0	1	250	468	717	3.74e-122	440
d88824803a4a9bee5ba805a07011ee0f	JN473235.1.1261	98.400	250	4	0	1	250	401	650	3.74e-122	440
d88824803a4a9bee5ba805a07011ee0f	KM820544.1.1254	98.400	250	4	0	1	250	471	720	3.74e-122	440
