dc7046dd85495600f1e620796b58e504	EF123558.1.1480	99.600	250	1	0	1	250	514	763	3.72e-127	457
dc7046dd85495600f1e620796b58e504	CP031153.248095.249604	99.200	250	2	0	1	250	521	770	1.73e-125	451
dc7046dd85495600f1e620796b58e504	CP031153.5044120.5045629	99.200	250	2	0	1	250	521	770	1.73e-125	451
dc7046dd85495600f1e620796b58e504	CP031153.3616418.3617927	99.200	250	2	0	1	250	521	770	1.73e-125	451
dc7046dd85495600f1e620796b58e504	GQ274041.1.1514	99.200	250	2	0	1	250	521	770	1.73e-125	451
dc7046dd85495600f1e620796b58e504	AB557535.1.1343	99.200	250	2	0	1	250	489	738	1.73e-125	451
dc7046dd85495600f1e620796b58e504	GU233518.1.1474	99.200	250	2	0	1	250	524	773	1.73e-125	451
dc7046dd85495600f1e620796b58e504	KF040476.1.1446	99.200	250	2	0	1	250	503	752	1.73e-125	451
dc7046dd85495600f1e620796b58e504	HM798967.1.1458	98.800	250	3	0	1	250	500	749	8.04e-124	446
dc7046dd85495600f1e620796b58e504	ABIB01000002.610912.612431	98.800	250	3	0	1	250	524	773	8.04e-124	446
dc7046dd85495600f1e620796b58e504	ABIB01000004.173158.174678	98.800	250	3	0	1	250	525	774	8.04e-124	446
dc7046dd85495600f1e620796b58e504	AM930457.1.1449	98.800	250	3	0	1	250	506	755	8.04e-124	446
dc7046dd85495600f1e620796b58e504	GU949540.1.1447	98.800	250	3	0	1	250	519	768	8.04e-124	446
dc7046dd85495600f1e620796b58e504	AB681152.1.1447	98.800	250	3	0	1	250	501	750	8.04e-124	446
dc7046dd85495600f1e620796b58e504	AB758591.1.1393	98.800	250	3	0	1	250	475	724	8.04e-124	446
dc7046dd85495600f1e620796b58e504	JX456458.1.1416	98.800	250	3	0	1	250	508	757	8.04e-124	446
dc7046dd85495600f1e620796b58e504	AY195836.1.1514	98.800	250	3	0	1	250	521	770	8.04e-124	446
dc7046dd85495600f1e620796b58e504	AB017046.1.1485	98.800	250	3	0	1	250	521	770	8.04e-124	446
dc7046dd85495600f1e620796b58e504	JQ515528.1.1520	98.406	251	3	1	1	250	532	782	3.74e-122	440
dc7046dd85495600f1e620796b58e504	ABIB01000005.311139.312659	98.400	250	4	0	1	250	525	774	3.74e-122	440
dc7046dd85495600f1e620796b58e504	KX078451.1.1448	98.400	250	4	0	1	250	506	755	3.74e-122	440
dc7046dd85495600f1e620796b58e504	GU949541.1.1432	98.400	250	4	0	1	250	447	696	3.74e-122	440
dc7046dd85495600f1e620796b58e504	KT589975.1.1444	98.400	250	4	0	1	250	501	750	3.74e-122	440
dc7046dd85495600f1e620796b58e504	JX235671.1.1482	98.400	250	4	0	1	250	506	755	3.74e-122	440
dc7046dd85495600f1e620796b58e504	KP704352.1.1488	98.400	250	4	0	1	250	523	772	3.74e-122	440
dc7046dd85495600f1e620796b58e504	KM502319.1.1418	98.400	250	4	0	1	250	512	761	3.74e-122	440
dc7046dd85495600f1e620796b58e504	KF799040.1.1400	98.400	250	3	1	1	250	521	769	1.35e-121	438
dc7046dd85495600f1e620796b58e504	AF359551.1.1461	98.000	250	5	0	1	250	513	762	1.35e-121	438
dc7046dd85495600f1e620796b58e504	JQ515541.1.1520	96.850	254	3	5	2	250	547	800	4.87e-116	420
dc7046dd85495600f1e620796b58e504	KF787068.1.1390	96.800	250	8	0	1	250	523	772	1.75e-115	418
dc7046dd85495600f1e620796b58e504	FN811302.1.1316	96.800	250	8	0	1	250	485	734	1.75e-115	418
dc7046dd85495600f1e620796b58e504	KU578799.1.1382	96.443	253	3	6	1	250	522	771	8.16e-114	412
dc7046dd85495600f1e620796b58e504	JF117533.1.1353	94.400	250	14	0	1	250	501	750	1.78e-105	385
dc7046dd85495600f1e620796b58e504	AB681890.1.1445	94.400	250	14	0	1	250	499	748	1.78e-105	385
dc7046dd85495600f1e620796b58e504	AB294107.1.1408	94.400	250	14	0	1	250	458	707	1.78e-105	385
dc7046dd85495600f1e620796b58e504	L10948.1.1425	93.600	250	16	0	1	250	526	775	3.85e-102	374
dc7046dd85495600f1e620796b58e504	JX525264.1.1424	93.625	251	14	2	1	250	480	729	3.85e-102	374
dc7046dd85495600f1e620796b58e504	AF468427.1.1466	93.600	250	16	0	1	250	497	746	3.85e-102	374
dc7046dd85495600f1e620796b58e504	GU991524.1.1497	93.600	250	16	0	1	250	511	760	3.85e-102	374
dc7046dd85495600f1e620796b58e504	KM924013.1.1441	93.600	250	16	0	1	250	498	747	3.85e-102	374
dc7046dd85495600f1e620796b58e504	JQ661172.1.1373	93.600	250	16	0	1	250	473	722	3.85e-102	374
dc7046dd85495600f1e620796b58e504	JX525564.1.1428	93.200	250	17	0	1	250	484	733	1.79e-100	368
dc7046dd85495600f1e620796b58e504	JX525371.1.1421	93.200	250	17	0	1	250	478	727	1.79e-100	368
dc7046dd85495600f1e620796b58e504	JN717174.1.1482	93.254	252	13	4	1	250	519	768	1.79e-100	368
dc7046dd85495600f1e620796b58e504	AACY020309696.232.1729	93.254	252	13	4	1	250	521	770	1.79e-100	368
dc7046dd85495600f1e620796b58e504	KF596588.1.1476	93.254	252	13	4	1	250	521	770	1.79e-100	368
dc7046dd85495600f1e620796b58e504	EF092198.1.1426	93.200	250	17	0	1	250	476	725	1.79e-100	368
dc7046dd85495600f1e620796b58e504	FR683198.1.1480	93.200	250	17	0	1	250	518	767	1.79e-100	368
dc7046dd85495600f1e620796b58e504	EU050892.1.1397	93.200	250	17	0	1	250	500	749	1.79e-100	368
dc7046dd85495600f1e620796b58e504	KJ475138.1.1510	93.200	250	17	0	1	250	523	772	1.79e-100	368
