e3d042600d581f52ecc27418bb340dcb	JX984052.1.1227	99.600	250	1	0	1	250	381	630	3.72e-127	457
e3d042600d581f52ecc27418bb340dcb	GU118899.1.1388	97.610	251	3	3	1	250	451	699	2.91e-118	427
e3d042600d581f52ecc27418bb340dcb	FJ202586.1.1405	97.200	250	7	0	1	250	459	708	3.77e-117	424
e3d042600d581f52ecc27418bb340dcb	GQ249531.1.1424	96.825	252	4	4	1	250	469	718	1.75e-115	418
e3d042600d581f52ecc27418bb340dcb	FJ202949.1.1406	96.813	251	6	2	1	250	460	709	1.75e-115	418
e3d042600d581f52ecc27418bb340dcb	KF771503.1.1428	96.825	252	4	4	1	250	470	719	1.75e-115	418
e3d042600d581f52ecc27418bb340dcb	DQ811853.1.1442	96.800	250	8	0	1	250	472	721	1.75e-115	418
e3d042600d581f52ecc27418bb340dcb	AJ633963.1.1308	96.813	251	6	2	1	250	461	710	1.75e-115	418
e3d042600d581f52ecc27418bb340dcb	JN513536.1.1351	96.400	250	9	0	1	250	436	685	8.16e-114	412
e3d042600d581f52ecc27418bb340dcb	JF272033.1.1426	96.414	251	7	2	1	250	470	719	8.16e-114	412
e3d042600d581f52ecc27418bb340dcb	KF271241.1.1388	96.400	250	9	0	1	250	450	699	8.16e-114	412
e3d042600d581f52ecc27418bb340dcb	JN178205.1.1469	96.414	251	8	1	1	250	474	724	8.16e-114	412
e3d042600d581f52ecc27418bb340dcb	GU291327.1.1442	96.400	250	9	0	1	250	476	725	8.16e-114	412
e3d042600d581f52ecc27418bb340dcb	MG738273.1.1447	96.400	250	9	0	1	250	450	699	8.16e-114	412
e3d042600d581f52ecc27418bb340dcb	KY060008.1.1430	96.400	250	9	0	1	250	470	719	8.16e-114	412
e3d042600d581f52ecc27418bb340dcb	KY770749.1.1376	96.400	250	9	0	1	250	443	692	8.16e-114	412
e3d042600d581f52ecc27418bb340dcb	KY770600.1.1375	96.400	250	9	0	1	250	446	695	8.16e-114	412
e3d042600d581f52ecc27418bb340dcb	KY770592.1.1370	96.400	250	9	0	1	250	439	688	8.16e-114	412
e3d042600d581f52ecc27418bb340dcb	KY770488.1.1373	96.400	250	9	0	1	250	445	694	8.16e-114	412
e3d042600d581f52ecc27418bb340dcb	KY770570.1.1377	96.400	250	9	0	1	250	445	694	8.16e-114	412
e3d042600d581f52ecc27418bb340dcb	AJ315682.1.1435	96.400	250	9	0	1	250	460	709	8.16e-114	412
e3d042600d581f52ecc27418bb340dcb	AJ315683.1.1437	96.400	250	9	0	1	250	460	709	8.16e-114	412
e3d042600d581f52ecc27418bb340dcb	JX984060.1.1227	96.016	251	8	2	1	250	381	630	3.79e-112	407
e3d042600d581f52ecc27418bb340dcb	JX984056.1.1226	96.016	251	8	2	1	250	380	629	3.79e-112	407
e3d042600d581f52ecc27418bb340dcb	MG554695.1.1435	96.032	252	7	3	1	250	473	723	3.79e-112	407
e3d042600d581f52ecc27418bb340dcb	KF799093.1.1414	96.016	251	8	2	1	250	470	719	3.79e-112	407
e3d042600d581f52ecc27418bb340dcb	KY190790.1.1391	96.000	250	10	0	1	250	450	699	3.79e-112	407
e3d042600d581f52ecc27418bb340dcb	KX172841.1.1419	96.016	251	8	2	1	250	476	725	3.79e-112	407
e3d042600d581f52ecc27418bb340dcb	FJ202122.1.1406	96.032	252	6	4	1	250	460	709	3.79e-112	407
e3d042600d581f52ecc27418bb340dcb	KF799155.1.1424	96.016	251	8	2	1	250	466	715	3.79e-112	407
e3d042600d581f52ecc27418bb340dcb	EU246273.1.1429	96.000	250	10	0	1	250	470	719	3.79e-112	407
e3d042600d581f52ecc27418bb340dcb	GU118103.1.1388	96.047	253	5	5	1	250	451	701	3.79e-112	407
e3d042600d581f52ecc27418bb340dcb	GBFZ01105336.157.1603	96.000	250	10	0	1	250	470	719	3.79e-112	407
e3d042600d581f52ecc27418bb340dcb	HQ153933.1.1354	96.000	250	10	0	1	250	437	686	3.79e-112	407
e3d042600d581f52ecc27418bb340dcb	AB302385.1.1332	96.000	250	10	0	1	250	421	670	3.79e-112	407
e3d042600d581f52ecc27418bb340dcb	DQ868668.1.1349	96.000	250	10	0	1	250	429	678	3.79e-112	407
e3d042600d581f52ecc27418bb340dcb	JN517065.1.1390	95.635	252	7	4	1	250	458	707	1.77e-110	401
e3d042600d581f52ecc27418bb340dcb	JN534417.1.1353	95.600	250	11	0	1	250	441	690	1.77e-110	401
e3d042600d581f52ecc27418bb340dcb	JX984054.1.1227	95.618	251	9	2	1	250	381	630	1.77e-110	401
e3d042600d581f52ecc27418bb340dcb	JN825345.1.1442	95.600	250	11	0	1	250	484	733	1.77e-110	401
e3d042600d581f52ecc27418bb340dcb	JN467803.1.1310	95.600	250	11	0	1	250	435	684	1.77e-110	401
e3d042600d581f52ecc27418bb340dcb	JN443292.1.1367	95.600	250	11	0	1	250	435	684	1.77e-110	401
e3d042600d581f52ecc27418bb340dcb	KC896680.1.1432	95.600	250	11	0	1	250	470	719	1.77e-110	401
e3d042600d581f52ecc27418bb340dcb	KM454305.1.1361	95.600	250	11	0	1	250	507	756	1.77e-110	401
e3d042600d581f52ecc27418bb340dcb	DQ103623.1.1387	95.600	250	11	0	1	250	449	698	1.77e-110	401
e3d042600d581f52ecc27418bb340dcb	JN018975.1.1317	95.600	250	11	0	1	250	468	717	1.77e-110	401
e3d042600d581f52ecc27418bb340dcb	EU246131.1.1428	95.600	250	11	0	1	250	469	718	1.77e-110	401
e3d042600d581f52ecc27418bb340dcb	EU050751.1.1419	95.600	250	11	0	1	250	478	727	1.77e-110	401
e3d042600d581f52ecc27418bb340dcb	HE803867.1.1407	95.600	250	11	0	1	250	465	714	1.77e-110	401
e3d042600d581f52ecc27418bb340dcb	EU287912.1.1400	95.600	250	11	0	1	250	458	707	1.77e-110	401
