e6daab01447fbf3e6063c099843b69a9	KF786689.1.1361	90.873	252	19	4	1	250	499	748	1.82e-90	335
e6daab01447fbf3e6063c099843b69a9	JN471833.1.1280	90.040	251	23	2	1	250	355	604	3.93e-87	324
e6daab01447fbf3e6063c099843b69a9	JN427917.1.1331	89.641	251	24	2	1	250	484	733	1.83e-85	318
e6daab01447fbf3e6063c099843b69a9	KF975540.1.1489	88.400	250	29	0	1	250	493	742	1.84e-80	302
e6daab01447fbf3e6063c099843b69a9	JN450041.1.1355	88.400	250	28	1	1	250	461	709	6.63e-80	300
e6daab01447fbf3e6063c099843b69a9	EU488362.1.1489	88.000	250	29	1	1	250	514	762	3.08e-78	294
e6daab01447fbf3e6063c099843b69a9	FJ628311.1.1482	87.952	249	29	1	2	250	518	765	1.11e-77	292
e6daab01447fbf3e6063c099843b69a9	KX014321.1.1473	87.952	249	29	1	2	250	507	754	1.11e-77	292
e6daab01447fbf3e6063c099843b69a9	JN461990.1.1432	87.600	250	31	0	1	250	483	732	3.99e-77	291
e6daab01447fbf3e6063c099843b69a9	JN488684.1.1429	87.600	250	31	0	1	250	482	731	3.99e-77	291
e6daab01447fbf3e6063c099843b69a9	JN437071.1.1353	87.698	252	27	4	1	250	448	697	3.99e-77	291
e6daab01447fbf3e6063c099843b69a9	JN452706.1.1388	87.649	251	28	3	1	250	481	729	1.43e-76	289
e6daab01447fbf3e6063c099843b69a9	JN457353.1.1360	87.550	249	31	0	1	249	456	704	1.43e-76	289
e6daab01447fbf3e6063c099843b69a9	FJ628325.1.1472	87.805	246	29	1	2	247	507	751	5.16e-76	287
e6daab01447fbf3e6063c099843b69a9	HM598144.1.1473	87.550	249	30	1	2	250	508	755	5.16e-76	287
e6daab01447fbf3e6063c099843b69a9	GQ348361.1.1362	87.805	246	29	1	2	247	499	743	5.16e-76	287
e6daab01447fbf3e6063c099843b69a9	FN396795.1.1359	87.805	246	29	1	2	247	465	709	5.16e-76	287
e6daab01447fbf3e6063c099843b69a9	JN474583.1.1387	87.200	250	32	0	1	250	460	709	1.86e-75	285
e6daab01447fbf3e6063c099843b69a9	JX521410.1.1463	87.302	252	27	5	1	250	494	742	6.67e-75	283
e6daab01447fbf3e6063c099843b69a9	JN825481.1.1373	87.200	250	31	1	1	250	445	693	6.67e-75	283
e6daab01447fbf3e6063c099843b69a9	KU578514.1.1372	87.200	250	31	1	1	250	510	758	6.67e-75	283
e6daab01447fbf3e6063c099843b69a9	KP814655.1.1448	87.449	247	30	1	1	247	491	736	6.67e-75	283
e6daab01447fbf3e6063c099843b69a9	EU134162.1.1320	87.149	249	31	1	2	250	470	717	2.40e-74	281
e6daab01447fbf3e6063c099843b69a9	JN471662.1.1311	86.800	250	32	1	1	250	445	693	3.10e-73	278
e6daab01447fbf3e6063c099843b69a9	HQ727647.1.1466	86.800	250	32	1	1	250	498	746	3.10e-73	278
e6daab01447fbf3e6063c099843b69a9	AY592648.1.1294	86.800	250	32	1	1	250	486	734	3.10e-73	278
e6daab01447fbf3e6063c099843b69a9	FJ516783.1.1453	86.561	253	28	6	1	250	485	734	4.02e-72	274
e6daab01447fbf3e6063c099843b69a9	JF809748.1.1384	86.614	254	26	5	1	250	507	756	4.02e-72	274
e6daab01447fbf3e6063c099843b69a9	JN977165.1.1502	86.400	250	33	1	1	250	506	754	1.44e-71	272
e6daab01447fbf3e6063c099843b69a9	KX172540.1.1433	86.561	253	27	4	1	250	487	735	1.44e-71	272
e6daab01447fbf3e6063c099843b69a9	KR086490.1.1481	86.561	253	27	4	1	250	513	761	1.44e-71	272
e6daab01447fbf3e6063c099843b69a9	JQ769665.1.1457	86.400	250	33	1	1	250	491	739	1.44e-71	272
e6daab01447fbf3e6063c099843b69a9	GQ182604.1.1354	87.342	237	29	1	2	238	491	726	5.19e-71	270
e6daab01447fbf3e6063c099843b69a9	JQ989498.1.1471	86.111	252	32	3	1	250	493	743	5.19e-71	270
e6daab01447fbf3e6063c099843b69a9	FJ545469.1.1504	86.220	254	27	5	1	250	507	756	1.87e-70	268
e6daab01447fbf3e6063c099843b69a9	HQ916633.1.1370	86.220	254	27	5	1	250	455	704	1.87e-70	268
e6daab01447fbf3e6063c099843b69a9	FJ545492.1.1519	87.190	242	23	5	1	238	507	744	1.87e-70	268
e6daab01447fbf3e6063c099843b69a9	JN886921.1.1461	86.000	250	35	0	1	250	499	748	1.87e-70	268
e6daab01447fbf3e6063c099843b69a9	JN977294.1.1502	86.235	247	33	1	1	247	505	750	6.72e-70	267
e6daab01447fbf3e6063c099843b69a9	JN521988.1.1421	86.056	251	32	3	1	250	471	719	6.72e-70	267
e6daab01447fbf3e6063c099843b69a9	FJ455877.1.1481	86.235	247	31	3	3	247	515	760	6.72e-70	267
e6daab01447fbf3e6063c099843b69a9	HM445199.1.1318	86.000	250	34	1	1	250	454	702	6.72e-70	267
e6daab01447fbf3e6063c099843b69a9	EF208653.1.1472	86.166	253	28	4	1	250	507	755	6.72e-70	267
e6daab01447fbf3e6063c099843b69a9	MG520376.1.1390	86.166	253	28	4	1	250	466	714	6.72e-70	267
e6daab01447fbf3e6063c099843b69a9	AY869683.1.1477	86.400	250	27	4	1	247	511	756	6.72e-70	267
e6daab01447fbf3e6063c099843b69a9	AY542195.1.1344	86.235	247	33	1	1	247	517	762	6.72e-70	267
e6daab01447fbf3e6063c099843b69a9	FPLP01009845.9.1430	86.000	250	32	3	2	250	497	744	2.42e-69	265
e6daab01447fbf3e6063c099843b69a9	MWDU01000017.46184.47695	85.944	249	34	1	2	250	515	762	2.42e-69	265
e6daab01447fbf3e6063c099843b69a9	KM356633.1.1444	86.056	251	30	4	2	250	499	746	2.42e-69	265
e6daab01447fbf3e6063c099843b69a9	LT859958.676029.677531	85.944	249	34	1	2	250	511	758	2.42e-69	265
