ee5ce94af849f2ecc6903cdf90e264b0	KM454361.1.1372	98.400	250	4	0	1	250	500	749	3.74e-122	440
ee5ce94af849f2ecc6903cdf90e264b0	KX097200.1.1471	98.000	250	5	0	1	250	496	745	1.74e-120	435
ee5ce94af849f2ecc6903cdf90e264b0	KX097141.1.1457	98.000	250	5	0	1	250	482	731	1.74e-120	435
ee5ce94af849f2ecc6903cdf90e264b0	KX097134.1.1516	97.600	250	6	0	1	250	541	790	8.10e-119	429
ee5ce94af849f2ecc6903cdf90e264b0	AY375064.1.1461	97.600	250	6	0	1	250	485	734	8.10e-119	429
ee5ce94af849f2ecc6903cdf90e264b0	EU035887.1.1460	97.600	250	6	0	1	250	482	731	8.10e-119	429
ee5ce94af849f2ecc6903cdf90e264b0	HM598213.1.1458	97.200	250	7	0	1	250	482	731	3.77e-117	424
ee5ce94af849f2ecc6903cdf90e264b0	KX172353.1.1432	97.200	250	7	0	1	250	476	725	3.77e-117	424
ee5ce94af849f2ecc6903cdf90e264b0	JX226842.1.1459	97.200	250	7	0	1	250	483	732	3.77e-117	424
ee5ce94af849f2ecc6903cdf90e264b0	JX226851.1.1458	97.200	250	7	0	1	250	482	731	3.77e-117	424
ee5ce94af849f2ecc6903cdf90e264b0	JX227382.1.1473	97.200	250	7	0	1	250	496	745	3.77e-117	424
ee5ce94af849f2ecc6903cdf90e264b0	KT336084.1.1423	97.200	250	7	0	1	250	466	715	3.77e-117	424
ee5ce94af849f2ecc6903cdf90e264b0	HQ721464.1.1406	97.200	250	7	0	1	250	448	697	3.77e-117	424
ee5ce94af849f2ecc6903cdf90e264b0	KC009863.1.1345	96.800	250	8	0	1	250	471	720	1.75e-115	418
ee5ce94af849f2ecc6903cdf90e264b0	HM798889.1.1393	96.800	250	8	0	1	250	446	695	1.75e-115	418
ee5ce94af849f2ecc6903cdf90e264b0	KT952663.1.1459	96.800	250	8	0	1	250	481	730	1.75e-115	418
ee5ce94af849f2ecc6903cdf90e264b0	KF771544.1.1448	96.800	250	8	0	1	250	470	719	1.75e-115	418
ee5ce94af849f2ecc6903cdf90e264b0	JX000982.1.1418	96.800	250	8	0	1	250	462	711	1.75e-115	418
ee5ce94af849f2ecc6903cdf90e264b0	KF771543.1.1457	96.800	250	8	0	1	250	482	731	1.75e-115	418
ee5ce94af849f2ecc6903cdf90e264b0	KM454255.1.1355	96.800	250	8	0	1	250	481	730	1.75e-115	418
ee5ce94af849f2ecc6903cdf90e264b0	EU491212.1.1508	96.800	250	8	0	1	250	530	779	1.75e-115	418
ee5ce94af849f2ecc6903cdf90e264b0	GU119140.1.1418	96.800	250	8	0	1	250	461	710	1.75e-115	418
ee5ce94af849f2ecc6903cdf90e264b0	JQ347488.1.1300	96.800	250	8	0	1	250	386	635	1.75e-115	418
ee5ce94af849f2ecc6903cdf90e264b0	KY861742.1.1376	96.800	250	8	0	1	250	436	685	1.75e-115	418
ee5ce94af849f2ecc6903cdf90e264b0	JF514252.1.1448	96.400	250	9	0	1	250	470	719	8.16e-114	412
ee5ce94af849f2ecc6903cdf90e264b0	JX984051.1.1249	96.400	250	9	0	1	250	382	631	8.16e-114	412
ee5ce94af849f2ecc6903cdf90e264b0	FJ203487.1.1419	96.400	250	9	0	1	250	463	712	8.16e-114	412
ee5ce94af849f2ecc6903cdf90e264b0	KT748616.1.1486	96.400	250	9	0	1	250	490	739	8.16e-114	412
ee5ce94af849f2ecc6903cdf90e264b0	KX173258.1.1419	96.400	250	9	0	1	250	462	711	8.16e-114	412
ee5ce94af849f2ecc6903cdf90e264b0	KR857649.1.1456	96.400	250	9	0	1	250	481	730	8.16e-114	412
ee5ce94af849f2ecc6903cdf90e264b0	EU491636.1.1397	96.400	250	9	0	1	250	441	690	8.16e-114	412
ee5ce94af849f2ecc6903cdf90e264b0	KU578746.1.1347	96.400	250	9	0	1	250	481	730	8.16e-114	412
ee5ce94af849f2ecc6903cdf90e264b0	EU236365.1.1358	96.400	250	9	0	1	250	433	682	8.16e-114	412
ee5ce94af849f2ecc6903cdf90e264b0	AJ633953.1.1331	96.400	250	9	0	1	250	463	712	8.16e-114	412
ee5ce94af849f2ecc6903cdf90e264b0	AB806474.1.1424	96.400	250	9	0	1	250	462	711	8.16e-114	412
ee5ce94af849f2ecc6903cdf90e264b0	LN563361.1.1329	96.400	250	9	0	1	250	460	709	8.16e-114	412
ee5ce94af849f2ecc6903cdf90e264b0	KC238350.1.1445	96.400	250	9	0	1	250	470	719	8.16e-114	412
ee5ce94af849f2ecc6903cdf90e264b0	JN441169.1.1374	96.000	250	10	0	1	250	465	714	3.79e-112	407
ee5ce94af849f2ecc6903cdf90e264b0	JN860394.1.1476	96.000	250	10	0	1	250	497	746	3.79e-112	407
ee5ce94af849f2ecc6903cdf90e264b0	HM598135.1.1457	96.000	250	10	0	1	250	482	731	3.79e-112	407
ee5ce94af849f2ecc6903cdf90e264b0	EU491603.1.1422	96.000	250	10	0	1	250	464	713	3.79e-112	407
ee5ce94af849f2ecc6903cdf90e264b0	GQ246350.1.1457	96.000	250	10	0	1	250	482	731	3.79e-112	407
ee5ce94af849f2ecc6903cdf90e264b0	AY913245.1.1415	96.000	250	10	0	1	250	468	717	3.79e-112	407
ee5ce94af849f2ecc6903cdf90e264b0	JX138660.1.1463	96.000	250	10	0	1	250	485	734	3.79e-112	407
ee5ce94af849f2ecc6903cdf90e264b0	DQ289899.1.1357	96.000	250	10	0	1	250	482	731	3.79e-112	407
ee5ce94af849f2ecc6903cdf90e264b0	GU118597.1.1418	96.000	250	10	0	1	250	461	710	3.79e-112	407
ee5ce94af849f2ecc6903cdf90e264b0	KC668906.1.1459	96.000	250	10	0	1	250	483	732	3.79e-112	407
ee5ce94af849f2ecc6903cdf90e264b0	GU118045.1.1421	96.000	250	9	1	1	250	461	709	1.36e-111	405
ee5ce94af849f2ecc6903cdf90e264b0	KT952725.1.1410	95.618	251	10	1	1	250	483	733	4.91e-111	403
ee5ce94af849f2ecc6903cdf90e264b0	FJ640818.1.1474	95.600	250	11	0	1	250	498	747	1.77e-110	401
