f350736f34a7a50e557b76944ec1ce8e	JN457353.1.1360	93.976	249	15	0	1	249	456	704	2.98e-103	377
f350736f34a7a50e557b76944ec1ce8e	JN461990.1.1432	93.600	250	16	0	1	250	483	732	3.85e-102	374
f350736f34a7a50e557b76944ec1ce8e	JN474583.1.1387	92.800	250	18	0	1	250	460	709	8.33e-99	363
f350736f34a7a50e557b76944ec1ce8e	JN488684.1.1429	92.032	251	18	2	1	250	482	731	1.80e-95	351
f350736f34a7a50e557b76944ec1ce8e	JN427917.1.1331	92.000	250	20	0	1	250	484	733	1.80e-95	351
f350736f34a7a50e557b76944ec1ce8e	JN471833.1.1280	91.633	251	19	2	1	250	355	604	8.39e-94	346
f350736f34a7a50e557b76944ec1ce8e	JN432540.1.1416	91.270	252	18	4	1	250	464	713	3.90e-92	340
f350736f34a7a50e557b76944ec1ce8e	FJ516783.1.1453	89.723	253	20	6	1	250	485	734	1.83e-85	318
f350736f34a7a50e557b76944ec1ce8e	KF786689.1.1361	89.804	255	16	6	1	250	499	748	1.83e-85	318
f350736f34a7a50e557b76944ec1ce8e	KM454263.1.1362	89.600	250	25	1	1	250	501	749	6.58e-85	316
f350736f34a7a50e557b76944ec1ce8e	KF975540.1.1489	88.845	251	26	2	1	250	493	742	3.96e-82	307
f350736f34a7a50e557b76944ec1ce8e	JN437071.1.1353	88.095	252	26	4	1	250	448	697	8.57e-79	296
f350736f34a7a50e557b76944ec1ce8e	KF596666.1.1441	88.095	252	25	5	1	250	479	727	3.08e-78	294
f350736f34a7a50e557b76944ec1ce8e	JQ925049.1.1462	87.649	251	29	2	1	250	512	761	1.11e-77	292
f350736f34a7a50e557b76944ec1ce8e	JN430147.1.1403	87.600	250	30	1	1	250	472	720	1.43e-76	289
f350736f34a7a50e557b76944ec1ce8e	GQ357031.1.1483	87.550	249	30	1	2	250	519	766	5.16e-76	287
f350736f34a7a50e557b76944ec1ce8e	FJ628311.1.1482	87.600	250	28	3	2	250	518	765	5.16e-76	287
f350736f34a7a50e557b76944ec1ce8e	KM356633.1.1444	87.149	249	31	1	2	250	499	746	2.40e-74	281
f350736f34a7a50e557b76944ec1ce8e	FM165235.1.1462	86.853	251	31	2	1	250	501	750	8.63e-74	279
f350736f34a7a50e557b76944ec1ce8e	JN696298.1.1306	86.905	252	28	4	1	250	454	702	3.10e-73	278
f350736f34a7a50e557b76944ec1ce8e	JN452706.1.1388	86.800	250	32	1	1	250	481	729	3.10e-73	278
f350736f34a7a50e557b76944ec1ce8e	MF314632.1.1464	86.800	250	32	1	1	250	493	741	3.10e-73	278
f350736f34a7a50e557b76944ec1ce8e	EU133989.1.1328	86.905	252	28	5	1	250	479	727	3.10e-73	278
f350736f34a7a50e557b76944ec1ce8e	KC432261.1.1321	86.905	252	28	5	1	250	476	724	3.10e-73	278
f350736f34a7a50e557b76944ec1ce8e	JQ086951.1.1417	86.747	249	28	5	1	247	493	738	1.44e-71	272
f350736f34a7a50e557b76944ec1ce8e	HM992542.1.1337	86.694	248	30	3	1	247	465	710	1.44e-71	272
f350736f34a7a50e557b76944ec1ce8e	GQ182779.1.1356	86.400	250	33	1	1	250	491	739	1.44e-71	272
f350736f34a7a50e557b76944ec1ce8e	JN607039.1.1312	86.508	252	28	6	1	250	462	709	1.44e-71	272
f350736f34a7a50e557b76944ec1ce8e	EU134159.1.1327	86.508	252	29	5	1	250	472	720	1.44e-71	272
f350736f34a7a50e557b76944ec1ce8e	EF688367.1.1458	86.400	250	33	1	1	250	496	744	1.44e-71	272
f350736f34a7a50e557b76944ec1ce8e	AF050566.1.1418	86.747	249	28	5	1	247	471	716	1.44e-71	272
f350736f34a7a50e557b76944ec1ce8e	KJ877454.1.1347	86.640	247	32	1	1	247	488	733	1.44e-71	272
f350736f34a7a50e557b76944ec1ce8e	AB780891.1.1434	86.694	248	30	3	1	247	486	731	1.44e-71	272
f350736f34a7a50e557b76944ec1ce8e	JQ292916.1.1462	86.640	247	32	1	1	247	500	745	1.44e-71	272
f350736f34a7a50e557b76944ec1ce8e	JX521410.1.1463	86.111	252	30	5	1	250	494	742	6.72e-70	267
f350736f34a7a50e557b76944ec1ce8e	KU324268.1.1471	86.235	247	33	1	1	247	506	751	6.72e-70	267
f350736f34a7a50e557b76944ec1ce8e	JQ769730.1.1475	86.166	253	28	5	1	250	498	746	6.72e-70	267
f350736f34a7a50e557b76944ec1ce8e	JQ817427.1.1559	86.235	247	33	1	1	247	579	824	6.72e-70	267
f350736f34a7a50e557b76944ec1ce8e	EU283577.1.1328	86.235	247	33	1	1	247	483	728	6.72e-70	267
f350736f34a7a50e557b76944ec1ce8e	KM356677.1.1432	86.235	247	33	1	1	247	486	731	6.72e-70	267
f350736f34a7a50e557b76944ec1ce8e	AY592366.1.1311	86.235	247	33	1	1	247	489	734	6.72e-70	267
f350736f34a7a50e557b76944ec1ce8e	FN824850.1.1276	87.137	241	24	7	1	238	457	693	6.72e-70	267
f350736f34a7a50e557b76944ec1ce8e	HQ385595.1.1348	86.166	253	28	5	1	250	487	735	6.72e-70	267
f350736f34a7a50e557b76944ec1ce8e	FJ638606.1.1377	86.111	252	28	7	2	250	452	699	2.42e-69	265
f350736f34a7a50e557b76944ec1ce8e	HQ588504.1.1355	86.056	251	30	5	2	250	499	746	2.42e-69	265
f350736f34a7a50e557b76944ec1ce8e	AB243672.1.1425	86.111	252	28	7	2	250	480	727	2.42e-69	265
f350736f34a7a50e557b76944ec1ce8e	JN433325.1.1425	85.657	251	34	2	1	250	477	726	8.69e-69	263
f350736f34a7a50e557b76944ec1ce8e	EU580688.1.1201	85.657	251	34	2	1	250	387	636	8.69e-69	263
f350736f34a7a50e557b76944ec1ce8e	FJ821660.1.1354	85.714	252	33	3	1	250	424	674	8.69e-69	263
f350736f34a7a50e557b76944ec1ce8e	JX828415.1.1463	85.944	249	30	5	1	247	497	742	3.13e-68	261
