8c1c92a2933f4f26dfb3303d467913af	AB557547.1.1477	100.000	250	0	0	1	250	521	770	7.99e-129	462
8c1c92a2933f4f26dfb3303d467913af	DQ191183.1.1500	94.444	252	10	4	1	250	507	756	1.78e-105	385
8c1c92a2933f4f26dfb3303d467913af	JN533772.1.1442	94.444	252	10	4	1	250	512	761	1.78e-105	385
8c1c92a2933f4f26dfb3303d467913af	AB073567.1.1394	94.400	250	10	4	3	250	484	731	2.30e-104	381
8c1c92a2933f4f26dfb3303d467913af	KP030831.1.1419	94.048	252	11	4	1	250	469	718	8.27e-104	379
8c1c92a2933f4f26dfb3303d467913af	KC493245.1.1406	93.600	250	16	0	1	250	474	723	1.07e-102	375
8c1c92a2933f4f26dfb3303d467913af	CP030104.2878466.2879987	93.600	250	16	0	1	250	528	777	3.85e-102	374
8c1c92a2933f4f26dfb3303d467913af	CP030104.989150.990671	93.600	250	16	0	1	250	528	777	3.85e-102	374
8c1c92a2933f4f26dfb3303d467913af	JX193309.1.1520	93.600	250	16	0	1	250	524	773	3.85e-102	374
8c1c92a2933f4f26dfb3303d467913af	JQ579928.1.1484	93.651	252	12	4	1	250	525	774	3.85e-102	374
8c1c92a2933f4f26dfb3303d467913af	JN036550.1.1340	93.600	250	16	0	1	250	513	762	3.85e-102	374
8c1c92a2933f4f26dfb3303d467913af	KF612585.1.1430	93.651	252	12	4	1	250	501	750	3.85e-102	374
8c1c92a2933f4f26dfb3303d467913af	KY190853.1.1445	93.200	250	17	0	1	250	499	748	1.79e-100	368
8c1c92a2933f4f26dfb3303d467913af	KX343048.1.1466	93.200	250	17	0	1	250	513	762	1.79e-100	368
8c1c92a2933f4f26dfb3303d467913af	KF277769.1.1406	93.200	250	17	0	1	250	484	733	1.79e-100	368
8c1c92a2933f4f26dfb3303d467913af	AM497875.1.1481	93.200	250	17	0	1	250	505	754	1.79e-100	368
8c1c92a2933f4f26dfb3303d467913af	JQ907345.1.1488	93.200	250	17	0	1	250	523	772	1.79e-100	368
8c1c92a2933f4f26dfb3303d467913af	JQ661005.1.1393	93.200	250	17	0	1	250	476	725	1.79e-100	368
8c1c92a2933f4f26dfb3303d467913af	KU315480.1.1487	93.281	253	12	5	1	250	523	773	1.79e-100	368
8c1c92a2933f4f26dfb3303d467913af	JQ069961.1.1488	93.200	250	17	0	1	250	523	772	1.79e-100	368
8c1c92a2933f4f26dfb3303d467913af	KF385495.1.1321	92.800	250	18	0	1	250	510	759	6.44e-100	366
8c1c92a2933f4f26dfb3303d467913af	LC171276.1.1450	92.800	250	18	0	1	250	504	753	8.33e-99	363
8c1c92a2933f4f26dfb3303d467913af	KY190948.1.1450	92.800	250	18	0	1	250	504	753	8.33e-99	363
8c1c92a2933f4f26dfb3303d467913af	KF616716.1.1454	92.800	250	18	0	1	250	508	757	8.33e-99	363
8c1c92a2933f4f26dfb3303d467913af	EU236427.1.1380	92.800	250	18	0	1	250	471	720	8.33e-99	363
8c1c92a2933f4f26dfb3303d467913af	JF769708.1.1521	92.800	250	18	0	1	250	525	774	8.33e-99	363
8c1c92a2933f4f26dfb3303d467913af	CP002157.2282568.2284121	92.800	250	18	0	1	250	542	791	8.33e-99	363
8c1c92a2933f4f26dfb3303d467913af	CP002157.307217.308770	92.800	250	18	0	1	250	542	791	8.33e-99	363
8c1c92a2933f4f26dfb3303d467913af	JQ287353.1.1488	92.800	250	18	0	1	250	523	772	8.33e-99	363
8c1c92a2933f4f26dfb3303d467913af	HQ326295.1.1485	92.800	250	18	0	1	250	523	772	8.33e-99	363
8c1c92a2933f4f26dfb3303d467913af	AF052742.1.1444	92.800	250	18	0	1	250	501	750	8.33e-99	363
8c1c92a2933f4f26dfb3303d467913af	KF612587.1.1449	92.800	250	18	0	1	250	503	752	8.33e-99	363
8c1c92a2933f4f26dfb3303d467913af	KJ590684.1.1485	92.800	250	18	0	1	250	521	770	8.33e-99	363
8c1c92a2933f4f26dfb3303d467913af	JQ898113.1.1414	92.800	250	18	0	1	250	484	733	8.33e-99	363
8c1c92a2933f4f26dfb3303d467913af	EF108216.1.1453	92.800	250	18	0	1	250	505	754	8.33e-99	363
8c1c92a2933f4f26dfb3303d467913af	AB073573.1.1395	92.829	251	17	1	1	250	483	733	8.33e-99	363
8c1c92a2933f4f26dfb3303d467913af	EU512921.1.1410	92.800	250	18	0	1	250	516	765	8.33e-99	363
8c1c92a2933f4f26dfb3303d467913af	JQ660963.1.1396	92.800	250	18	0	1	250	476	725	8.33e-99	363
8c1c92a2933f4f26dfb3303d467913af	JX854280.1.1304	92.800	250	18	0	1	250	421	670	8.33e-99	363
8c1c92a2933f4f26dfb3303d467913af	JX854411.1.1342	92.800	250	18	0	1	250	447	696	8.33e-99	363
8c1c92a2933f4f26dfb3303d467913af	JX854358.1.1251	92.800	250	18	0	1	250	407	656	8.33e-99	363
8c1c92a2933f4f26dfb3303d467913af	AY162121.1.1391	92.857	252	13	5	1	250	524	772	3.00e-98	361
8c1c92a2933f4f26dfb3303d467913af	KY190910.1.1451	92.400	250	19	0	1	250	505	754	3.88e-97	357
8c1c92a2933f4f26dfb3303d467913af	LXTT01000106.325.1830	92.400	250	19	0	1	250	525	774	3.88e-97	357
8c1c92a2933f4f26dfb3303d467913af	DQ486480.1.1439	92.400	250	19	0	1	250	503	752	3.88e-97	357
8c1c92a2933f4f26dfb3303d467913af	LAZR01026266.489.2006	92.400	250	19	0	1	250	523	772	3.88e-97	357
8c1c92a2933f4f26dfb3303d467913af	DQ280371.1.1407	92.400	250	19	0	1	250	482	731	3.88e-97	357
8c1c92a2933f4f26dfb3303d467913af	FJ545565.1.1515	92.400	250	19	0	1	250	519	768	3.88e-97	357
8c1c92a2933f4f26dfb3303d467913af	DQ334619.1.1357	92.400	250	19	0	1	250	488	737	3.88e-97	357
8c1c92a2933f4f26dfb3303d467913af	CP022957.2897371.2898902	92.400	250	19	0	1	250	530	779	3.88e-97	357
586c2be5954b42ef51e9bed9174e326f	FJ203189.1.1448	96.800	250	8	0	1	250	504	753	1.75e-115	418
586c2be5954b42ef51e9bed9174e326f	JN118551.1.1437	96.800	250	8	0	1	250	493	742	1.75e-115	418
586c2be5954b42ef51e9bed9174e326f	AY372916.1.1432	96.047	253	7	3	1	250	514	766	1.06e-112	409
586c2be5954b42ef51e9bed9174e326f	JF769494.1.1516	96.000	250	10	0	1	250	523	772	3.79e-112	407
586c2be5954b42ef51e9bed9174e326f	HQ443399.1.1326	96.000	250	10	0	1	250	442	691	3.79e-112	407
586c2be5954b42ef51e9bed9174e326f	AB377123.1.1422	96.000	250	10	0	1	250	496	745	3.79e-112	407
586c2be5954b42ef51e9bed9174e326f	KF282372.1.1391	96.000	250	10	0	1	250	476	725	3.79e-112	407
586c2be5954b42ef51e9bed9174e326f	KF282356.1.1400	96.000	250	10	0	1	250	478	727	3.79e-112	407
586c2be5954b42ef51e9bed9174e326f	FJ203005.1.1467	95.600	250	11	0	1	250	513	762	1.77e-110	401
586c2be5954b42ef51e9bed9174e326f	CP011071.2522506.2524019	95.600	250	11	0	1	250	525	774	1.77e-110	401
586c2be5954b42ef51e9bed9174e326f	CP011071.873015.874528	95.600	250	11	0	1	250	525	774	1.77e-110	401
586c2be5954b42ef51e9bed9174e326f	KF179788.1.1448	95.618	251	10	1	1	250	503	753	1.77e-110	401
586c2be5954b42ef51e9bed9174e326f	AY654763.1.1440	95.618	251	10	1	1	250	500	750	1.77e-110	401
586c2be5954b42ef51e9bed9174e326f	HM022747.1.1315	95.600	250	11	0	1	250	486	735	1.77e-110	401
586c2be5954b42ef51e9bed9174e326f	EU564844.1.1438	95.600	250	11	0	1	250	482	731	1.77e-110	401
586c2be5954b42ef51e9bed9174e326f	KU315485.1.1482	95.600	250	11	0	1	250	521	770	1.77e-110	401
586c2be5954b42ef51e9bed9174e326f	MF629789.1.1393	95.600	250	10	1	1	250	481	729	6.35e-110	399
586c2be5954b42ef51e9bed9174e326f	EF123537.1.1488	95.200	250	12	0	1	250	523	772	8.21e-109	396
586c2be5954b42ef51e9bed9174e326f	FJ952682.1.1486	95.200	250	12	0	1	250	521	770	8.21e-109	396
586c2be5954b42ef51e9bed9174e326f	AFOE01000057.3426.4930	94.800	250	13	0	1	250	524	773	3.82e-107	390
586c2be5954b42ef51e9bed9174e326f	MH492322.1.1512	94.800	250	13	0	1	250	523	772	3.82e-107	390
586c2be5954b42ef51e9bed9174e326f	GU118862.1.1444	94.841	252	7	5	1	250	502	749	1.37e-106	388
586c2be5954b42ef51e9bed9174e326f	LC329340.1.1448	94.422	251	12	2	1	250	505	754	1.78e-105	385
586c2be5954b42ef51e9bed9174e326f	GU118047.1.1446	94.048	252	11	3	1	250	502	751	8.27e-104	379
586c2be5954b42ef51e9bed9174e326f	KU560488.1.1398	94.000	250	15	0	1	250	465	714	8.27e-104	379
586c2be5954b42ef51e9bed9174e326f	AB073573.1.1395	94.024	251	14	1	1	250	483	733	8.27e-104	379
586c2be5954b42ef51e9bed9174e326f	KC545284.1.1520	93.625	251	15	1	1	250	526	776	3.85e-102	374
586c2be5954b42ef51e9bed9174e326f	EF092186.1.1389	93.200	250	17	0	1	250	460	709	1.79e-100	368
586c2be5954b42ef51e9bed9174e326f	JX501249.1.1485	93.200	250	17	0	1	250	523	772	1.79e-100	368
586c2be5954b42ef51e9bed9174e326f	FJ792184.1.1379	93.200	250	17	0	1	250	520	769	1.79e-100	368
586c2be5954b42ef51e9bed9174e326f	DQ334659.1.1284	92.800	250	18	0	1	250	452	701	8.33e-99	363
586c2be5954b42ef51e9bed9174e326f	LXTT01000106.325.1830	92.400	250	19	0	1	250	525	774	3.88e-97	357
586c2be5954b42ef51e9bed9174e326f	DQ191183.1.1500	92.400	250	19	0	1	250	507	756	3.88e-97	357
586c2be5954b42ef51e9bed9174e326f	DQ486480.1.1439	92.400	250	19	0	1	250	503	752	3.88e-97	357
586c2be5954b42ef51e9bed9174e326f	JQNJ01000001.768010.769513	92.400	250	19	0	1	250	523	772	3.88e-97	357
586c2be5954b42ef51e9bed9174e326f	JN533772.1.1442	92.400	250	19	0	1	250	512	761	3.88e-97	357
586c2be5954b42ef51e9bed9174e326f	KJ754657.1.1386	92.400	250	19	0	1	250	502	751	3.88e-97	357
586c2be5954b42ef51e9bed9174e326f	KF724486.1.1487	92.400	250	19	0	1	250	525	774	3.88e-97	357
586c2be5954b42ef51e9bed9174e326f	AY654756.1.1381	92.032	251	18	2	1	250	491	740	3.88e-97	357
586c2be5954b42ef51e9bed9174e326f	MG563767.1.1423	92.400	250	19	0	1	250	490	739	3.88e-97	357
586c2be5954b42ef51e9bed9174e326f	KY060010.1.1490	92.400	250	19	0	1	250	525	774	3.88e-97	357
586c2be5954b42ef51e9bed9174e326f	KX989438.1.1422	92.400	250	19	0	1	250	489	738	3.88e-97	357
586c2be5954b42ef51e9bed9174e326f	KX874649.1.1432	92.400	250	19	0	1	250	496	745	3.88e-97	357
586c2be5954b42ef51e9bed9174e326f	AM403221.1.1349	92.400	250	19	0	1	250	432	681	3.88e-97	357
586c2be5954b42ef51e9bed9174e326f	KY770389.1.1421	92.400	250	19	0	1	250	496	745	3.88e-97	357
586c2be5954b42ef51e9bed9174e326f	KY770143.1.1413	92.400	250	19	0	1	250	478	727	3.88e-97	357
586c2be5954b42ef51e9bed9174e326f	KU315479.1.1513	92.400	250	19	0	1	250	536	785	3.88e-97	357
586c2be5954b42ef51e9bed9174e326f	AB073567.1.1394	92.339	248	19	0	3	250	484	731	5.01e-96	353
586c2be5954b42ef51e9bed9174e326f	FJ517032.1.1489	92.000	250	20	0	1	250	524	773	1.80e-95	351
586c2be5954b42ef51e9bed9174e326f	FJ675502.1.1394	92.063	252	16	3	1	250	524	773	1.80e-95	351
54c50063587f67263d19f43df94a5866	KX172629.1.1444	90.000	250	25	0	1	250	501	750	3.93e-87	324
54c50063587f67263d19f43df94a5866	AB983370.1.1442	90.000	250	25	0	1	250	499	748	3.93e-87	324
54c50063587f67263d19f43df94a5866	KM820607.1.1481	89.600	250	26	0	1	250	518	767	1.83e-85	318
54c50063587f67263d19f43df94a5866	AM747353.1.1287	89.200	250	27	0	1	250	464	713	8.51e-84	313
54c50063587f67263d19f43df94a5866	GU119445.1.1443	89.200	250	27	0	1	250	496	745	8.51e-84	313
54c50063587f67263d19f43df94a5866	JQ196486.1.1356	89.200	250	27	0	1	250	498	747	8.51e-84	313
54c50063587f67263d19f43df94a5866	JN717174.1.1482	88.800	250	28	0	1	250	519	768	3.96e-82	307
54c50063587f67263d19f43df94a5866	KT851860.1.1484	88.800	250	28	0	1	250	521	770	3.96e-82	307
54c50063587f67263d19f43df94a5866	KX014262.1.1481	88.800	250	28	0	1	250	520	769	3.96e-82	307
54c50063587f67263d19f43df94a5866	KM820450.1.1483	88.800	250	28	0	1	250	520	769	3.96e-82	307
54c50063587f67263d19f43df94a5866	JX016885.1.1476	88.800	250	28	0	1	250	517	766	3.96e-82	307
54c50063587f67263d19f43df94a5866	EU592336.1.1449	88.800	250	28	0	1	250	521	770	3.96e-82	307
54c50063587f67263d19f43df94a5866	DQ376560.1.1483	88.800	250	28	0	1	250	508	757	3.96e-82	307
54c50063587f67263d19f43df94a5866	AY258123.1.1413	88.800	250	28	0	1	250	489	738	3.96e-82	307
54c50063587f67263d19f43df94a5866	JQ661026.1.1387	88.800	250	28	0	1	250	473	722	3.96e-82	307
54c50063587f67263d19f43df94a5866	JQ033983.1.1380	88.800	250	28	0	1	250	468	717	3.96e-82	307
54c50063587f67263d19f43df94a5866	MG013072.1.1482	88.400	250	29	0	1	250	522	771	1.84e-80	302
54c50063587f67263d19f43df94a5866	HM057636.1.1518	88.400	250	29	0	1	250	540	789	1.84e-80	302
54c50063587f67263d19f43df94a5866	EU328015.1.1478	88.400	250	29	0	1	250	516	765	1.84e-80	302
54c50063587f67263d19f43df94a5866	AM279193.8.1407	88.446	251	28	1	1	250	510	760	1.84e-80	302
54c50063587f67263d19f43df94a5866	MH698487.1.1518	88.400	250	29	0	1	250	524	773	1.84e-80	302
54c50063587f67263d19f43df94a5866	AY693997.1.1419	88.400	250	29	0	1	250	500	749	1.84e-80	302
54c50063587f67263d19f43df94a5866	MG214544.1.1510	88.400	250	29	0	1	250	515	764	1.84e-80	302
54c50063587f67263d19f43df94a5866	EU434366.1.1432	88.446	251	28	1	1	250	489	739	1.84e-80	302
54c50063587f67263d19f43df94a5866	MF487848.1.1444	88.400	250	29	0	1	250	501	750	1.84e-80	302
54c50063587f67263d19f43df94a5866	GQ347747.1.1373	88.142	253	27	3	1	250	501	753	2.38e-79	298
54c50063587f67263d19f43df94a5866	KX933064.1.1388	88.000	250	30	0	1	250	522	771	8.57e-79	296
54c50063587f67263d19f43df94a5866	JF272051.1.1485	88.000	250	30	0	1	250	523	772	8.57e-79	296
54c50063587f67263d19f43df94a5866	KY774815.1.1427	88.000	250	30	0	1	250	492	741	8.57e-79	296
54c50063587f67263d19f43df94a5866	GQ347908.1.1371	88.000	250	30	0	1	250	502	751	8.57e-79	296
54c50063587f67263d19f43df94a5866	CP027062.2225307.2226831	88.000	250	30	0	1	250	529	778	8.57e-79	296
54c50063587f67263d19f43df94a5866	CP027062.2645709.2647233	88.000	250	30	0	1	250	529	778	8.57e-79	296
54c50063587f67263d19f43df94a5866	MG013061.1.1482	88.000	250	30	0	1	250	521	770	8.57e-79	296
54c50063587f67263d19f43df94a5866	EU795239.16117.17616	88.000	250	30	0	1	250	521	770	8.57e-79	296
54c50063587f67263d19f43df94a5866	EF092229.1.1412	88.000	250	30	0	1	250	473	722	8.57e-79	296
54c50063587f67263d19f43df94a5866	FR686064.1.1480	88.000	250	30	0	1	250	520	769	8.57e-79	296
54c50063587f67263d19f43df94a5866	JX015912.1.1478	88.000	250	30	0	1	250	521	770	8.57e-79	296
54c50063587f67263d19f43df94a5866	EU491543.1.1398	88.000	250	30	0	1	250	500	749	8.57e-79	296
54c50063587f67263d19f43df94a5866	EU491731.1.1443	88.000	250	30	0	1	250	500	749	8.57e-79	296
54c50063587f67263d19f43df94a5866	FR684467.1.1420	88.048	251	29	1	1	250	519	769	8.57e-79	296
54c50063587f67263d19f43df94a5866	CP019333.3098366.3099892	88.000	250	30	0	1	250	531	780	8.57e-79	296
54c50063587f67263d19f43df94a5866	CP019333.2408602.2410129	88.000	250	30	0	1	250	531	780	8.57e-79	296
54c50063587f67263d19f43df94a5866	HG917640.1.1446	88.000	250	30	0	1	250	497	746	8.57e-79	296
54c50063587f67263d19f43df94a5866	KM051776.1.1484	88.000	250	30	0	1	250	522	771	8.57e-79	296
54c50063587f67263d19f43df94a5866	AB920327.1.1405	88.000	250	30	0	1	250	499	748	8.57e-79	296
54c50063587f67263d19f43df94a5866	AY694008.1.1424	88.048	251	28	2	1	250	519	768	8.57e-79	296
54c50063587f67263d19f43df94a5866	AB602429.1.1392	88.000	250	30	0	1	250	504	753	8.57e-79	296
54c50063587f67263d19f43df94a5866	MG437233.1.1528	88.000	250	30	0	1	250	530	779	8.57e-79	296
54c50063587f67263d19f43df94a5866	JQ196389.1.1364	88.000	250	30	0	1	250	505	754	8.57e-79	296
54c50063587f67263d19f43df94a5866	JQ660993.1.1390	88.000	250	30	0	1	250	472	721	8.57e-79	296
b59903701f39af7bb6258cb6c807341c	EU624432.1.1487	97.200	250	7	0	1	250	523	772	3.77e-117	424
b59903701f39af7bb6258cb6c807341c	JQ579683.1.1484	96.400	250	9	0	1	250	525	774	8.16e-114	412
b59903701f39af7bb6258cb6c807341c	DQ334660.1.1295	96.400	250	9	0	1	250	461	710	8.16e-114	412
b59903701f39af7bb6258cb6c807341c	JX193428.1.1518	96.000	250	10	0	1	250	525	774	3.79e-112	407
b59903701f39af7bb6258cb6c807341c	AB681649.1.1452	96.000	250	10	0	1	250	506	755	3.79e-112	407
b59903701f39af7bb6258cb6c807341c	KU667250.1.1448	96.000	250	10	0	1	250	505	754	3.79e-112	407
b59903701f39af7bb6258cb6c807341c	AB264057.1.1431	96.000	250	10	0	1	250	494	743	3.79e-112	407
b59903701f39af7bb6258cb6c807341c	KC839612.1.1490	96.000	250	10	0	1	250	525	774	3.79e-112	407
b59903701f39af7bb6258cb6c807341c	JF344026.1.1487	95.600	250	11	0	1	250	525	774	1.77e-110	401
b59903701f39af7bb6258cb6c807341c	KY190826.1.1448	95.600	250	11	0	1	250	505	754	1.77e-110	401
b59903701f39af7bb6258cb6c807341c	KF268850.1.1383	95.600	250	11	0	1	250	468	717	1.77e-110	401
b59903701f39af7bb6258cb6c807341c	JN038261.1.1491	95.600	250	11	0	1	250	525	774	1.77e-110	401
b59903701f39af7bb6258cb6c807341c	JQ801035.1.1490	95.600	250	11	0	1	250	525	774	1.77e-110	401
b59903701f39af7bb6258cb6c807341c	EU287304.1.1489	95.600	250	11	0	1	250	525	774	1.77e-110	401
b59903701f39af7bb6258cb6c807341c	GU061241.1.1423	95.600	250	11	0	1	250	486	735	1.77e-110	401
b59903701f39af7bb6258cb6c807341c	AM745437.1.1393	95.600	250	11	0	1	250	476	725	1.77e-110	401
b59903701f39af7bb6258cb6c807341c	LXTR01000039.37417.38922	95.200	250	12	0	1	250	525	774	8.21e-109	396
b59903701f39af7bb6258cb6c807341c	FJ545444.1.1518	95.200	250	12	0	1	250	525	774	8.21e-109	396
b59903701f39af7bb6258cb6c807341c	JF421167.1.1493	95.200	250	12	0	1	250	525	774	8.21e-109	396
b59903701f39af7bb6258cb6c807341c	KX177802.1.1493	95.200	250	12	0	1	250	525	774	8.21e-109	396
b59903701f39af7bb6258cb6c807341c	DQ334666.1.1301	95.200	250	12	0	1	250	469	718	8.21e-109	396
b59903701f39af7bb6258cb6c807341c	JQ716330.1.1489	95.200	250	12	0	1	250	523	772	8.21e-109	396
b59903701f39af7bb6258cb6c807341c	JQ579990.1.1484	95.200	250	12	0	1	250	525	774	8.21e-109	396
b59903701f39af7bb6258cb6c807341c	GU118801.1.1444	95.565	248	10	1	1	248	504	750	8.21e-109	396
b59903701f39af7bb6258cb6c807341c	EU443206.1.1487	95.200	250	12	0	1	250	525	774	8.21e-109	396
b59903701f39af7bb6258cb6c807341c	KT748618.1.1539	94.841	252	11	2	1	250	548	799	1.06e-107	392
b59903701f39af7bb6258cb6c807341c	JF344335.1.1487	94.800	250	13	0	1	250	527	776	3.82e-107	390
b59903701f39af7bb6258cb6c807341c	FJ545547.1.1520	94.800	250	13	0	1	250	524	773	3.82e-107	390
b59903701f39af7bb6258cb6c807341c	JQ800694.1.1490	94.800	250	13	0	1	250	525	774	3.82e-107	390
b59903701f39af7bb6258cb6c807341c	DQ334612.1.1357	94.821	251	12	1	1	250	490	740	3.82e-107	390
b59903701f39af7bb6258cb6c807341c	JQ408088.1.1361	94.800	250	13	0	1	250	505	754	3.82e-107	390
b59903701f39af7bb6258cb6c807341c	KJ150297.1.1543	94.800	250	13	0	1	250	595	844	3.82e-107	390
b59903701f39af7bb6258cb6c807341c	EF208678.1.1486	94.800	250	12	1	1	250	525	773	1.37e-106	388
b59903701f39af7bb6258cb6c807341c	JN535678.1.1457	94.400	250	14	0	1	250	508	757	1.78e-105	385
b59903701f39af7bb6258cb6c807341c	HQ326324.1.1485	94.400	250	14	0	1	250	523	772	1.78e-105	385
b59903701f39af7bb6258cb6c807341c	AY258127.1.1428	94.400	250	12	2	1	250	496	743	6.40e-105	383
b59903701f39af7bb6258cb6c807341c	JN532772.1.1465	94.000	250	15	0	1	250	514	763	8.27e-104	379
b59903701f39af7bb6258cb6c807341c	HQ864187.1.1488	94.000	250	15	0	1	250	526	775	8.27e-104	379
b59903701f39af7bb6258cb6c807341c	AY372917.1.1403	93.701	254	12	4	1	250	486	739	2.98e-103	377
b59903701f39af7bb6258cb6c807341c	FJ545558.1.1515	93.600	250	16	0	1	250	519	768	3.85e-102	374
b59903701f39af7bb6258cb6c807341c	JQ978611.1.1496	93.625	251	15	1	1	250	525	775	3.85e-102	374
b59903701f39af7bb6258cb6c807341c	AM259875.1.1390	93.600	250	16	0	1	250	525	774	3.85e-102	374
b59903701f39af7bb6258cb6c807341c	KF277769.1.1406	93.600	250	16	0	1	250	484	733	3.85e-102	374
b59903701f39af7bb6258cb6c807341c	AM497875.1.1481	93.600	250	16	0	1	250	505	754	3.85e-102	374
b59903701f39af7bb6258cb6c807341c	KY190853.1.1445	93.200	250	17	0	1	250	499	748	1.79e-100	368
b59903701f39af7bb6258cb6c807341c	DQ431891.1.1392	93.200	250	17	0	1	250	524	773	1.79e-100	368
b59903701f39af7bb6258cb6c807341c	KX343048.1.1466	93.200	250	17	0	1	250	513	762	1.79e-100	368
b59903701f39af7bb6258cb6c807341c	JQ661005.1.1393	93.200	250	17	0	1	250	476	725	1.79e-100	368
b59903701f39af7bb6258cb6c807341c	JQ069961.1.1488	93.200	250	17	0	1	250	523	772	1.79e-100	368
b59903701f39af7bb6258cb6c807341c	LC171276.1.1450	92.800	250	18	0	1	250	504	753	8.33e-99	363
3a04cb1f2f87ae2b1b8473e867cd1eac	JF272214.1.1487	100.000	250	0	0	1	250	525	774	7.99e-129	462
3a04cb1f2f87ae2b1b8473e867cd1eac	MG571574.1.1434	100.000	250	0	0	1	250	479	728	7.99e-129	462
3a04cb1f2f87ae2b1b8473e867cd1eac	JN874239.1.1442	99.600	250	1	0	1	250	498	747	3.72e-127	457
3a04cb1f2f87ae2b1b8473e867cd1eac	JN874217.1.1488	99.600	250	1	0	1	250	524	773	3.72e-127	457
3a04cb1f2f87ae2b1b8473e867cd1eac	KX279346.1.1445	99.600	250	1	0	1	250	503	752	3.72e-127	457
3a04cb1f2f87ae2b1b8473e867cd1eac	GQ274256.1.1511	99.200	250	2	0	1	250	523	772	1.73e-125	451
3a04cb1f2f87ae2b1b8473e867cd1eac	KY190880.1.1448	98.800	250	3	0	1	250	505	754	8.04e-124	446
3a04cb1f2f87ae2b1b8473e867cd1eac	FJ264752.1.1487	98.800	250	3	0	1	250	525	774	8.04e-124	446
3a04cb1f2f87ae2b1b8473e867cd1eac	KY190950.1.1448	98.800	250	3	0	1	250	505	754	8.04e-124	446
3a04cb1f2f87ae2b1b8473e867cd1eac	ABHI01000001.441590.443113	98.800	250	3	0	1	250	528	777	8.04e-124	446
3a04cb1f2f87ae2b1b8473e867cd1eac	EU626607.1.1360	98.800	250	3	0	1	250	417	666	8.04e-124	446
3a04cb1f2f87ae2b1b8473e867cd1eac	GU197427.1.1481	98.800	250	3	0	1	250	523	772	8.04e-124	446
3a04cb1f2f87ae2b1b8473e867cd1eac	AP014583.677367.678884	98.800	250	3	0	1	250	525	774	8.04e-124	446
3a04cb1f2f87ae2b1b8473e867cd1eac	AP014583.229835.231352	98.800	250	3	0	1	250	525	774	8.04e-124	446
3a04cb1f2f87ae2b1b8473e867cd1eac	EU727254.1.1478	98.800	250	3	0	1	250	505	754	8.04e-124	446
3a04cb1f2f87ae2b1b8473e867cd1eac	AF530147.1.1376	98.800	250	3	0	1	250	473	722	8.04e-124	446
3a04cb1f2f87ae2b1b8473e867cd1eac	EU626567.1.1360	98.400	250	4	0	1	250	417	666	3.74e-122	440
3a04cb1f2f87ae2b1b8473e867cd1eac	FN433358.1.1494	98.400	250	4	0	1	250	525	774	3.74e-122	440
3a04cb1f2f87ae2b1b8473e867cd1eac	AF354619.1.1481	98.400	250	4	0	1	250	505	754	3.74e-122	440
3a04cb1f2f87ae2b1b8473e867cd1eac	KJ475170.1.1447	98.400	250	4	0	1	250	505	754	3.74e-122	440
3a04cb1f2f87ae2b1b8473e867cd1eac	FJ825864.1.1481	98.400	250	4	0	1	250	519	768	3.74e-122	440
3a04cb1f2f87ae2b1b8473e867cd1eac	GU451431.1.1243	98.400	250	3	1	1	250	389	637	1.35e-121	438
3a04cb1f2f87ae2b1b8473e867cd1eac	FJ529928.1.1480	98.000	250	5	0	1	250	520	769	1.74e-120	435
3a04cb1f2f87ae2b1b8473e867cd1eac	AVFP01002335.262.1768	98.000	250	5	0	1	250	526	775	1.74e-120	435
3a04cb1f2f87ae2b1b8473e867cd1eac	KM356635.1.1442	98.000	250	5	0	1	250	499	748	1.74e-120	435
3a04cb1f2f87ae2b1b8473e867cd1eac	HQ405608.1.1480	98.000	250	5	0	1	250	519	768	1.74e-120	435
3a04cb1f2f87ae2b1b8473e867cd1eac	KM203486.1.1200	98.000	250	5	0	1	250	345	594	1.74e-120	435
3a04cb1f2f87ae2b1b8473e867cd1eac	FJ946592.1.1290	98.008	251	4	1	1	250	522	772	1.74e-120	435
3a04cb1f2f87ae2b1b8473e867cd1eac	AM945575.1.1390	98.000	250	5	0	1	250	476	725	1.74e-120	435
3a04cb1f2f87ae2b1b8473e867cd1eac	HQ456127.1.1406	98.000	250	5	0	1	250	465	714	1.74e-120	435
3a04cb1f2f87ae2b1b8473e867cd1eac	AY259505.1.1447	98.000	250	5	0	1	250	515	764	1.74e-120	435
3a04cb1f2f87ae2b1b8473e867cd1eac	KF798503.1.1490	97.600	250	6	0	1	250	525	774	8.10e-119	429
3a04cb1f2f87ae2b1b8473e867cd1eac	DQ530465.1.1431	97.600	250	6	0	1	250	477	726	8.10e-119	429
3a04cb1f2f87ae2b1b8473e867cd1eac	KY190889.1.1448	97.600	250	6	0	1	250	505	754	8.10e-119	429
3a04cb1f2f87ae2b1b8473e867cd1eac	KY190901.1.1448	97.600	250	6	0	1	250	505	754	8.10e-119	429
3a04cb1f2f87ae2b1b8473e867cd1eac	GQ259316.1.1452	97.600	250	6	0	1	250	509	758	8.10e-119	429
3a04cb1f2f87ae2b1b8473e867cd1eac	GQ274093.1.1518	97.600	250	6	0	1	250	525	774	8.10e-119	429
3a04cb1f2f87ae2b1b8473e867cd1eac	KF513143.1.1491	97.600	250	6	0	1	250	526	775	8.10e-119	429
3a04cb1f2f87ae2b1b8473e867cd1eac	KR857635.1.1482	97.600	250	6	0	1	250	521	770	8.10e-119	429
3a04cb1f2f87ae2b1b8473e867cd1eac	JQ800703.1.1478	97.600	250	6	0	1	250	515	764	8.10e-119	429
3a04cb1f2f87ae2b1b8473e867cd1eac	JQ800737.1.1478	97.600	250	6	0	1	250	515	764	8.10e-119	429
3a04cb1f2f87ae2b1b8473e867cd1eac	HQ326362.1.1478	97.600	250	6	0	1	250	517	766	8.10e-119	429
3a04cb1f2f87ae2b1b8473e867cd1eac	AF468277.1.1396	97.600	250	6	0	1	250	457	706	8.10e-119	429
3a04cb1f2f87ae2b1b8473e867cd1eac	AY771730.1.1488	97.600	250	6	0	1	250	513	762	8.10e-119	429
3a04cb1f2f87ae2b1b8473e867cd1eac	AY771731.1.1490	97.600	250	6	0	1	250	515	764	8.10e-119	429
3a04cb1f2f87ae2b1b8473e867cd1eac	KT185190.1.1484	97.600	250	6	0	1	250	505	754	8.10e-119	429
3a04cb1f2f87ae2b1b8473e867cd1eac	JX412960.1.1486	97.600	250	6	0	1	250	523	772	8.10e-119	429
3a04cb1f2f87ae2b1b8473e867cd1eac	JX174421.1.1448	97.600	250	6	0	1	250	505	754	8.10e-119	429
3a04cb1f2f87ae2b1b8473e867cd1eac	KF365481.1.1383	97.600	250	6	0	1	250	475	724	8.10e-119	429
3a04cb1f2f87ae2b1b8473e867cd1eac	MG571571.1.1433	97.600	250	6	0	1	250	478	727	8.10e-119	429
16161eeab718625b6dcc413ebdd2750b	KF787035.1.1392	98.800	250	3	0	1	250	525	774	8.04e-124	446
16161eeab718625b6dcc413ebdd2750b	FJ425644.1.1487	98.400	250	4	0	1	250	525	774	3.74e-122	440
16161eeab718625b6dcc413ebdd2750b	JN874229.1.1487	98.000	250	5	0	1	250	524	773	1.74e-120	435
16161eeab718625b6dcc413ebdd2750b	JN874116.1.1448	98.000	250	5	0	1	250	505	754	1.74e-120	435
16161eeab718625b6dcc413ebdd2750b	FJ203309.1.1447	98.000	250	5	0	1	250	504	753	1.74e-120	435
16161eeab718625b6dcc413ebdd2750b	KT952689.1.1492	98.000	250	5	0	1	250	525	774	1.74e-120	435
16161eeab718625b6dcc413ebdd2750b	JQ197361.1.1353	98.000	250	5	0	1	250	502	751	1.74e-120	435
16161eeab718625b6dcc413ebdd2750b	KU199716.1.1450	97.600	250	6	0	1	250	508	757	8.10e-119	429
16161eeab718625b6dcc413ebdd2750b	JN874204.1.1448	97.211	251	5	2	1	250	505	754	3.77e-117	424
16161eeab718625b6dcc413ebdd2750b	AACY020465546.1.1481	96.800	250	8	0	1	250	521	770	1.75e-115	418
16161eeab718625b6dcc413ebdd2750b	MG002041.1.1254	96.800	250	8	0	1	250	521	770	1.75e-115	418
16161eeab718625b6dcc413ebdd2750b	KR857597.1.1488	96.800	250	8	0	1	250	525	774	1.75e-115	418
16161eeab718625b6dcc413ebdd2750b	EF646138.1.1481	96.800	250	8	0	1	250	521	770	1.75e-115	418
16161eeab718625b6dcc413ebdd2750b	AY848823.1.1441	96.800	250	8	0	1	250	465	714	1.75e-115	418
16161eeab718625b6dcc413ebdd2750b	GU552681.1.1458	96.800	250	8	0	1	250	506	755	1.75e-115	418
16161eeab718625b6dcc413ebdd2750b	KR080554.1.1441	96.800	250	8	0	1	250	500	749	1.75e-115	418
16161eeab718625b6dcc413ebdd2750b	JQ197133.1.1364	96.800	250	8	0	1	250	513	762	1.75e-115	418
16161eeab718625b6dcc413ebdd2750b	JQ309926.1.1453	96.800	250	8	0	1	250	510	759	1.75e-115	418
16161eeab718625b6dcc413ebdd2750b	JQ661254.1.1387	96.800	250	8	0	1	250	471	720	1.75e-115	418
16161eeab718625b6dcc413ebdd2750b	JX854380.1.1372	96.800	250	8	0	1	250	479	728	1.75e-115	418
16161eeab718625b6dcc413ebdd2750b	JQ661212.1.1387	96.800	250	8	0	1	250	474	723	1.75e-115	418
16161eeab718625b6dcc413ebdd2750b	JX854377.1.1351	96.800	250	8	0	1	250	463	712	1.75e-115	418
16161eeab718625b6dcc413ebdd2750b	JX844498.1.1439	96.800	250	8	0	1	250	497	746	1.75e-115	418
16161eeab718625b6dcc413ebdd2750b	KR080553.1.1446	96.800	250	7	1	1	250	504	752	6.31e-115	416
16161eeab718625b6dcc413ebdd2750b	FJ202704.1.1469	96.400	250	9	0	1	250	515	764	8.16e-114	412
16161eeab718625b6dcc413ebdd2750b	GU584498.1.1386	96.400	250	9	0	1	250	519	768	8.16e-114	412
16161eeab718625b6dcc413ebdd2750b	GU451549.1.1241	96.400	250	9	0	1	250	387	636	8.16e-114	412
16161eeab718625b6dcc413ebdd2750b	CP019389.2114983.2116506	96.400	250	9	0	1	250	529	778	8.16e-114	412
16161eeab718625b6dcc413ebdd2750b	CP019389.135709.137231	96.400	250	9	0	1	250	528	777	8.16e-114	412
16161eeab718625b6dcc413ebdd2750b	GU061175.1.1421	96.400	250	9	0	1	250	484	733	8.16e-114	412
16161eeab718625b6dcc413ebdd2750b	LN563527.1.1359	96.400	250	9	0	1	250	496	745	8.16e-114	412
16161eeab718625b6dcc413ebdd2750b	AB681678.1.1447	96.400	250	9	0	1	250	503	752	8.16e-114	412
16161eeab718625b6dcc413ebdd2750b	FJ886713.1.1443	96.400	250	9	0	1	250	499	748	8.16e-114	412
16161eeab718625b6dcc413ebdd2750b	EF108219.1.1466	96.400	250	9	0	1	250	503	752	8.16e-114	412
16161eeab718625b6dcc413ebdd2750b	AM990656.1.1426	96.400	250	8	1	1	250	495	743	2.93e-113	411
16161eeab718625b6dcc413ebdd2750b	KY190934.1.1442	96.000	250	10	0	1	250	499	748	3.79e-112	407
16161eeab718625b6dcc413ebdd2750b	JF344012.1.1480	96.000	250	10	0	1	250	521	770	3.79e-112	407
16161eeab718625b6dcc413ebdd2750b	JADS01000035.88.1587	96.000	250	10	0	1	250	519	768	3.79e-112	407
16161eeab718625b6dcc413ebdd2750b	DQ001321.1.1501	96.000	250	10	0	1	250	505	754	3.79e-112	407
16161eeab718625b6dcc413ebdd2750b	KX172495.1.1442	96.000	250	10	0	1	250	499	748	3.79e-112	407
16161eeab718625b6dcc413ebdd2750b	KF906593.1.1483	96.000	250	10	0	1	250	490	739	3.79e-112	407
16161eeab718625b6dcc413ebdd2750b	CP031612.1576055.1577577	96.000	250	10	0	1	250	527	776	3.79e-112	407
16161eeab718625b6dcc413ebdd2750b	CP031612.3382650.3384172	96.000	250	10	0	1	250	527	776	3.79e-112	407
16161eeab718625b6dcc413ebdd2750b	MG001993.1.1226	96.016	251	9	1	1	250	260	510	3.79e-112	407
16161eeab718625b6dcc413ebdd2750b	CP031612.1582560.1584082	96.000	250	10	0	1	250	527	776	3.79e-112	407
16161eeab718625b6dcc413ebdd2750b	KT880371.1.1485	96.000	250	10	0	1	250	525	774	3.79e-112	407
16161eeab718625b6dcc413ebdd2750b	KM820586.1.1490	96.000	250	10	0	1	250	523	772	3.79e-112	407
16161eeab718625b6dcc413ebdd2750b	JX529407.1.1427	96.000	250	10	0	1	250	480	729	3.79e-112	407
16161eeab718625b6dcc413ebdd2750b	KX172781.1.1440	96.000	250	10	0	1	250	497	746	3.79e-112	407
16161eeab718625b6dcc413ebdd2750b	CP031612.3376145.3377667	96.000	250	10	0	1	250	527	776	3.79e-112	407
a48a921ba21f0bf6b4b5b16d1c223369	CP031153.248095.249604	99.600	250	1	0	1	250	521	770	3.72e-127	457
a48a921ba21f0bf6b4b5b16d1c223369	CP031153.5044120.5045629	99.600	250	1	0	1	250	521	770	3.72e-127	457
a48a921ba21f0bf6b4b5b16d1c223369	CP031153.3616418.3617927	99.600	250	1	0	1	250	521	770	3.72e-127	457
a48a921ba21f0bf6b4b5b16d1c223369	EF123558.1.1480	99.600	250	1	0	1	250	514	763	3.72e-127	457
a48a921ba21f0bf6b4b5b16d1c223369	GQ274041.1.1514	99.600	250	1	0	1	250	521	770	3.72e-127	457
a48a921ba21f0bf6b4b5b16d1c223369	AB557535.1.1343	99.600	250	1	0	1	250	489	738	3.72e-127	457
a48a921ba21f0bf6b4b5b16d1c223369	GU233518.1.1474	99.600	250	1	0	1	250	524	773	3.72e-127	457
a48a921ba21f0bf6b4b5b16d1c223369	KF040476.1.1446	99.600	250	1	0	1	250	503	752	3.72e-127	457
a48a921ba21f0bf6b4b5b16d1c223369	HM798967.1.1458	99.200	250	2	0	1	250	500	749	1.73e-125	451
a48a921ba21f0bf6b4b5b16d1c223369	ABIB01000002.610912.612431	99.200	250	2	0	1	250	524	773	1.73e-125	451
a48a921ba21f0bf6b4b5b16d1c223369	ABIB01000004.173158.174678	99.200	250	2	0	1	250	525	774	1.73e-125	451
a48a921ba21f0bf6b4b5b16d1c223369	AM930457.1.1449	99.200	250	2	0	1	250	506	755	1.73e-125	451
a48a921ba21f0bf6b4b5b16d1c223369	GU949540.1.1447	99.200	250	2	0	1	250	519	768	1.73e-125	451
a48a921ba21f0bf6b4b5b16d1c223369	AB681152.1.1447	99.200	250	2	0	1	250	501	750	1.73e-125	451
a48a921ba21f0bf6b4b5b16d1c223369	AB758591.1.1393	99.200	250	2	0	1	250	475	724	1.73e-125	451
a48a921ba21f0bf6b4b5b16d1c223369	JX456458.1.1416	99.200	250	2	0	1	250	508	757	1.73e-125	451
a48a921ba21f0bf6b4b5b16d1c223369	AY195836.1.1514	99.200	250	2	0	1	250	521	770	1.73e-125	451
a48a921ba21f0bf6b4b5b16d1c223369	AB017046.1.1485	99.200	250	2	0	1	250	521	770	1.73e-125	451
a48a921ba21f0bf6b4b5b16d1c223369	ABIB01000005.311139.312659	98.800	250	3	0	1	250	525	774	8.04e-124	446
a48a921ba21f0bf6b4b5b16d1c223369	KX078451.1.1448	98.800	250	3	0	1	250	506	755	8.04e-124	446
a48a921ba21f0bf6b4b5b16d1c223369	GU949541.1.1432	98.800	250	3	0	1	250	447	696	8.04e-124	446
a48a921ba21f0bf6b4b5b16d1c223369	KT589975.1.1444	98.800	250	3	0	1	250	501	750	8.04e-124	446
a48a921ba21f0bf6b4b5b16d1c223369	JX235671.1.1482	98.800	250	3	0	1	250	506	755	8.04e-124	446
a48a921ba21f0bf6b4b5b16d1c223369	KP704352.1.1488	98.800	250	3	0	1	250	523	772	8.04e-124	446
a48a921ba21f0bf6b4b5b16d1c223369	KM502319.1.1418	98.800	250	3	0	1	250	512	761	8.04e-124	446
a48a921ba21f0bf6b4b5b16d1c223369	KF799040.1.1400	98.800	250	2	1	1	250	521	769	2.89e-123	444
a48a921ba21f0bf6b4b5b16d1c223369	AF359551.1.1461	98.400	250	4	0	1	250	513	762	2.89e-123	444
a48a921ba21f0bf6b4b5b16d1c223369	JQ515528.1.1520	98.008	251	4	1	1	250	532	782	1.74e-120	435
a48a921ba21f0bf6b4b5b16d1c223369	KF787068.1.1390	97.200	250	7	0	1	250	523	772	3.77e-117	424
a48a921ba21f0bf6b4b5b16d1c223369	FN811302.1.1316	97.200	250	7	0	1	250	485	734	3.77e-117	424
a48a921ba21f0bf6b4b5b16d1c223369	KU578799.1.1382	96.838	253	2	6	1	250	522	771	1.75e-115	418
a48a921ba21f0bf6b4b5b16d1c223369	JQ515541.1.1520	96.457	254	4	5	2	250	547	800	2.27e-114	414
a48a921ba21f0bf6b4b5b16d1c223369	JF117533.1.1353	94.800	250	13	0	1	250	501	750	3.82e-107	390
a48a921ba21f0bf6b4b5b16d1c223369	AB681890.1.1445	94.800	250	13	0	1	250	499	748	3.82e-107	390
a48a921ba21f0bf6b4b5b16d1c223369	AB294107.1.1408	94.800	250	13	0	1	250	458	707	3.82e-107	390
a48a921ba21f0bf6b4b5b16d1c223369	GU991524.1.1497	94.000	250	15	0	1	250	511	760	8.27e-104	379
a48a921ba21f0bf6b4b5b16d1c223369	JN717174.1.1482	93.651	252	12	4	1	250	519	768	3.85e-102	374
a48a921ba21f0bf6b4b5b16d1c223369	AACY020309696.232.1729	93.651	252	12	4	1	250	521	770	3.85e-102	374
a48a921ba21f0bf6b4b5b16d1c223369	KF596588.1.1476	93.651	252	12	4	1	250	521	770	3.85e-102	374
a48a921ba21f0bf6b4b5b16d1c223369	KJ475138.1.1510	93.600	250	16	0	1	250	523	772	3.85e-102	374
a48a921ba21f0bf6b4b5b16d1c223369	GAUE02014361.76.1558	93.600	250	16	0	1	250	519	768	3.85e-102	374
a48a921ba21f0bf6b4b5b16d1c223369	FJ545595.1.1521	93.200	250	17	0	1	250	521	770	1.79e-100	368
a48a921ba21f0bf6b4b5b16d1c223369	L10948.1.1425	93.200	250	17	0	1	250	526	775	1.79e-100	368
a48a921ba21f0bf6b4b5b16d1c223369	DQ001321.1.1501	93.200	250	17	0	1	250	505	754	1.79e-100	368
a48a921ba21f0bf6b4b5b16d1c223369	JX525264.1.1424	93.227	251	15	2	1	250	480	729	1.79e-100	368
a48a921ba21f0bf6b4b5b16d1c223369	BBNQ01000037.404.1915	93.200	250	17	0	1	250	515	764	1.79e-100	368
a48a921ba21f0bf6b4b5b16d1c223369	LC171270.1.1448	93.200	250	17	0	1	250	505	754	1.79e-100	368
a48a921ba21f0bf6b4b5b16d1c223369	KX172422.1.1445	93.200	250	17	0	1	250	501	750	1.79e-100	368
a48a921ba21f0bf6b4b5b16d1c223369	MG002167.1.1226	93.200	250	17	0	1	250	521	770	1.79e-100	368
a48a921ba21f0bf6b4b5b16d1c223369	KY190796.1.1448	93.200	250	17	0	1	250	505	754	1.79e-100	368
516dacbd44c35ddd94681b59f5646a6a	AB270585.1.1465	99.200	250	2	0	1	250	516	765	1.73e-125	451
516dacbd44c35ddd94681b59f5646a6a	FJ516815.1.1483	96.400	250	9	0	1	250	518	767	8.16e-114	412
516dacbd44c35ddd94681b59f5646a6a	JN533940.1.1224	96.400	250	9	0	1	250	491	740	8.16e-114	412
516dacbd44c35ddd94681b59f5646a6a	KF268716.1.1387	96.400	250	9	0	1	250	471	720	8.16e-114	412
516dacbd44c35ddd94681b59f5646a6a	HM126718.1.1451	96.414	251	8	1	1	250	504	754	8.16e-114	412
516dacbd44c35ddd94681b59f5646a6a	JQ269296.1.1485	96.400	250	9	0	1	250	523	772	8.16e-114	412
516dacbd44c35ddd94681b59f5646a6a	JN537492.1.1348	96.000	250	10	0	1	250	445	694	3.79e-112	407
516dacbd44c35ddd94681b59f5646a6a	JN537218.1.1449	96.000	250	10	0	1	250	506	755	3.79e-112	407
516dacbd44c35ddd94681b59f5646a6a	GQ249532.1.1489	96.000	250	10	0	1	250	525	774	3.79e-112	407
516dacbd44c35ddd94681b59f5646a6a	KF741566.1.1486	96.000	250	10	0	1	250	525	774	3.79e-112	407
516dacbd44c35ddd94681b59f5646a6a	JN537815.1.1434	96.000	250	10	0	1	250	481	730	3.79e-112	407
516dacbd44c35ddd94681b59f5646a6a	JN532793.1.1460	96.000	250	10	0	1	250	506	755	3.79e-112	407
516dacbd44c35ddd94681b59f5646a6a	JN532498.1.1231	96.000	250	10	0	1	250	496	745	3.79e-112	407
516dacbd44c35ddd94681b59f5646a6a	JN460880.1.1392	96.016	251	9	1	1	250	483	733	3.79e-112	407
516dacbd44c35ddd94681b59f5646a6a	JQ800939.1.1488	96.000	250	10	0	1	250	523	772	3.79e-112	407
516dacbd44c35ddd94681b59f5646a6a	DQ330448.1.1366	96.000	250	10	0	1	250	514	763	3.79e-112	407
516dacbd44c35ddd94681b59f5646a6a	EU488082.1.1486	96.000	250	10	0	1	250	523	772	3.79e-112	407
516dacbd44c35ddd94681b59f5646a6a	JQ800980.1.1488	96.000	250	10	0	1	250	523	772	3.79e-112	407
516dacbd44c35ddd94681b59f5646a6a	GU180193.1.1481	96.000	250	10	0	1	250	519	768	3.79e-112	407
516dacbd44c35ddd94681b59f5646a6a	FJ872534.1.1442	96.000	250	10	0	1	250	499	748	3.79e-112	407
516dacbd44c35ddd94681b59f5646a6a	JF272072.1.1486	95.600	250	11	0	1	250	522	771	4.91e-111	403
516dacbd44c35ddd94681b59f5646a6a	JN530437.1.1385	95.600	250	11	0	1	250	483	732	1.77e-110	401
516dacbd44c35ddd94681b59f5646a6a	KX177837.1.1490	95.618	251	9	2	1	250	524	773	1.77e-110	401
516dacbd44c35ddd94681b59f5646a6a	DQ811905.1.1498	95.600	250	11	0	1	250	524	773	1.77e-110	401
516dacbd44c35ddd94681b59f5646a6a	DQ334626.1.1355	95.600	250	11	0	1	250	489	738	1.77e-110	401
516dacbd44c35ddd94681b59f5646a6a	JX097310.1.1493	95.600	250	11	0	1	250	527	776	1.77e-110	401
516dacbd44c35ddd94681b59f5646a6a	DQ395008.1.1491	95.600	250	11	0	1	250	523	772	1.77e-110	401
516dacbd44c35ddd94681b59f5646a6a	AY424899.1.1434	95.600	250	11	0	1	250	510	759	1.77e-110	401
516dacbd44c35ddd94681b59f5646a6a	GQ249490.1.1357	95.200	250	12	0	1	250	523	772	8.21e-109	396
516dacbd44c35ddd94681b59f5646a6a	JN977347.1.1518	95.200	250	12	0	1	250	523	772	8.21e-109	396
516dacbd44c35ddd94681b59f5646a6a	KP299808.1.1481	95.200	250	12	0	1	250	518	767	8.21e-109	396
516dacbd44c35ddd94681b59f5646a6a	KT880263.1.1484	95.200	250	12	0	1	250	523	772	8.21e-109	396
516dacbd44c35ddd94681b59f5646a6a	CP002157.2282568.2284121	95.200	250	12	0	1	250	542	791	8.21e-109	396
516dacbd44c35ddd94681b59f5646a6a	CP002157.307217.308770	95.200	250	12	0	1	250	542	791	8.21e-109	396
516dacbd44c35ddd94681b59f5646a6a	EF108216.1.1453	95.200	250	12	0	1	250	505	754	8.21e-109	396
516dacbd44c35ddd94681b59f5646a6a	CP001712.2807404.2808924	95.200	250	11	1	1	250	526	774	2.95e-108	394
516dacbd44c35ddd94681b59f5646a6a	CP001712.1335968.1337485	95.200	250	11	1	1	250	523	771	2.95e-108	394
516dacbd44c35ddd94681b59f5646a6a	KY190910.1.1451	94.800	250	13	0	1	250	505	754	3.82e-107	390
516dacbd44c35ddd94681b59f5646a6a	KF741472.1.1485	94.800	250	13	0	1	250	526	775	3.82e-107	390
516dacbd44c35ddd94681b59f5646a6a	KF268904.1.1396	94.800	250	13	0	1	250	477	726	3.82e-107	390
516dacbd44c35ddd94681b59f5646a6a	JQ580032.1.1487	94.800	250	13	0	1	250	525	774	3.82e-107	390
516dacbd44c35ddd94681b59f5646a6a	KM356330.1.1451	94.800	250	13	0	1	250	505	754	3.82e-107	390
516dacbd44c35ddd94681b59f5646a6a	EU287069.1.1490	94.800	250	13	0	1	250	525	774	3.82e-107	390
516dacbd44c35ddd94681b59f5646a6a	KU719511.1.1441	94.800	250	13	0	1	250	511	760	3.82e-107	390
516dacbd44c35ddd94681b59f5646a6a	AY345434.1.1499	94.800	250	13	0	1	250	526	775	3.82e-107	390
516dacbd44c35ddd94681b59f5646a6a	JQ661132.1.1382	94.800	250	13	0	1	250	471	720	3.82e-107	390
516dacbd44c35ddd94681b59f5646a6a	AY424900.1.1454	94.800	250	12	1	1	250	504	752	1.37e-106	388
516dacbd44c35ddd94681b59f5646a6a	MG563280.1.1485	94.422	251	13	1	1	250	518	768	1.78e-105	385
516dacbd44c35ddd94681b59f5646a6a	KF616716.1.1454	94.400	250	14	0	1	250	508	757	1.78e-105	385
516dacbd44c35ddd94681b59f5646a6a	MG554717.1.1483	94.400	250	14	0	1	250	518	767	1.78e-105	385
4612f339ee34939ba25d8aca3764d0a8	AB983370.1.1442	98.400	250	4	0	1	250	499	748	3.74e-122	440
4612f339ee34939ba25d8aca3764d0a8	LC101490.1.1440	96.800	250	8	0	1	250	501	750	1.75e-115	418
4612f339ee34939ba25d8aca3764d0a8	KM820450.1.1483	96.000	250	10	0	1	250	520	769	3.79e-112	407
4612f339ee34939ba25d8aca3764d0a8	EF092229.1.1412	96.000	250	10	0	1	250	473	722	3.79e-112	407
4612f339ee34939ba25d8aca3764d0a8	EU592336.1.1449	96.000	250	10	0	1	250	521	770	3.79e-112	407
4612f339ee34939ba25d8aca3764d0a8	EU328015.1.1478	95.600	250	11	0	1	250	516	765	1.77e-110	401
4612f339ee34939ba25d8aca3764d0a8	KM051776.1.1484	95.600	250	11	0	1	250	522	771	1.77e-110	401
4612f339ee34939ba25d8aca3764d0a8	AB920327.1.1405	95.600	250	11	0	1	250	499	748	1.77e-110	401
4612f339ee34939ba25d8aca3764d0a8	MG016025.1.1391	95.600	250	11	0	1	250	473	722	1.77e-110	401
4612f339ee34939ba25d8aca3764d0a8	FJ882164.1.1400	95.600	250	11	0	1	250	449	698	1.77e-110	401
4612f339ee34939ba25d8aca3764d0a8	KP005029.1.1385	95.200	250	12	0	1	250	511	760	8.21e-109	396
4612f339ee34939ba25d8aca3764d0a8	HE803918.1.1443	95.200	250	12	0	1	250	501	750	8.21e-109	396
4612f339ee34939ba25d8aca3764d0a8	JF313015.1.1403	95.200	250	12	0	1	250	419	668	8.21e-109	396
4612f339ee34939ba25d8aca3764d0a8	MG214544.1.1510	95.200	250	12	0	1	250	515	764	8.21e-109	396
4612f339ee34939ba25d8aca3764d0a8	KY774815.1.1427	94.800	250	13	0	1	250	492	741	3.82e-107	390
4612f339ee34939ba25d8aca3764d0a8	JF344270.1.1480	94.800	250	13	0	1	250	521	770	3.82e-107	390
4612f339ee34939ba25d8aca3764d0a8	CP027062.2225307.2226831	94.800	250	13	0	1	250	529	778	3.82e-107	390
4612f339ee34939ba25d8aca3764d0a8	CP027062.2645709.2647233	94.800	250	13	0	1	250	529	778	3.82e-107	390
4612f339ee34939ba25d8aca3764d0a8	JQ579843.1.1483	94.800	250	13	0	1	250	524	773	3.82e-107	390
4612f339ee34939ba25d8aca3764d0a8	DQ482736.1.1447	94.821	251	12	1	1	250	503	753	3.82e-107	390
4612f339ee34939ba25d8aca3764d0a8	EU236375.1.1373	94.800	250	13	0	1	250	467	716	3.82e-107	390
4612f339ee34939ba25d8aca3764d0a8	KX355990.1.1455	94.800	250	13	0	1	250	507	756	3.82e-107	390
4612f339ee34939ba25d8aca3764d0a8	MH698487.1.1518	94.800	250	13	0	1	250	524	773	3.82e-107	390
4612f339ee34939ba25d8aca3764d0a8	AY987367.1.1480	94.821	251	11	2	1	250	503	752	3.82e-107	390
4612f339ee34939ba25d8aca3764d0a8	JN717174.1.1482	94.400	250	14	0	1	250	519	768	1.78e-105	385
4612f339ee34939ba25d8aca3764d0a8	GQ259310.1.1442	94.400	250	14	0	1	250	499	748	1.78e-105	385
4612f339ee34939ba25d8aca3764d0a8	EU491543.1.1398	94.400	250	14	0	1	250	500	749	1.78e-105	385
4612f339ee34939ba25d8aca3764d0a8	EU491731.1.1443	94.400	250	14	0	1	250	500	749	1.78e-105	385
4612f339ee34939ba25d8aca3764d0a8	JQ579685.1.1481	94.400	250	14	0	1	250	522	771	1.78e-105	385
4612f339ee34939ba25d8aca3764d0a8	KP639075.1.1486	94.400	250	14	0	1	250	524	773	1.78e-105	385
4612f339ee34939ba25d8aca3764d0a8	JQ347304.1.1477	94.400	250	14	0	1	250	520	769	1.78e-105	385
4612f339ee34939ba25d8aca3764d0a8	FJ959597.1.1398	94.444	252	10	4	1	250	432	681	1.78e-105	385
4612f339ee34939ba25d8aca3764d0a8	FJ960036.1.1400	94.444	252	10	4	1	250	433	682	1.78e-105	385
4612f339ee34939ba25d8aca3764d0a8	KC238373.1.1483	94.400	250	14	0	1	250	521	770	1.78e-105	385
4612f339ee34939ba25d8aca3764d0a8	AB602429.1.1392	94.400	250	14	0	1	250	504	753	1.78e-105	385
4612f339ee34939ba25d8aca3764d0a8	AB261012.1.1397	94.400	250	14	0	1	250	480	729	1.78e-105	385
4612f339ee34939ba25d8aca3764d0a8	KM017081.1.1464	94.400	250	14	0	1	250	514	763	1.78e-105	385
4612f339ee34939ba25d8aca3764d0a8	EU592341.1.1461	94.048	252	13	2	1	250	522	773	2.30e-104	381
4612f339ee34939ba25d8aca3764d0a8	DQ681314.1.1414	94.000	250	15	0	1	250	487	736	8.27e-104	379
4612f339ee34939ba25d8aca3764d0a8	FJ516872.1.1479	94.000	250	15	0	1	250	516	765	8.27e-104	379
4612f339ee34939ba25d8aca3764d0a8	KT851860.1.1484	94.000	250	15	0	1	250	521	770	8.27e-104	379
4612f339ee34939ba25d8aca3764d0a8	MG013061.1.1482	94.000	250	15	0	1	250	521	770	8.27e-104	379
4612f339ee34939ba25d8aca3764d0a8	EU626632.1.1358	94.000	250	15	0	1	250	415	664	8.27e-104	379
4612f339ee34939ba25d8aca3764d0a8	MF195119.1.1392	94.000	250	15	0	1	250	527	776	8.27e-104	379
4612f339ee34939ba25d8aca3764d0a8	JX227428.1.1484	94.000	250	15	0	1	250	522	771	8.27e-104	379
4612f339ee34939ba25d8aca3764d0a8	GU451616.1.1242	94.000	250	15	0	1	250	414	663	8.27e-104	379
4612f339ee34939ba25d8aca3764d0a8	JQ716273.1.1493	94.000	250	15	0	1	250	525	774	8.27e-104	379
4612f339ee34939ba25d8aca3764d0a8	JF769513.1.1514	94.000	250	15	0	1	250	521	770	8.27e-104	379
4612f339ee34939ba25d8aca3764d0a8	FN553671.1.1306	94.000	250	15	0	1	250	347	596	8.27e-104	379
4612f339ee34939ba25d8aca3764d0a8	FJ960097.1.1398	94.048	252	11	4	1	250	433	682	8.27e-104	379
4b5034f6b32b0aaa98a5351f03527cc7	MH492322.1.1512	97.600	250	6	0	1	250	523	772	8.10e-119	429
4b5034f6b32b0aaa98a5351f03527cc7	JX501249.1.1485	97.600	250	6	0	1	250	523	772	8.10e-119	429
4b5034f6b32b0aaa98a5351f03527cc7	FJ792184.1.1379	97.600	250	6	0	1	250	520	769	8.10e-119	429
4b5034f6b32b0aaa98a5351f03527cc7	KC545284.1.1520	97.211	251	6	1	1	250	526	776	3.77e-117	424
4b5034f6b32b0aaa98a5351f03527cc7	EF092186.1.1389	96.800	250	8	0	1	250	460	709	1.75e-115	418
4b5034f6b32b0aaa98a5351f03527cc7	KU560488.1.1398	96.800	250	8	0	1	250	465	714	1.75e-115	418
4b5034f6b32b0aaa98a5351f03527cc7	JQ347311.1.1484	96.000	250	10	0	1	250	525	774	3.79e-112	407
4b5034f6b32b0aaa98a5351f03527cc7	AY654756.1.1381	95.618	251	9	2	1	250	491	740	3.79e-112	407
4b5034f6b32b0aaa98a5351f03527cc7	LC329340.1.1448	96.000	250	10	0	1	250	505	754	3.79e-112	407
4b5034f6b32b0aaa98a5351f03527cc7	HM022747.1.1315	96.000	250	10	0	1	250	486	735	3.79e-112	407
4b5034f6b32b0aaa98a5351f03527cc7	KU315485.1.1482	96.000	250	10	0	1	250	521	770	3.79e-112	407
4b5034f6b32b0aaa98a5351f03527cc7	FJ203619.1.1446	95.600	250	11	0	1	250	502	751	1.77e-110	401
4b5034f6b32b0aaa98a5351f03527cc7	JF769494.1.1516	95.600	250	11	0	1	250	523	772	1.77e-110	401
4b5034f6b32b0aaa98a5351f03527cc7	HQ443399.1.1326	95.600	250	11	0	1	250	442	691	1.77e-110	401
4b5034f6b32b0aaa98a5351f03527cc7	HQ153907.1.1347	95.600	250	11	0	1	250	439	688	1.77e-110	401
4b5034f6b32b0aaa98a5351f03527cc7	KF282356.1.1400	95.600	250	11	0	1	250	478	727	1.77e-110	401
4b5034f6b32b0aaa98a5351f03527cc7	FJ348473.1.1382	95.618	251	10	1	1	250	489	739	1.77e-110	401
4b5034f6b32b0aaa98a5351f03527cc7	FJ202911.1.1470	95.219	251	11	1	1	250	515	765	8.21e-109	396
4b5034f6b32b0aaa98a5351f03527cc7	AFOE01000057.3426.4930	95.200	250	12	0	1	250	524	773	8.21e-109	396
4b5034f6b32b0aaa98a5351f03527cc7	FJ203005.1.1467	95.200	250	12	0	1	250	513	762	8.21e-109	396
4b5034f6b32b0aaa98a5351f03527cc7	CP011071.2522506.2524019	95.200	250	12	0	1	250	525	774	8.21e-109	396
4b5034f6b32b0aaa98a5351f03527cc7	CP011071.873015.874528	95.200	250	12	0	1	250	525	774	8.21e-109	396
4b5034f6b32b0aaa98a5351f03527cc7	GU118047.1.1446	95.200	250	12	0	1	250	502	751	8.21e-109	396
4b5034f6b32b0aaa98a5351f03527cc7	AY654763.1.1440	95.219	251	11	1	1	250	500	750	8.21e-109	396
4b5034f6b32b0aaa98a5351f03527cc7	LC078998.1.1487	95.200	250	12	0	1	250	525	774	8.21e-109	396
4b5034f6b32b0aaa98a5351f03527cc7	EU564844.1.1438	95.200	250	12	0	1	250	482	731	8.21e-109	396
4b5034f6b32b0aaa98a5351f03527cc7	MF629789.1.1393	95.200	250	11	1	1	250	481	729	2.95e-108	394
4b5034f6b32b0aaa98a5351f03527cc7	FJ203189.1.1448	94.800	250	13	0	1	250	504	753	3.82e-107	390
4b5034f6b32b0aaa98a5351f03527cc7	EF123537.1.1488	94.800	250	13	0	1	250	523	772	3.82e-107	390
4b5034f6b32b0aaa98a5351f03527cc7	KF282372.1.1391	94.800	250	13	0	1	250	476	725	3.82e-107	390
4b5034f6b32b0aaa98a5351f03527cc7	JN118551.1.1437	94.800	250	13	0	1	250	493	742	3.82e-107	390
4b5034f6b32b0aaa98a5351f03527cc7	JQ516390.1.1421	94.779	249	13	0	1	249	515	763	1.37e-106	388
4b5034f6b32b0aaa98a5351f03527cc7	AY654759.1.1442	94.422	251	13	1	1	250	502	752	1.78e-105	385
4b5034f6b32b0aaa98a5351f03527cc7	FJ348472.1.1396	94.422	251	13	1	1	250	479	729	1.78e-105	385
4b5034f6b32b0aaa98a5351f03527cc7	KF799001.1.1486	94.000	250	15	0	1	250	521	770	8.27e-104	379
4b5034f6b32b0aaa98a5351f03527cc7	FJ952682.1.1486	94.000	250	15	0	1	250	521	770	8.27e-104	379
4b5034f6b32b0aaa98a5351f03527cc7	AB377123.1.1422	94.000	250	15	0	1	250	496	745	8.27e-104	379
4b5034f6b32b0aaa98a5351f03527cc7	AB073573.1.1395	94.024	251	14	1	1	250	483	733	8.27e-104	379
4b5034f6b32b0aaa98a5351f03527cc7	MF662803.1.1515	94.000	250	15	0	1	250	521	770	8.27e-104	379
4b5034f6b32b0aaa98a5351f03527cc7	LXTT01000106.325.1830	93.600	250	16	0	1	250	525	774	3.85e-102	374
4b5034f6b32b0aaa98a5351f03527cc7	DQ486480.1.1439	93.600	250	16	0	1	250	503	752	3.85e-102	374
4b5034f6b32b0aaa98a5351f03527cc7	KF179788.1.1448	93.625	251	15	1	1	250	503	753	3.85e-102	374
4b5034f6b32b0aaa98a5351f03527cc7	MH532524.1.1488	93.600	250	16	0	1	250	524	773	3.85e-102	374
4b5034f6b32b0aaa98a5351f03527cc7	KF724486.1.1487	93.600	250	16	0	1	250	525	774	3.85e-102	374
4b5034f6b32b0aaa98a5351f03527cc7	AY654764.1.1426	93.600	250	16	0	1	250	487	736	3.85e-102	374
4b5034f6b32b0aaa98a5351f03527cc7	AB073566.1.1396	93.600	250	16	0	1	250	484	733	3.85e-102	374
4b5034f6b32b0aaa98a5351f03527cc7	KY770389.1.1421	93.600	250	16	0	1	250	496	745	3.85e-102	374
4b5034f6b32b0aaa98a5351f03527cc7	KY770143.1.1413	93.600	250	16	0	1	250	478	727	3.85e-102	374
4b5034f6b32b0aaa98a5351f03527cc7	FJ675502.1.1394	93.200	250	17	0	1	250	524	773	1.79e-100	368
4b5034f6b32b0aaa98a5351f03527cc7	DQ334659.1.1284	93.200	250	17	0	1	250	452	701	1.79e-100	368
dc7046dd85495600f1e620796b58e504	EF123558.1.1480	99.600	250	1	0	1	250	514	763	3.72e-127	457
dc7046dd85495600f1e620796b58e504	CP031153.248095.249604	99.200	250	2	0	1	250	521	770	1.73e-125	451
dc7046dd85495600f1e620796b58e504	CP031153.5044120.5045629	99.200	250	2	0	1	250	521	770	1.73e-125	451
dc7046dd85495600f1e620796b58e504	CP031153.3616418.3617927	99.200	250	2	0	1	250	521	770	1.73e-125	451
dc7046dd85495600f1e620796b58e504	GQ274041.1.1514	99.200	250	2	0	1	250	521	770	1.73e-125	451
dc7046dd85495600f1e620796b58e504	AB557535.1.1343	99.200	250	2	0	1	250	489	738	1.73e-125	451
dc7046dd85495600f1e620796b58e504	GU233518.1.1474	99.200	250	2	0	1	250	524	773	1.73e-125	451
dc7046dd85495600f1e620796b58e504	KF040476.1.1446	99.200	250	2	0	1	250	503	752	1.73e-125	451
dc7046dd85495600f1e620796b58e504	HM798967.1.1458	98.800	250	3	0	1	250	500	749	8.04e-124	446
dc7046dd85495600f1e620796b58e504	ABIB01000002.610912.612431	98.800	250	3	0	1	250	524	773	8.04e-124	446
dc7046dd85495600f1e620796b58e504	ABIB01000004.173158.174678	98.800	250	3	0	1	250	525	774	8.04e-124	446
dc7046dd85495600f1e620796b58e504	AM930457.1.1449	98.800	250	3	0	1	250	506	755	8.04e-124	446
dc7046dd85495600f1e620796b58e504	GU949540.1.1447	98.800	250	3	0	1	250	519	768	8.04e-124	446
dc7046dd85495600f1e620796b58e504	AB681152.1.1447	98.800	250	3	0	1	250	501	750	8.04e-124	446
dc7046dd85495600f1e620796b58e504	AB758591.1.1393	98.800	250	3	0	1	250	475	724	8.04e-124	446
dc7046dd85495600f1e620796b58e504	JX456458.1.1416	98.800	250	3	0	1	250	508	757	8.04e-124	446
dc7046dd85495600f1e620796b58e504	AY195836.1.1514	98.800	250	3	0	1	250	521	770	8.04e-124	446
dc7046dd85495600f1e620796b58e504	AB017046.1.1485	98.800	250	3	0	1	250	521	770	8.04e-124	446
dc7046dd85495600f1e620796b58e504	JQ515528.1.1520	98.406	251	3	1	1	250	532	782	3.74e-122	440
dc7046dd85495600f1e620796b58e504	ABIB01000005.311139.312659	98.400	250	4	0	1	250	525	774	3.74e-122	440
dc7046dd85495600f1e620796b58e504	KX078451.1.1448	98.400	250	4	0	1	250	506	755	3.74e-122	440
dc7046dd85495600f1e620796b58e504	GU949541.1.1432	98.400	250	4	0	1	250	447	696	3.74e-122	440
dc7046dd85495600f1e620796b58e504	KT589975.1.1444	98.400	250	4	0	1	250	501	750	3.74e-122	440
dc7046dd85495600f1e620796b58e504	JX235671.1.1482	98.400	250	4	0	1	250	506	755	3.74e-122	440
dc7046dd85495600f1e620796b58e504	KP704352.1.1488	98.400	250	4	0	1	250	523	772	3.74e-122	440
dc7046dd85495600f1e620796b58e504	KM502319.1.1418	98.400	250	4	0	1	250	512	761	3.74e-122	440
dc7046dd85495600f1e620796b58e504	KF799040.1.1400	98.400	250	3	1	1	250	521	769	1.35e-121	438
dc7046dd85495600f1e620796b58e504	AF359551.1.1461	98.000	250	5	0	1	250	513	762	1.35e-121	438
dc7046dd85495600f1e620796b58e504	JQ515541.1.1520	96.850	254	3	5	2	250	547	800	4.87e-116	420
dc7046dd85495600f1e620796b58e504	KF787068.1.1390	96.800	250	8	0	1	250	523	772	1.75e-115	418
dc7046dd85495600f1e620796b58e504	FN811302.1.1316	96.800	250	8	0	1	250	485	734	1.75e-115	418
dc7046dd85495600f1e620796b58e504	KU578799.1.1382	96.443	253	3	6	1	250	522	771	8.16e-114	412
dc7046dd85495600f1e620796b58e504	JF117533.1.1353	94.400	250	14	0	1	250	501	750	1.78e-105	385
dc7046dd85495600f1e620796b58e504	AB681890.1.1445	94.400	250	14	0	1	250	499	748	1.78e-105	385
dc7046dd85495600f1e620796b58e504	AB294107.1.1408	94.400	250	14	0	1	250	458	707	1.78e-105	385
dc7046dd85495600f1e620796b58e504	L10948.1.1425	93.600	250	16	0	1	250	526	775	3.85e-102	374
dc7046dd85495600f1e620796b58e504	JX525264.1.1424	93.625	251	14	2	1	250	480	729	3.85e-102	374
dc7046dd85495600f1e620796b58e504	AF468427.1.1466	93.600	250	16	0	1	250	497	746	3.85e-102	374
dc7046dd85495600f1e620796b58e504	GU991524.1.1497	93.600	250	16	0	1	250	511	760	3.85e-102	374
dc7046dd85495600f1e620796b58e504	KM924013.1.1441	93.600	250	16	0	1	250	498	747	3.85e-102	374
dc7046dd85495600f1e620796b58e504	JQ661172.1.1373	93.600	250	16	0	1	250	473	722	3.85e-102	374
dc7046dd85495600f1e620796b58e504	JX525564.1.1428	93.200	250	17	0	1	250	484	733	1.79e-100	368
dc7046dd85495600f1e620796b58e504	JX525371.1.1421	93.200	250	17	0	1	250	478	727	1.79e-100	368
dc7046dd85495600f1e620796b58e504	JN717174.1.1482	93.254	252	13	4	1	250	519	768	1.79e-100	368
dc7046dd85495600f1e620796b58e504	AACY020309696.232.1729	93.254	252	13	4	1	250	521	770	1.79e-100	368
dc7046dd85495600f1e620796b58e504	KF596588.1.1476	93.254	252	13	4	1	250	521	770	1.79e-100	368
dc7046dd85495600f1e620796b58e504	EF092198.1.1426	93.200	250	17	0	1	250	476	725	1.79e-100	368
dc7046dd85495600f1e620796b58e504	FR683198.1.1480	93.200	250	17	0	1	250	518	767	1.79e-100	368
dc7046dd85495600f1e620796b58e504	EU050892.1.1397	93.200	250	17	0	1	250	500	749	1.79e-100	368
dc7046dd85495600f1e620796b58e504	KJ475138.1.1510	93.200	250	17	0	1	250	523	772	1.79e-100	368
36aab1d087ea1671c5971962313dde80	JN430494.1.1359	98.800	250	3	0	1	250	451	700	8.04e-124	446
36aab1d087ea1671c5971962313dde80	JN441308.1.1406	98.805	251	2	1	1	250	516	766	8.04e-124	446
36aab1d087ea1671c5971962313dde80	JN431136.1.1402	98.406	251	3	1	1	250	451	701	3.74e-122	440
36aab1d087ea1671c5971962313dde80	JN434839.1.1457	97.600	250	6	0	1	250	509	758	8.10e-119	429
36aab1d087ea1671c5971962313dde80	KJ734891.1.1483	97.200	250	7	0	1	250	521	770	3.77e-117	424
36aab1d087ea1671c5971962313dde80	JN450709.1.1352	96.800	250	8	0	1	250	505	754	1.75e-115	418
36aab1d087ea1671c5971962313dde80	JN431282.1.1433	96.800	250	8	0	1	250	502	751	1.75e-115	418
36aab1d087ea1671c5971962313dde80	JN433011.1.1420	96.400	250	9	0	1	250	505	754	8.16e-114	412
36aab1d087ea1671c5971962313dde80	JN447172.1.1457	96.400	250	9	0	1	250	505	754	8.16e-114	412
36aab1d087ea1671c5971962313dde80	JN432502.1.1395	96.000	250	10	0	1	250	478	727	3.79e-112	407
36aab1d087ea1671c5971962313dde80	JN433180.1.1382	95.635	252	9	2	1	250	473	724	4.91e-111	403
36aab1d087ea1671c5971962313dde80	JN466513.1.1386	95.600	250	11	0	1	250	481	730	1.77e-110	401
36aab1d087ea1671c5971962313dde80	JN427310.1.1371	95.600	250	11	0	1	250	473	722	1.77e-110	401
36aab1d087ea1671c5971962313dde80	FJ152979.1.1464	95.200	250	12	0	1	250	482	731	8.21e-109	396
36aab1d087ea1671c5971962313dde80	JN470839.1.1404	95.200	250	12	0	1	250	483	732	8.21e-109	396
36aab1d087ea1671c5971962313dde80	JN429834.1.1444	95.200	250	12	0	1	250	515	764	8.21e-109	396
36aab1d087ea1671c5971962313dde80	JN492268.1.1414	95.200	250	12	0	1	250	484	733	8.21e-109	396
36aab1d087ea1671c5971962313dde80	JN459772.1.1439	95.200	250	12	0	1	250	491	740	8.21e-109	396
36aab1d087ea1671c5971962313dde80	JN436618.1.1393	95.200	250	12	0	1	250	471	720	8.21e-109	396
36aab1d087ea1671c5971962313dde80	JN467245.1.1430	95.200	250	12	0	1	250	485	734	8.21e-109	396
36aab1d087ea1671c5971962313dde80	JN446523.1.1465	95.200	250	12	0	1	250	516	765	8.21e-109	396
36aab1d087ea1671c5971962313dde80	JN433399.1.1283	95.200	250	12	0	1	250	478	727	8.21e-109	396
36aab1d087ea1671c5971962313dde80	JN443033.1.1439	95.200	250	12	0	1	250	488	737	8.21e-109	396
36aab1d087ea1671c5971962313dde80	JN428694.1.1455	95.200	250	12	0	1	250	509	758	8.21e-109	396
36aab1d087ea1671c5971962313dde80	JN437713.1.1286	95.200	250	12	0	1	250	464	713	8.21e-109	396
36aab1d087ea1671c5971962313dde80	DQ330315.1.1368	95.200	250	12	0	1	250	514	763	8.21e-109	396
36aab1d087ea1671c5971962313dde80	DQ330314.1.1358	95.200	250	12	0	1	250	511	760	8.21e-109	396
36aab1d087ea1671c5971962313dde80	JN474728.1.1373	94.800	250	13	0	1	250	485	734	3.82e-107	390
36aab1d087ea1671c5971962313dde80	JN462445.1.1385	94.800	250	13	0	1	250	487	736	3.82e-107	390
36aab1d087ea1671c5971962313dde80	JN451433.1.1379	94.800	250	13	0	1	250	483	732	3.82e-107	390
36aab1d087ea1671c5971962313dde80	JN441274.1.1403	94.800	250	13	0	1	250	472	721	3.82e-107	390
36aab1d087ea1671c5971962313dde80	JN440948.1.1346	94.800	250	13	0	1	250	457	706	3.82e-107	390
36aab1d087ea1671c5971962313dde80	JN435726.1.1391	94.800	250	13	0	1	250	481	730	3.82e-107	390
36aab1d087ea1671c5971962313dde80	JN430609.1.1380	94.821	251	12	1	1	250	486	736	3.82e-107	390
36aab1d087ea1671c5971962313dde80	JN462203.1.1317	94.400	250	14	0	1	250	419	668	1.78e-105	385
36aab1d087ea1671c5971962313dde80	JN436499.1.1385	94.400	250	14	0	1	250	473	722	1.78e-105	385
36aab1d087ea1671c5971962313dde80	HM238118.1.1463	94.400	250	14	0	1	250	520	769	1.78e-105	385
36aab1d087ea1671c5971962313dde80	AM997540.1.1480	94.400	250	14	0	1	250	521	770	1.78e-105	385
36aab1d087ea1671c5971962313dde80	AB630806.1.1444	94.422	251	12	2	1	250	501	750	1.78e-105	385
36aab1d087ea1671c5971962313dde80	JN484036.1.1396	94.000	250	15	0	1	250	482	731	8.27e-104	379
36aab1d087ea1671c5971962313dde80	JN464562.1.1379	94.024	251	14	1	1	250	440	690	8.27e-104	379
36aab1d087ea1671c5971962313dde80	JN432563.1.1367	93.725	255	11	5	1	250	467	721	2.98e-103	377
36aab1d087ea1671c5971962313dde80	JN437642.1.1385	93.600	250	16	0	1	250	488	737	3.85e-102	374
36aab1d087ea1671c5971962313dde80	JN430728.1.1385	92.885	253	15	3	1	250	486	738	2.32e-99	364
36aab1d087ea1671c5971962313dde80	EU283529.1.1349	92.800	250	18	0	1	250	499	748	8.33e-99	363
36aab1d087ea1671c5971962313dde80	JN430809.1.1280	92.490	253	15	4	2	250	376	628	1.08e-97	359
36aab1d087ea1671c5971962313dde80	KM355203.1.1484	92.400	250	19	0	1	250	519	768	3.88e-97	357
36aab1d087ea1671c5971962313dde80	FN553948.1.1480	91.633	251	19	2	1	250	521	770	8.39e-94	346
36aab1d087ea1671c5971962313dde80	KP091166.1.1491	91.235	251	20	2	1	250	521	770	3.90e-92	340
36aab1d087ea1671c5971962313dde80	FN553930.1.1480	91.235	251	20	2	1	250	521	770	3.90e-92	340
