0a2e159b895fde1eb1c5f3e55e2a9cb5	DQ109909.1.1352	98.800	250	3	0	1	250	421	670	8.04e-124	446
0a2e159b895fde1eb1c5f3e55e2a9cb5	JN437018.1.1399	98.000	250	5	0	1	250	477	726	1.74e-120	435
0a2e159b895fde1eb1c5f3e55e2a9cb5	EU245240.1.1504	97.200	250	7	0	1	250	527	776	3.77e-117	424
0a2e159b895fde1eb1c5f3e55e2a9cb5	JN534820.1.1227	96.787	249	8	0	2	250	510	758	6.31e-115	416
0a2e159b895fde1eb1c5f3e55e2a9cb5	EU246122.1.1503	96.787	249	8	0	2	250	527	775	6.31e-115	416
0a2e159b895fde1eb1c5f3e55e2a9cb5	JN445769.1.1442	96.400	250	9	0	1	250	509	758	8.16e-114	412
0a2e159b895fde1eb1c5f3e55e2a9cb5	JN488230.1.1473	93.173	249	17	0	2	250	528	776	6.44e-100	366
0a2e159b895fde1eb1c5f3e55e2a9cb5	JN435639.1.1395	93.200	250	9	8	2	250	481	723	3.00e-98	361
0a2e159b895fde1eb1c5f3e55e2a9cb5	GU567961.29943.31455	92.400	250	19	0	1	250	532	781	3.88e-97	357
0a2e159b895fde1eb1c5f3e55e2a9cb5	GQ348634.1.1398	92.000	250	20	0	1	250	518	767	1.80e-95	351
0a2e159b895fde1eb1c5f3e55e2a9cb5	GU567973.1109.2621	92.000	250	20	0	1	250	532	781	1.80e-95	351
0a2e159b895fde1eb1c5f3e55e2a9cb5	JN517018.1.1488	91.968	249	20	0	2	250	524	772	6.49e-95	350
0a2e159b895fde1eb1c5f3e55e2a9cb5	MG554700.1.1530	91.633	251	20	1	1	250	539	789	8.39e-94	346
0a2e159b895fde1eb1c5f3e55e2a9cb5	HQ674119.1.1519	91.600	250	21	0	1	250	539	788	8.39e-94	346
0a2e159b895fde1eb1c5f3e55e2a9cb5	EF572458.1.1513	91.600	250	21	0	1	250	532	781	8.39e-94	346
0a2e159b895fde1eb1c5f3e55e2a9cb5	AM997752.1.1517	91.566	249	21	0	2	250	542	790	3.02e-93	344
0a2e159b895fde1eb1c5f3e55e2a9cb5	JQ580432.1.1516	91.200	250	22	0	1	250	540	789	3.90e-92	340
0a2e159b895fde1eb1c5f3e55e2a9cb5	HQ674108.1.1509	91.200	250	21	1	1	250	534	782	1.40e-91	339
0a2e159b895fde1eb1c5f3e55e2a9cb5	AM889204.1.1515	90.800	250	23	0	1	250	541	790	1.82e-90	335
0a2e159b895fde1eb1c5f3e55e2a9cb5	EF516917.1.1477	90.837	251	21	2	1	250	516	765	1.82e-90	335
0a2e159b895fde1eb1c5f3e55e2a9cb5	FM211799.1.1519	90.800	250	23	0	1	250	541	790	1.82e-90	335
0a2e159b895fde1eb1c5f3e55e2a9cb5	JX227143.1.1532	90.763	249	23	0	2	250	542	790	6.53e-90	333
0a2e159b895fde1eb1c5f3e55e2a9cb5	JN986042.1.1516	90.400	250	24	0	1	250	538	787	8.45e-89	329
0a2e159b895fde1eb1c5f3e55e2a9cb5	JF344024.1.1521	90.400	250	24	0	1	250	541	790	8.45e-89	329
0a2e159b895fde1eb1c5f3e55e2a9cb5	KC009905.1.1479	90.400	250	24	0	1	250	481	730	8.45e-89	329
0a2e159b895fde1eb1c5f3e55e2a9cb5	EF125389.1.1519	90.476	252	20	4	1	250	540	789	8.45e-89	329
0a2e159b895fde1eb1c5f3e55e2a9cb5	HQ673192.1.1516	90.400	250	24	0	1	250	537	786	8.45e-89	329
0a2e159b895fde1eb1c5f3e55e2a9cb5	DQ154856.1.1523	90.400	250	21	3	2	250	546	793	8.45e-89	329
0a2e159b895fde1eb1c5f3e55e2a9cb5	EU488106.1.1521	90.400	250	24	0	1	250	541	790	8.45e-89	329
0a2e159b895fde1eb1c5f3e55e2a9cb5	JF236659.1.1380	90.040	251	24	1	1	250	520	770	3.93e-87	324
0a2e159b895fde1eb1c5f3e55e2a9cb5	KF787045.1.1409	90.079	252	21	4	1	250	534	783	3.93e-87	324
0a2e159b895fde1eb1c5f3e55e2a9cb5	JQ088381.1.1446	90.040	251	23	2	1	250	470	719	3.93e-87	324
0a2e159b895fde1eb1c5f3e55e2a9cb5	KX936417.1.1515	90.000	250	25	0	1	250	536	785	3.93e-87	324
0a2e159b895fde1eb1c5f3e55e2a9cb5	EF123489.1.1532	90.000	250	25	0	1	250	549	798	3.93e-87	324
0a2e159b895fde1eb1c5f3e55e2a9cb5	FJ152686.1.1490	90.079	252	21	4	1	250	485	734	3.93e-87	324
0a2e159b895fde1eb1c5f3e55e2a9cb5	KF827263.1.1400	90.040	251	23	2	1	250	470	719	3.93e-87	324
0a2e159b895fde1eb1c5f3e55e2a9cb5	JX193433.1.1552	90.000	250	25	0	1	250	540	789	3.93e-87	324
0a2e159b895fde1eb1c5f3e55e2a9cb5	KT952681.1.1518	90.000	250	25	0	1	250	539	788	3.93e-87	324
0a2e159b895fde1eb1c5f3e55e2a9cb5	GU362950.1.1425	90.040	251	23	2	1	250	492	741	3.93e-87	324
0a2e159b895fde1eb1c5f3e55e2a9cb5	HM278297.1.1376	90.040	251	23	2	1	250	516	765	3.93e-87	324
0a2e159b895fde1eb1c5f3e55e2a9cb5	GU584672.1.1416	90.000	250	25	0	1	250	541	790	3.93e-87	324
0a2e159b895fde1eb1c5f3e55e2a9cb5	GU119012.1.1478	90.000	250	25	0	1	250	519	768	3.93e-87	324
0a2e159b895fde1eb1c5f3e55e2a9cb5	FM211795.1.1517	90.000	250	25	0	1	250	541	790	3.93e-87	324
0a2e159b895fde1eb1c5f3e55e2a9cb5	FM211796.1.1517	90.000	250	25	0	1	250	541	790	3.93e-87	324
0a2e159b895fde1eb1c5f3e55e2a9cb5	EF574773.1.1519	90.000	250	25	0	1	250	537	786	3.93e-87	324
0a2e159b895fde1eb1c5f3e55e2a9cb5	AB294956.1.1422	90.000	250	25	0	1	250	538	787	3.93e-87	324
0a2e159b895fde1eb1c5f3e55e2a9cb5	AB294977.1.1461	90.000	250	25	0	1	250	540	789	3.93e-87	324
0a2e159b895fde1eb1c5f3e55e2a9cb5	AB294925.1.1380	90.000	250	25	0	1	250	540	789	3.93e-87	324
0a2e159b895fde1eb1c5f3e55e2a9cb5	JQ269314.1.1522	90.079	252	21	3	1	250	541	790	3.93e-87	324
0a2e159b895fde1eb1c5f3e55e2a9cb5	JN447458.1.1362	90.323	248	20	4	2	247	445	690	1.41e-86	322
d0b4e3317347d6f6afa5c0afa8f28c50	JN447641.1.1459	98.000	250	5	0	1	250	515	764	1.74e-120	435
d0b4e3317347d6f6afa5c0afa8f28c50	JN515265.1.1458	97.200	250	7	0	1	250	508	757	3.77e-117	424
d0b4e3317347d6f6afa5c0afa8f28c50	JN468377.1.1441	97.200	250	7	0	1	250	513	762	3.77e-117	424
d0b4e3317347d6f6afa5c0afa8f28c50	FJ516764.1.1504	96.000	250	10	0	1	250	519	768	3.79e-112	407
d0b4e3317347d6f6afa5c0afa8f28c50	JN462904.1.1386	94.882	254	9	4	1	250	489	742	2.95e-108	394
d0b4e3317347d6f6afa5c0afa8f28c50	DQ109898.1.1350	94.400	250	14	0	1	250	398	647	1.78e-105	385
d0b4e3317347d6f6afa5c0afa8f28c50	JN515854.1.1468	94.000	250	15	0	1	250	521	770	8.27e-104	379
d0b4e3317347d6f6afa5c0afa8f28c50	JN530305.1.1474	94.000	250	15	0	1	250	517	766	8.27e-104	379
d0b4e3317347d6f6afa5c0afa8f28c50	JN510312.1.1500	94.000	250	15	0	1	250	533	782	8.27e-104	379
d0b4e3317347d6f6afa5c0afa8f28c50	DQ109897.1.1337	94.000	250	14	1	1	250	424	672	2.98e-103	377
d0b4e3317347d6f6afa5c0afa8f28c50	JN538756.1.1449	93.600	250	16	0	1	250	506	755	3.85e-102	374
d0b4e3317347d6f6afa5c0afa8f28c50	JN514330.1.1478	93.600	250	16	0	1	250	527	776	3.85e-102	374
d0b4e3317347d6f6afa5c0afa8f28c50	JN534275.1.1454	93.600	250	16	0	1	250	507	756	3.85e-102	374
d0b4e3317347d6f6afa5c0afa8f28c50	JN437735.1.1477	93.600	250	16	0	1	250	526	775	3.85e-102	374
d0b4e3317347d6f6afa5c0afa8f28c50	DQ331000.1.1382	93.600	250	16	0	1	250	520	769	3.85e-102	374
d0b4e3317347d6f6afa5c0afa8f28c50	JN531653.1.1462	93.200	250	17	0	1	250	511	760	1.79e-100	368
d0b4e3317347d6f6afa5c0afa8f28c50	JN462154.1.1458	93.200	250	17	0	1	250	514	763	1.79e-100	368
d0b4e3317347d6f6afa5c0afa8f28c50	JQ515607.1.1526	93.200	250	17	0	1	250	537	786	1.79e-100	368
d0b4e3317347d6f6afa5c0afa8f28c50	KF268719.1.1434	93.200	250	17	0	1	250	494	743	1.79e-100	368
d0b4e3317347d6f6afa5c0afa8f28c50	JN531600.1.1419	92.800	250	18	0	1	250	523	772	8.33e-99	363
d0b4e3317347d6f6afa5c0afa8f28c50	JN538120.1.1442	92.800	250	18	0	1	250	476	725	8.33e-99	363
d0b4e3317347d6f6afa5c0afa8f28c50	GQ274300.1.1546	92.400	250	19	0	1	250	535	784	3.88e-97	357
d0b4e3317347d6f6afa5c0afa8f28c50	JN433151.1.1430	92.400	250	19	0	1	250	507	756	3.88e-97	357
d0b4e3317347d6f6afa5c0afa8f28c50	KF786565.1.1415	92.000	250	20	0	1	250	537	786	1.80e-95	351
d0b4e3317347d6f6afa5c0afa8f28c50	JN496781.1.1484	92.000	250	20	0	1	250	519	768	1.80e-95	351
d0b4e3317347d6f6afa5c0afa8f28c50	KM356336.1.1471	92.000	250	20	0	1	250	506	755	1.80e-95	351
d0b4e3317347d6f6afa5c0afa8f28c50	JN532649.1.1468	91.600	250	21	0	1	250	521	770	8.39e-94	346
d0b4e3317347d6f6afa5c0afa8f28c50	JN447545.1.1423	91.600	250	21	0	1	250	494	743	8.39e-94	346
d0b4e3317347d6f6afa5c0afa8f28c50	GU118290.1.1467	91.600	250	21	0	1	250	505	754	8.39e-94	346
d0b4e3317347d6f6afa5c0afa8f28c50	JN522596.1.1435	92.797	236	17	0	15	250	493	728	1.09e-92	342
d0b4e3317347d6f6afa5c0afa8f28c50	JN517110.1.1432	91.200	250	22	0	1	250	490	739	3.90e-92	340
d0b4e3317347d6f6afa5c0afa8f28c50	JN511691.1.1433	90.980	255	18	4	1	250	499	753	1.40e-91	339
d0b4e3317347d6f6afa5c0afa8f28c50	EU234271.1.1519	90.800	250	23	0	1	250	534	783	1.82e-90	335
d0b4e3317347d6f6afa5c0afa8f28c50	FJ202539.1.1499	90.400	250	24	0	1	250	527	776	8.45e-89	329
d0b4e3317347d6f6afa5c0afa8f28c50	KC668530.1.1509	90.438	251	23	1	1	250	527	777	8.45e-89	329
d0b4e3317347d6f6afa5c0afa8f28c50	JQ426279.1.1509	90.400	250	23	1	2	250	499	748	3.04e-88	327
d0b4e3317347d6f6afa5c0afa8f28c50	KP054206.1.1482	90.000	250	25	0	1	250	517	766	3.93e-87	324
d0b4e3317347d6f6afa5c0afa8f28c50	AY592592.1.1286	90.000	250	25	0	1	250	509	758	3.93e-87	324
d0b4e3317347d6f6afa5c0afa8f28c50	KF836345.1.1517	89.641	251	24	2	1	250	537	786	1.83e-85	318
d0b4e3317347d6f6afa5c0afa8f28c50	CU466779.2.1379	89.600	250	26	0	1	250	500	749	1.83e-85	318
d0b4e3317347d6f6afa5c0afa8f28c50	JQ215280.1.1365	89.600	250	26	0	1	250	507	756	1.83e-85	318
d0b4e3317347d6f6afa5c0afa8f28c50	AB630768.1.1479	89.600	250	26	0	1	250	517	766	1.83e-85	318
d0b4e3317347d6f6afa5c0afa8f28c50	EU373898.1.1522	89.600	250	24	2	1	248	539	788	6.58e-85	316
d0b4e3317347d6f6afa5c0afa8f28c50	GU117946.1.1465	89.600	250	25	1	1	250	507	755	6.58e-85	316
d0b4e3317347d6f6afa5c0afa8f28c50	KF624408.1.1362	89.200	250	27	0	1	250	453	702	8.51e-84	313
d0b4e3317347d6f6afa5c0afa8f28c50	DQ017949.1.1515	89.200	250	27	0	1	250	519	768	8.51e-84	313
d0b4e3317347d6f6afa5c0afa8f28c50	EU134340.1.1392	89.200	250	27	0	1	250	514	763	8.51e-84	313
d0b4e3317347d6f6afa5c0afa8f28c50	JQ216598.1.1369	89.200	250	27	0	1	250	507	756	8.51e-84	313
d0b4e3317347d6f6afa5c0afa8f28c50	KF827054.1.1400	88.889	252	26	2	1	250	536	787	1.10e-82	309
d0b4e3317347d6f6afa5c0afa8f28c50	JN441857.1.1420	88.889	252	26	2	1	250	473	724	1.10e-82	309
da05112c7b2d0a5ed79d3c0cc1039160	JN538120.1.1442	98.800	250	3	0	1	250	476	725	8.04e-124	446
da05112c7b2d0a5ed79d3c0cc1039160	JQ515607.1.1526	98.400	250	4	0	1	250	537	786	3.74e-122	440
da05112c7b2d0a5ed79d3c0cc1039160	GQ274300.1.1546	98.000	250	5	0	1	250	535	784	1.74e-120	435
da05112c7b2d0a5ed79d3c0cc1039160	JN515854.1.1468	98.000	250	5	0	1	250	521	770	1.74e-120	435
da05112c7b2d0a5ed79d3c0cc1039160	JN530305.1.1474	98.000	250	5	0	1	250	517	766	1.74e-120	435
da05112c7b2d0a5ed79d3c0cc1039160	JN510312.1.1500	98.000	250	5	0	1	250	533	782	1.74e-120	435
da05112c7b2d0a5ed79d3c0cc1039160	JN538756.1.1449	97.600	250	6	0	1	250	506	755	8.10e-119	429
da05112c7b2d0a5ed79d3c0cc1039160	JN514330.1.1478	97.600	250	6	0	1	250	527	776	8.10e-119	429
da05112c7b2d0a5ed79d3c0cc1039160	JN534275.1.1454	97.600	250	6	0	1	250	507	756	8.10e-119	429
da05112c7b2d0a5ed79d3c0cc1039160	DQ109898.1.1350	97.600	250	6	0	1	250	398	647	8.10e-119	429
da05112c7b2d0a5ed79d3c0cc1039160	DQ331000.1.1382	97.600	250	6	0	1	250	520	769	8.10e-119	429
da05112c7b2d0a5ed79d3c0cc1039160	JN531653.1.1462	97.200	250	7	0	1	250	511	760	3.77e-117	424
da05112c7b2d0a5ed79d3c0cc1039160	JN462154.1.1458	97.200	250	7	0	1	250	514	763	3.77e-117	424
da05112c7b2d0a5ed79d3c0cc1039160	DQ109897.1.1337	97.200	250	6	1	1	250	424	672	1.36e-116	422
da05112c7b2d0a5ed79d3c0cc1039160	JN531600.1.1419	96.800	250	8	0	1	250	523	772	1.75e-115	418
da05112c7b2d0a5ed79d3c0cc1039160	JN433151.1.1430	96.813	251	6	2	1	250	507	756	1.75e-115	418
da05112c7b2d0a5ed79d3c0cc1039160	JN447545.1.1423	96.800	250	8	0	1	250	494	743	1.75e-115	418
da05112c7b2d0a5ed79d3c0cc1039160	KF786565.1.1415	96.800	250	8	0	1	250	537	786	1.75e-115	418
da05112c7b2d0a5ed79d3c0cc1039160	JN437735.1.1477	96.813	251	6	2	1	250	526	775	1.75e-115	418
da05112c7b2d0a5ed79d3c0cc1039160	KF268719.1.1434	96.400	250	9	0	1	250	494	743	8.16e-114	412
da05112c7b2d0a5ed79d3c0cc1039160	JN522596.1.1435	97.881	236	5	0	15	250	493	728	1.06e-112	409
da05112c7b2d0a5ed79d3c0cc1039160	JN496781.1.1484	96.000	250	10	0	1	250	519	768	3.79e-112	407
da05112c7b2d0a5ed79d3c0cc1039160	JN532649.1.1468	95.600	250	11	0	1	250	521	770	1.77e-110	401
da05112c7b2d0a5ed79d3c0cc1039160	EU234271.1.1519	95.600	250	11	0	1	250	534	783	1.77e-110	401
da05112c7b2d0a5ed79d3c0cc1039160	JN517110.1.1432	95.200	250	12	0	1	250	490	739	8.21e-109	396
da05112c7b2d0a5ed79d3c0cc1039160	KM356336.1.1471	95.200	250	12	0	1	250	506	755	8.21e-109	396
da05112c7b2d0a5ed79d3c0cc1039160	JN511691.1.1433	94.902	255	8	5	1	250	499	753	2.95e-108	394
da05112c7b2d0a5ed79d3c0cc1039160	AB630768.1.1479	94.800	250	13	0	1	250	517	766	3.82e-107	390
da05112c7b2d0a5ed79d3c0cc1039160	EU373898.1.1522	94.800	250	11	2	1	248	539	788	1.37e-106	388
da05112c7b2d0a5ed79d3c0cc1039160	KP054206.1.1482	94.400	250	14	0	1	250	517	766	1.78e-105	385
da05112c7b2d0a5ed79d3c0cc1039160	DQ017949.1.1515	94.400	250	14	0	1	250	519	768	1.78e-105	385
da05112c7b2d0a5ed79d3c0cc1039160	AY592592.1.1286	94.400	250	14	0	1	250	509	758	1.78e-105	385
da05112c7b2d0a5ed79d3c0cc1039160	GU118290.1.1467	94.400	250	14	0	1	250	505	754	1.78e-105	385
da05112c7b2d0a5ed79d3c0cc1039160	FJ516764.1.1504	94.000	250	15	0	1	250	519	768	8.27e-104	379
da05112c7b2d0a5ed79d3c0cc1039160	CU466779.2.1379	94.000	250	15	0	1	250	500	749	8.27e-104	379
da05112c7b2d0a5ed79d3c0cc1039160	KF836345.1.1517	93.227	251	15	2	1	250	537	786	1.79e-100	368
da05112c7b2d0a5ed79d3c0cc1039160	KC668530.1.1509	93.227	251	16	1	1	250	527	777	1.79e-100	368
da05112c7b2d0a5ed79d3c0cc1039160	GU117946.1.1465	93.200	250	16	1	1	250	507	755	6.44e-100	366
da05112c7b2d0a5ed79d3c0cc1039160	JN441857.1.1420	92.857	252	16	2	1	250	473	724	2.32e-99	364
da05112c7b2d0a5ed79d3c0cc1039160	DQ269092.1.1277	92.800	250	18	0	1	250	342	591	8.33e-99	363
da05112c7b2d0a5ed79d3c0cc1039160	EU134340.1.1392	92.800	250	18	0	1	250	514	763	8.33e-99	363
da05112c7b2d0a5ed79d3c0cc1039160	JN447641.1.1459	92.400	250	19	0	1	250	515	764	3.88e-97	357
da05112c7b2d0a5ed79d3c0cc1039160	KF827054.1.1400	92.063	252	18	2	1	250	536	787	5.01e-96	353
da05112c7b2d0a5ed79d3c0cc1039160	FJ202539.1.1499	92.000	250	20	0	1	250	527	776	1.80e-95	351
da05112c7b2d0a5ed79d3c0cc1039160	HQ114172.1.1478	92.000	250	20	0	1	250	517	766	1.80e-95	351
da05112c7b2d0a5ed79d3c0cc1039160	EU050848.1.1464	91.935	248	20	0	1	248	502	749	2.33e-94	348
da05112c7b2d0a5ed79d3c0cc1039160	JN615806.1.1381	91.667	252	17	4	1	250	500	749	8.39e-94	346
da05112c7b2d0a5ed79d3c0cc1039160	JX133352.1.1518	91.633	251	19	2	1	250	538	787	8.39e-94	346
da05112c7b2d0a5ed79d3c0cc1039160	FR675960.1.1447	91.600	250	21	0	1	250	507	756	8.39e-94	346
da05112c7b2d0a5ed79d3c0cc1039160	KC009888.1.1452	91.200	250	22	0	1	250	521	770	3.90e-92	340
