f4f19618a469dc57715ff25bc6c02b8f	HM369104.1.1260	96.414	251	7	2	1	250	355	604	8.16e-114	412
f4f19618a469dc57715ff25bc6c02b8f	HM369097.1.1258	96.414	251	7	2	1	250	353	602	8.16e-114	412
f4f19618a469dc57715ff25bc6c02b8f	JQ580305.1.1478	96.414	251	7	2	1	250	499	748	8.16e-114	412
f4f19618a469dc57715ff25bc6c02b8f	FJ652506.1.1338	96.000	250	10	0	1	250	461	710	3.79e-112	407
f4f19618a469dc57715ff25bc6c02b8f	HM630159.1.1440	96.016	251	8	2	1	250	479	728	3.79e-112	407
f4f19618a469dc57715ff25bc6c02b8f	JQ580063.1.1480	96.032	252	7	3	1	250	500	750	3.79e-112	407
f4f19618a469dc57715ff25bc6c02b8f	JF272103.1.1481	95.200	250	12	0	1	250	499	748	8.21e-109	396
f4f19618a469dc57715ff25bc6c02b8f	JN539359.1.1458	95.200	250	12	0	1	250	491	740	8.21e-109	396
f4f19618a469dc57715ff25bc6c02b8f	DQ499312.1.1482	95.219	251	10	2	1	250	500	749	8.21e-109	396
f4f19618a469dc57715ff25bc6c02b8f	DQ917853.1.1522	95.219	251	10	2	1	250	507	756	8.21e-109	396
f4f19618a469dc57715ff25bc6c02b8f	KM356724.1.1441	95.219	251	10	2	1	250	479	728	8.21e-109	396
f4f19618a469dc57715ff25bc6c02b8f	AF029076.1.1521	95.219	251	10	2	1	250	506	755	8.21e-109	396
f4f19618a469dc57715ff25bc6c02b8f	HE803843.1.1204	95.200	250	12	0	1	250	471	720	8.21e-109	396
f4f19618a469dc57715ff25bc6c02b8f	JF443763.1.1367	95.200	250	12	0	1	250	427	676	8.21e-109	396
f4f19618a469dc57715ff25bc6c02b8f	HM369074.1.1259	94.821	251	11	2	1	250	354	603	3.82e-107	390
f4f19618a469dc57715ff25bc6c02b8f	HM369071.1.1256	94.821	251	11	2	1	250	352	601	3.82e-107	390
f4f19618a469dc57715ff25bc6c02b8f	JN506489.1.1240	94.800	250	13	0	1	250	402	651	3.82e-107	390
f4f19618a469dc57715ff25bc6c02b8f	JN498480.1.1342	94.800	250	13	0	1	250	400	649	3.82e-107	390
f4f19618a469dc57715ff25bc6c02b8f	JN430792.1.1370	94.800	250	13	0	1	250	408	657	3.82e-107	390
f4f19618a469dc57715ff25bc6c02b8f	EU249951.1.1393	94.800	250	13	0	1	250	453	702	3.82e-107	390
f4f19618a469dc57715ff25bc6c02b8f	HQ241789.1.1441	94.821	251	11	2	1	250	480	729	3.82e-107	390
f4f19618a469dc57715ff25bc6c02b8f	JN881628.1.1484	94.779	249	13	0	1	249	501	749	1.37e-106	388
f4f19618a469dc57715ff25bc6c02b8f	KX936895.1.1480	94.422	251	12	2	1	250	498	747	1.78e-105	385
f4f19618a469dc57715ff25bc6c02b8f	KX213851.1.1365	94.400	250	14	0	1	250	475	724	1.78e-105	385
f4f19618a469dc57715ff25bc6c02b8f	KX213874.1.1364	94.400	250	14	0	1	250	474	723	1.78e-105	385
f4f19618a469dc57715ff25bc6c02b8f	HM369065.1.1262	94.400	250	14	0	1	250	356	605	1.78e-105	385
f4f19618a469dc57715ff25bc6c02b8f	GQ356946.1.1480	94.400	250	14	0	1	250	499	748	1.78e-105	385
f4f19618a469dc57715ff25bc6c02b8f	HM369106.1.1264	94.400	250	14	0	1	250	355	604	1.78e-105	385
f4f19618a469dc57715ff25bc6c02b8f	KX213871.1.1364	94.422	251	12	2	1	250	474	723	1.78e-105	385
f4f19618a469dc57715ff25bc6c02b8f	HM369108.1.1265	94.422	251	12	2	1	250	353	602	1.78e-105	385
f4f19618a469dc57715ff25bc6c02b8f	HM369078.1.1259	94.422	251	12	2	1	250	355	604	1.78e-105	385
f4f19618a469dc57715ff25bc6c02b8f	HM369088.1.1250	94.422	251	12	2	1	250	345	594	1.78e-105	385
f4f19618a469dc57715ff25bc6c02b8f	HM369077.1.1255	94.422	251	12	2	1	250	348	597	1.78e-105	385
f4f19618a469dc57715ff25bc6c02b8f	JN430548.1.1371	94.400	250	14	0	1	250	407	656	1.78e-105	385
f4f19618a469dc57715ff25bc6c02b8f	HM369100.1.1264	94.422	251	12	2	1	250	354	603	1.78e-105	385
f4f19618a469dc57715ff25bc6c02b8f	JF769565.1.1514	94.400	250	14	0	1	250	499	748	1.78e-105	385
f4f19618a469dc57715ff25bc6c02b8f	JF769526.1.1483	94.400	250	14	0	1	250	471	720	1.78e-105	385
f4f19618a469dc57715ff25bc6c02b8f	JF769660.1.1514	94.400	250	14	0	1	250	499	748	1.78e-105	385
f4f19618a469dc57715ff25bc6c02b8f	FN822210.1.1536	94.422	251	12	2	1	250	461	710	1.78e-105	385
f4f19618a469dc57715ff25bc6c02b8f	JF769543.1.1515	94.400	250	14	0	1	250	499	748	1.78e-105	385
f4f19618a469dc57715ff25bc6c02b8f	KF179778.1.1424	94.048	252	13	2	1	250	460	711	2.30e-104	381
f4f19618a469dc57715ff25bc6c02b8f	KY190845.1.1443	94.000	250	15	0	1	250	479	728	8.27e-104	379
f4f19618a469dc57715ff25bc6c02b8f	KY190944.1.1443	94.000	250	15	0	1	250	479	728	8.27e-104	379
f4f19618a469dc57715ff25bc6c02b8f	KY190838.1.1441	94.000	250	15	0	1	250	479	728	8.27e-104	379
f4f19618a469dc57715ff25bc6c02b8f	KY190816.1.1441	94.000	250	15	0	1	250	479	728	8.27e-104	379
f4f19618a469dc57715ff25bc6c02b8f	HM369085.1.1255	94.000	250	15	0	1	250	353	602	8.27e-104	379
f4f19618a469dc57715ff25bc6c02b8f	DQ396257.1.1513	94.000	250	15	0	1	250	498	747	8.27e-104	379
f4f19618a469dc57715ff25bc6c02b8f	EU491738.1.1441	94.024	251	13	2	1	250	479	728	8.27e-104	379
f4f19618a469dc57715ff25bc6c02b8f	HM369081.1.1259	94.000	250	15	0	1	250	355	604	8.27e-104	379
f4f19618a469dc57715ff25bc6c02b8f	HM369094.1.1257	94.024	251	13	2	1	250	354	603	8.27e-104	379
1575988ef60abc5bb9493e4d9f13d5bc	HQ393421.1.1464	99.600	250	0	1	1	250	503	751	1.34e-126	455
1575988ef60abc5bb9493e4d9f13d5bc	KX213856.1.1396	99.206	252	0	2	1	250	500	751	4.81e-126	453
1575988ef60abc5bb9493e4d9f13d5bc	GU451427.1.1245	98.400	250	4	0	1	250	379	628	3.74e-122	440
1575988ef60abc5bb9493e4d9f13d5bc	JQ580165.1.1504	98.000	250	5	0	1	250	525	774	1.74e-120	435
1575988ef60abc5bb9493e4d9f13d5bc	EU246803.1.1418	97.590	249	6	0	2	250	480	728	2.91e-118	427
1575988ef60abc5bb9493e4d9f13d5bc	KX213861.1.1397	97.211	251	6	1	1	250	501	751	3.77e-117	424
1575988ef60abc5bb9493e4d9f13d5bc	DQ269048.1.1411	97.200	250	7	0	1	250	475	724	3.77e-117	424
1575988ef60abc5bb9493e4d9f13d5bc	FJ203277.1.1418	96.800	250	8	0	1	250	506	755	1.75e-115	418
1575988ef60abc5bb9493e4d9f13d5bc	JX983977.1.1281	96.800	250	8	0	1	250	408	657	1.75e-115	418
1575988ef60abc5bb9493e4d9f13d5bc	JX983975.1.1279	96.800	250	8	0	1	250	408	657	1.75e-115	418
1575988ef60abc5bb9493e4d9f13d5bc	JN672615.1.1459	96.800	250	8	0	1	250	492	741	1.75e-115	418
1575988ef60abc5bb9493e4d9f13d5bc	KX213867.1.1397	96.414	251	7	2	2	250	501	751	8.16e-114	412
1575988ef60abc5bb9493e4d9f13d5bc	GU118118.1.1435	96.386	249	9	0	2	250	505	753	2.93e-113	411
1575988ef60abc5bb9493e4d9f13d5bc	KX213884.1.1400	95.652	253	7	4	2	250	501	753	4.91e-111	403
1575988ef60abc5bb9493e4d9f13d5bc	JX983921.1.1280	95.600	250	11	0	1	250	407	656	1.77e-110	401
1575988ef60abc5bb9493e4d9f13d5bc	HM369089.1.1279	95.600	250	11	0	1	250	377	626	1.77e-110	401
1575988ef60abc5bb9493e4d9f13d5bc	JX983974.1.1281	94.000	250	15	0	1	250	406	655	8.27e-104	379
1575988ef60abc5bb9493e4d9f13d5bc	JX983973.1.1280	93.200	250	17	0	1	250	408	657	1.79e-100	368
1575988ef60abc5bb9493e4d9f13d5bc	KM051643.1.1485	92.430	251	16	3	2	250	508	757	3.88e-97	357
1575988ef60abc5bb9493e4d9f13d5bc	LN563195.1.1346	92.430	251	15	4	2	250	470	718	1.39e-96	355
1575988ef60abc5bb9493e4d9f13d5bc	JQ287305.1.1489	92.000	250	18	2	2	250	507	755	6.49e-95	350
1575988ef60abc5bb9493e4d9f13d5bc	JN860365.1.1488	91.667	252	17	4	1	250	504	753	8.39e-94	346
1575988ef60abc5bb9493e4d9f13d5bc	JF174861.1.1270	91.700	253	15	6	1	250	410	659	8.39e-94	346
1575988ef60abc5bb9493e4d9f13d5bc	DQ015774.1.1467	91.270	252	18	4	1	250	487	736	3.90e-92	340
1575988ef60abc5bb9493e4d9f13d5bc	EU234160.1.1474	91.270	252	18	4	1	250	496	745	3.90e-92	340
1575988ef60abc5bb9493e4d9f13d5bc	GU119008.1.1367	91.235	251	20	2	1	250	404	653	3.90e-92	340
1575988ef60abc5bb9493e4d9f13d5bc	FJ543064.1.1484	90.837	251	21	2	1	250	499	748	1.82e-90	335
1575988ef60abc5bb9493e4d9f13d5bc	FJ230918.1.1488	90.873	252	19	4	1	250	503	752	1.82e-90	335
1575988ef60abc5bb9493e4d9f13d5bc	JX272026.1.1451	90.873	252	19	4	1	250	488	737	1.82e-90	335
1575988ef60abc5bb9493e4d9f13d5bc	AJ616262.1.1309	90.800	250	23	0	1	250	456	705	1.82e-90	335
1575988ef60abc5bb9493e4d9f13d5bc	LN566428.1.1341	90.800	250	23	0	1	250	467	716	1.82e-90	335
1575988ef60abc5bb9493e4d9f13d5bc	HM598175.1.1482	90.800	250	21	2	2	250	500	748	6.53e-90	333
1575988ef60abc5bb9493e4d9f13d5bc	FJ205291.1.1494	90.763	249	23	0	2	250	515	763	6.53e-90	333
1575988ef60abc5bb9493e4d9f13d5bc	KC669260.1.1491	90.873	252	17	5	2	250	511	759	6.53e-90	333
1575988ef60abc5bb9493e4d9f13d5bc	JQ287193.1.1534	90.763	249	23	0	2	250	540	788	6.53e-90	333
1575988ef60abc5bb9493e4d9f13d5bc	LN571138.1.1391	91.429	245	17	4	8	250	524	766	6.53e-90	333
1575988ef60abc5bb9493e4d9f13d5bc	HM799018.1.1477	90.400	250	24	0	1	250	503	752	8.45e-89	329
1575988ef60abc5bb9493e4d9f13d5bc	KX172364.1.1447	90.476	252	20	4	1	250	484	733	8.45e-89	329
1575988ef60abc5bb9493e4d9f13d5bc	HM780279.1.1498	90.476	252	20	4	1	250	503	752	8.45e-89	329
1575988ef60abc5bb9493e4d9f13d5bc	JF225385.1.1338	90.476	252	20	2	1	250	479	728	8.45e-89	329
1575988ef60abc5bb9493e4d9f13d5bc	GU584513.1.1402	90.400	250	24	0	1	250	524	773	8.45e-89	329
1575988ef60abc5bb9493e4d9f13d5bc	BX294853.1.1277	90.400	250	24	0	1	250	420	669	8.45e-89	329
1575988ef60abc5bb9493e4d9f13d5bc	BX294854.1.1279	90.400	250	24	0	1	250	420	669	8.45e-89	329
1575988ef60abc5bb9493e4d9f13d5bc	EF632949.1.1512	90.476	252	20	2	1	250	498	747	8.45e-89	329
1575988ef60abc5bb9493e4d9f13d5bc	KC432329.1.1330	90.400	250	22	2	2	250	471	719	3.04e-88	327
1575988ef60abc5bb9493e4d9f13d5bc	JX983922.1.1279	90.079	252	21	4	1	250	406	655	3.93e-87	324
1575988ef60abc5bb9493e4d9f13d5bc	JQ072884.1.1367	90.000	250	25	0	1	250	441	690	3.93e-87	324
1575988ef60abc5bb9493e4d9f13d5bc	JN528951.1.1249	90.079	252	21	4	1	250	286	535	3.93e-87	324
1575988ef60abc5bb9493e4d9f13d5bc	GQ500873.1.1481	90.119	253	19	4	1	250	499	748	3.93e-87	324
1575988ef60abc5bb9493e4d9f13d5bc	JN490898.1.1434	90.079	252	21	4	1	250	468	717	3.93e-87	324
c9ac2df74ac4bd355c04491f1c5f13f9	KX097346.1.1528	94.422	251	13	1	1	250	540	790	1.78e-105	385
c9ac2df74ac4bd355c04491f1c5f13f9	FJ516881.1.1523	94.024	251	13	2	1	250	537	786	8.27e-104	379
c9ac2df74ac4bd355c04491f1c5f13f9	KX213873.1.1405	93.625	251	14	2	1	250	513	762	3.85e-102	374
c9ac2df74ac4bd355c04491f1c5f13f9	KX173098.1.1482	93.625	251	14	2	1	250	520	769	3.85e-102	374
c9ac2df74ac4bd355c04491f1c5f13f9	KF786625.1.1417	93.625	251	14	2	1	250	538	787	3.85e-102	374
c9ac2df74ac4bd355c04491f1c5f13f9	EU881095.1.1524	92.829	251	16	2	1	250	542	791	8.33e-99	363
c9ac2df74ac4bd355c04491f1c5f13f9	EU236408.1.1422	92.800	250	18	0	1	250	489	738	8.33e-99	363
c9ac2df74ac4bd355c04491f1c5f13f9	JX504374.1.1559	92.430	251	18	1	1	250	541	791	1.08e-97	359
c9ac2df74ac4bd355c04491f1c5f13f9	HM798995.1.1372	92.400	250	19	0	1	250	396	645	3.88e-97	357
c9ac2df74ac4bd355c04491f1c5f13f9	KF616686.1.1485	92.460	252	16	3	1	250	520	770	3.88e-97	357
c9ac2df74ac4bd355c04491f1c5f13f9	EF208657.1.1525	92.000	250	20	0	1	250	541	790	1.80e-95	351
c9ac2df74ac4bd355c04491f1c5f13f9	JF809767.1.1419	92.000	250	20	0	1	250	539	788	1.80e-95	351
c9ac2df74ac4bd355c04491f1c5f13f9	JN492228.1.1451	91.600	250	21	0	1	250	507	756	8.39e-94	346
c9ac2df74ac4bd355c04491f1c5f13f9	JX227283.1.1519	91.600	250	21	0	1	250	538	787	8.39e-94	346
c9ac2df74ac4bd355c04491f1c5f13f9	GU302459.1.1530	91.600	250	21	0	1	250	541	790	8.39e-94	346
c9ac2df74ac4bd355c04491f1c5f13f9	AY592637.1.1324	91.633	251	19	2	1	250	520	769	8.39e-94	346
c9ac2df74ac4bd355c04491f1c5f13f9	AY592106.1.1272	91.600	250	21	0	1	250	455	704	8.39e-94	346
c9ac2df74ac4bd355c04491f1c5f13f9	KF771576.1.1522	91.200	250	22	0	1	250	539	788	3.90e-92	340
c9ac2df74ac4bd355c04491f1c5f13f9	JQ978593.1.1523	91.235	251	21	1	1	250	537	787	3.90e-92	340
c9ac2df74ac4bd355c04491f1c5f13f9	EU135293.1.1362	91.235	251	20	2	1	250	519	768	3.90e-92	340
c9ac2df74ac4bd355c04491f1c5f13f9	AM997498.1.1517	91.165	249	22	0	2	250	539	787	1.40e-91	339
c9ac2df74ac4bd355c04491f1c5f13f9	KC010003.1.1510	90.400	250	24	0	1	250	539	788	8.45e-89	329
c9ac2df74ac4bd355c04491f1c5f13f9	DQ329787.1.1392	90.400	250	24	0	1	250	531	780	8.45e-89	329
c9ac2df74ac4bd355c04491f1c5f13f9	AB530246.1.1523	90.400	250	24	0	1	250	540	789	8.45e-89	329
c9ac2df74ac4bd355c04491f1c5f13f9	GQ246374.1.1522	90.000	250	25	0	1	250	540	789	3.93e-87	324
c9ac2df74ac4bd355c04491f1c5f13f9	KX172520.1.1484	90.000	250	25	0	1	250	521	770	3.93e-87	324
c9ac2df74ac4bd355c04491f1c5f13f9	JN467391.1.1423	90.000	250	25	0	1	250	502	751	3.93e-87	324
c9ac2df74ac4bd355c04491f1c5f13f9	GU118742.1.1477	90.000	250	24	1	1	250	513	761	1.41e-86	322
c9ac2df74ac4bd355c04491f1c5f13f9	CU927529.1.1383	90.535	243	21	2	1	242	519	760	5.09e-86	320
c9ac2df74ac4bd355c04491f1c5f13f9	FJ208813.1.1375	89.600	250	26	0	1	250	498	747	1.83e-85	318
c9ac2df74ac4bd355c04491f1c5f13f9	JN435526.1.1423	89.600	250	26	0	1	250	489	738	1.83e-85	318
c9ac2df74ac4bd355c04491f1c5f13f9	JQ801013.1.1525	89.600	250	26	0	1	250	539	788	1.83e-85	318
c9ac2df74ac4bd355c04491f1c5f13f9	KR086478.1.1541	89.558	249	26	0	2	250	555	803	1.83e-85	318
c9ac2df74ac4bd355c04491f1c5f13f9	FJ208831.1.1379	90.123	243	22	2	1	242	500	741	2.37e-84	315
c9ac2df74ac4bd355c04491f1c5f13f9	FJ208809.1.1380	90.123	243	22	2	1	242	500	741	2.37e-84	315
c9ac2df74ac4bd355c04491f1c5f13f9	KF786957.1.1417	89.200	250	27	0	1	250	538	787	8.51e-84	313
c9ac2df74ac4bd355c04491f1c5f13f9	KX177445.1.1507	88.618	246	25	3	6	250	530	773	1.10e-82	309
c9ac2df74ac4bd355c04491f1c5f13f9	HE650073.1.1483	89.712	243	23	2	1	242	518	759	1.10e-82	309
c9ac2df74ac4bd355c04491f1c5f13f9	JF514277.1.1523	88.800	250	28	0	1	250	538	787	3.96e-82	307
c9ac2df74ac4bd355c04491f1c5f13f9	KX504595.1.1517	88.845	251	26	2	1	250	534	783	3.96e-82	307
c9ac2df74ac4bd355c04491f1c5f13f9	JN535876.1.1306	88.933	253	22	6	1	250	346	595	3.96e-82	307
c9ac2df74ac4bd355c04491f1c5f13f9	KF616718.1.1486	88.800	250	28	0	1	250	521	770	3.96e-82	307
c9ac2df74ac4bd355c04491f1c5f13f9	JN505485.1.1444	88.889	252	24	4	1	250	490	739	3.96e-82	307
c9ac2df74ac4bd355c04491f1c5f13f9	JX227298.1.1519	88.845	251	26	2	1	250	536	785	3.96e-82	307
c9ac2df74ac4bd355c04491f1c5f13f9	KF616606.1.1485	88.800	250	28	0	1	250	521	770	3.96e-82	307
c9ac2df74ac4bd355c04491f1c5f13f9	JF776925.1.1478	88.800	250	28	0	1	250	514	763	3.96e-82	307
c9ac2df74ac4bd355c04491f1c5f13f9	HE650011.1.1382	88.845	251	27	1	1	250	519	769	3.96e-82	307
c9ac2df74ac4bd355c04491f1c5f13f9	HM798950.1.1494	88.400	250	29	0	1	250	514	763	1.84e-80	302
c9ac2df74ac4bd355c04491f1c5f13f9	FJ208841.1.1380	88.492	252	25	3	1	250	497	746	1.84e-80	302
c9ac2df74ac4bd355c04491f1c5f13f9	JF809791.1.1419	88.400	250	29	0	1	250	539	788	1.84e-80	302
