a2fde72b80049fadeab06a7d275b5e85	DQ269042.1.1318	97.600	250	6	0	1	250	400	649	8.10e-119	429
a2fde72b80049fadeab06a7d275b5e85	GU451544.1.1230	94.841	252	9	4	1	250	373	622	3.82e-107	390
a2fde72b80049fadeab06a7d275b5e85	GU451393.1.1230	94.841	252	9	4	1	250	373	622	3.82e-107	390
a2fde72b80049fadeab06a7d275b5e85	KF771582.1.1474	94.400	250	14	0	1	250	510	759	1.78e-105	385
a2fde72b80049fadeab06a7d275b5e85	GU451576.1.1245	94.444	252	10	4	1	250	388	637	1.78e-105	385
a2fde72b80049fadeab06a7d275b5e85	GU230422.1.1473	94.422	251	12	2	1	250	508	757	1.78e-105	385
a2fde72b80049fadeab06a7d275b5e85	FJ535337.1.1355	94.024	251	13	2	1	250	501	750	8.27e-104	379
a2fde72b80049fadeab06a7d275b5e85	JN672613.1.1440	94.000	250	15	0	1	250	493	742	8.27e-104	379
a2fde72b80049fadeab06a7d275b5e85	FJ517112.1.1491	93.600	250	16	0	1	250	524	773	3.85e-102	374
a2fde72b80049fadeab06a7d275b5e85	KR857629.1.1474	93.625	251	14	2	1	250	506	755	3.85e-102	374
a2fde72b80049fadeab06a7d275b5e85	GU451564.1.1231	93.651	252	12	4	1	250	373	622	3.85e-102	374
a2fde72b80049fadeab06a7d275b5e85	HQ166751.1.1328	93.625	251	14	2	1	250	480	729	3.85e-102	374
a2fde72b80049fadeab06a7d275b5e85	KF741388.1.1487	93.574	249	16	0	1	249	525	773	1.38e-101	372
a2fde72b80049fadeab06a7d275b5e85	HQ857639.1.1500	93.281	253	11	6	1	250	528	777	1.79e-100	368
a2fde72b80049fadeab06a7d275b5e85	KF268854.1.1391	93.200	250	17	0	1	250	473	722	1.79e-100	368
a2fde72b80049fadeab06a7d275b5e85	GU451543.1.1230	93.227	251	15	2	1	250	373	622	1.79e-100	368
a2fde72b80049fadeab06a7d275b5e85	HQ727633.1.1498	93.281	253	11	6	1	250	528	777	1.79e-100	368
a2fde72b80049fadeab06a7d275b5e85	DQ269109.1.1317	93.227	251	15	2	1	250	395	644	1.79e-100	368
a2fde72b80049fadeab06a7d275b5e85	EU246822.1.1383	93.254	252	13	4	1	250	463	712	1.79e-100	368
a2fde72b80049fadeab06a7d275b5e85	AM997945.1.1476	93.227	251	15	2	1	250	513	762	1.79e-100	368
a2fde72b80049fadeab06a7d275b5e85	AB476226.1.1449	93.254	252	13	4	1	250	501	750	1.79e-100	368
a2fde72b80049fadeab06a7d275b5e85	KT880249.1.1461	93.200	250	16	1	1	250	500	748	6.44e-100	366
a2fde72b80049fadeab06a7d275b5e85	GQ274239.1.1521	92.857	252	14	4	1	250	525	774	8.33e-99	363
a2fde72b80049fadeab06a7d275b5e85	JX017055.1.1485	92.857	252	14	4	1	250	520	769	8.33e-99	363
a2fde72b80049fadeab06a7d275b5e85	EF644787.1.1342	92.857	252	14	4	1	250	439	688	8.33e-99	363
a2fde72b80049fadeab06a7d275b5e85	JN514939.1.1449	92.400	250	19	0	1	250	494	743	3.88e-97	357
a2fde72b80049fadeab06a7d275b5e85	JN523243.1.1401	92.460	252	15	4	1	250	503	752	3.88e-97	357
a2fde72b80049fadeab06a7d275b5e85	JN662294.1.1387	92.430	251	17	2	1	250	469	718	3.88e-97	357
a2fde72b80049fadeab06a7d275b5e85	JN435919.1.1393	92.400	250	19	0	1	250	473	722	3.88e-97	357
a2fde72b80049fadeab06a7d275b5e85	JN466251.1.1436	92.400	250	19	0	1	250	506	755	3.88e-97	357
a2fde72b80049fadeab06a7d275b5e85	JN452429.1.1458	92.460	252	15	4	1	250	502	751	3.88e-97	357
a2fde72b80049fadeab06a7d275b5e85	JN434998.1.1382	92.400	250	19	0	1	250	481	730	3.88e-97	357
a2fde72b80049fadeab06a7d275b5e85	JN448952.1.1448	92.400	250	19	0	1	250	504	753	3.88e-97	357
a2fde72b80049fadeab06a7d275b5e85	GU451478.1.1246	92.430	251	17	2	1	250	389	638	3.88e-97	357
a2fde72b80049fadeab06a7d275b5e85	GU451530.1.1230	92.460	252	15	4	1	250	373	622	3.88e-97	357
a2fde72b80049fadeab06a7d275b5e85	GU145484.1.1471	92.430	251	17	2	1	250	508	757	3.88e-97	357
a2fde72b80049fadeab06a7d275b5e85	KP174653.1.1409	92.430	251	17	2	1	250	482	731	3.88e-97	357
a2fde72b80049fadeab06a7d275b5e85	JN467179.1.1442	92.063	252	18	2	1	250	512	763	5.01e-96	353
a2fde72b80049fadeab06a7d275b5e85	LC171284.1.1431	92.063	252	16	4	1	250	483	732	1.80e-95	351
a2fde72b80049fadeab06a7d275b5e85	FJ264764.1.1489	92.000	250	20	0	1	250	522	771	1.80e-95	351
a2fde72b80049fadeab06a7d275b5e85	LC171269.1.1454	92.000	250	20	0	1	250	500	749	1.80e-95	351
a2fde72b80049fadeab06a7d275b5e85	JN489615.1.1391	92.063	252	16	4	1	250	482	731	1.80e-95	351
a2fde72b80049fadeab06a7d275b5e85	JN439872.1.1418	92.032	251	18	2	1	250	474	723	1.80e-95	351
a2fde72b80049fadeab06a7d275b5e85	JN428533.1.1436	92.000	250	20	0	1	250	506	755	1.80e-95	351
a2fde72b80049fadeab06a7d275b5e85	JN435786.1.1238	92.000	250	20	0	1	250	329	578	1.80e-95	351
a2fde72b80049fadeab06a7d275b5e85	KX172784.1.1443	92.032	251	18	2	1	250	496	745	1.80e-95	351
a2fde72b80049fadeab06a7d275b5e85	JN428941.1.1249	92.095	253	14	6	1	250	324	573	1.80e-95	351
a2fde72b80049fadeab06a7d275b5e85	GU451542.1.1243	92.032	251	18	2	1	250	386	635	1.80e-95	351
a2fde72b80049fadeab06a7d275b5e85	GU451387.1.1225	92.000	250	20	0	1	250	373	622	1.80e-95	351
a2fde72b80049fadeab06a7d275b5e85	GU451548.1.1246	92.000	250	20	0	1	250	388	637	1.80e-95	351
0a894ec08877cc05181b5d9d38275f4b	KX177244.1.1483	95.968	248	9	1	1	248	520	766	1.77e-110	401
0a894ec08877cc05181b5d9d38275f4b	JF272040.1.1457	91.200	250	22	0	1	250	493	742	3.90e-92	340
0a894ec08877cc05181b5d9d38275f4b	JN860375.1.1491	90.800	250	23	0	1	250	522	771	1.82e-90	335
0a894ec08877cc05181b5d9d38275f4b	GU451407.1.1227	90.800	250	23	0	1	250	373	622	1.82e-90	335
0a894ec08877cc05181b5d9d38275f4b	JQ580014.1.1484	90.800	250	23	0	1	250	521	770	1.82e-90	335
0a894ec08877cc05181b5d9d38275f4b	AM997874.1.1485	90.837	251	21	2	1	250	521	770	1.82e-90	335
0a894ec08877cc05181b5d9d38275f4b	AB476232.1.1453	90.800	250	23	0	1	250	502	751	1.82e-90	335
0a894ec08877cc05181b5d9d38275f4b	FJ203326.1.1383	90.400	250	24	0	1	250	473	722	8.45e-89	329
0a894ec08877cc05181b5d9d38275f4b	JN655345.1.1492	90.400	250	24	0	1	250	522	771	8.45e-89	329
0a894ec08877cc05181b5d9d38275f4b	GQ274239.1.1521	90.400	250	24	0	1	250	525	774	8.45e-89	329
0a894ec08877cc05181b5d9d38275f4b	KM454270.1.1392	90.438	251	22	2	1	250	521	770	8.45e-89	329
0a894ec08877cc05181b5d9d38275f4b	JQ579841.1.1486	90.400	250	24	0	1	250	520	769	8.45e-89	329
0a894ec08877cc05181b5d9d38275f4b	GU451402.1.1229	90.400	250	24	0	1	250	375	624	8.45e-89	329
0a894ec08877cc05181b5d9d38275f4b	GU235526.1.1341	90.400	250	24	0	1	250	478	727	8.45e-89	329
0a894ec08877cc05181b5d9d38275f4b	JN662129.1.1372	90.000	250	25	0	1	250	463	712	3.93e-87	324
0a894ec08877cc05181b5d9d38275f4b	GQ274270.1.1522	90.000	250	25	0	1	250	519	768	3.93e-87	324
0a894ec08877cc05181b5d9d38275f4b	GU451542.1.1243	90.079	252	21	4	1	250	386	635	3.93e-87	324
0a894ec08877cc05181b5d9d38275f4b	JQ580034.1.1489	90.000	250	25	0	1	250	522	771	3.93e-87	324
0a894ec08877cc05181b5d9d38275f4b	EU491726.1.1449	90.040	251	23	2	1	250	501	750	3.93e-87	324
0a894ec08877cc05181b5d9d38275f4b	GU451389.1.1243	90.079	252	21	4	1	250	386	635	3.93e-87	324
0a894ec08877cc05181b5d9d38275f4b	KC120665.1.1454	90.040	251	23	2	1	250	489	738	3.93e-87	324
0a894ec08877cc05181b5d9d38275f4b	FJ516812.1.1488	89.600	250	26	0	1	250	518	767	1.83e-85	318
0a894ec08877cc05181b5d9d38275f4b	FJ644588.1.1346	89.600	250	26	0	1	250	478	727	1.83e-85	318
0a894ec08877cc05181b5d9d38275f4b	KY235942.1.1483	89.600	250	26	0	1	250	519	768	1.83e-85	318
0a894ec08877cc05181b5d9d38275f4b	JN662294.1.1387	89.641	251	24	2	1	250	469	718	1.83e-85	318
0a894ec08877cc05181b5d9d38275f4b	JQ580020.1.1482	89.600	250	26	0	1	250	517	766	1.83e-85	318
0a894ec08877cc05181b5d9d38275f4b	JQ579934.1.1484	89.600	250	26	0	1	250	521	770	1.83e-85	318
0a894ec08877cc05181b5d9d38275f4b	JQ579914.1.1485	89.641	251	24	2	1	250	521	770	1.83e-85	318
0a894ec08877cc05181b5d9d38275f4b	JQ579971.1.1484	89.600	250	26	0	1	250	520	769	1.83e-85	318
0a894ec08877cc05181b5d9d38275f4b	JQ579665.1.1495	89.723	253	21	5	1	250	529	779	1.83e-85	318
0a894ec08877cc05181b5d9d38275f4b	AB630800.1.1450	90.164	244	24	0	1	244	499	742	1.83e-85	318
0a894ec08877cc05181b5d9d38275f4b	AB301615.1.1449	89.600	250	26	0	1	250	499	748	1.83e-85	318
0a894ec08877cc05181b5d9d38275f4b	AB476226.1.1449	89.600	250	26	0	1	250	501	750	1.83e-85	318
0a894ec08877cc05181b5d9d38275f4b	AB476221.1.1445	89.641	251	24	2	1	250	496	745	1.83e-85	318
0a894ec08877cc05181b5d9d38275f4b	AM295255.1.1414	89.600	250	26	0	1	250	482	731	1.83e-85	318
0a894ec08877cc05181b5d9d38275f4b	AM040132.1.1485	89.200	250	27	0	1	250	520	769	2.37e-84	315
0a894ec08877cc05181b5d9d38275f4b	LC171318.1.1447	89.200	250	27	0	1	250	500	749	8.51e-84	313
0a894ec08877cc05181b5d9d38275f4b	KF786864.1.1379	89.200	250	27	0	1	250	509	758	8.51e-84	313
0a894ec08877cc05181b5d9d38275f4b	JN436217.1.1375	89.286	252	23	4	1	250	464	713	8.51e-84	313
0a894ec08877cc05181b5d9d38275f4b	JN431246.1.1344	89.286	252	23	4	1	250	465	714	8.51e-84	313
0a894ec08877cc05181b5d9d38275f4b	GQ243709.1.1462	89.243	251	25	2	1	250	495	744	8.51e-84	313
0a894ec08877cc05181b5d9d38275f4b	JN458449.1.1335	89.286	252	23	4	1	250	444	693	8.51e-84	313
0a894ec08877cc05181b5d9d38275f4b	JN445514.1.1412	89.286	252	23	4	1	250	499	748	8.51e-84	313
0a894ec08877cc05181b5d9d38275f4b	JN483789.1.1414	89.286	252	23	4	1	250	500	749	8.51e-84	313
0a894ec08877cc05181b5d9d38275f4b	JN449857.1.1409	89.286	252	23	4	1	250	483	732	8.51e-84	313
0a894ec08877cc05181b5d9d38275f4b	KX172784.1.1443	89.286	252	23	4	1	250	496	745	8.51e-84	313
0a894ec08877cc05181b5d9d38275f4b	JN429879.1.1337	89.286	252	23	4	1	250	433	682	8.51e-84	313
0a894ec08877cc05181b5d9d38275f4b	JN428941.1.1249	89.200	250	27	0	1	250	324	573	8.51e-84	313
0a894ec08877cc05181b5d9d38275f4b	DQ269042.1.1318	89.243	251	25	2	1	250	400	649	8.51e-84	313
0a894ec08877cc05181b5d9d38275f4b	JQ800873.1.1490	89.243	251	25	2	1	250	519	768	8.51e-84	313
9ecde72b0d78f3f34379c4c64f7e8316	EU374049.1.1484	91.633	251	20	1	1	250	520	770	2.33e-94	348
9ecde72b0d78f3f34379c4c64f7e8316	LC171318.1.1447	91.200	250	22	0	1	250	500	749	3.90e-92	340
9ecde72b0d78f3f34379c4c64f7e8316	JF272116.1.1491	91.200	250	22	0	1	250	524	773	3.90e-92	340
9ecde72b0d78f3f34379c4c64f7e8316	DQ890438.1.1480	91.200	250	22	0	1	250	521	770	3.90e-92	340
9ecde72b0d78f3f34379c4c64f7e8316	GU451389.1.1243	91.235	251	20	2	1	250	386	635	3.90e-92	340
9ecde72b0d78f3f34379c4c64f7e8316	KF596667.1.1478	90.800	250	23	0	1	250	527	776	1.82e-90	335
9ecde72b0d78f3f34379c4c64f7e8316	GU451542.1.1243	90.837	251	21	2	1	250	386	635	1.82e-90	335
9ecde72b0d78f3f34379c4c64f7e8316	JQ800848.1.1496	91.093	247	20	2	1	246	520	765	6.53e-90	333
9ecde72b0d78f3f34379c4c64f7e8316	KU578842.1.1382	90.438	251	23	1	1	250	520	770	8.45e-89	329
9ecde72b0d78f3f34379c4c64f7e8316	JN430021.1.1444	90.438	251	22	2	1	250	493	742	8.45e-89	329
9ecde72b0d78f3f34379c4c64f7e8316	JX271910.1.1489	90.476	252	20	4	1	250	519	768	8.45e-89	329
9ecde72b0d78f3f34379c4c64f7e8316	EU245092.1.1505	90.438	251	22	2	1	250	527	776	8.45e-89	329
9ecde72b0d78f3f34379c4c64f7e8316	DQ269037.1.1328	90.438	251	22	2	1	250	470	719	8.45e-89	329
9ecde72b0d78f3f34379c4c64f7e8316	EU246203.1.1490	90.438	251	22	2	1	250	527	776	8.45e-89	329
9ecde72b0d78f3f34379c4c64f7e8316	KM203424.1.1200	90.438	251	22	2	1	250	342	591	8.45e-89	329
9ecde72b0d78f3f34379c4c64f7e8316	GU451508.1.1229	90.400	250	24	0	1	250	373	622	8.45e-89	329
9ecde72b0d78f3f34379c4c64f7e8316	FM174351.1.1437	90.476	252	20	4	1	250	499	748	8.45e-89	329
9ecde72b0d78f3f34379c4c64f7e8316	JN430513.1.1312	90.688	247	21	2	1	246	446	691	3.04e-88	327
9ecde72b0d78f3f34379c4c64f7e8316	DQ270634.1.1439	90.400	250	23	1	1	250	467	715	3.04e-88	327
9ecde72b0d78f3f34379c4c64f7e8316	AM259876.1.1382	90.000	250	25	0	1	250	517	766	1.09e-87	326
9ecde72b0d78f3f34379c4c64f7e8316	JN490001.1.1385	90.040	251	23	2	1	250	492	741	3.93e-87	324
9ecde72b0d78f3f34379c4c64f7e8316	JN523396.1.1268	90.000	250	25	0	1	250	345	594	3.93e-87	324
9ecde72b0d78f3f34379c4c64f7e8316	KF771462.1.1469	90.079	252	21	4	1	250	511	760	3.93e-87	324
9ecde72b0d78f3f34379c4c64f7e8316	FJ710676.1.1484	90.079	252	21	4	1	250	519	768	3.93e-87	324
9ecde72b0d78f3f34379c4c64f7e8316	JZQW01000031.13817.15341	90.079	252	21	4	1	250	523	772	3.93e-87	324
9ecde72b0d78f3f34379c4c64f7e8316	JN514939.1.1449	90.040	251	23	2	1	250	494	743	3.93e-87	324
9ecde72b0d78f3f34379c4c64f7e8316	JN453571.1.1313	90.000	250	25	0	1	250	395	644	3.93e-87	324
9ecde72b0d78f3f34379c4c64f7e8316	JN523243.1.1401	90.000	250	25	0	1	250	503	752	3.93e-87	324
9ecde72b0d78f3f34379c4c64f7e8316	JN449995.1.1371	90.000	250	25	0	1	250	471	720	3.93e-87	324
9ecde72b0d78f3f34379c4c64f7e8316	JN452429.1.1458	90.000	250	25	0	1	250	502	751	3.93e-87	324
9ecde72b0d78f3f34379c4c64f7e8316	JN435634.1.1351	90.000	250	25	0	1	250	446	695	3.93e-87	324
9ecde72b0d78f3f34379c4c64f7e8316	JN454562.1.1372	90.040	251	23	2	1	250	470	719	3.93e-87	324
9ecde72b0d78f3f34379c4c64f7e8316	JN434998.1.1382	90.040	251	23	2	1	250	481	730	3.93e-87	324
9ecde72b0d78f3f34379c4c64f7e8316	JN440469.1.1388	90.040	251	23	2	1	250	468	717	3.93e-87	324
9ecde72b0d78f3f34379c4c64f7e8316	JN437308.1.1333	90.000	250	25	0	1	250	433	682	3.93e-87	324
9ecde72b0d78f3f34379c4c64f7e8316	GU451518.1.1244	90.040	251	23	2	1	250	388	637	3.93e-87	324
9ecde72b0d78f3f34379c4c64f7e8316	GU451557.1.1245	90.079	252	21	4	1	250	388	637	3.93e-87	324
9ecde72b0d78f3f34379c4c64f7e8316	GU451507.1.1245	90.079	252	21	4	1	250	388	637	3.93e-87	324
9ecde72b0d78f3f34379c4c64f7e8316	JQ739002.1.1351	90.040	251	23	2	1	250	470	719	3.93e-87	324
9ecde72b0d78f3f34379c4c64f7e8316	GU451579.1.1244	90.040	251	23	2	1	250	388	637	3.93e-87	324
9ecde72b0d78f3f34379c4c64f7e8316	EU246235.1.1494	90.040	251	23	2	1	250	527	776	3.93e-87	324
9ecde72b0d78f3f34379c4c64f7e8316	GU451535.1.1243	90.040	251	23	2	1	250	388	637	3.93e-87	324
9ecde72b0d78f3f34379c4c64f7e8316	KX084062.1.1479	90.079	252	21	4	1	250	497	746	3.93e-87	324
9ecde72b0d78f3f34379c4c64f7e8316	MG827301.1.1451	90.079	252	21	4	1	250	503	752	3.93e-87	324
9ecde72b0d78f3f34379c4c64f7e8316	JN467179.1.1442	89.723	253	22	4	1	250	512	763	5.09e-86	320
9ecde72b0d78f3f34379c4c64f7e8316	JXRI01004587.933.2436	89.641	251	24	2	1	250	519	768	1.83e-85	318
9ecde72b0d78f3f34379c4c64f7e8316	LC171295.1.1451	89.641	251	24	2	1	250	501	750	1.83e-85	318
9ecde72b0d78f3f34379c4c64f7e8316	JN458308.1.1241	89.600	250	26	0	1	250	430	679	1.83e-85	318
9ecde72b0d78f3f34379c4c64f7e8316	FJ535341.1.1349	89.641	251	24	2	1	250	496	745	1.83e-85	318
9ecde72b0d78f3f34379c4c64f7e8316	FJ203326.1.1383	89.600	250	26	0	1	250	473	722	1.83e-85	318
