18a6b638b30ebc05d553d4be0114bf44	JN461990.1.1432	94.821	251	11	2	1	250	483	732	3.82e-107	390
18a6b638b30ebc05d553d4be0114bf44	JN457353.1.1360	94.400	250	12	2	1	249	456	704	6.40e-105	383
18a6b638b30ebc05d553d4be0114bf44	JN488684.1.1429	93.600	250	16	0	1	250	482	731	3.85e-102	374
18a6b638b30ebc05d553d4be0114bf44	JN474583.1.1387	93.625	251	14	2	1	250	460	709	3.85e-102	374
18a6b638b30ebc05d553d4be0114bf44	FJ516783.1.1453	92.000	250	20	0	1	250	485	734	1.80e-95	351
18a6b638b30ebc05d553d4be0114bf44	JN471833.1.1280	90.800	250	23	0	1	250	355	604	1.82e-90	335
18a6b638b30ebc05d553d4be0114bf44	JN427917.1.1331	90.800	250	23	0	1	250	484	733	1.82e-90	335
18a6b638b30ebc05d553d4be0114bf44	JN432540.1.1416	90.000	250	25	0	1	250	464	713	3.93e-87	324
18a6b638b30ebc05d553d4be0114bf44	JN436156.1.1223	90.000	250	24	1	1	250	311	559	1.41e-86	322
18a6b638b30ebc05d553d4be0114bf44	KF975540.1.1489	89.600	250	26	0	1	250	493	742	1.83e-85	318
18a6b638b30ebc05d553d4be0114bf44	JN437071.1.1353	89.600	250	26	0	1	250	448	697	1.83e-85	318
18a6b638b30ebc05d553d4be0114bf44	JN452706.1.1388	88.889	252	23	5	1	250	481	729	1.42e-81	305
18a6b638b30ebc05d553d4be0114bf44	JN430147.1.1403	88.800	250	27	1	1	250	472	720	1.42e-81	305
18a6b638b30ebc05d553d4be0114bf44	FJ628311.1.1482	88.353	249	28	1	2	250	518	765	2.38e-79	298
18a6b638b30ebc05d553d4be0114bf44	JN387365.1.1260	88.048	251	27	3	1	250	298	546	3.08e-78	294
18a6b638b30ebc05d553d4be0114bf44	EU133989.1.1328	88.189	254	21	9	1	250	479	727	3.08e-78	294
18a6b638b30ebc05d553d4be0114bf44	HQ588504.1.1355	87.952	249	29	1	2	250	499	746	1.11e-77	292
18a6b638b30ebc05d553d4be0114bf44	FM165235.1.1462	87.747	253	25	6	1	250	501	750	3.99e-77	291
18a6b638b30ebc05d553d4be0114bf44	JX521410.1.1463	87.600	250	30	1	1	250	494	742	1.43e-76	289
18a6b638b30ebc05d553d4be0114bf44	KF596666.1.1441	87.600	250	30	1	1	250	479	727	1.43e-76	289
18a6b638b30ebc05d553d4be0114bf44	JQ769730.1.1475	87.649	251	28	3	1	250	498	746	1.43e-76	289
18a6b638b30ebc05d553d4be0114bf44	EU134159.1.1327	87.795	254	22	9	1	250	472	720	1.43e-76	289
18a6b638b30ebc05d553d4be0114bf44	HQ385595.1.1348	87.649	251	28	3	1	250	487	735	1.43e-76	289
18a6b638b30ebc05d553d4be0114bf44	FJ479295.1.1455	87.251	251	29	3	1	250	490	738	6.67e-75	283
18a6b638b30ebc05d553d4be0114bf44	EU134048.1.1298	87.251	251	29	3	1	250	445	693	6.67e-75	283
18a6b638b30ebc05d553d4be0114bf44	KC432261.1.1321	87.352	253	25	7	1	250	476	724	6.67e-75	283
18a6b638b30ebc05d553d4be0114bf44	HQ588506.1.1364	87.149	249	31	1	2	250	508	755	2.40e-74	281
18a6b638b30ebc05d553d4be0114bf44	EU283568.1.1335	86.853	251	31	2	1	250	490	739	8.63e-74	279
18a6b638b30ebc05d553d4be0114bf44	JF417813.1.1453	86.853	251	30	3	1	250	489	737	3.10e-73	278
18a6b638b30ebc05d553d4be0114bf44	JF266148.1.1328	86.853	251	30	3	1	250	463	711	3.10e-73	278
18a6b638b30ebc05d553d4be0114bf44	JF266017.1.1328	86.853	251	30	3	1	250	462	710	3.10e-73	278
18a6b638b30ebc05d553d4be0114bf44	HM438264.1.1449	86.853	251	30	3	1	250	457	705	3.10e-73	278
18a6b638b30ebc05d553d4be0114bf44	JQ769665.1.1457	86.853	251	30	3	1	250	491	739	3.10e-73	278
18a6b638b30ebc05d553d4be0114bf44	EU134072.1.1338	86.853	251	30	3	1	250	485	733	3.10e-73	278
18a6b638b30ebc05d553d4be0114bf44	KJ877454.1.1347	87.097	248	29	3	1	247	488	733	3.10e-73	278
18a6b638b30ebc05d553d4be0114bf44	AB598278.1.1428	86.853	251	30	3	1	250	483	731	3.10e-73	278
18a6b638b30ebc05d553d4be0114bf44	JQ292916.1.1462	87.097	248	29	3	1	247	500	745	3.10e-73	278
18a6b638b30ebc05d553d4be0114bf44	DQ394932.1.1465	86.747	249	32	1	2	250	501	748	1.12e-72	276
18a6b638b30ebc05d553d4be0114bf44	DQ811874.1.1460	86.747	249	32	1	2	250	498	745	1.12e-72	276
18a6b638b30ebc05d553d4be0114bf44	KM356633.1.1444	86.853	251	28	5	2	250	499	746	1.12e-72	276
18a6b638b30ebc05d553d4be0114bf44	EU488439.1.1472	86.747	249	32	1	2	250	510	757	1.12e-72	276
18a6b638b30ebc05d553d4be0114bf44	JN387363.1.1255	86.853	251	27	6	1	250	298	543	1.12e-72	276
18a6b638b30ebc05d553d4be0114bf44	AM176852.1.1421	86.747	249	32	1	2	250	478	725	1.12e-72	276
18a6b638b30ebc05d553d4be0114bf44	JQ086951.1.1417	86.694	248	30	3	1	247	493	738	1.44e-71	272
18a6b638b30ebc05d553d4be0114bf44	FJ671789.1.1359	86.400	250	33	1	1	250	509	757	1.44e-71	272
18a6b638b30ebc05d553d4be0114bf44	LC081115.1.1488	86.640	247	32	1	1	247	510	755	1.44e-71	272
18a6b638b30ebc05d553d4be0114bf44	GQ182779.1.1356	86.508	252	29	5	1	250	491	739	1.44e-71	272
18a6b638b30ebc05d553d4be0114bf44	HM445199.1.1318	86.400	250	33	1	1	250	454	702	1.44e-71	272
18a6b638b30ebc05d553d4be0114bf44	KF911236.1.1430	86.400	250	33	1	1	250	491	739	1.44e-71	272
18a6b638b30ebc05d553d4be0114bf44	KT453610.1.1329	87.448	239	27	3	1	238	483	719	1.44e-71	272
f350736f34a7a50e557b76944ec1ce8e	JN457353.1.1360	93.976	249	15	0	1	249	456	704	2.98e-103	377
f350736f34a7a50e557b76944ec1ce8e	JN461990.1.1432	93.600	250	16	0	1	250	483	732	3.85e-102	374
f350736f34a7a50e557b76944ec1ce8e	JN474583.1.1387	92.800	250	18	0	1	250	460	709	8.33e-99	363
f350736f34a7a50e557b76944ec1ce8e	JN488684.1.1429	92.032	251	18	2	1	250	482	731	1.80e-95	351
f350736f34a7a50e557b76944ec1ce8e	JN427917.1.1331	92.000	250	20	0	1	250	484	733	1.80e-95	351
f350736f34a7a50e557b76944ec1ce8e	JN471833.1.1280	91.633	251	19	2	1	250	355	604	8.39e-94	346
f350736f34a7a50e557b76944ec1ce8e	JN432540.1.1416	91.270	252	18	4	1	250	464	713	3.90e-92	340
f350736f34a7a50e557b76944ec1ce8e	FJ516783.1.1453	89.723	253	20	6	1	250	485	734	1.83e-85	318
f350736f34a7a50e557b76944ec1ce8e	KF786689.1.1361	89.804	255	16	6	1	250	499	748	1.83e-85	318
f350736f34a7a50e557b76944ec1ce8e	KM454263.1.1362	89.600	250	25	1	1	250	501	749	6.58e-85	316
f350736f34a7a50e557b76944ec1ce8e	KF975540.1.1489	88.845	251	26	2	1	250	493	742	3.96e-82	307
f350736f34a7a50e557b76944ec1ce8e	JN437071.1.1353	88.095	252	26	4	1	250	448	697	8.57e-79	296
f350736f34a7a50e557b76944ec1ce8e	KF596666.1.1441	88.095	252	25	5	1	250	479	727	3.08e-78	294
f350736f34a7a50e557b76944ec1ce8e	JQ925049.1.1462	87.649	251	29	2	1	250	512	761	1.11e-77	292
f350736f34a7a50e557b76944ec1ce8e	JN430147.1.1403	87.600	250	30	1	1	250	472	720	1.43e-76	289
f350736f34a7a50e557b76944ec1ce8e	GQ357031.1.1483	87.550	249	30	1	2	250	519	766	5.16e-76	287
f350736f34a7a50e557b76944ec1ce8e	FJ628311.1.1482	87.600	250	28	3	2	250	518	765	5.16e-76	287
f350736f34a7a50e557b76944ec1ce8e	KM356633.1.1444	87.149	249	31	1	2	250	499	746	2.40e-74	281
f350736f34a7a50e557b76944ec1ce8e	FM165235.1.1462	86.853	251	31	2	1	250	501	750	8.63e-74	279
f350736f34a7a50e557b76944ec1ce8e	JN696298.1.1306	86.905	252	28	4	1	250	454	702	3.10e-73	278
f350736f34a7a50e557b76944ec1ce8e	JN452706.1.1388	86.800	250	32	1	1	250	481	729	3.10e-73	278
f350736f34a7a50e557b76944ec1ce8e	MF314632.1.1464	86.800	250	32	1	1	250	493	741	3.10e-73	278
f350736f34a7a50e557b76944ec1ce8e	EU133989.1.1328	86.905	252	28	5	1	250	479	727	3.10e-73	278
f350736f34a7a50e557b76944ec1ce8e	KC432261.1.1321	86.905	252	28	5	1	250	476	724	3.10e-73	278
f350736f34a7a50e557b76944ec1ce8e	JQ086951.1.1417	86.747	249	28	5	1	247	493	738	1.44e-71	272
f350736f34a7a50e557b76944ec1ce8e	HM992542.1.1337	86.694	248	30	3	1	247	465	710	1.44e-71	272
f350736f34a7a50e557b76944ec1ce8e	GQ182779.1.1356	86.400	250	33	1	1	250	491	739	1.44e-71	272
f350736f34a7a50e557b76944ec1ce8e	JN607039.1.1312	86.508	252	28	6	1	250	462	709	1.44e-71	272
f350736f34a7a50e557b76944ec1ce8e	EU134159.1.1327	86.508	252	29	5	1	250	472	720	1.44e-71	272
f350736f34a7a50e557b76944ec1ce8e	EF688367.1.1458	86.400	250	33	1	1	250	496	744	1.44e-71	272
f350736f34a7a50e557b76944ec1ce8e	AF050566.1.1418	86.747	249	28	5	1	247	471	716	1.44e-71	272
f350736f34a7a50e557b76944ec1ce8e	KJ877454.1.1347	86.640	247	32	1	1	247	488	733	1.44e-71	272
f350736f34a7a50e557b76944ec1ce8e	AB780891.1.1434	86.694	248	30	3	1	247	486	731	1.44e-71	272
f350736f34a7a50e557b76944ec1ce8e	JQ292916.1.1462	86.640	247	32	1	1	247	500	745	1.44e-71	272
f350736f34a7a50e557b76944ec1ce8e	JX521410.1.1463	86.111	252	30	5	1	250	494	742	6.72e-70	267
f350736f34a7a50e557b76944ec1ce8e	KU324268.1.1471	86.235	247	33	1	1	247	506	751	6.72e-70	267
f350736f34a7a50e557b76944ec1ce8e	JQ769730.1.1475	86.166	253	28	5	1	250	498	746	6.72e-70	267
f350736f34a7a50e557b76944ec1ce8e	JQ817427.1.1559	86.235	247	33	1	1	247	579	824	6.72e-70	267
f350736f34a7a50e557b76944ec1ce8e	EU283577.1.1328	86.235	247	33	1	1	247	483	728	6.72e-70	267
f350736f34a7a50e557b76944ec1ce8e	KM356677.1.1432	86.235	247	33	1	1	247	486	731	6.72e-70	267
f350736f34a7a50e557b76944ec1ce8e	AY592366.1.1311	86.235	247	33	1	1	247	489	734	6.72e-70	267
f350736f34a7a50e557b76944ec1ce8e	FN824850.1.1276	87.137	241	24	7	1	238	457	693	6.72e-70	267
f350736f34a7a50e557b76944ec1ce8e	HQ385595.1.1348	86.166	253	28	5	1	250	487	735	6.72e-70	267
f350736f34a7a50e557b76944ec1ce8e	FJ638606.1.1377	86.111	252	28	7	2	250	452	699	2.42e-69	265
f350736f34a7a50e557b76944ec1ce8e	HQ588504.1.1355	86.056	251	30	5	2	250	499	746	2.42e-69	265
f350736f34a7a50e557b76944ec1ce8e	AB243672.1.1425	86.111	252	28	7	2	250	480	727	2.42e-69	265
f350736f34a7a50e557b76944ec1ce8e	JN433325.1.1425	85.657	251	34	2	1	250	477	726	8.69e-69	263
f350736f34a7a50e557b76944ec1ce8e	EU580688.1.1201	85.657	251	34	2	1	250	387	636	8.69e-69	263
f350736f34a7a50e557b76944ec1ce8e	FJ821660.1.1354	85.714	252	33	3	1	250	424	674	8.69e-69	263
f350736f34a7a50e557b76944ec1ce8e	JX828415.1.1463	85.944	249	30	5	1	247	497	742	3.13e-68	261
e6daab01447fbf3e6063c099843b69a9	KF786689.1.1361	90.873	252	19	4	1	250	499	748	1.82e-90	335
e6daab01447fbf3e6063c099843b69a9	JN471833.1.1280	90.040	251	23	2	1	250	355	604	3.93e-87	324
e6daab01447fbf3e6063c099843b69a9	JN427917.1.1331	89.641	251	24	2	1	250	484	733	1.83e-85	318
e6daab01447fbf3e6063c099843b69a9	KF975540.1.1489	88.400	250	29	0	1	250	493	742	1.84e-80	302
e6daab01447fbf3e6063c099843b69a9	JN450041.1.1355	88.400	250	28	1	1	250	461	709	6.63e-80	300
e6daab01447fbf3e6063c099843b69a9	EU488362.1.1489	88.000	250	29	1	1	250	514	762	3.08e-78	294
e6daab01447fbf3e6063c099843b69a9	FJ628311.1.1482	87.952	249	29	1	2	250	518	765	1.11e-77	292
e6daab01447fbf3e6063c099843b69a9	KX014321.1.1473	87.952	249	29	1	2	250	507	754	1.11e-77	292
e6daab01447fbf3e6063c099843b69a9	JN461990.1.1432	87.600	250	31	0	1	250	483	732	3.99e-77	291
e6daab01447fbf3e6063c099843b69a9	JN488684.1.1429	87.600	250	31	0	1	250	482	731	3.99e-77	291
e6daab01447fbf3e6063c099843b69a9	JN437071.1.1353	87.698	252	27	4	1	250	448	697	3.99e-77	291
e6daab01447fbf3e6063c099843b69a9	JN452706.1.1388	87.649	251	28	3	1	250	481	729	1.43e-76	289
e6daab01447fbf3e6063c099843b69a9	JN457353.1.1360	87.550	249	31	0	1	249	456	704	1.43e-76	289
e6daab01447fbf3e6063c099843b69a9	FJ628325.1.1472	87.805	246	29	1	2	247	507	751	5.16e-76	287
e6daab01447fbf3e6063c099843b69a9	HM598144.1.1473	87.550	249	30	1	2	250	508	755	5.16e-76	287
e6daab01447fbf3e6063c099843b69a9	GQ348361.1.1362	87.805	246	29	1	2	247	499	743	5.16e-76	287
e6daab01447fbf3e6063c099843b69a9	FN396795.1.1359	87.805	246	29	1	2	247	465	709	5.16e-76	287
e6daab01447fbf3e6063c099843b69a9	JN474583.1.1387	87.200	250	32	0	1	250	460	709	1.86e-75	285
e6daab01447fbf3e6063c099843b69a9	JX521410.1.1463	87.302	252	27	5	1	250	494	742	6.67e-75	283
e6daab01447fbf3e6063c099843b69a9	JN825481.1.1373	87.200	250	31	1	1	250	445	693	6.67e-75	283
e6daab01447fbf3e6063c099843b69a9	KU578514.1.1372	87.200	250	31	1	1	250	510	758	6.67e-75	283
e6daab01447fbf3e6063c099843b69a9	KP814655.1.1448	87.449	247	30	1	1	247	491	736	6.67e-75	283
e6daab01447fbf3e6063c099843b69a9	EU134162.1.1320	87.149	249	31	1	2	250	470	717	2.40e-74	281
e6daab01447fbf3e6063c099843b69a9	JN471662.1.1311	86.800	250	32	1	1	250	445	693	3.10e-73	278
e6daab01447fbf3e6063c099843b69a9	HQ727647.1.1466	86.800	250	32	1	1	250	498	746	3.10e-73	278
e6daab01447fbf3e6063c099843b69a9	AY592648.1.1294	86.800	250	32	1	1	250	486	734	3.10e-73	278
e6daab01447fbf3e6063c099843b69a9	FJ516783.1.1453	86.561	253	28	6	1	250	485	734	4.02e-72	274
e6daab01447fbf3e6063c099843b69a9	JF809748.1.1384	86.614	254	26	5	1	250	507	756	4.02e-72	274
e6daab01447fbf3e6063c099843b69a9	JN977165.1.1502	86.400	250	33	1	1	250	506	754	1.44e-71	272
e6daab01447fbf3e6063c099843b69a9	KX172540.1.1433	86.561	253	27	4	1	250	487	735	1.44e-71	272
e6daab01447fbf3e6063c099843b69a9	KR086490.1.1481	86.561	253	27	4	1	250	513	761	1.44e-71	272
e6daab01447fbf3e6063c099843b69a9	JQ769665.1.1457	86.400	250	33	1	1	250	491	739	1.44e-71	272
e6daab01447fbf3e6063c099843b69a9	GQ182604.1.1354	87.342	237	29	1	2	238	491	726	5.19e-71	270
e6daab01447fbf3e6063c099843b69a9	JQ989498.1.1471	86.111	252	32	3	1	250	493	743	5.19e-71	270
e6daab01447fbf3e6063c099843b69a9	FJ545469.1.1504	86.220	254	27	5	1	250	507	756	1.87e-70	268
e6daab01447fbf3e6063c099843b69a9	HQ916633.1.1370	86.220	254	27	5	1	250	455	704	1.87e-70	268
e6daab01447fbf3e6063c099843b69a9	FJ545492.1.1519	87.190	242	23	5	1	238	507	744	1.87e-70	268
e6daab01447fbf3e6063c099843b69a9	JN886921.1.1461	86.000	250	35	0	1	250	499	748	1.87e-70	268
e6daab01447fbf3e6063c099843b69a9	JN977294.1.1502	86.235	247	33	1	1	247	505	750	6.72e-70	267
e6daab01447fbf3e6063c099843b69a9	JN521988.1.1421	86.056	251	32	3	1	250	471	719	6.72e-70	267
e6daab01447fbf3e6063c099843b69a9	FJ455877.1.1481	86.235	247	31	3	3	247	515	760	6.72e-70	267
e6daab01447fbf3e6063c099843b69a9	HM445199.1.1318	86.000	250	34	1	1	250	454	702	6.72e-70	267
e6daab01447fbf3e6063c099843b69a9	EF208653.1.1472	86.166	253	28	4	1	250	507	755	6.72e-70	267
e6daab01447fbf3e6063c099843b69a9	MG520376.1.1390	86.166	253	28	4	1	250	466	714	6.72e-70	267
e6daab01447fbf3e6063c099843b69a9	AY869683.1.1477	86.400	250	27	4	1	247	511	756	6.72e-70	267
e6daab01447fbf3e6063c099843b69a9	AY542195.1.1344	86.235	247	33	1	1	247	517	762	6.72e-70	267
e6daab01447fbf3e6063c099843b69a9	FPLP01009845.9.1430	86.000	250	32	3	2	250	497	744	2.42e-69	265
e6daab01447fbf3e6063c099843b69a9	MWDU01000017.46184.47695	85.944	249	34	1	2	250	515	762	2.42e-69	265
e6daab01447fbf3e6063c099843b69a9	KM356633.1.1444	86.056	251	30	4	2	250	499	746	2.42e-69	265
e6daab01447fbf3e6063c099843b69a9	LT859958.676029.677531	85.944	249	34	1	2	250	511	758	2.42e-69	265
